2025-06-13 17:12:37,614 ERROR: Error processing ZUDXAZ_clean: Parse failed for ZUDXAZ_clean
Traceback (most recent call last):
  File "/home/yongsang/PSID_ACTIVELEARNING_FRAMEWORK/prototype03/generated_project/CoREMOF_2019-11-01-ASR-public_12020/He_298.15K_15bar_screened_by_Helium/low_pressure_gcmc.py", line 263, in cmd_run
    mof, uptake, elapsed = future.result()
                           ^^^^^^^^^^^^^^^
  File "/home/yongsang/anaconda3/lib/python3.12/concurrent/futures/_base.py", line 449, in result
    return self.__get_result()
           ^^^^^^^^^^^^^^^^^^^
  File "/home/yongsang/anaconda3/lib/python3.12/concurrent/futures/_base.py", line 401, in __get_result
    raise self._exception
  File "/home/yongsang/anaconda3/lib/python3.12/concurrent/futures/thread.py", line 58, in run
    result = self.fn(*self.args, **self.kwargs)
             ^^^^^^^^^^^^^^^^^^^^^^^^^^^^^^^^^^
  File "/home/yongsang/PSID_ACTIVELEARNING_FRAMEWORK/prototype03/generated_project/CoREMOF_2019-11-01-ASR-public_12020/He_298.15K_15bar_screened_by_Helium/low_pressure_gcmc.py", line 155, in run_simulation
    uptake = parse_output(d)["Average loading absolute [mol/kg framework]"]
             ^^^^^^^^^^^^^^^
  File "/home/yongsang/PSID_ACTIVELEARNING_FRAMEWORK/prototype03/generated_project/CoREMOF_2019-11-01-ASR-public_12020/He_298.15K_15bar_screened_by_Helium/low_pressure_gcmc.py", line 140, in parse_output
    raise ValueError(f"Parse failed for {mof_dir.name}")
ValueError: Parse failed for ZUDXAZ_clean
2025-06-13 17:12:37,746 ERROR: Error processing ZUDQUM_clean: Parse failed for ZUDQUM_clean
Traceback (most recent call last):
  File "/home/yongsang/PSID_ACTIVELEARNING_FRAMEWORK/prototype03/generated_project/CoREMOF_2019-11-01-ASR-public_12020/He_298.15K_15bar_screened_by_Helium/low_pressure_gcmc.py", line 263, in cmd_run
    mof, uptake, elapsed = future.result()
                           ^^^^^^^^^^^^^^^
  File "/home/yongsang/anaconda3/lib/python3.12/concurrent/futures/_base.py", line 449, in result
    return self.__get_result()
           ^^^^^^^^^^^^^^^^^^^
  File "/home/yongsang/anaconda3/lib/python3.12/concurrent/futures/_base.py", line 401, in __get_result
    raise self._exception
  File "/home/yongsang/anaconda3/lib/python3.12/concurrent/futures/thread.py", line 58, in run
    result = self.fn(*self.args, **self.kwargs)
             ^^^^^^^^^^^^^^^^^^^^^^^^^^^^^^^^^^
  File "/home/yongsang/PSID_ACTIVELEARNING_FRAMEWORK/prototype03/generated_project/CoREMOF_2019-11-01-ASR-public_12020/He_298.15K_15bar_screened_by_Helium/low_pressure_gcmc.py", line 155, in run_simulation
    uptake = parse_output(d)["Average loading absolute [mol/kg framework]"]
             ^^^^^^^^^^^^^^^
  File "/home/yongsang/PSID_ACTIVELEARNING_FRAMEWORK/prototype03/generated_project/CoREMOF_2019-11-01-ASR-public_12020/He_298.15K_15bar_screened_by_Helium/low_pressure_gcmc.py", line 140, in parse_output
    raise ValueError(f"Parse failed for {mof_dir.name}")
ValueError: Parse failed for ZUDQUM_clean
2025-06-13 17:12:37,749 ERROR: Error processing ZUGDEM_clean: Parse failed for ZUGDEM_clean
Traceback (most recent call last):
  File "/home/yongsang/PSID_ACTIVELEARNING_FRAMEWORK/prototype03/generated_project/CoREMOF_2019-11-01-ASR-public_12020/He_298.15K_15bar_screened_by_Helium/low_pressure_gcmc.py", line 263, in cmd_run
    mof, uptake, elapsed = future.result()
                           ^^^^^^^^^^^^^^^
  File "/home/yongsang/anaconda3/lib/python3.12/concurrent/futures/_base.py", line 449, in result
    return self.__get_result()
           ^^^^^^^^^^^^^^^^^^^
  File "/home/yongsang/anaconda3/lib/python3.12/concurrent/futures/_base.py", line 401, in __get_result
    raise self._exception
  File "/home/yongsang/anaconda3/lib/python3.12/concurrent/futures/thread.py", line 58, in run
    result = self.fn(*self.args, **self.kwargs)
             ^^^^^^^^^^^^^^^^^^^^^^^^^^^^^^^^^^
  File "/home/yongsang/PSID_ACTIVELEARNING_FRAMEWORK/prototype03/generated_project/CoREMOF_2019-11-01-ASR-public_12020/He_298.15K_15bar_screened_by_Helium/low_pressure_gcmc.py", line 155, in run_simulation
    uptake = parse_output(d)["Average loading absolute [mol/kg framework]"]
             ^^^^^^^^^^^^^^^
  File "/home/yongsang/PSID_ACTIVELEARNING_FRAMEWORK/prototype03/generated_project/CoREMOF_2019-11-01-ASR-public_12020/He_298.15K_15bar_screened_by_Helium/low_pressure_gcmc.py", line 140, in parse_output
    raise ValueError(f"Parse failed for {mof_dir.name}")
ValueError: Parse failed for ZUGDEM_clean
2025-06-13 17:12:37,750 ERROR: Error processing ZULVEJ_clean: Parse failed for ZULVEJ_clean
Traceback (most recent call last):
  File "/home/yongsang/PSID_ACTIVELEARNING_FRAMEWORK/prototype03/generated_project/CoREMOF_2019-11-01-ASR-public_12020/He_298.15K_15bar_screened_by_Helium/low_pressure_gcmc.py", line 263, in cmd_run
    mof, uptake, elapsed = future.result()
                           ^^^^^^^^^^^^^^^
  File "/home/yongsang/anaconda3/lib/python3.12/concurrent/futures/_base.py", line 449, in result
    return self.__get_result()
           ^^^^^^^^^^^^^^^^^^^
  File "/home/yongsang/anaconda3/lib/python3.12/concurrent/futures/_base.py", line 401, in __get_result
    raise self._exception
  File "/home/yongsang/anaconda3/lib/python3.12/concurrent/futures/thread.py", line 58, in run
    result = self.fn(*self.args, **self.kwargs)
             ^^^^^^^^^^^^^^^^^^^^^^^^^^^^^^^^^^
  File "/home/yongsang/PSID_ACTIVELEARNING_FRAMEWORK/prototype03/generated_project/CoREMOF_2019-11-01-ASR-public_12020/He_298.15K_15bar_screened_by_Helium/low_pressure_gcmc.py", line 155, in run_simulation
    uptake = parse_output(d)["Average loading absolute [mol/kg framework]"]
             ^^^^^^^^^^^^^^^
  File "/home/yongsang/PSID_ACTIVELEARNING_FRAMEWORK/prototype03/generated_project/CoREMOF_2019-11-01-ASR-public_12020/He_298.15K_15bar_screened_by_Helium/low_pressure_gcmc.py", line 140, in parse_output
    raise ValueError(f"Parse failed for {mof_dir.name}")
ValueError: Parse failed for ZULVEJ_clean
2025-06-13 17:12:37,750 ERROR: Error processing ZUQMAB_clean: Parse failed for ZUQMAB_clean
Traceback (most recent call last):
  File "/home/yongsang/PSID_ACTIVELEARNING_FRAMEWORK/prototype03/generated_project/CoREMOF_2019-11-01-ASR-public_12020/He_298.15K_15bar_screened_by_Helium/low_pressure_gcmc.py", line 263, in cmd_run
    mof, uptake, elapsed = future.result()
                           ^^^^^^^^^^^^^^^
  File "/home/yongsang/anaconda3/lib/python3.12/concurrent/futures/_base.py", line 449, in result
    return self.__get_result()
           ^^^^^^^^^^^^^^^^^^^
  File "/home/yongsang/anaconda3/lib/python3.12/concurrent/futures/_base.py", line 401, in __get_result
    raise self._exception
  File "/home/yongsang/anaconda3/lib/python3.12/concurrent/futures/thread.py", line 58, in run
    result = self.fn(*self.args, **self.kwargs)
             ^^^^^^^^^^^^^^^^^^^^^^^^^^^^^^^^^^
  File "/home/yongsang/PSID_ACTIVELEARNING_FRAMEWORK/prototype03/generated_project/CoREMOF_2019-11-01-ASR-public_12020/He_298.15K_15bar_screened_by_Helium/low_pressure_gcmc.py", line 155, in run_simulation
    uptake = parse_output(d)["Average loading absolute [mol/kg framework]"]
             ^^^^^^^^^^^^^^^
  File "/home/yongsang/PSID_ACTIVELEARNING_FRAMEWORK/prototype03/generated_project/CoREMOF_2019-11-01-ASR-public_12020/He_298.15K_15bar_screened_by_Helium/low_pressure_gcmc.py", line 140, in parse_output
    raise ValueError(f"Parse failed for {mof_dir.name}")
ValueError: Parse failed for ZUQMAB_clean
2025-06-13 17:12:37,750 ERROR: Error processing ZOZPUB_clean: Parse failed for ZOZPUB_clean
Traceback (most recent call last):
  File "/home/yongsang/PSID_ACTIVELEARNING_FRAMEWORK/prototype03/generated_project/CoREMOF_2019-11-01-ASR-public_12020/He_298.15K_15bar_screened_by_Helium/low_pressure_gcmc.py", line 263, in cmd_run
    mof, uptake, elapsed = future.result()
                           ^^^^^^^^^^^^^^^
  File "/home/yongsang/anaconda3/lib/python3.12/concurrent/futures/_base.py", line 449, in result
    return self.__get_result()
           ^^^^^^^^^^^^^^^^^^^
  File "/home/yongsang/anaconda3/lib/python3.12/concurrent/futures/_base.py", line 401, in __get_result
    raise self._exception
  File "/home/yongsang/anaconda3/lib/python3.12/concurrent/futures/thread.py", line 58, in run
    result = self.fn(*self.args, **self.kwargs)
             ^^^^^^^^^^^^^^^^^^^^^^^^^^^^^^^^^^
  File "/home/yongsang/PSID_ACTIVELEARNING_FRAMEWORK/prototype03/generated_project/CoREMOF_2019-11-01-ASR-public_12020/He_298.15K_15bar_screened_by_Helium/low_pressure_gcmc.py", line 155, in run_simulation
    uptake = parse_output(d)["Average loading absolute [mol/kg framework]"]
             ^^^^^^^^^^^^^^^
  File "/home/yongsang/PSID_ACTIVELEARNING_FRAMEWORK/prototype03/generated_project/CoREMOF_2019-11-01-ASR-public_12020/He_298.15K_15bar_screened_by_Helium/low_pressure_gcmc.py", line 140, in parse_output
    raise ValueError(f"Parse failed for {mof_dir.name}")
ValueError: Parse failed for ZOZPUB_clean
2025-06-13 17:12:37,751 ERROR: Error processing ZUVTEP_clean: Parse failed for ZUVTEP_clean
Traceback (most recent call last):
  File "/home/yongsang/PSID_ACTIVELEARNING_FRAMEWORK/prototype03/generated_project/CoREMOF_2019-11-01-ASR-public_12020/He_298.15K_15bar_screened_by_Helium/low_pressure_gcmc.py", line 263, in cmd_run
    mof, uptake, elapsed = future.result()
                           ^^^^^^^^^^^^^^^
  File "/home/yongsang/anaconda3/lib/python3.12/concurrent/futures/_base.py", line 449, in result
    return self.__get_result()
           ^^^^^^^^^^^^^^^^^^^
  File "/home/yongsang/anaconda3/lib/python3.12/concurrent/futures/_base.py", line 401, in __get_result
    raise self._exception
  File "/home/yongsang/anaconda3/lib/python3.12/concurrent/futures/thread.py", line 58, in run
    result = self.fn(*self.args, **self.kwargs)
             ^^^^^^^^^^^^^^^^^^^^^^^^^^^^^^^^^^
  File "/home/yongsang/PSID_ACTIVELEARNING_FRAMEWORK/prototype03/generated_project/CoREMOF_2019-11-01-ASR-public_12020/He_298.15K_15bar_screened_by_Helium/low_pressure_gcmc.py", line 155, in run_simulation
    uptake = parse_output(d)["Average loading absolute [mol/kg framework]"]
             ^^^^^^^^^^^^^^^
  File "/home/yongsang/PSID_ACTIVELEARNING_FRAMEWORK/prototype03/generated_project/CoREMOF_2019-11-01-ASR-public_12020/He_298.15K_15bar_screened_by_Helium/low_pressure_gcmc.py", line 140, in parse_output
    raise ValueError(f"Parse failed for {mof_dir.name}")
ValueError: Parse failed for ZUVTEP_clean
2025-06-13 17:12:37,751 ERROR: Error processing ZUPBET_clean: Parse failed for ZUPBET_clean
Traceback (most recent call last):
  File "/home/yongsang/PSID_ACTIVELEARNING_FRAMEWORK/prototype03/generated_project/CoREMOF_2019-11-01-ASR-public_12020/He_298.15K_15bar_screened_by_Helium/low_pressure_gcmc.py", line 263, in cmd_run
    mof, uptake, elapsed = future.result()
                           ^^^^^^^^^^^^^^^
  File "/home/yongsang/anaconda3/lib/python3.12/concurrent/futures/_base.py", line 449, in result
    return self.__get_result()
           ^^^^^^^^^^^^^^^^^^^
  File "/home/yongsang/anaconda3/lib/python3.12/concurrent/futures/_base.py", line 401, in __get_result
    raise self._exception
  File "/home/yongsang/anaconda3/lib/python3.12/concurrent/futures/thread.py", line 58, in run
    result = self.fn(*self.args, **self.kwargs)
             ^^^^^^^^^^^^^^^^^^^^^^^^^^^^^^^^^^
  File "/home/yongsang/PSID_ACTIVELEARNING_FRAMEWORK/prototype03/generated_project/CoREMOF_2019-11-01-ASR-public_12020/He_298.15K_15bar_screened_by_Helium/low_pressure_gcmc.py", line 155, in run_simulation
    uptake = parse_output(d)["Average loading absolute [mol/kg framework]"]
             ^^^^^^^^^^^^^^^
  File "/home/yongsang/PSID_ACTIVELEARNING_FRAMEWORK/prototype03/generated_project/CoREMOF_2019-11-01-ASR-public_12020/He_298.15K_15bar_screened_by_Helium/low_pressure_gcmc.py", line 140, in parse_output
    raise ValueError(f"Parse failed for {mof_dir.name}")
ValueError: Parse failed for ZUPBET_clean
2025-06-13 17:12:37,751 ERROR: Error processing ZUNZIT_clean: Parse failed for ZUNZIT_clean
Traceback (most recent call last):
  File "/home/yongsang/PSID_ACTIVELEARNING_FRAMEWORK/prototype03/generated_project/CoREMOF_2019-11-01-ASR-public_12020/He_298.15K_15bar_screened_by_Helium/low_pressure_gcmc.py", line 263, in cmd_run
    mof, uptake, elapsed = future.result()
                           ^^^^^^^^^^^^^^^
  File "/home/yongsang/anaconda3/lib/python3.12/concurrent/futures/_base.py", line 449, in result
    return self.__get_result()
           ^^^^^^^^^^^^^^^^^^^
  File "/home/yongsang/anaconda3/lib/python3.12/concurrent/futures/_base.py", line 401, in __get_result
    raise self._exception
  File "/home/yongsang/anaconda3/lib/python3.12/concurrent/futures/thread.py", line 58, in run
    result = self.fn(*self.args, **self.kwargs)
             ^^^^^^^^^^^^^^^^^^^^^^^^^^^^^^^^^^
  File "/home/yongsang/PSID_ACTIVELEARNING_FRAMEWORK/prototype03/generated_project/CoREMOF_2019-11-01-ASR-public_12020/He_298.15K_15bar_screened_by_Helium/low_pressure_gcmc.py", line 155, in run_simulation
    uptake = parse_output(d)["Average loading absolute [mol/kg framework]"]
             ^^^^^^^^^^^^^^^
  File "/home/yongsang/PSID_ACTIVELEARNING_FRAMEWORK/prototype03/generated_project/CoREMOF_2019-11-01-ASR-public_12020/He_298.15K_15bar_screened_by_Helium/low_pressure_gcmc.py", line 140, in parse_output
    raise ValueError(f"Parse failed for {mof_dir.name}")
ValueError: Parse failed for ZUNZIT_clean
2025-06-13 17:12:37,752 ERROR: Error processing ZUXPOZ_clean: Parse failed for ZUXPOZ_clean
Traceback (most recent call last):
  File "/home/yongsang/PSID_ACTIVELEARNING_FRAMEWORK/prototype03/generated_project/CoREMOF_2019-11-01-ASR-public_12020/He_298.15K_15bar_screened_by_Helium/low_pressure_gcmc.py", line 263, in cmd_run
    mof, uptake, elapsed = future.result()
                           ^^^^^^^^^^^^^^^
  File "/home/yongsang/anaconda3/lib/python3.12/concurrent/futures/_base.py", line 449, in result
    return self.__get_result()
           ^^^^^^^^^^^^^^^^^^^
  File "/home/yongsang/anaconda3/lib/python3.12/concurrent/futures/_base.py", line 401, in __get_result
    raise self._exception
  File "/home/yongsang/anaconda3/lib/python3.12/concurrent/futures/thread.py", line 58, in run
    result = self.fn(*self.args, **self.kwargs)
             ^^^^^^^^^^^^^^^^^^^^^^^^^^^^^^^^^^
  File "/home/yongsang/PSID_ACTIVELEARNING_FRAMEWORK/prototype03/generated_project/CoREMOF_2019-11-01-ASR-public_12020/He_298.15K_15bar_screened_by_Helium/low_pressure_gcmc.py", line 155, in run_simulation
    uptake = parse_output(d)["Average loading absolute [mol/kg framework]"]
             ^^^^^^^^^^^^^^^
  File "/home/yongsang/PSID_ACTIVELEARNING_FRAMEWORK/prototype03/generated_project/CoREMOF_2019-11-01-ASR-public_12020/He_298.15K_15bar_screened_by_Helium/low_pressure_gcmc.py", line 140, in parse_output
    raise ValueError(f"Parse failed for {mof_dir.name}")
ValueError: Parse failed for ZUXPOZ_clean
2025-06-13 17:12:37,752 ERROR: Error processing ZUMNAY_clean: Parse failed for ZUMNAY_clean
Traceback (most recent call last):
  File "/home/yongsang/PSID_ACTIVELEARNING_FRAMEWORK/prototype03/generated_project/CoREMOF_2019-11-01-ASR-public_12020/He_298.15K_15bar_screened_by_Helium/low_pressure_gcmc.py", line 263, in cmd_run
    mof, uptake, elapsed = future.result()
                           ^^^^^^^^^^^^^^^
  File "/home/yongsang/anaconda3/lib/python3.12/concurrent/futures/_base.py", line 449, in result
    return self.__get_result()
           ^^^^^^^^^^^^^^^^^^^
  File "/home/yongsang/anaconda3/lib/python3.12/concurrent/futures/_base.py", line 401, in __get_result
    raise self._exception
  File "/home/yongsang/anaconda3/lib/python3.12/concurrent/futures/thread.py", line 58, in run
    result = self.fn(*self.args, **self.kwargs)
             ^^^^^^^^^^^^^^^^^^^^^^^^^^^^^^^^^^
  File "/home/yongsang/PSID_ACTIVELEARNING_FRAMEWORK/prototype03/generated_project/CoREMOF_2019-11-01-ASR-public_12020/He_298.15K_15bar_screened_by_Helium/low_pressure_gcmc.py", line 155, in run_simulation
    uptake = parse_output(d)["Average loading absolute [mol/kg framework]"]
             ^^^^^^^^^^^^^^^
  File "/home/yongsang/PSID_ACTIVELEARNING_FRAMEWORK/prototype03/generated_project/CoREMOF_2019-11-01-ASR-public_12020/He_298.15K_15bar_screened_by_Helium/low_pressure_gcmc.py", line 140, in parse_output
    raise ValueError(f"Parse failed for {mof_dir.name}")
ValueError: Parse failed for ZUMNAY_clean
2025-06-13 17:12:37,752 ERROR: Error processing ZUSBOG_clean: Parse failed for ZUSBOG_clean
Traceback (most recent call last):
  File "/home/yongsang/PSID_ACTIVELEARNING_FRAMEWORK/prototype03/generated_project/CoREMOF_2019-11-01-ASR-public_12020/He_298.15K_15bar_screened_by_Helium/low_pressure_gcmc.py", line 263, in cmd_run
    mof, uptake, elapsed = future.result()
                           ^^^^^^^^^^^^^^^
  File "/home/yongsang/anaconda3/lib/python3.12/concurrent/futures/_base.py", line 449, in result
    return self.__get_result()
           ^^^^^^^^^^^^^^^^^^^
  File "/home/yongsang/anaconda3/lib/python3.12/concurrent/futures/_base.py", line 401, in __get_result
    raise self._exception
  File "/home/yongsang/anaconda3/lib/python3.12/concurrent/futures/thread.py", line 58, in run
    result = self.fn(*self.args, **self.kwargs)
             ^^^^^^^^^^^^^^^^^^^^^^^^^^^^^^^^^^
  File "/home/yongsang/PSID_ACTIVELEARNING_FRAMEWORK/prototype03/generated_project/CoREMOF_2019-11-01-ASR-public_12020/He_298.15K_15bar_screened_by_Helium/low_pressure_gcmc.py", line 155, in run_simulation
    uptake = parse_output(d)["Average loading absolute [mol/kg framework]"]
             ^^^^^^^^^^^^^^^
  File "/home/yongsang/PSID_ACTIVELEARNING_FRAMEWORK/prototype03/generated_project/CoREMOF_2019-11-01-ASR-public_12020/He_298.15K_15bar_screened_by_Helium/low_pressure_gcmc.py", line 140, in parse_output
    raise ValueError(f"Parse failed for {mof_dir.name}")
ValueError: Parse failed for ZUSBOG_clean
2025-06-13 17:12:37,752 ERROR: Error processing ZUDQEW_clean: Parse failed for ZUDQEW_clean
Traceback (most recent call last):
  File "/home/yongsang/PSID_ACTIVELEARNING_FRAMEWORK/prototype03/generated_project/CoREMOF_2019-11-01-ASR-public_12020/He_298.15K_15bar_screened_by_Helium/low_pressure_gcmc.py", line 263, in cmd_run
    mof, uptake, elapsed = future.result()
                           ^^^^^^^^^^^^^^^
  File "/home/yongsang/anaconda3/lib/python3.12/concurrent/futures/_base.py", line 449, in result
    return self.__get_result()
           ^^^^^^^^^^^^^^^^^^^
  File "/home/yongsang/anaconda3/lib/python3.12/concurrent/futures/_base.py", line 401, in __get_result
    raise self._exception
  File "/home/yongsang/anaconda3/lib/python3.12/concurrent/futures/thread.py", line 58, in run
    result = self.fn(*self.args, **self.kwargs)
             ^^^^^^^^^^^^^^^^^^^^^^^^^^^^^^^^^^
  File "/home/yongsang/PSID_ACTIVELEARNING_FRAMEWORK/prototype03/generated_project/CoREMOF_2019-11-01-ASR-public_12020/He_298.15K_15bar_screened_by_Helium/low_pressure_gcmc.py", line 155, in run_simulation
    uptake = parse_output(d)["Average loading absolute [mol/kg framework]"]
             ^^^^^^^^^^^^^^^
  File "/home/yongsang/PSID_ACTIVELEARNING_FRAMEWORK/prototype03/generated_project/CoREMOF_2019-11-01-ASR-public_12020/He_298.15K_15bar_screened_by_Helium/low_pressure_gcmc.py", line 140, in parse_output
    raise ValueError(f"Parse failed for {mof_dir.name}")
ValueError: Parse failed for ZUDQEW_clean
2025-06-13 17:12:37,753 ERROR: Error processing ZUWXUM_clean: Parse failed for ZUWXUM_clean
Traceback (most recent call last):
  File "/home/yongsang/PSID_ACTIVELEARNING_FRAMEWORK/prototype03/generated_project/CoREMOF_2019-11-01-ASR-public_12020/He_298.15K_15bar_screened_by_Helium/low_pressure_gcmc.py", line 263, in cmd_run
    mof, uptake, elapsed = future.result()
                           ^^^^^^^^^^^^^^^
  File "/home/yongsang/anaconda3/lib/python3.12/concurrent/futures/_base.py", line 449, in result
    return self.__get_result()
           ^^^^^^^^^^^^^^^^^^^
  File "/home/yongsang/anaconda3/lib/python3.12/concurrent/futures/_base.py", line 401, in __get_result
    raise self._exception
  File "/home/yongsang/anaconda3/lib/python3.12/concurrent/futures/thread.py", line 58, in run
    result = self.fn(*self.args, **self.kwargs)
             ^^^^^^^^^^^^^^^^^^^^^^^^^^^^^^^^^^
  File "/home/yongsang/PSID_ACTIVELEARNING_FRAMEWORK/prototype03/generated_project/CoREMOF_2019-11-01-ASR-public_12020/He_298.15K_15bar_screened_by_Helium/low_pressure_gcmc.py", line 155, in run_simulation
    uptake = parse_output(d)["Average loading absolute [mol/kg framework]"]
             ^^^^^^^^^^^^^^^
  File "/home/yongsang/PSID_ACTIVELEARNING_FRAMEWORK/prototype03/generated_project/CoREMOF_2019-11-01-ASR-public_12020/He_298.15K_15bar_screened_by_Helium/low_pressure_gcmc.py", line 140, in parse_output
    raise ValueError(f"Parse failed for {mof_dir.name}")
ValueError: Parse failed for ZUWXUM_clean
2025-06-13 17:12:37,753 ERROR: Error processing ZUSBIA_clean: Parse failed for ZUSBIA_clean
Traceback (most recent call last):
  File "/home/yongsang/PSID_ACTIVELEARNING_FRAMEWORK/prototype03/generated_project/CoREMOF_2019-11-01-ASR-public_12020/He_298.15K_15bar_screened_by_Helium/low_pressure_gcmc.py", line 263, in cmd_run
    mof, uptake, elapsed = future.result()
                           ^^^^^^^^^^^^^^^
  File "/home/yongsang/anaconda3/lib/python3.12/concurrent/futures/_base.py", line 449, in result
    return self.__get_result()
           ^^^^^^^^^^^^^^^^^^^
  File "/home/yongsang/anaconda3/lib/python3.12/concurrent/futures/_base.py", line 401, in __get_result
    raise self._exception
  File "/home/yongsang/anaconda3/lib/python3.12/concurrent/futures/thread.py", line 58, in run
    result = self.fn(*self.args, **self.kwargs)
             ^^^^^^^^^^^^^^^^^^^^^^^^^^^^^^^^^^
  File "/home/yongsang/PSID_ACTIVELEARNING_FRAMEWORK/prototype03/generated_project/CoREMOF_2019-11-01-ASR-public_12020/He_298.15K_15bar_screened_by_Helium/low_pressure_gcmc.py", line 155, in run_simulation
    uptake = parse_output(d)["Average loading absolute [mol/kg framework]"]
             ^^^^^^^^^^^^^^^
  File "/home/yongsang/PSID_ACTIVELEARNING_FRAMEWORK/prototype03/generated_project/CoREMOF_2019-11-01-ASR-public_12020/He_298.15K_15bar_screened_by_Helium/low_pressure_gcmc.py", line 140, in parse_output
    raise ValueError(f"Parse failed for {mof_dir.name}")
ValueError: Parse failed for ZUSBIA_clean
2025-06-13 17:12:37,753 ERROR: Error processing ZURQOS_clean: Parse failed for ZURQOS_clean
Traceback (most recent call last):
  File "/home/yongsang/PSID_ACTIVELEARNING_FRAMEWORK/prototype03/generated_project/CoREMOF_2019-11-01-ASR-public_12020/He_298.15K_15bar_screened_by_Helium/low_pressure_gcmc.py", line 263, in cmd_run
    mof, uptake, elapsed = future.result()
                           ^^^^^^^^^^^^^^^
  File "/home/yongsang/anaconda3/lib/python3.12/concurrent/futures/_base.py", line 449, in result
    return self.__get_result()
           ^^^^^^^^^^^^^^^^^^^
  File "/home/yongsang/anaconda3/lib/python3.12/concurrent/futures/_base.py", line 401, in __get_result
    raise self._exception
  File "/home/yongsang/anaconda3/lib/python3.12/concurrent/futures/thread.py", line 58, in run
    result = self.fn(*self.args, **self.kwargs)
             ^^^^^^^^^^^^^^^^^^^^^^^^^^^^^^^^^^
  File "/home/yongsang/PSID_ACTIVELEARNING_FRAMEWORK/prototype03/generated_project/CoREMOF_2019-11-01-ASR-public_12020/He_298.15K_15bar_screened_by_Helium/low_pressure_gcmc.py", line 155, in run_simulation
    uptake = parse_output(d)["Average loading absolute [mol/kg framework]"]
             ^^^^^^^^^^^^^^^
  File "/home/yongsang/PSID_ACTIVELEARNING_FRAMEWORK/prototype03/generated_project/CoREMOF_2019-11-01-ASR-public_12020/He_298.15K_15bar_screened_by_Helium/low_pressure_gcmc.py", line 140, in parse_output
    raise ValueError(f"Parse failed for {mof_dir.name}")
ValueError: Parse failed for ZURQOS_clean
2025-06-13 17:12:37,753 ERROR: Error processing ZUDRAT_clean: Parse failed for ZUDRAT_clean
Traceback (most recent call last):
  File "/home/yongsang/PSID_ACTIVELEARNING_FRAMEWORK/prototype03/generated_project/CoREMOF_2019-11-01-ASR-public_12020/He_298.15K_15bar_screened_by_Helium/low_pressure_gcmc.py", line 263, in cmd_run
    mof, uptake, elapsed = future.result()
                           ^^^^^^^^^^^^^^^
  File "/home/yongsang/anaconda3/lib/python3.12/concurrent/futures/_base.py", line 449, in result
    return self.__get_result()
           ^^^^^^^^^^^^^^^^^^^
  File "/home/yongsang/anaconda3/lib/python3.12/concurrent/futures/_base.py", line 401, in __get_result
    raise self._exception
  File "/home/yongsang/anaconda3/lib/python3.12/concurrent/futures/thread.py", line 58, in run
    result = self.fn(*self.args, **self.kwargs)
             ^^^^^^^^^^^^^^^^^^^^^^^^^^^^^^^^^^
  File "/home/yongsang/PSID_ACTIVELEARNING_FRAMEWORK/prototype03/generated_project/CoREMOF_2019-11-01-ASR-public_12020/He_298.15K_15bar_screened_by_Helium/low_pressure_gcmc.py", line 155, in run_simulation
    uptake = parse_output(d)["Average loading absolute [mol/kg framework]"]
             ^^^^^^^^^^^^^^^
  File "/home/yongsang/PSID_ACTIVELEARNING_FRAMEWORK/prototype03/generated_project/CoREMOF_2019-11-01-ASR-public_12020/He_298.15K_15bar_screened_by_Helium/low_pressure_gcmc.py", line 140, in parse_output
    raise ValueError(f"Parse failed for {mof_dir.name}")
ValueError: Parse failed for ZUDRAT_clean
2025-06-13 17:12:37,754 ERROR: Error processing ZUKNAW_clean: Parse failed for ZUKNAW_clean
Traceback (most recent call last):
  File "/home/yongsang/PSID_ACTIVELEARNING_FRAMEWORK/prototype03/generated_project/CoREMOF_2019-11-01-ASR-public_12020/He_298.15K_15bar_screened_by_Helium/low_pressure_gcmc.py", line 263, in cmd_run
    mof, uptake, elapsed = future.result()
                           ^^^^^^^^^^^^^^^
  File "/home/yongsang/anaconda3/lib/python3.12/concurrent/futures/_base.py", line 449, in result
    return self.__get_result()
           ^^^^^^^^^^^^^^^^^^^
  File "/home/yongsang/anaconda3/lib/python3.12/concurrent/futures/_base.py", line 401, in __get_result
    raise self._exception
  File "/home/yongsang/anaconda3/lib/python3.12/concurrent/futures/thread.py", line 58, in run
    result = self.fn(*self.args, **self.kwargs)
             ^^^^^^^^^^^^^^^^^^^^^^^^^^^^^^^^^^
  File "/home/yongsang/PSID_ACTIVELEARNING_FRAMEWORK/prototype03/generated_project/CoREMOF_2019-11-01-ASR-public_12020/He_298.15K_15bar_screened_by_Helium/low_pressure_gcmc.py", line 155, in run_simulation
    uptake = parse_output(d)["Average loading absolute [mol/kg framework]"]
             ^^^^^^^^^^^^^^^
  File "/home/yongsang/PSID_ACTIVELEARNING_FRAMEWORK/prototype03/generated_project/CoREMOF_2019-11-01-ASR-public_12020/He_298.15K_15bar_screened_by_Helium/low_pressure_gcmc.py", line 140, in parse_output
    raise ValueError(f"Parse failed for {mof_dir.name}")
ValueError: Parse failed for ZUKNAW_clean
2025-06-13 17:12:37,754 ERROR: Error processing ZUTBIB_clean: Parse failed for ZUTBIB_clean
Traceback (most recent call last):
  File "/home/yongsang/PSID_ACTIVELEARNING_FRAMEWORK/prototype03/generated_project/CoREMOF_2019-11-01-ASR-public_12020/He_298.15K_15bar_screened_by_Helium/low_pressure_gcmc.py", line 263, in cmd_run
    mof, uptake, elapsed = future.result()
                           ^^^^^^^^^^^^^^^
  File "/home/yongsang/anaconda3/lib/python3.12/concurrent/futures/_base.py", line 449, in result
    return self.__get_result()
           ^^^^^^^^^^^^^^^^^^^
  File "/home/yongsang/anaconda3/lib/python3.12/concurrent/futures/_base.py", line 401, in __get_result
    raise self._exception
  File "/home/yongsang/anaconda3/lib/python3.12/concurrent/futures/thread.py", line 58, in run
    result = self.fn(*self.args, **self.kwargs)
             ^^^^^^^^^^^^^^^^^^^^^^^^^^^^^^^^^^
  File "/home/yongsang/PSID_ACTIVELEARNING_FRAMEWORK/prototype03/generated_project/CoREMOF_2019-11-01-ASR-public_12020/He_298.15K_15bar_screened_by_Helium/low_pressure_gcmc.py", line 155, in run_simulation
    uptake = parse_output(d)["Average loading absolute [mol/kg framework]"]
             ^^^^^^^^^^^^^^^
  File "/home/yongsang/PSID_ACTIVELEARNING_FRAMEWORK/prototype03/generated_project/CoREMOF_2019-11-01-ASR-public_12020/He_298.15K_15bar_screened_by_Helium/low_pressure_gcmc.py", line 140, in parse_output
    raise ValueError(f"Parse failed for {mof_dir.name}")
ValueError: Parse failed for ZUTBIB_clean
2025-06-13 17:12:37,754 ERROR: Error processing ZUTBUN_clean: Parse failed for ZUTBUN_clean
Traceback (most recent call last):
  File "/home/yongsang/PSID_ACTIVELEARNING_FRAMEWORK/prototype03/generated_project/CoREMOF_2019-11-01-ASR-public_12020/He_298.15K_15bar_screened_by_Helium/low_pressure_gcmc.py", line 263, in cmd_run
    mof, uptake, elapsed = future.result()
                           ^^^^^^^^^^^^^^^
  File "/home/yongsang/anaconda3/lib/python3.12/concurrent/futures/_base.py", line 449, in result
    return self.__get_result()
           ^^^^^^^^^^^^^^^^^^^
  File "/home/yongsang/anaconda3/lib/python3.12/concurrent/futures/_base.py", line 401, in __get_result
    raise self._exception
  File "/home/yongsang/anaconda3/lib/python3.12/concurrent/futures/thread.py", line 58, in run
    result = self.fn(*self.args, **self.kwargs)
             ^^^^^^^^^^^^^^^^^^^^^^^^^^^^^^^^^^
  File "/home/yongsang/PSID_ACTIVELEARNING_FRAMEWORK/prototype03/generated_project/CoREMOF_2019-11-01-ASR-public_12020/He_298.15K_15bar_screened_by_Helium/low_pressure_gcmc.py", line 155, in run_simulation
    uptake = parse_output(d)["Average loading absolute [mol/kg framework]"]
             ^^^^^^^^^^^^^^^
  File "/home/yongsang/PSID_ACTIVELEARNING_FRAMEWORK/prototype03/generated_project/CoREMOF_2019-11-01-ASR-public_12020/He_298.15K_15bar_screened_by_Helium/low_pressure_gcmc.py", line 140, in parse_output
    raise ValueError(f"Parse failed for {mof_dir.name}")
ValueError: Parse failed for ZUTBUN_clean
2025-06-13 17:12:37,755 ERROR: Error processing ZURLAB_clean: Parse failed for ZURLAB_clean
Traceback (most recent call last):
  File "/home/yongsang/PSID_ACTIVELEARNING_FRAMEWORK/prototype03/generated_project/CoREMOF_2019-11-01-ASR-public_12020/He_298.15K_15bar_screened_by_Helium/low_pressure_gcmc.py", line 263, in cmd_run
    mof, uptake, elapsed = future.result()
                           ^^^^^^^^^^^^^^^
  File "/home/yongsang/anaconda3/lib/python3.12/concurrent/futures/_base.py", line 449, in result
    return self.__get_result()
           ^^^^^^^^^^^^^^^^^^^
  File "/home/yongsang/anaconda3/lib/python3.12/concurrent/futures/_base.py", line 401, in __get_result
    raise self._exception
  File "/home/yongsang/anaconda3/lib/python3.12/concurrent/futures/thread.py", line 58, in run
    result = self.fn(*self.args, **self.kwargs)
             ^^^^^^^^^^^^^^^^^^^^^^^^^^^^^^^^^^
  File "/home/yongsang/PSID_ACTIVELEARNING_FRAMEWORK/prototype03/generated_project/CoREMOF_2019-11-01-ASR-public_12020/He_298.15K_15bar_screened_by_Helium/low_pressure_gcmc.py", line 155, in run_simulation
    uptake = parse_output(d)["Average loading absolute [mol/kg framework]"]
             ^^^^^^^^^^^^^^^
  File "/home/yongsang/PSID_ACTIVELEARNING_FRAMEWORK/prototype03/generated_project/CoREMOF_2019-11-01-ASR-public_12020/He_298.15K_15bar_screened_by_Helium/low_pressure_gcmc.py", line 140, in parse_output
    raise ValueError(f"Parse failed for {mof_dir.name}")
ValueError: Parse failed for ZURLAB_clean
2025-06-13 17:12:37,755 ERROR: Error processing ZURROT_clean: Parse failed for ZURROT_clean
Traceback (most recent call last):
  File "/home/yongsang/PSID_ACTIVELEARNING_FRAMEWORK/prototype03/generated_project/CoREMOF_2019-11-01-ASR-public_12020/He_298.15K_15bar_screened_by_Helium/low_pressure_gcmc.py", line 263, in cmd_run
    mof, uptake, elapsed = future.result()
                           ^^^^^^^^^^^^^^^
  File "/home/yongsang/anaconda3/lib/python3.12/concurrent/futures/_base.py", line 449, in result
    return self.__get_result()
           ^^^^^^^^^^^^^^^^^^^
  File "/home/yongsang/anaconda3/lib/python3.12/concurrent/futures/_base.py", line 401, in __get_result
    raise self._exception
  File "/home/yongsang/anaconda3/lib/python3.12/concurrent/futures/thread.py", line 58, in run
    result = self.fn(*self.args, **self.kwargs)
             ^^^^^^^^^^^^^^^^^^^^^^^^^^^^^^^^^^
  File "/home/yongsang/PSID_ACTIVELEARNING_FRAMEWORK/prototype03/generated_project/CoREMOF_2019-11-01-ASR-public_12020/He_298.15K_15bar_screened_by_Helium/low_pressure_gcmc.py", line 155, in run_simulation
    uptake = parse_output(d)["Average loading absolute [mol/kg framework]"]
             ^^^^^^^^^^^^^^^
  File "/home/yongsang/PSID_ACTIVELEARNING_FRAMEWORK/prototype03/generated_project/CoREMOF_2019-11-01-ASR-public_12020/He_298.15K_15bar_screened_by_Helium/low_pressure_gcmc.py", line 140, in parse_output
    raise ValueError(f"Parse failed for {mof_dir.name}")
ValueError: Parse failed for ZURROT_clean
2025-06-13 17:12:37,755 ERROR: Error processing ZUHSEC_clean: Parse failed for ZUHSEC_clean
Traceback (most recent call last):
  File "/home/yongsang/PSID_ACTIVELEARNING_FRAMEWORK/prototype03/generated_project/CoREMOF_2019-11-01-ASR-public_12020/He_298.15K_15bar_screened_by_Helium/low_pressure_gcmc.py", line 263, in cmd_run
    mof, uptake, elapsed = future.result()
                           ^^^^^^^^^^^^^^^
  File "/home/yongsang/anaconda3/lib/python3.12/concurrent/futures/_base.py", line 449, in result
    return self.__get_result()
           ^^^^^^^^^^^^^^^^^^^
  File "/home/yongsang/anaconda3/lib/python3.12/concurrent/futures/_base.py", line 401, in __get_result
    raise self._exception
  File "/home/yongsang/anaconda3/lib/python3.12/concurrent/futures/thread.py", line 58, in run
    result = self.fn(*self.args, **self.kwargs)
             ^^^^^^^^^^^^^^^^^^^^^^^^^^^^^^^^^^
  File "/home/yongsang/PSID_ACTIVELEARNING_FRAMEWORK/prototype03/generated_project/CoREMOF_2019-11-01-ASR-public_12020/He_298.15K_15bar_screened_by_Helium/low_pressure_gcmc.py", line 155, in run_simulation
    uptake = parse_output(d)["Average loading absolute [mol/kg framework]"]
             ^^^^^^^^^^^^^^^
  File "/home/yongsang/PSID_ACTIVELEARNING_FRAMEWORK/prototype03/generated_project/CoREMOF_2019-11-01-ASR-public_12020/He_298.15K_15bar_screened_by_Helium/low_pressure_gcmc.py", line 140, in parse_output
    raise ValueError(f"Parse failed for {mof_dir.name}")
ValueError: Parse failed for ZUHSEC_clean
2025-06-13 17:12:37,755 ERROR: Error processing ZOZKEG_clean: Parse failed for ZOZKEG_clean
Traceback (most recent call last):
  File "/home/yongsang/PSID_ACTIVELEARNING_FRAMEWORK/prototype03/generated_project/CoREMOF_2019-11-01-ASR-public_12020/He_298.15K_15bar_screened_by_Helium/low_pressure_gcmc.py", line 263, in cmd_run
    mof, uptake, elapsed = future.result()
                           ^^^^^^^^^^^^^^^
  File "/home/yongsang/anaconda3/lib/python3.12/concurrent/futures/_base.py", line 449, in result
    return self.__get_result()
           ^^^^^^^^^^^^^^^^^^^
  File "/home/yongsang/anaconda3/lib/python3.12/concurrent/futures/_base.py", line 401, in __get_result
    raise self._exception
  File "/home/yongsang/anaconda3/lib/python3.12/concurrent/futures/thread.py", line 58, in run
    result = self.fn(*self.args, **self.kwargs)
             ^^^^^^^^^^^^^^^^^^^^^^^^^^^^^^^^^^
  File "/home/yongsang/PSID_ACTIVELEARNING_FRAMEWORK/prototype03/generated_project/CoREMOF_2019-11-01-ASR-public_12020/He_298.15K_15bar_screened_by_Helium/low_pressure_gcmc.py", line 155, in run_simulation
    uptake = parse_output(d)["Average loading absolute [mol/kg framework]"]
             ^^^^^^^^^^^^^^^
  File "/home/yongsang/PSID_ACTIVELEARNING_FRAMEWORK/prototype03/generated_project/CoREMOF_2019-11-01-ASR-public_12020/He_298.15K_15bar_screened_by_Helium/low_pressure_gcmc.py", line 140, in parse_output
    raise ValueError(f"Parse failed for {mof_dir.name}")
ValueError: Parse failed for ZOZKEG_clean
2025-06-13 17:12:37,876 ERROR: Error processing ZUZZEB_clean: Parse failed for ZUZZEB_clean
Traceback (most recent call last):
  File "/home/yongsang/PSID_ACTIVELEARNING_FRAMEWORK/prototype03/generated_project/CoREMOF_2019-11-01-ASR-public_12020/He_298.15K_15bar_screened_by_Helium/low_pressure_gcmc.py", line 263, in cmd_run
    mof, uptake, elapsed = future.result()
                           ^^^^^^^^^^^^^^^
  File "/home/yongsang/anaconda3/lib/python3.12/concurrent/futures/_base.py", line 449, in result
    return self.__get_result()
           ^^^^^^^^^^^^^^^^^^^
  File "/home/yongsang/anaconda3/lib/python3.12/concurrent/futures/_base.py", line 401, in __get_result
    raise self._exception
  File "/home/yongsang/anaconda3/lib/python3.12/concurrent/futures/thread.py", line 58, in run
    result = self.fn(*self.args, **self.kwargs)
             ^^^^^^^^^^^^^^^^^^^^^^^^^^^^^^^^^^
  File "/home/yongsang/PSID_ACTIVELEARNING_FRAMEWORK/prototype03/generated_project/CoREMOF_2019-11-01-ASR-public_12020/He_298.15K_15bar_screened_by_Helium/low_pressure_gcmc.py", line 155, in run_simulation
    uptake = parse_output(d)["Average loading absolute [mol/kg framework]"]
             ^^^^^^^^^^^^^^^
  File "/home/yongsang/PSID_ACTIVELEARNING_FRAMEWORK/prototype03/generated_project/CoREMOF_2019-11-01-ASR-public_12020/He_298.15K_15bar_screened_by_Helium/low_pressure_gcmc.py", line 140, in parse_output
    raise ValueError(f"Parse failed for {mof_dir.name}")
ValueError: Parse failed for ZUZZEB_clean
2025-06-13 17:12:38,142 ERROR: Error processing ZUBFIN_clean: Parse failed for ZUBFIN_clean
Traceback (most recent call last):
  File "/home/yongsang/PSID_ACTIVELEARNING_FRAMEWORK/prototype03/generated_project/CoREMOF_2019-11-01-ASR-public_12020/He_298.15K_15bar_screened_by_Helium/low_pressure_gcmc.py", line 263, in cmd_run
    mof, uptake, elapsed = future.result()
                           ^^^^^^^^^^^^^^^
  File "/home/yongsang/anaconda3/lib/python3.12/concurrent/futures/_base.py", line 449, in result
    return self.__get_result()
           ^^^^^^^^^^^^^^^^^^^
  File "/home/yongsang/anaconda3/lib/python3.12/concurrent/futures/_base.py", line 401, in __get_result
    raise self._exception
  File "/home/yongsang/anaconda3/lib/python3.12/concurrent/futures/thread.py", line 58, in run
    result = self.fn(*self.args, **self.kwargs)
             ^^^^^^^^^^^^^^^^^^^^^^^^^^^^^^^^^^
  File "/home/yongsang/PSID_ACTIVELEARNING_FRAMEWORK/prototype03/generated_project/CoREMOF_2019-11-01-ASR-public_12020/He_298.15K_15bar_screened_by_Helium/low_pressure_gcmc.py", line 155, in run_simulation
    uptake = parse_output(d)["Average loading absolute [mol/kg framework]"]
             ^^^^^^^^^^^^^^^
  File "/home/yongsang/PSID_ACTIVELEARNING_FRAMEWORK/prototype03/generated_project/CoREMOF_2019-11-01-ASR-public_12020/He_298.15K_15bar_screened_by_Helium/low_pressure_gcmc.py", line 140, in parse_output
    raise ValueError(f"Parse failed for {mof_dir.name}")
ValueError: Parse failed for ZUBFIN_clean
2025-06-13 17:12:39,973 ERROR: Error processing ZUCKIT_clean: Parse failed for ZUCKIT_clean
Traceback (most recent call last):
  File "/home/yongsang/PSID_ACTIVELEARNING_FRAMEWORK/prototype03/generated_project/CoREMOF_2019-11-01-ASR-public_12020/He_298.15K_15bar_screened_by_Helium/low_pressure_gcmc.py", line 263, in cmd_run
    mof, uptake, elapsed = future.result()
                           ^^^^^^^^^^^^^^^
  File "/home/yongsang/anaconda3/lib/python3.12/concurrent/futures/_base.py", line 449, in result
    return self.__get_result()
           ^^^^^^^^^^^^^^^^^^^
  File "/home/yongsang/anaconda3/lib/python3.12/concurrent/futures/_base.py", line 401, in __get_result
    raise self._exception
  File "/home/yongsang/anaconda3/lib/python3.12/concurrent/futures/thread.py", line 58, in run
    result = self.fn(*self.args, **self.kwargs)
             ^^^^^^^^^^^^^^^^^^^^^^^^^^^^^^^^^^
  File "/home/yongsang/PSID_ACTIVELEARNING_FRAMEWORK/prototype03/generated_project/CoREMOF_2019-11-01-ASR-public_12020/He_298.15K_15bar_screened_by_Helium/low_pressure_gcmc.py", line 155, in run_simulation
    uptake = parse_output(d)["Average loading absolute [mol/kg framework]"]
             ^^^^^^^^^^^^^^^
  File "/home/yongsang/PSID_ACTIVELEARNING_FRAMEWORK/prototype03/generated_project/CoREMOF_2019-11-01-ASR-public_12020/He_298.15K_15bar_screened_by_Helium/low_pressure_gcmc.py", line 140, in parse_output
    raise ValueError(f"Parse failed for {mof_dir.name}")
ValueError: Parse failed for ZUCKIT_clean
2025-06-13 17:14:59,930 ERROR: Error processing FEKBED_clean: No .data file in low_pressure_gcmc/FEKBED_clean/Output/System_0
Traceback (most recent call last):
  File "/home/yongsang/PSID_ACTIVELEARNING_FRAMEWORK/prototype03/generated_project/CoREMOF_2019-11-01-ASR-public_12020/He_298.15K_15bar_screened_by_Helium/low_pressure_gcmc.py", line 263, in cmd_run
    mof, uptake, elapsed = future.result()
                           ^^^^^^^^^^^^^^^
  File "/home/yongsang/anaconda3/lib/python3.12/concurrent/futures/_base.py", line 449, in result
    return self.__get_result()
           ^^^^^^^^^^^^^^^^^^^
  File "/home/yongsang/anaconda3/lib/python3.12/concurrent/futures/_base.py", line 401, in __get_result
    raise self._exception
  File "/home/yongsang/anaconda3/lib/python3.12/concurrent/futures/thread.py", line 58, in run
    result = self.fn(*self.args, **self.kwargs)
             ^^^^^^^^^^^^^^^^^^^^^^^^^^^^^^^^^^
  File "/home/yongsang/PSID_ACTIVELEARNING_FRAMEWORK/prototype03/generated_project/CoREMOF_2019-11-01-ASR-public_12020/He_298.15K_15bar_screened_by_Helium/low_pressure_gcmc.py", line 155, in run_simulation
    uptake = parse_output(d)["Average loading absolute [mol/kg framework]"]
             ^^^^^^^^^^^^^^^
  File "/home/yongsang/PSID_ACTIVELEARNING_FRAMEWORK/prototype03/generated_project/CoREMOF_2019-11-01-ASR-public_12020/He_298.15K_15bar_screened_by_Helium/low_pressure_gcmc.py", line 123, in parse_output
    raise FileNotFoundError(f"No .data file in {data_dir}")
FileNotFoundError: No .data file in low_pressure_gcmc/FEKBED_clean/Output/System_0
2025-06-13 17:15:07,209 ERROR: Error processing RUBLEH_clean: No .data file in low_pressure_gcmc/RUBLEH_clean/Output/System_0
Traceback (most recent call last):
  File "/home/yongsang/PSID_ACTIVELEARNING_FRAMEWORK/prototype03/generated_project/CoREMOF_2019-11-01-ASR-public_12020/He_298.15K_15bar_screened_by_Helium/low_pressure_gcmc.py", line 263, in cmd_run
    mof, uptake, elapsed = future.result()
                           ^^^^^^^^^^^^^^^
  File "/home/yongsang/anaconda3/lib/python3.12/concurrent/futures/_base.py", line 449, in result
    return self.__get_result()
           ^^^^^^^^^^^^^^^^^^^
  File "/home/yongsang/anaconda3/lib/python3.12/concurrent/futures/_base.py", line 401, in __get_result
    raise self._exception
  File "/home/yongsang/anaconda3/lib/python3.12/concurrent/futures/thread.py", line 58, in run
    result = self.fn(*self.args, **self.kwargs)
             ^^^^^^^^^^^^^^^^^^^^^^^^^^^^^^^^^^
  File "/home/yongsang/PSID_ACTIVELEARNING_FRAMEWORK/prototype03/generated_project/CoREMOF_2019-11-01-ASR-public_12020/He_298.15K_15bar_screened_by_Helium/low_pressure_gcmc.py", line 155, in run_simulation
    uptake = parse_output(d)["Average loading absolute [mol/kg framework]"]
             ^^^^^^^^^^^^^^^
  File "/home/yongsang/PSID_ACTIVELEARNING_FRAMEWORK/prototype03/generated_project/CoREMOF_2019-11-01-ASR-public_12020/He_298.15K_15bar_screened_by_Helium/low_pressure_gcmc.py", line 123, in parse_output
    raise FileNotFoundError(f"No .data file in {data_dir}")
FileNotFoundError: No .data file in low_pressure_gcmc/RUBLEH_clean/Output/System_0
