2025-06-13 17:11:14,624 INFO: Start run (ga02): 24/11211, CPUs=30
2025-06-13 17:12:01,795 INFO: (ga02) 1/24 completed: ZUSBOG_clean took 46.16s | win_avg(1)=46.16s | ETA@30cpus=35.39s(0.59min)
2025-06-13 17:12:05,390 INFO: (ga02) 2/24 completed: ZUXPOZ_clean took 49.76s | win_avg(2)=47.96s | ETA@30cpus=35.17s(0.59min)
2025-06-13 17:12:11,668 INFO: (ga02) 3/24 completed: ZURQOS_clean took 56.04s | win_avg(3)=50.65s | ETA@30cpus=35.46s(0.59min)
2025-06-13 17:12:11,964 INFO: (ga02) 4/24 completed: ZUKNAW_clean took 56.29s | win_avg(4)=52.06s | ETA@30cpus=34.71s(0.58min)
2025-06-13 17:12:13,511 INFO: (ga02) 5/24 completed: ZUVTEP_clean took 57.88s | win_avg(5)=53.23s | ETA@30cpus=33.71s(0.56min)
2025-06-13 17:12:17,920 INFO: (ga02) 6/24 completed: ZUPBET_clean took 62.29s | win_avg(6)=54.74s | ETA@30cpus=32.84s(0.55min)
2025-06-13 17:12:20,143 INFO: (ga02) 7/24 completed: ZUNZIT_clean took 64.51s | win_avg(7)=56.13s | ETA@30cpus=31.81s(0.53min)
2025-06-13 17:12:22,662 INFO: (ga02) 8/24 completed: ZUGDEM_clean took 67.03s | win_avg(8)=57.49s | ETA@30cpus=30.66s(0.51min)
2025-06-13 17:12:25,211 INFO: (ga02) 9/24 completed: ZUSBIA_clean took 69.57s | win_avg(9)=58.84s | ETA@30cpus=29.42s(0.49min)
2025-06-13 17:12:26,698 INFO: (ga02) 10/24 completed: ZUDQUM_clean took 71.06s | win_avg(10)=60.06s | ETA@30cpus=28.03s(0.47min)
2025-06-13 17:12:29,350 INFO: (ga02) 11/24 completed: ZURROT_clean took 73.72s | win_avg(10)=62.82s | ETA@30cpus=27.22s(0.45min)
2025-06-13 17:12:29,639 INFO: (ga02) 12/24 completed: ZUDXAZ_clean took 74.01s | win_avg(10)=65.24s | ETA@30cpus=26.10s(0.43min)
2025-06-13 17:12:31,355 INFO: (ga02) 13/24 completed: ZUTBIB_clean took 75.72s | win_avg(10)=67.21s | ETA@30cpus=24.64s(0.41min)
2025-06-13 17:12:33,545 INFO: (ga02) 14/24 completed: ZUMNAY_clean took 77.91s | win_avg(10)=69.37s | ETA@30cpus=23.12s(0.39min)
2025-06-13 17:12:34,531 INFO: (ga02) 15/24 completed: ZULVEJ_clean took 78.90s | win_avg(10)=71.47s | ETA@30cpus=21.44s(0.36min)
2025-06-13 17:12:51,642 INFO: (ga02) 16/24 completed: ZUDQEW_clean took 96.01s | win_avg(10)=74.85s | ETA@30cpus=19.96s(0.33min)
2025-06-13 17:12:53,981 INFO: (ga02) 17/24 completed: ZUHSEC_clean took 98.35s | win_avg(10)=78.23s | ETA@30cpus=18.25s(0.30min)
2025-06-13 17:12:56,365 INFO: (ga02) 18/24 completed: ZUDRAT_clean took 100.72s | win_avg(10)=81.60s | ETA@30cpus=16.32s(0.27min)
2025-06-13 17:12:57,549 INFO: (ga02) 19/24 completed: ZUQMAB_clean took 101.90s | win_avg(10)=84.83s | ETA@30cpus=14.14s(0.24min)
2025-06-13 17:12:58,392 INFO: (ga02) 20/24 completed: ZUWXUM_clean took 102.75s | win_avg(10)=88.00s | ETA@30cpus=11.73s(0.20min)
2025-06-13 17:13:01,051 INFO: (ga02) 21/24 completed: ZUZZEB_clean took 105.26s | win_avg(10)=91.15s | ETA@30cpus=9.12s(0.15min)
2025-06-13 17:13:14,205 INFO: (ga02) 22/24 completed: ZURLAB_clean took 118.56s | win_avg(10)=95.61s | ETA@30cpus=6.37s(0.11min)
2025-06-13 17:13:27,687 INFO: (ga02) 23/24 completed: ZUTBUN_clean took 132.05s | win_avg(10)=101.24s | ETA@30cpus=3.37s(0.06min)
2025-06-13 17:46:58,686 INFO: (ga02) 24/24 completed: ZUCKIT_clean took 2139.85s | win_avg(10)=307.44s | ETA@30cpus=0.00s(0.00min)
