2025-06-13 17:11:22,569 INFO: Start run (ga01): 27/11211, CPUs=30
2025-06-13 17:14:51,981 INFO: Start run (ga01): 22/11211, CPUs=28
2025-06-13 17:16:16,157 INFO: (ga01) 1/22 completed: ZOZKAC_clean took 83.16s | win_avg(1)=83.16s | ETA@28cpus=62.37s(1.04min)
2025-06-13 17:16:19,422 INFO: (ga01) 2/22 completed: ZOYKAB_clean took 86.43s | win_avg(2)=84.80s | ETA@28cpus=60.57s(1.01min)
2025-06-13 17:16:28,496 INFO: (ga01) 3/22 completed: ZOZPUB_clean took 95.49s | win_avg(3)=88.36s | ETA@28cpus=59.96s(1.00min)
2025-06-13 17:16:30,782 INFO: (ga01) 4/22 completed: ZOZCIC_clean took 97.79s | win_avg(4)=90.72s | ETA@28cpus=58.32s(0.97min)
2025-06-13 17:16:39,103 INFO: (ga01) 5/22 completed: ZOXTUD_clean took 106.11s | win_avg(5)=93.80s | ETA@28cpus=56.95s(0.95min)
2025-06-13 17:16:39,231 INFO: (ga01) 6/22 completed: ZOXVEP_clean took 106.24s | win_avg(6)=95.87s | ETA@28cpus=54.78s(0.91min)
2025-06-13 17:16:39,271 INFO: (ga01) 7/22 completed: ZOXTIR_clean took 106.28s | win_avg(7)=97.36s | ETA@28cpus=52.16s(0.87min)
2025-06-13 17:16:39,685 INFO: (ga01) 8/22 completed: ZOXTOX_clean took 106.69s | win_avg(8)=98.52s | ETA@28cpus=49.26s(0.82min)
2025-06-13 17:16:39,959 INFO: (ga01) 9/22 completed: ZOXTEN_clean took 106.97s | win_avg(9)=99.46s | ETA@28cpus=46.18s(0.77min)
2025-06-13 17:17:21,938 INFO: (ga01) 10/22 completed: ZOZKEG_clean took 148.89s | win_avg(10)=104.40s | ETA@28cpus=44.74s(0.75min)
2025-06-13 17:17:43,512 INFO: (ga01) 11/22 completed: ZOXGUQ_clean took 170.47s | win_avg(10)=113.14s | ETA@28cpus=44.45s(0.74min)
2025-06-13 17:18:05,963 INFO: (ga01) 12/22 completed: ZOZHON_clean took 192.72s | win_avg(10)=123.76s | ETA@28cpus=44.20s(0.74min)
2025-06-13 17:19:38,463 INFO: (ga01) 13/22 completed: ZOHFUZ_clean took 285.41s | win_avg(10)=142.76s | ETA@28cpus=45.89s(0.76min)
2025-06-13 17:22:23,827 INFO: (ga01) 14/22 completed: ZUBFIN_clean took 450.25s | win_avg(10)=178.00s | ETA@28cpus=50.86s(0.85min)
2025-06-13 17:41:18,482 INFO: (ga01) 15/22 completed: YUSWEP_manual took 1583.33s | win_avg(10)=325.73s | ETA@28cpus=81.43s(1.36min)
2025-06-13 17:53:59,884 INFO: (ga01) 16/22 completed: ZAZNUL_clean took 2343.35s | win_avg(10)=549.44s | ETA@28cpus=117.74s(1.96min)
2025-06-13 18:05:22,057 INFO: (ga01) 17/22 completed: YOZBAS_clean took 3023.67s | win_avg(10)=841.18s | ETA@28cpus=150.21s(2.50min)
2025-06-13 20:39:55,873 INFO: (ga01) 18/22 completed: RIVDEH_clean took 12276.31s | win_avg(10)=2058.14s | ETA@28cpus=294.02s(4.90min)
2025-06-13 20:41:05,856 INFO: (ga01) 19/22 completed: RIVDIL_clean took 12333.96s | win_avg(10)=3280.84s | ETA@28cpus=351.52s(5.86min)
2025-06-13 20:41:10,493 INFO: (ga01) 20/22 completed: LAFRAN01_clean took 12334.96s | win_avg(10)=4499.44s | ETA@28cpus=321.39s(5.36min)
