2025-06-13 17:12:01,796 ZUSBOG_clean, uptake: 0.001409
2025-06-13 17:12:05,390 ZUXPOZ_clean, uptake: 0.000866
2025-06-13 17:12:11,668 ZURQOS_clean, uptake: 0.001171
2025-06-13 17:12:11,965 ZUKNAW_clean, uptake: 0.003264
2025-06-13 17:12:13,511 ZUVTEP_clean, uptake: 0.000853
2025-06-13 17:12:17,920 ZUPBET_clean, uptake: 0.000859
2025-06-13 17:12:20,144 ZUNZIT_clean, uptake: 0.000844
2025-06-13 17:12:22,662 ZUGDEM_clean, uptake: 0.003383
2025-06-13 17:12:25,212 ZUSBIA_clean, uptake: 0.001407
2025-06-13 17:12:26,698 ZUDQUM_clean, uptake: 0.001906
2025-06-13 17:12:29,350 ZURROT_clean, uptake: 0.001423
2025-06-13 17:12:29,640 ZUDXAZ_clean, uptake: 0.000656
2025-06-13 17:12:31,355 ZUTBIB_clean, uptake: 0.001294
2025-06-13 17:12:33,545 ZUMNAY_clean, uptake: 0.000408
2025-06-13 17:12:34,531 ZULVEJ_clean, uptake: 0.001269
2025-06-13 17:12:51,642 ZUDQEW_clean, uptake: 0.000983
2025-06-13 17:12:53,981 ZUHSEC_clean, uptake: 0.000219
2025-06-13 17:12:56,365 ZUDRAT_clean, uptake: 0.001825
2025-06-13 17:12:57,549 ZUQMAB_clean, uptake: 0.001689
2025-06-13 17:12:58,393 ZUWXUM_clean, uptake: 0.003481
2025-06-13 17:13:01,051 ZUZZEB_clean, uptake: 0.003085
2025-06-13 17:13:14,205 ZURLAB_clean, uptake: 0.000421
2025-06-13 17:13:27,687 ZUTBUN_clean, uptake: 0.001058
2025-06-13 17:46:58,686 ZUCKIT_clean, uptake: 0.005486
