2025-06-13 17:16:16,157 ZOZKAC_clean, uptake: 0.000756
2025-06-13 17:16:19,422 ZOYKAB_clean, uptake: 0.000685
2025-06-13 17:16:28,496 ZOZPUB_clean, uptake: 0.001789
2025-06-13 17:16:30,783 ZOZCIC_clean, uptake: 0.000512
2025-06-13 17:16:39,103 ZOXTUD_clean, uptake: 0.000523
2025-06-13 17:16:39,231 ZOXVEP_clean, uptake: 0.000538
2025-06-13 17:16:39,272 ZOXTIR_clean, uptake: 0.000536
2025-06-13 17:16:39,685 ZOXTOX_clean, uptake: 0.000548
2025-06-13 17:16:39,959 ZOXTEN_clean, uptake: 0.000542
2025-06-13 17:17:21,938 ZOZKEG_clean, uptake: 0.001524
2025-06-13 17:17:43,512 ZOXGUQ_clean, uptake: 0.000820
2025-06-13 17:18:05,963 ZOZHON_clean, uptake: 0.002333
2025-06-13 17:19:38,463 ZOHFUZ_clean, uptake: 0.003692
2025-06-13 17:22:23,827 ZUBFIN_clean, uptake: 0.001607
2025-06-13 17:41:18,482 YUSWEP_manual, uptake: 0.008265
2025-06-13 17:53:59,885 ZAZNUL_clean, uptake: 0.002752
2025-06-13 18:05:22,058 YOZBAS_clean, uptake: 0.003101
2025-06-13 20:39:55,874 RIVDEH_clean, uptake: 0.003644
2025-06-13 20:41:10,060 RIVDIL_clean, uptake: 0.003792
2025-06-13 20:41:10,493 LAFRAN01_clean, uptake: 0.003606
