2025-06-13 00:05:02,243 AGUBUA_clean, uptake: 0.001315
2025-06-13 00:05:13,991 ADOBIF_clean, uptake: 0.001018
2025-06-13 00:05:17,818 AFEKAX_clean, uptake: 0.002801
2025-06-13 00:05:23,926 acscombsci.5b00188_34903_clean, uptake: 0.001643
2025-06-13 00:05:25,432 acscombsci.5b00188_5013797_clean, uptake: 0.004275
2025-06-13 00:05:30,375 AKUHOD03_clean, uptake: 0.000214
2025-06-13 00:05:38,944 acs.inorgchem.6b01211_ic6b01211_si_002_clean, uptake: 0.003598
2025-06-13 00:05:45,999 acs.inorgchem.6b01416_ic6b01416_si_004_clean, uptake: 0.001387
2025-06-13 00:05:54,805 AHUFIU_clean, uptake: 0.002591
2025-06-13 00:05:55,534 acs.cgd.5b01554_VAGNUP1452791_clean, uptake: 0.001196
2025-06-13 00:05:56,017 AGAYIQ_clean, uptake: 0.000424
2025-06-13 00:05:57,065 ACODUT_clean, uptake: 0.000697
2025-06-13 00:06:04,568 acs.inorgchem.6b01762_ic6b01762_si_002_clean, uptake: 0.001024
2025-06-13 00:06:16,576 ACECIV_ion_b, uptake: 0.000129
2025-06-13 00:06:24,579 acs.inorgchem.6b00136_ic6b00136_si_002_clean, uptake: 0.001753
2025-06-13 00:06:26,273 ANOMOG_clean, uptake: 0.003893
2025-06-13 00:06:30,288 acs.chemmater.5b03723_cm5b03723_si_005_clean, uptake: 0.004847
2025-06-13 00:06:31,318 am301365h_si_002_clean, uptake: 0.002198
2025-06-13 00:06:34,554 AQOTIK_clean, uptake: 0.001374
2025-06-13 00:06:51,395 AKOXIJ_clean, uptake: 0.001812
2025-06-13 00:06:54,840 AMIZIG_clean, uptake: 0.000697
2025-06-13 00:06:56,943 1499489-acs.cgd.6b01265_1499490_clean, uptake: 0.002804
2025-06-13 00:06:59,995 AHIYOH_clean, uptake: 0.000971
2025-06-13 00:07:00,397 acs.inorgchem.5b02316_ic5b02316_si_002_clean, uptake: 0.003032
2025-06-13 00:07:02,360 AHOZAA_clean, uptake: 0.000656
2025-06-13 00:07:04,518 AQEGUY_clean, uptake: 0.001273
2025-06-13 00:07:13,287 AQEFOS_clean, uptake: 0.000538
2025-06-13 00:07:30,579 AQIXUU_clean, uptake: 0.000445
2025-06-13 00:07:32,213 AQOLOJ_clean, uptake: 0.003813
2025-06-13 00:07:35,471 acs.inorgchem.5b02378_ic5b02378_si_002_clean, uptake: 0.000532
2025-06-13 00:07:36,621 ASEKAM_clean, uptake: 0.001013
2025-06-13 00:07:38,808 APEBII_clean, uptake: 0.002524
2025-06-13 00:07:39,638 ASANAL_clean, uptake: 0.000984
2025-06-13 00:07:44,785 AVETAY_clean, uptake: 0.002340
2025-06-13 00:07:50,648 AQIQIC_clean, uptake: 0.001155
2025-06-13 00:07:53,575 ATEZEG_clean, uptake: 0.003967
2025-06-13 00:07:55,369 ATEZIK_clean, uptake: 0.003769
2025-06-13 00:07:57,797 acs.chemmater.5b03723_cm5b03723_si_004_clean, uptake: 0.004012
2025-06-13 00:08:02,098 APEBOO_clean, uptake: 0.003152
2025-06-13 00:08:04,796 AVEMOE_clean, uptake: 0.000348
2025-06-13 00:08:04,900 acs.jpcc.6b04690_jp6b04690_si_005_clean, uptake: 0.001230
2025-06-13 00:08:15,645 ASIVEF_clean, uptake: 0.004897
2025-06-13 00:08:22,517 AVUBUP_clean, uptake: 0.000376
2025-06-13 00:08:27,027 ATUZEW_clean, uptake: 0.002669
2025-06-13 00:08:29,366 ATEJOA_clean, uptake: 0.000870
2025-06-13 00:08:35,280 AWUPOZ_clean, uptake: 0.010193
2025-06-13 00:08:41,892 AXUJOT_clean, uptake: 0.000293
2025-06-13 00:08:42,191 AXIGAR_clean, uptake: 0.002935
2025-06-13 00:08:42,753 ASEXED_clean, uptake: 0.002238
2025-06-13 00:08:43,206 AWOKED_clean, uptake: 0.000217
2025-06-13 00:08:50,913 BEFNOR_clean, uptake: 0.001382
2025-06-13 00:08:51,260 AZOHEC_clean, uptake: 0.001061
2025-06-13 00:09:01,545 BAKYIY_clean, uptake: 0.002278
2025-06-13 00:09:06,586 AVUHIJ_clean, uptake: 0.000334
2025-06-13 00:09:13,745 BADJIC_clean, uptake: 0.000659
2025-06-13 00:09:20,986 AWEJES_clean, uptake: 0.001480
2025-06-13 00:09:31,006 AWEWOP_clean, uptake: 0.002182
2025-06-13 00:09:33,193 AXINAX_clean, uptake: 0.008241
2025-06-13 00:09:36,053 BETFIR_clean, uptake: 0.001102
2025-06-13 00:09:40,166 BEXVIL_clean, uptake: 0.003582
2025-06-13 00:09:47,353 BETDOV_clean, uptake: 0.001267
2025-06-13 00:09:50,084 BEWCUD_clean, uptake: 0.007029
2025-06-13 00:09:54,559 BEWVEG_clean, uptake: 0.001754
2025-06-13 00:09:55,730 BEXVAD01_clean, uptake: 0.001245
2025-06-13 00:09:56,838 BETFOX_clean, uptake: 0.001114
2025-06-13 00:10:02,666 BEXTUV_clean, uptake: 0.001336
2025-06-13 00:10:03,173 BEXVAD_clean, uptake: 0.001266
2025-06-13 00:10:09,599 BICDAU_clean, uptake: 0.004810
2025-06-13 00:10:15,530 AHIYUN_clean, uptake: 0.001112
2025-06-13 00:10:31,338 BIBMAC_clean, uptake: 0.000490
2025-06-13 00:10:31,992 AVETOM_clean, uptake: 0.000339
2025-06-13 00:10:37,942 BEGDEY_clean, uptake: 0.002645
2025-06-13 00:10:38,451 BIBMEG_clean, uptake: 0.000695
2025-06-13 00:10:41,834 BABREE_clean, uptake: 0.002996
2025-06-13 00:10:51,210 BIHBEB_clean, uptake: 0.004641
2025-06-13 00:11:02,416 BAPVEW_clean, uptake: 0.000430
2025-06-13 00:11:03,634 BAYCOU_clean, uptake: 0.000299
2025-06-13 00:11:06,968 BOJDAG_clean, uptake: 0.000468
2025-06-13 00:11:09,513 AKIXEZ_clean, uptake: 0.003299
2025-06-13 00:11:14,447 BIPBAF_clean, uptake: 0.004008
2025-06-13 00:11:17,682 BOWSOW_clean, uptake: 0.001469
2025-06-13 00:11:23,509 BORBEQ_clean, uptake: 0.001471
2025-06-13 00:11:26,832 BIRGIU_clean, uptake: 0.001183
2025-06-13 00:11:29,095 BIJFAD_clean, uptake: 0.002268
2025-06-13 00:11:39,375 BUKMUQ_clean, uptake: 0.003217
2025-06-13 00:11:43,913 BOHWOM_clean, uptake: 0.001684
2025-06-13 00:11:48,611 BOHXIH_clean, uptake: 0.001060
2025-06-13 00:12:10,559 BINMIW_clean, uptake: 0.002067
2025-06-13 00:12:16,032 BADXAI_clean, uptake: 0.000483
2025-06-13 00:12:16,938 BIWSOQ_clean, uptake: 0.003204
2025-06-13 00:12:19,766 BUCSIC01_clean, uptake: 0.001003
2025-06-13 00:12:21,442 BERQIA_clean, uptake: 0.001820
2025-06-13 00:12:24,299 BUCSAU_clean, uptake: 0.000913
2025-06-13 00:12:26,754 BIJJOV_clean, uptake: 0.000422
2025-06-13 00:12:32,450 BOSHIC_clean, uptake: 0.002697
2025-06-13 00:12:36,725 BUVKUA_clean, uptake: 0.000234
2025-06-13 00:12:50,553 BUPDOH_clean, uptake: 0.003898
2025-06-13 00:13:00,399 c4ra13058h_c4ra13058h2_clean, uptake: 0.001564
2025-06-13 00:13:00,842 c5cc01886b_c5cc01886b2_clean, uptake: 0.000273
2025-06-13 00:13:01,163 c4dt02048k_c4dt02048k2_clean, uptake: 0.000570
2025-06-13 00:13:17,385 AQERUL_clean, uptake: 0.001013
2025-06-13 00:13:20,708 c5cc09935h_c5cc09935h2_clean, uptake: 0.002223
2025-06-13 00:13:23,138 BUBDIL_clean, uptake: 0.001651
2025-06-13 00:13:24,839 c5dt03038b_c5dt03038b2_clean, uptake: 0.001586
2025-06-13 00:13:28,616 c5dt03710g_c5dt03710g2_clean, uptake: 0.002949
2025-06-13 00:13:31,908 c5ce00931f_c5ce00931f2_clean, uptake: 0.000949
2025-06-13 00:13:36,420 c5ce00923e_c5ce00923e2_clean, uptake: 0.000949
2025-06-13 00:13:39,567 BUCTUQ_clean, uptake: 0.000699
2025-06-13 00:13:53,725 c5dt04943a_c5dt04943a2_clean, uptake: 0.004394
2025-06-13 00:13:55,514 BUVVIZ_clean, uptake: 0.000436
2025-06-13 00:14:00,950 BUSTAM_clean, uptake: 0.000753
2025-06-13 00:14:04,051 BUSSEP_clean, uptake: 0.000748
2025-06-13 00:14:07,986 c6cc00589f_c6cc00589f3_clean, uptake: 0.004720
2025-06-13 00:14:10,339 BIHRER_clean, uptake: 0.000755
2025-06-13 00:14:14,544 c5dt02651b_c5dt02651b2_clean, uptake: 0.000998
2025-06-13 00:14:18,882 BUVVOF_clean, uptake: 0.000353
2025-06-13 00:14:21,062 c5dt01100k_c5dt01100k2_clean, uptake: 0.001242
2025-06-13 00:14:24,633 ACOCUS_clean, uptake: 0.010426
2025-06-13 00:14:24,641 ACODAZ_clean, uptake: 0.010464
2025-06-13 00:14:25,502 ACOCOM_clean, uptake: 0.010245
2025-06-13 00:14:35,123 c6ce00465b_c6ce00465b2_clean, uptake: 0.004489
2025-06-13 00:14:42,711 c5dt05023e_c5dt05023e2_clean, uptake: 0.001625
2025-06-13 00:14:42,968 c6cc01597b_c6cc01597b2_clean, uptake: 0.001235
2025-06-13 00:14:45,797 c5nj02236c_c5nj02236c2_clean, uptake: 0.001358
2025-06-13 00:14:54,057 c5qi00128e_c5qi00128e2_clean, uptake: 0.002438
2025-06-13 00:14:54,975 c5ce01790d_c5ce01790d1_clean, uptake: 0.000499
2025-06-13 00:14:57,425 CASWIE_clean, uptake: 0.002715
2025-06-13 00:14:59,162 c6cc00589f_c6cc00589f2_clean, uptake: 0.002280
2025-06-13 00:15:06,000 BUXTUL_clean, uptake: 0.001347
2025-06-13 00:15:26,593 c5nj03044g_c5nj03044g2_clean, uptake: 0.001462
2025-06-13 00:15:27,527 CAHQAG_clean, uptake: 0.000653
2025-06-13 00:15:32,382 c5ta03835a_c5ta03835a2_clean, uptake: 0.004200
2025-06-13 00:15:34,533 CAYQIE_clean, uptake: 0.004573
2025-06-13 00:15:35,348 CACNOM_clean, uptake: 0.001536
2025-06-13 00:15:48,958 CAXSUR_SL, uptake: 0.004573
2025-06-13 00:15:54,713 CAYQUQ_clean, uptake: 0.003735
2025-06-13 00:16:02,204 CEMKOV_clean, uptake: 0.002523
2025-06-13 00:16:19,280 CEYWOU_clean, uptake: 0.001316
2025-06-13 00:16:22,771 c5ta05481h_c5ta05481h2_clean, uptake: 0.002780
2025-06-13 00:16:24,193 CESFOW_clean, uptake: 0.004178
2025-06-13 00:16:24,699 CEYYIQ_clean, uptake: 0.000795
2025-06-13 00:16:30,453 c6cc03787a_c6cc03787a2_clean, uptake: 0.004275
2025-06-13 00:16:37,697 CEDFUO_clean, uptake: 0.001680
2025-06-13 00:16:51,408 c5sc00614g_c5sc00614g2_clean, uptake: 0.002518
2025-06-13 00:16:56,184 cg050585esi20051105_115011_clean, uptake: 0.000732
2025-06-13 00:16:59,341 CAYQOK_clean, uptake: 0.004862
2025-06-13 00:17:11,060 CESFIQ_clean, uptake: 0.004850
2025-06-13 00:17:17,998 CAWBUY_clean, uptake: 0.001105
2025-06-13 00:17:23,398 c5ce02503f_c5ce02503f2_clean, uptake: 0.001772
2025-06-13 00:17:24,325 c6dt01288d_c6dt01288d2_clean, uptake: 0.001563
2025-06-13 00:17:33,569 cg3015354_si_002_clean, uptake: 0.001074
2025-06-13 00:17:35,331 CEDFOI_clean, uptake: 0.001989
2025-06-13 00:17:40,422 CAVMIX_clean, uptake: 0.002157
2025-06-13 00:17:43,563 cg300979c_si_002_clean, uptake: 0.001842
2025-06-13 00:17:51,761 CILFIN_clean, uptake: 0.003157
2025-06-13 00:17:53,775 cg2007167_si_002_clean, uptake: 0.002517
2025-06-13 00:17:54,856 CEKNIQ_clean, uptake: 0.007571
2025-06-13 00:18:01,076 cg100357q_si_002_clean, uptake: 0.001152
2025-06-13 00:18:09,183 CIPLIX_clean, uptake: 0.001619
2025-06-13 00:18:13,363 cg500192d_si_002_clean, uptake: 0.002100
2025-06-13 00:18:16,579 cg801267m_si_003_clean, uptake: 0.004078
2025-06-13 00:18:22,446 cg801267m_si_001_clean, uptake: 0.003693
2025-06-13 00:18:26,440 cg801267m_si_002_clean, uptake: 0.003639
2025-06-13 00:18:27,473 cm071462f-file004_clean, uptake: 0.001531
2025-06-13 00:18:30,835 cg801267m_si_004_clean, uptake: 0.003941
2025-06-13 00:18:31,999 BUFPIC_clean, uptake: 0.003440
2025-06-13 00:18:33,303 CIFGUV_clean, uptake: 0.000683
2025-06-13 00:18:40,065 cg501141m_si_003_clean, uptake: 0.001927
2025-06-13 00:18:46,582 cg4012185_si_002_clean, uptake: 0.002088
2025-06-13 00:18:48,308 BIBYAO_clean, uptake: 0.003064
2025-06-13 00:19:04,628 cm501138g_si_004_clean, uptake: 0.001841
2025-06-13 00:19:09,510 CIXCOC_clean, uptake: 0.000171
2025-06-13 00:19:14,913 COMZIP_clean, uptake: 0.000779
2025-06-13 00:19:18,161 BALPEL_clean, uptake: 0.000498
2025-06-13 00:19:29,316 CUGLIB_clean, uptake: 0.000374
2025-06-13 00:19:30,094 cm501138g_si_003_clean, uptake: 0.001795
2025-06-13 00:19:35,155 cg800945m_si_002_clean, uptake: 0.000226
2025-06-13 00:19:37,793 CUGYIO_clean, uptake: 0.000422
2025-06-13 00:19:44,979 CUGZAH_clean, uptake: 0.000470
2025-06-13 00:19:51,135 c5ta10401g_c5ta10401g2_clean, uptake: 0.003614
2025-06-13 00:20:08,110 COQJOJ_clean, uptake: 0.001694
2025-06-13 00:20:16,230 COJMIZ_clean, uptake: 0.002261
2025-06-13 00:20:16,948 CUQRUD_clean, uptake: 0.002509
2025-06-13 00:20:18,486 COJMOF02_clean, uptake: 0.002508
2025-06-13 00:20:18,690 c6ta07145g_c6ta07145g2_clean, uptake: 0.000978
2025-06-13 00:20:18,873 CUFQUR_clean, uptake: 0.000655
2025-06-13 00:20:21,508 COQJUP_clean, uptake: 0.001499
2025-06-13 00:20:23,800 COQJID_clean, uptake: 0.001115
2025-06-13 00:20:27,160 CUNRAG_clean, uptake: 0.000794
2025-06-13 00:20:28,641 CUNXIS_clean, uptake: 0.001336
2025-06-13 00:20:35,040 CUPHIG_clean, uptake: 0.004133
2025-06-13 00:20:36,483 cg3002866_si_001_clean, uptake: 0.003766
2025-06-13 00:20:42,879 CODVAU_clean, uptake: 0.001626
2025-06-13 00:20:50,122 comp2_clean, uptake: 0.000715
2025-06-13 00:20:57,639 COXDIE_clean, uptake: 0.000804
2025-06-13 00:21:00,213 CUTCAX_clean, uptake: 0.001469
2025-06-13 00:21:05,177 CUTFII_clean, uptake: 0.001287
2025-06-13 00:21:34,086 DANZOJ_neutral, uptake: 0.002493
2025-06-13 00:21:37,338 CIMFOV_clean, uptake: 0.000892
2025-06-13 00:21:37,370 CUWXAV_clean, uptake: 0.001547
2025-06-13 00:21:38,695 DAMRAN_clean, uptake: 0.002815
2025-06-13 00:21:41,801 DAPZAW_clean, uptake: 0.000555
2025-06-13 00:22:06,411 DAFXUG_clean, uptake: 0.003854
2025-06-13 00:22:07,103 DAYCAI_clean, uptake: 0.001213
2025-06-13 00:22:14,238 COYMIN_clean, uptake: 0.001488
2025-06-13 00:22:20,286 COWDEZ_clean, uptake: 0.000441
2025-06-13 00:22:22,060 CUSXIY_clean, uptake: 0.012529
2025-06-13 00:22:26,657 DEYDOA_clean, uptake: 0.000961
2025-06-13 00:22:30,099 CUVVOG_clean, uptake: 0.001721
2025-06-13 00:22:31,239 CURZAR_clean, uptake: 0.001018
2025-06-13 00:22:33,284 DACSEI_clean, uptake: 0.002280
2025-06-13 00:22:41,751 DACSAE_clean, uptake: 0.003194
2025-06-13 00:22:47,198 CIQQIE_clean, uptake: 0.001937
2025-06-13 00:22:53,672 CUVTIX_clean, uptake: 0.001673
2025-06-13 00:22:53,836 DALVEU_clean, uptake: 0.001598
2025-06-13 00:22:55,007 CUXFUX_clean, uptake: 0.001595
2025-06-13 00:22:55,089 DEKPUF_clean, uptake: 0.001555
2025-06-13 00:22:59,297 DADXUE_clean, uptake: 0.000852
2025-06-13 00:23:07,968 DAXJET02_clean, uptake: 0.000406
2025-06-13 00:23:12,404 CUHLUO_clean, uptake: 0.001625
2025-06-13 00:23:22,916 DAXJET03_clean, uptake: 0.000463
2025-06-13 00:23:24,212 DEYLOJ_clean, uptake: 0.000399
2025-06-13 00:23:26,056 DAXJET_clean, uptake: 0.000365
2025-06-13 00:23:27,601 DIZVAK_clean, uptake: 0.002802
2025-06-13 00:23:46,476 DEMLAJ_clean, uptake: 0.000252
2025-06-13 00:24:01,346 DIMQIB_clean, uptake: 0.002535
2025-06-13 00:24:04,935 DOFTID_clean, uptake: 0.003554
2025-06-13 00:24:08,145 DIXNUV_clean, uptake: 0.000740
2025-06-13 00:24:09,032 DOFTOJ_clean, uptake: 0.003782
2025-06-13 00:24:24,699 DUKDIX_clean, uptake: 0.000199
2025-06-13 00:24:29,800 DONXOV_clean, uptake: 0.001247
2025-06-13 00:24:30,499 DUDKIY_clean, uptake: 0.002655
2025-06-13 00:24:37,163 DUXZIG01_clean, uptake: 0.002169
2025-06-13 00:24:38,804 DUKDOD_clean, uptake: 0.000204
2025-06-13 00:24:47,487 DIGFAC_clean, uptake: 0.000883
2025-06-13 00:24:50,757 DOWGIH_clean, uptake: 0.000445
2025-06-13 00:25:02,494 DIWMUT_clean, uptake: 0.003012
2025-06-13 00:25:05,554 DOMGAP_clean, uptake: 0.001517
2025-06-13 00:25:09,389 CUSXOE_clean, uptake: 0.015514
2025-06-13 00:25:15,273 DOJXOR_clean, uptake: 0.002220
2025-06-13 00:25:22,148 acs.inorgchem.6b00276_ic6b00276_si_006_clean, uptake: 0.004056
2025-06-13 00:25:25,314 DIHYUP_clean, uptake: 0.001256
2025-06-13 00:25:37,033 DOFREW_clean, uptake: 0.001236
2025-06-13 00:25:41,137 EBEXIU02_clean, uptake: 0.000596
2025-06-13 00:25:42,252 EBEWUG_clean, uptake: 0.002093
2025-06-13 00:25:47,009 EBEXAN_clean, uptake: 0.002054
2025-06-13 00:25:49,854 ECNPYR01_clean, uptake: 0.001274
2025-06-13 00:25:55,088 EBEXIV_clean, uptake: 0.002278
2025-06-13 00:25:57,015 DAZCAK_clean, uptake: 0.002575
2025-06-13 00:26:08,365 DUZKEQ_clean, uptake: 0.003450
2025-06-13 00:26:13,522 ECEZAO_clean, uptake: 0.000999
2025-06-13 00:26:23,612 EDUTUS_clean, uptake: 0.006863
2025-06-13 00:26:26,733 DUZKAM_clean, uptake: 0.003305
2025-06-13 00:26:35,763 EBISAM_clean, uptake: 0.000801
2025-06-13 00:26:35,823 EDUWAB_clean, uptake: 0.010894
2025-06-13 00:26:38,966 EBOXEA_clean, uptake: 0.000951
2025-06-13 00:26:47,173 c5ta09507g_c5ta09507g2_clean, uptake: 0.002096
2025-06-13 00:27:00,771 EFEGEC_clean, uptake: 0.000837
2025-06-13 00:27:01,280 DUQRUD_clean, uptake: 0.000679
2025-06-13 00:27:05,864 CUWHUZ_clean, uptake: 0.003015
2025-06-13 00:27:06,621 DUXLUF02_clean, uptake: 0.000083
2025-06-13 00:27:09,523 EDUVII_clean, uptake: 0.008710
2025-06-13 00:27:10,976 EDUVAA_clean, uptake: 0.004381
2025-06-13 00:27:17,320 EGABAR_clean, uptake: 0.000660
2025-06-13 00:27:20,220 DOLWEI_clean, uptake: 0.002990
2025-06-13 00:27:21,618 DUXLUF01_clean, uptake: 0.000076
2025-06-13 00:27:22,157 EDUVUU_clean, uptake: 0.005227
2025-06-13 00:27:29,213 DUNYOC_clean, uptake: 0.003936
2025-06-13 00:27:55,122 DOTFOJ_clean, uptake: 0.002344
2025-06-13 00:27:55,801 DUKNEE_clean, uptake: 0.000630
2025-06-13 00:27:57,309 EHIHEI_clean, uptake: 0.000525
2025-06-13 00:27:57,331 EJATIS_clean, uptake: 0.000826
2025-06-13 00:28:10,986 DOGBAE_clean, uptake: 0.006438
2025-06-13 00:28:19,966 EKEKIQ_clean, uptake: 0.001460
2025-06-13 00:28:23,830 EJESUJ_clean, uptake: 0.005093
2025-06-13 00:28:26,602 ENCDBZ_clean, uptake: 0.001684
2025-06-13 00:28:29,858 ENCNBZ01_clean, uptake: 0.001763
2025-06-13 00:28:42,422 DITPED_clean, uptake: 0.001333
2025-06-13 00:28:47,223 ENCDBZ01_clean, uptake: 0.001413
2025-06-13 00:29:01,563 EJEHAD_clean, uptake: 0.000561
2025-06-13 00:29:08,371 EGEJUW_clean, uptake: 0.001928
2025-06-13 00:29:19,335 ELECIJ_clean, uptake: 0.001544
2025-06-13 00:29:34,674 EMIREX_clean, uptake: 0.001766
2025-06-13 00:29:38,737 EMEHUB_clean, uptake: 0.001295
2025-06-13 00:29:38,842 EHUSUX_clean, uptake: 0.003240
2025-06-13 00:29:46,701 EDUSOL_clean, uptake: 0.001293
2025-06-13 00:29:50,017 EKEKOW_clean, uptake: 0.001548
2025-06-13 00:30:00,247 EGEJOQ_clean, uptake: 0.001282
2025-06-13 00:30:03,136 EKEMEO_clean, uptake: 0.002749
2025-06-13 00:30:03,601 EMUYAM01_clean, uptake: 0.000203
2025-06-13 00:30:11,398 EPUSUE_clean, uptake: 0.000844
2025-06-13 00:30:18,246 EQOCOC01_clean, uptake: 0.002856
2025-06-13 00:30:28,189 ENEQUL_clean, uptake: 0.001967
2025-06-13 00:30:33,466 ERAQAR_clean, uptake: 0.001892
2025-06-13 00:30:46,054 ERALIU_clean, uptake: 0.003342
2025-06-13 00:30:51,673 ERAMOB_clean, uptake: 0.003197
2025-06-13 00:30:51,907 ESEBOV_clean, uptake: 0.007688
2025-06-13 00:30:59,879 EPAXAW_clean, uptake: 0.000560
2025-06-13 00:30:59,923 ERALEQ_clean, uptake: 0.003121
2025-06-13 00:31:14,246 ERANES_clean, uptake: 0.003263
2025-06-13 00:31:14,776 EHUTAE_clean, uptake: 0.003639
2025-06-13 00:31:19,419 EFESIT_clean, uptake: 0.002026
2025-06-13 00:31:21,014 ERAMUH_clean, uptake: 0.004141
2025-06-13 00:31:26,811 ETEMEX_clean, uptake: 0.000606
2025-06-13 00:31:28,376 EPECOT_clean, uptake: 0.001054
2025-06-13 00:31:42,004 ERANOC_clean, uptake: 0.003426
2025-06-13 00:31:45,944 EDUVEE_clean, uptake: 0.003525
2025-06-13 00:31:52,358 EJEGUW_clean, uptake: 0.000537
2025-06-13 00:31:56,791 ETIPII_clean, uptake: 0.001352
2025-06-13 00:31:57,752 ELEROE_clean, uptake: 0.002569
2025-06-13 00:31:58,132 ELOZIQ_clean, uptake: 0.001709
2025-06-13 00:32:38,638 EZOFUV_clean, uptake: 0.002841
2025-06-13 00:32:44,553 ETIXOW_clean, uptake: 0.001338
2025-06-13 00:32:45,939 EXURUM_clean, uptake: 0.000710
2025-06-13 00:32:49,926 ETIYEN_clean, uptake: 0.001438
2025-06-13 00:32:51,106 EXUSAT_clean, uptake: 0.000776
2025-06-13 00:33:07,381 ETIXAI_clean, uptake: 0.001077
2025-06-13 00:33:07,393 EWETIL_clean, uptake: 0.000655
2025-06-13 00:33:15,100 ESEVIJ_clean, uptake: 0.000419
2025-06-13 00:33:23,058 ESARIB_clean, uptake: 0.000606
2025-06-13 00:33:29,626 EZIMEG_clean, uptake: 0.002631
2025-06-13 00:33:42,359 EZIMIK_clean, uptake: 0.002511
2025-06-13 00:33:46,509 FASGEO_clean, uptake: 0.000494
2025-06-13 00:33:51,587 FAGYEU_clean, uptake: 0.001154
2025-06-13 00:34:06,001 ESOROV_clean, uptake: 0.000165
2025-06-13 00:34:22,822 FAYLIC_clean, uptake: 0.001481
2025-06-13 00:34:25,251 FAYLEY_clean, uptake: 0.001670
2025-06-13 00:34:27,828 FAKHIK_clean, uptake: 0.001269
2025-06-13 00:34:35,447 FALRIV01_clean, uptake: 0.001356
2025-06-13 00:34:44,938 FALRIV_clean, uptake: 0.001316
2025-06-13 00:34:45,971 FALROB_clean, uptake: 0.001332
2025-06-13 00:34:50,128 FASGIS_clean, uptake: 0.000541
2025-06-13 00:34:50,759 FALSAO_clean, uptake: 0.001372
2025-06-13 00:34:54,044 EYOCUS_clean, uptake: 0.001720
2025-06-13 00:35:01,256 FAVDEO_clean, uptake: 0.000825
2025-06-13 00:35:21,660 FAVDIS_clean, uptake: 0.000413
2025-06-13 00:35:32,598 FAHQEN_clean, uptake: 0.000677
2025-06-13 00:35:36,484 EVADEK_clean, uptake: 0.000671
2025-06-13 00:35:38,304 EVADIO_clean, uptake: 0.000641
2025-06-13 00:35:44,940 FAVDAK_clean, uptake: 0.000860
2025-06-13 00:35:53,569 FECFAV_clean, uptake: 0.000210
2025-06-13 00:36:14,921 FEVREF_clean, uptake: 0.000453
2025-06-13 00:36:25,095 FEYQUW_clean, uptake: 0.001084
2025-06-13 00:36:58,529 FIGVUN_clean, uptake: 0.000853
2025-06-13 00:37:00,985 FEVNEA_charged, uptake: 0.002727
2025-06-13 00:37:05,595 FEZCIX_clean, uptake: 0.002685
2025-06-13 00:37:08,132 EVOTIT_SL, uptake: 0.001147
2025-06-13 00:37:09,635 FIDMEL01_clean, uptake: 0.000580
2025-06-13 00:37:16,055 FEYZUF_clean, uptake: 0.000921
2025-06-13 00:37:34,302 FIHHOV_clean, uptake: 0.000960
2025-06-13 00:37:37,129 FECYOD_clean, uptake: 0.001755
2025-06-13 00:37:45,411 FEVNOL_clean, uptake: 0.000977
2025-06-13 00:37:52,496 FIDMIP_clean, uptake: 0.000581
2025-06-13 00:37:53,188 FEYJID_clean, uptake: 0.002073
2025-06-13 00:37:58,602 cg5008236_si_002_clean, uptake: 0.001871
2025-06-13 00:37:59,481 FIGXAW_clean, uptake: 0.000650
2025-06-13 00:38:12,447 FIJCUX_clean, uptake: 0.001651
2025-06-13 00:38:19,990 FIJFIO_clean, uptake: 0.001411
2025-06-13 00:38:25,814 COMNAU_clean, uptake: 0.001240
2025-06-13 00:38:27,589 FEWWEL_clean, uptake: 0.003211
2025-06-13 00:38:30,686 FILYAC_clean, uptake: 0.001675
2025-06-13 00:38:30,768 FIJFOU_clean, uptake: 0.001120
2025-06-13 00:38:31,510 FIQCEN_clean, uptake: 0.003340
2025-06-13 00:38:41,092 FEWWIP_clean, uptake: 0.003217
2025-06-13 00:38:51,073 FIPJEV_clean, uptake: 0.001143
2025-06-13 00:38:53,157 FISGOF_clean, uptake: 0.008121
2025-06-13 00:38:58,412 ERANAO_clean, uptake: 0.006625
2025-06-13 00:39:02,908 EWETOR_clean, uptake: 0.002827
2025-06-13 00:39:09,663 FECJUT_clean, uptake: 0.002463
2025-06-13 00:39:13,311 FODYUT_clean, uptake: 0.000970
2025-06-13 00:39:25,909 FIPWUY_clean, uptake: 0.001013
2025-06-13 00:39:25,973 FIHHUB_SL, uptake: 0.004367
2025-06-13 00:39:42,996 FOFTOL_clean, uptake: 0.001801
2025-06-13 00:39:50,886 FOFHEO_clean, uptake: 0.000847
2025-06-13 00:39:51,910 FIQKIB_clean, uptake: 0.000710
2025-06-13 00:39:55,463 FOFDAH_clean, uptake: 0.000496
2025-06-13 00:39:56,959 FOQNOQ01_clean, uptake: 0.001259
2025-06-13 00:39:57,021 FISXEM_clean, uptake: 0.003226
2025-06-13 00:39:57,854 ERUNUC_clean, uptake: 0.004780
2025-06-13 00:40:00,790 FOQNIK_clean, uptake: 0.001279
2025-06-13 00:40:02,277 FOQNOQ02_clean, uptake: 0.001323
2025-06-13 00:40:04,532 FOFCIO_clean, uptake: 0.000315
2025-06-13 00:40:04,830 FOQNOQ_clean, uptake: 0.001357
2025-06-13 00:40:06,036 FOCZEE_clean, uptake: 0.000333
2025-06-13 00:40:14,435 FOQNUW01_clean, uptake: 0.001340
2025-06-13 00:40:16,734 FOQNUW02_clean, uptake: 0.001283
2025-06-13 00:40:23,627 EZOBUR01_clean, uptake: 0.000690
2025-06-13 00:40:30,795 FOQNUW_clean, uptake: 0.001304
2025-06-13 00:40:33,634 FOQPAE01_clean, uptake: 0.001373
2025-06-13 00:40:36,440 EKADIF_clean, uptake: 0.002106
2025-06-13 00:40:37,844 FUDQIF_clean, uptake: 0.000865
2025-06-13 00:40:40,240 FEWXIQ_clean, uptake: 0.006922
2025-06-13 00:40:40,695 FEWXEM_clean, uptake: 0.007153
2025-06-13 00:40:47,507 FUSWIA_clean, uptake: 0.002302
2025-06-13 00:40:50,939 FOQPAE02_clean, uptake: 0.001381
2025-06-13 00:40:51,201 FIWKUT_clean, uptake: 0.002446
2025-06-13 00:41:12,134 FORWAL_clean, uptake: 0.001188
2025-06-13 00:41:18,035 FIWJIG_clean, uptake: 0.001181
2025-06-13 00:41:49,135 FUTZIF_clean, uptake: 0.001852
2025-06-13 00:41:52,882 FUVBOP_clean, uptake: 0.002838
2025-06-13 00:42:20,975 FUHJOJ_clean, uptake: 0.001223
2025-06-13 00:42:34,358 FUYCAE_clean, uptake: 0.003515
2025-06-13 00:42:55,396 FUWQIZ_clean, uptake: 0.003691
2025-06-13 00:43:04,734 FUWFUA_clean, uptake: 0.002307
2025-06-13 00:43:45,622 FUYCAF_clean, uptake: 0.001617
2025-06-13 00:43:48,416 FOPTOU_clean, uptake: 0.000815
2025-06-13 00:43:50,610 FAVFOA_clean, uptake: 0.001988
2025-06-13 00:44:04,724 DUSHIK_clean, uptake: 0.002980
2025-06-13 00:44:06,116 FUNQEM_clean, uptake: 0.000569
2025-06-13 00:44:11,075 FIGLAK_clean, uptake: 0.000104
2025-06-13 00:44:13,568 FUVDEH01_clean, uptake: 0.000485
2025-06-13 00:44:14,185 FUVDEH02_clean, uptake: 0.000461
2025-06-13 00:44:15,743 FUVDEH03_clean, uptake: 0.000437
2025-06-13 00:44:29,331 FUVDEH04_clean, uptake: 0.000454
2025-06-13 00:44:31,769 FUVDEH09_clean, uptake: 0.000462
2025-06-13 00:44:33,765 EXOGAB_clean, uptake: 0.001277
2025-06-13 00:44:35,325 FUVDEH10_clean, uptake: 0.000484
2025-06-13 00:44:36,104 FUVDEH11_clean, uptake: 0.000487
2025-06-13 00:44:39,413 FUVDEH12_clean, uptake: 0.000450
2025-06-13 00:44:45,713 FUVDEH13_clean, uptake: 0.000478
2025-06-13 00:44:52,261 GABGOI_clean, uptake: 0.001471
2025-06-13 00:44:55,725 FUVGAG02_clean, uptake: 0.000266
2025-06-13 00:44:56,589 GACBIY_clean, uptake: 0.003217
2025-06-13 00:45:01,945 GANBAZ02_clean, uptake: 0.002486
2025-06-13 00:45:02,425 FUVDEH_clean, uptake: 0.000503
2025-06-13 00:45:11,187 GANBAZ01_clean, uptake: 0.002642
2025-06-13 00:45:11,658 FUVDEH05_clean, uptake: 0.000376
2025-06-13 00:45:19,278 GANBAZ_clean, uptake: 0.002813
2025-06-13 00:45:19,439 GABYUG_clean, uptake: 0.001551
2025-06-13 00:45:20,774 GACYER_clean, uptake: 0.004194
2025-06-13 00:45:24,408 GAKTET_clean, uptake: 0.000675
2025-06-13 00:45:26,930 DUSHEG_clean, uptake: 0.002819
2025-06-13 00:45:32,903 GAYFOD_clean, uptake: 0.001930
2025-06-13 00:45:47,661 GASTIG_clean, uptake: 0.001350
2025-06-13 00:45:49,463 GANBED02_clean, uptake: 0.002836
2025-06-13 00:45:52,409 GALFAB_clean, uptake: 0.001020
2025-06-13 00:45:53,669 EPECUZ_clean, uptake: 0.001482
2025-06-13 00:45:55,691 GAHSEQ_clean, uptake: 0.001512
2025-06-13 00:45:56,286 GEBPEK_clean, uptake: 0.007690
2025-06-13 00:46:04,137 GAFGEC_clean, uptake: 0.001503
2025-06-13 00:46:06,967 GANBED_clean, uptake: 0.002808
2025-06-13 00:46:07,832 GANBED01_clean, uptake: 0.001005
2025-06-13 00:46:10,465 GIFKIP_clean, uptake: 0.001003
2025-06-13 00:46:18,436 GEDPAH_clean, uptake: 0.000692
2025-06-13 00:46:33,519 GANBIH_clean, uptake: 0.001503
2025-06-13 00:46:34,707 GESNIC_clean, uptake: 0.000727
2025-06-13 00:46:39,165 GIHBII_clean, uptake: 0.000957
2025-06-13 00:46:40,936 GATSAY_clean, uptake: 0.002060
2025-06-13 00:46:41,830 GIJXAA_clean, uptake: 0.002948
2025-06-13 00:46:46,716 GEYFIB_clean, uptake: 0.004749
2025-06-13 00:47:06,032 GONSUZ_clean, uptake: 0.000942
2025-06-13 00:47:13,464 GEBSAJ_clean, uptake: 0.001396
2025-06-13 00:47:19,546 GOQWOY_clean, uptake: 0.003696
2025-06-13 00:47:23,367 GOPLUS_clean, uptake: 0.001224
2025-06-13 00:47:27,945 GEZYUH_clean, uptake: 0.001280
2025-06-13 00:47:33,522 GATQIE_clean, uptake: 0.003676
2025-06-13 00:47:35,092 GORWUF_clean, uptake: 0.002713
2025-06-13 00:47:50,249 GITPEG_clean, uptake: 0.001346
2025-06-13 00:47:54,782 GINNUO_clean, uptake: 0.000804
2025-06-13 00:48:12,256 GOBTAT_clean, uptake: 0.002803
2025-06-13 00:48:15,694 FUYCUZ_clean, uptake: 0.004082
2025-06-13 00:48:26,887 GEZZAO_clean, uptake: 0.001022
2025-06-13 00:48:34,452 GORJEE_clean, uptake: 0.001783
2025-06-13 00:48:42,792 GOLDAO_clean, uptake: 0.000776
2025-06-13 00:48:47,152 HABCIZ_clean, uptake: 0.003015
2025-06-13 00:48:48,644 HABCEV_clean, uptake: 0.002927
2025-06-13 00:48:50,368 HABCOF_clean, uptake: 0.003098
2025-06-13 00:48:52,102 HABRUZ_clean, uptake: 0.001536
2025-06-13 00:48:53,898 GUZVOO_clean, uptake: 0.001319
2025-06-13 00:48:55,536 HABDAS_clean, uptake: 0.003022
2025-06-13 00:49:03,894 GUKCIA_clean, uptake: 0.004450
2025-06-13 00:49:37,368 HAFQUC_clean, uptake: 0.002418
2025-06-13 00:49:54,080 GURPOZ_clean, uptake: 0.001616
2025-06-13 00:49:56,832 HAFQOW_clean, uptake: 0.002807
2025-06-13 00:49:59,922 GITSUY_clean, uptake: 0.002831
2025-06-13 00:50:23,770 GATQOK_clean, uptake: 0.002378
2025-06-13 00:50:32,485 GITVAH01_clean, uptake: 0.001323
2025-06-13 00:50:36,401 GUPBOJ03_clean, uptake: 0.003418
2025-06-13 00:50:38,159 HACRAH_clean, uptake: 0.003015
2025-06-13 00:50:42,562 HACDOH_clean, uptake: 0.002538
2025-06-13 00:50:47,724 GITVAH_clean, uptake: 0.001063
2025-06-13 00:51:00,032 GUPBIE_clean, uptake: 0.000513
2025-06-13 00:51:07,665 HAXNOJ_clean, uptake: 0.001723
2025-06-13 00:51:09,339 HAKVEX_clean, uptake: 0.001908
2025-06-13 00:51:10,812 HACDUN_clean, uptake: 0.002534
2025-06-13 00:51:12,422 HARHOA_clean, uptake: 0.001822
2025-06-13 00:51:14,828 HACREL_clean, uptake: 0.002857
2025-06-13 00:51:16,805 HAWZIQ_clean, uptake: 0.000694
2025-06-13 00:51:20,827 HEMVIF_clean, uptake: 0.000826
2025-06-13 00:51:28,125 HARHUG_clean, uptake: 0.001915
2025-06-13 00:51:34,257 HAFDUQ_clean, uptake: 0.002525
2025-06-13 00:51:37,624 HAMLAL_clean, uptake: 0.000236
2025-06-13 00:51:48,205 HAFFAY_clean, uptake: 0.002459
2025-06-13 00:51:51,165 HEXNII_clean, uptake: 0.000570
2025-06-13 00:51:51,662 HETDUG_clean, uptake: 0.000606
2025-06-13 00:51:54,249 HAFFEC_clean, uptake: 0.002500
2025-06-13 00:51:54,826 GINPAW_clean, uptake: 0.000754
2025-06-13 00:51:59,260 HAMJUC_clean, uptake: 0.002760
2025-06-13 00:52:05,519 HAWGIY_clean, uptake: 0.000512
2025-06-13 00:52:15,864 HICZIE_clean, uptake: 0.000712
2025-06-13 00:52:16,829 HIDDAB_clean, uptake: 0.000688
2025-06-13 00:52:21,132 HIXDOH_clean, uptake: 0.000318
2025-06-13 00:52:21,819 HEZSAG_clean, uptake: 0.000469
2025-06-13 00:52:21,825 HIQKID_clean, uptake: 0.000624
2025-06-13 00:52:22,380 HEGKAP_clean, uptake: 0.003033
2025-06-13 00:52:25,749 HIYZEV_clean, uptake: 0.001345
2025-06-13 00:52:28,585 HIWMAD_clean, uptake: 0.001446
2025-06-13 00:52:31,578 HIZSEQ_clean, uptake: 0.003293
2025-06-13 00:52:35,730 HIVSAI_clean, uptake: 0.002949
2025-06-13 00:52:54,591 FOSTOY_clean, uptake: 0.005219
2025-06-13 00:52:54,664 HOXRUJ_clean, uptake: 0.000245
2025-06-13 00:53:03,848 HOGJET_clean, uptake: 0.003668
2025-06-13 00:53:19,142 HUDCEQ_clean, uptake: 0.003554
2025-06-13 00:53:19,950 HOQNOS_clean, uptake: 0.001405
2025-06-13 00:53:23,321 HOZFIN_clean, uptake: 0.003273
2025-06-13 00:53:25,787 HIZTUG_clean, uptake: 0.002491
2025-06-13 00:53:30,378 HUKRIO_clean, uptake: 0.000599
2025-06-13 00:53:32,925 HOJJUN_clean, uptake: 0.002299
2025-06-13 00:53:54,464 HICGEG_clean, uptake: 0.002087
2025-06-13 00:54:02,306 HOVGEG_clean, uptake: 0.000551
2025-06-13 00:54:06,751 HUWZIK_clean, uptake: 0.000358
2025-06-13 00:54:10,409 HUNCIE_clean, uptake: 0.011899
2025-06-13 00:54:20,842 HOVQUG_clean, uptake: 0.000929
2025-06-13 00:54:22,445 IBAPOS_clean, uptake: 0.004310
2025-06-13 00:54:24,041 HURFOR_clean, uptake: 0.002279
2025-06-13 00:54:28,837 IBAQAF_clean, uptake: 0.004298
2025-06-13 00:54:28,990 IBAQEJ_clean, uptake: 0.004210
2025-06-13 00:54:37,741 HUXHUF_clean, uptake: 0.001768
2025-06-13 00:54:44,774 HURFIL_clean, uptake: 0.001645
2025-06-13 00:54:57,428 HUBQEC_clean, uptake: 0.000706
2025-06-13 00:55:00,703 HUCSEF_clean, uptake: 0.003105
2025-06-13 00:55:01,383 HONXAL_clean, uptake: 0.001627
2025-06-13 00:55:08,811 IBURAZ_clean, uptake: 0.001096
2025-06-13 00:55:19,238 HUXHEP_clean, uptake: 0.000813
2025-06-13 00:56:00,320 ic200054b_si_002_clean, uptake: 0.001690
2025-06-13 00:56:05,505 ic502643m_si_011_clean, uptake: 0.005480
2025-06-13 00:56:15,083 ic403175w_si_002_clean, uptake: 0.000307
2025-06-13 00:56:22,189 ic062019u-file003_clean, uptake: 0.000939
2025-06-13 00:56:22,832 ic502643m_si_012_clean, uptake: 0.005121
2025-06-13 00:56:27,004 ic500905z_si_002_clean, uptake: 0.001308
2025-06-13 00:57:08,624 ic402614w_si_002_clean, uptake: 0.001763
2025-06-13 00:57:11,031 ic502488c_si_002_clean, uptake: 0.001704
2025-06-13 00:57:14,594 GONMON_clean, uptake: 0.000936
2025-06-13 00:57:14,981 GONMUT_clean, uptake: 0.001002
2025-06-13 00:57:15,552 HUYFAJ_clean, uptake: 0.002629
2025-06-13 00:57:53,633 ic801677y_si_001_clean, uptake: 0.003811
2025-06-13 00:58:00,762 ICIVEW_clean, uptake: 0.001320
2025-06-13 00:58:07,021 HUZYEI_clean, uptake: 0.003338
2025-06-13 00:58:11,473 GUPCEA_clean, uptake: 0.002450
2025-06-13 00:58:11,722 IBIYUO_clean, uptake: 0.000434
2025-06-13 00:58:33,304 IDUYOX_clean, uptake: 0.003303
2025-06-13 00:58:40,156 IDAHAY_clean, uptake: 0.000434
2025-06-13 00:58:49,727 ic5005374_si_003_clean, uptake: 0.005700
2025-06-13 00:58:52,042 ICITIY_clean, uptake: 0.001782
2025-06-13 00:58:53,324 ic302758g_si_002_clean, uptake: 0.001026
2025-06-13 00:59:10,123 ic5b00561_si_002_clean, uptake: 0.000869
2025-06-13 00:59:24,583 FORXAM_clean, uptake: 0.004242
2025-06-13 00:59:27,153 ICANAD_clean, uptake: 0.000597
2025-06-13 00:59:31,034 HUZYIM_clean, uptake: 0.002572
2025-06-13 00:59:50,415 ic5030058_si_002_clean, uptake: 0.002962
2025-06-13 00:59:59,690 ICAREL_clean, uptake: 0.004712
2025-06-13 01:00:10,016 HUGTOT_clean, uptake: 0.001125
2025-06-13 01:00:32,514 ic8008859_si_001_clean, uptake: 0.001569
2025-06-13 01:00:51,488 IFUPAC_clean, uptake: 0.001533
2025-06-13 01:00:51,914 HUHBUJ_clean, uptake: 0.000392
2025-06-13 01:00:55,215 IGORUS_clean, uptake: 0.003784
2025-06-13 01:00:58,563 HUVNAP_clean, uptake: 0.001391
2025-06-13 01:00:59,590 ic502478u_si_003_clean, uptake: 0.000459
2025-06-13 01:01:15,604 IGOYIN_clean, uptake: 0.000584
2025-06-13 01:01:27,416 IGIZOP_clean, uptake: 0.000489
2025-06-13 01:01:50,642 IGIZUV_clean, uptake: 0.000466
2025-06-13 01:01:53,787 IFEPUG01_clean, uptake: 0.000506
2025-06-13 01:01:59,568 ic1010083_si_002_clean, uptake: 0.001326
2025-06-13 01:02:05,122 IFEPUG03_clean, uptake: 0.000515
2025-06-13 01:02:05,229 IFEPUG02_clean, uptake: 0.000521
2025-06-13 01:02:10,024 IFEPUG06_clean, uptake: 0.000490
2025-06-13 01:02:14,437 IJIROI_clean, uptake: 0.000348
2025-06-13 01:02:14,504 IFEPUG04_clean, uptake: 0.000503
2025-06-13 01:02:15,770 IFEPUG05_clean, uptake: 0.000503
2025-06-13 01:02:37,812 IFEPUG08_clean, uptake: 0.000469
2025-06-13 01:02:38,298 IJAPIU_clean, uptake: 0.003468
2025-06-13 01:02:40,655 IFEPUG07_clean, uptake: 0.000493
2025-06-13 01:02:43,477 IJAPOA_clean, uptake: 0.003286
2025-06-13 01:02:51,961 IFEQER_clean, uptake: 0.000516
2025-06-13 01:03:06,315 ic5b00096_si_002_clean, uptake: 0.002125
2025-06-13 01:03:12,602 IJENIV_clean, uptake: 0.000513
2025-06-13 01:03:22,891 IJEXUS_clean, uptake: 0.002951
2025-06-13 01:03:27,355 IMACZN01_clean, uptake: 0.000565
2025-06-13 01:03:31,751 ILEPEW_clean, uptake: 0.001104
2025-06-13 01:03:31,799 ILITON_clean, uptake: 0.005701
2025-06-13 01:03:31,808 IFEPUG09_clean, uptake: 0.000490
2025-06-13 01:03:35,058 IJENOB_clean, uptake: 0.000592
2025-06-13 01:03:46,326 IFEPUG10_clean, uptake: 0.000485
2025-06-13 01:03:57,588 FORXIU_clean, uptake: 0.006444
2025-06-13 01:03:59,808 INEPEY_clean, uptake: 0.001223
2025-06-13 01:04:02,846 IMAXOL_clean, uptake: 0.002367
2025-06-13 01:04:05,350 IKOTEH_clean, uptake: 0.001748
2025-06-13 01:04:07,396 ILOWAI_clean, uptake: 0.001317
2025-06-13 01:04:12,052 INECOV_clean, uptake: 0.001150
2025-06-13 01:04:16,196 INASAT_clean, uptake: 0.001631
2025-06-13 01:04:33,097 FOPFAS_clean, uptake: 0.005811
2025-06-13 01:04:33,122 IGUCEU_clean, uptake: 0.000406
2025-06-13 01:04:42,187 INEXEG_clean, uptake: 0.001615
2025-06-13 01:04:58,815 IMULEH_clean, uptake: 0.002544
2025-06-13 01:05:07,295 INIROO_clean, uptake: 0.000626
2025-06-13 01:05:11,054 IPIVOT_clean, uptake: 0.000980
2025-06-13 01:05:14,003 INOFIB_clean, uptake: 0.000618
2025-06-13 01:05:14,857 ISEQIH_clean, uptake: 0.000565
2025-06-13 01:05:17,923 INECIP_clean, uptake: 0.002227
2025-06-13 01:05:21,190 ISIYUF02_clean, uptake: 0.000624
2025-06-13 01:05:22,292 IREGOD_clean, uptake: 0.001668
2025-06-13 01:05:29,153 ISIYUF_clean, uptake: 0.000618
2025-06-13 01:05:30,063 ISIYUF05_clean, uptake: 0.000604
2025-06-13 01:05:42,889 IWAHIZ_clean, uptake: 0.001535
2025-06-13 01:05:58,768 IVIPEK_clean, uptake: 0.000880
2025-06-13 01:06:29,896 ISAYOQ_charged, uptake: 0.000521
2025-06-13 01:06:38,417 IWEVUD_clean, uptake: 0.001198
2025-06-13 01:06:47,695 IWEWEO_clean, uptake: 0.001157
2025-06-13 01:06:53,938 IWEWAK_clean, uptake: 0.001069
2025-06-13 01:06:59,590 IWEWIS_clean, uptake: 0.000911
2025-06-13 01:07:00,947 IVOLEM_clean, uptake: 0.000439
2025-06-13 01:07:13,395 IPEBEM_clean, uptake: 0.000960
2025-06-13 01:07:17,798 IWAHUK_clean, uptake: 0.002227
2025-06-13 01:07:19,306 IYITOB_clean, uptake: 0.001969
2025-06-13 01:07:21,002 IVOLIQ_clean, uptake: 0.000429
2025-06-13 01:07:23,322 IYOVEY_clean, uptake: 0.001016
2025-06-13 01:07:29,653 IYOCUW_clean, uptake: 0.001838
2025-06-13 01:07:32,388 IMUVES_clean, uptake: 0.002153
2025-06-13 01:07:32,524 IYIHUU_manual, uptake: 0.004533
2025-06-13 01:07:34,792 IYAFIX_clean, uptake: 0.000387
2025-06-13 01:07:59,743 IWEWOY_clean, uptake: 0.003017
2025-06-13 01:08:05,746 IYUHOB_clean, uptake: 0.003473
2025-06-13 01:08:18,912 ja111042f_si_002_clean, uptake: 0.006598
2025-06-13 01:08:38,886 ja101440z_si_001_clean, uptake: 0.001610
2025-06-13 01:08:42,596 IZULUL_clean, uptake: 0.003088
2025-06-13 01:09:00,372 ja0660047si20060818_060256_clean, uptake: 0.002575
2025-06-13 01:09:04,154 ja204757x_si_002_clean, uptake: 0.001973
2025-06-13 01:09:08,834 IPEBAI_clean, uptake: 0.000630
2025-06-13 01:09:09,877 ja0660047si20060818_060458_clean, uptake: 0.002361
2025-06-13 01:09:14,432 IZUSEC_clean, uptake: 0.001724
2025-06-13 01:09:19,824 ja4015666_si_002_clean, uptake: 0.004478
2025-06-13 01:09:24,120 IZIHIK_clean, uptake: 0.001231
2025-06-13 01:09:26,112 ja202154j_si_003_clean, uptake: 0.002090
2025-06-13 01:09:29,676 ja204757x_si_003_clean, uptake: 0.002089
2025-06-13 01:09:32,665 ja102862j_si_005_clean, uptake: 0.003553
2025-06-13 01:09:33,037 IZETUE_clean, uptake: 0.000536
2025-06-13 01:09:39,001 ja4015666_si_003_clean, uptake: 0.004336
2025-06-13 01:09:43,785 ja4015666_si_005_clean, uptake: 0.004320
2025-06-13 01:10:04,767 ja501810r_si_002_clean, uptake: 0.004153
2025-06-13 01:10:10,164 ja206029a_si_003_clean, uptake: 0.003838
2025-06-13 01:10:13,249 IRUVUO_clean, uptake: 0.000609
2025-06-13 01:10:14,850 IXIKOR01_clean, uptake: 0.000826
2025-06-13 01:10:20,573 IXIKOR_clean, uptake: 0.000907
2025-06-13 01:10:23,132 ja507971r_si_004_clean, uptake: 0.000976
2025-06-13 01:10:36,004 ICIKAH_clean, uptake: 0.000605
2025-06-13 01:11:03,007 ja410368j_si_002_clean, uptake: 0.002130
2025-06-13 01:11:03,028 ja500330a_si_002_clean, uptake: 0.001015
2025-06-13 01:11:15,210 jacs.6b01663_ja6b01663_si_002_clean, uptake: 0.008169
2025-06-13 01:11:50,284 IYALUR_clean, uptake: 0.000394
2025-06-13 01:12:25,338 ja5b00450_si_002_clean, uptake: 0.006216
2025-06-13 01:12:34,757 ja0734952si20070516_030528_clean, uptake: 0.002235
2025-06-13 01:12:35,880 jacs.5b11034_ja5b11034_si_002_clean, uptake: 0.003548
2025-06-13 01:12:41,478 ja507119n_si_002_clean, uptake: 0.001876
2025-06-13 01:12:46,141 jacs.6b08724_ja6b08724_si_010_clean, uptake: 0.010074
2025-06-13 01:12:50,961 jacs.6b02030_ja6b02030_si_004_clean, uptake: 0.000876
2025-06-13 01:12:58,208 IFEROC_clean, uptake: 0.002510
2025-06-13 01:13:05,044 jacs.6b08724_ja6b08724_si_012_clean, uptake: 0.010164
2025-06-13 01:13:20,833 jacs.6b08724_ja6b08724_si_011_clean, uptake: 0.011003
2025-06-13 01:13:25,264 jacs.5b11079_ja5b11079_si_002_clean, uptake: 0.005157
2025-06-13 01:13:31,513 jacs.6b08724_ja6b08724_si_013_clean, uptake: 0.009933
2025-06-13 01:13:37,085 jacs.6b08724_ja6b08724_si_015_clean, uptake: 0.010399
2025-06-13 01:13:45,602 jacs.6b03263_ja6b03263_si_002_clean, uptake: 0.002349
2025-06-13 01:13:58,850 ja5109535_si_002_clean, uptake: 0.005502
2025-06-13 01:14:11,275 JAJZAY_clean, uptake: 0.004452
2025-06-13 01:14:16,645 ja406030p_si_010_clean, uptake: 0.003049
2025-06-13 01:14:19,662 ja508679h_si_001_clean, uptake: 0.004708
2025-06-13 01:14:41,545 JEMBUZ_clean, uptake: 0.000595
2025-06-13 01:14:42,274 JADBEY_clean, uptake: 0.001156
2025-06-13 01:14:49,541 j.inoche.2015.02.023_INC05895-mmc1_clean, uptake: 0.001400
2025-06-13 01:15:04,012 JIVQOU_clean, uptake: 0.000744
2025-06-13 01:15:14,071 IFESAP_clean, uptake: 0.002679
2025-06-13 01:15:45,187 j.ica.2016.05.051_4_clean, uptake: 0.000344
2025-06-13 01:15:46,097 ja078060t-file002_clean, uptake: 0.005649
2025-06-13 01:16:02,994 j.jssc.2016.06.015_ZJU-10_clean, uptake: 0.003726
2025-06-13 01:16:16,733 JIVSEN01_clean, uptake: 0.000313
2025-06-13 01:16:17,850 JIVSIR01_clean, uptake: 0.000379
2025-06-13 01:16:18,507 j.jssc.2015.08.048_mmc2_clean, uptake: 0.002078
2025-06-13 01:16:25,187 IVEKEA_clean, uptake: 0.006103
2025-06-13 01:16:30,118 j.jssc.2015.08.048_mmc3_clean, uptake: 0.000553
2025-06-13 01:16:31,159 JIVSAJ01_clean, uptake: 0.000350
2025-06-13 01:16:47,381 j.inoche.2015.03.005_INC05902-mmc1_clean, uptake: 0.000886
2025-06-13 01:16:54,902 JACQUA_clean, uptake: 0.002553
2025-06-13 01:16:55,965 JALLIU_clean, uptake: 0.003810
2025-06-13 01:16:56,223 jacs.6b06375_ja6b06375_si_001_clean, uptake: 0.002746
2025-06-13 01:16:56,569 JOBFAI_clean, uptake: 0.000118
2025-06-13 01:17:01,211 JOHSIJ_clean, uptake: 0.001600
2025-06-13 01:17:03,013 JOHQUT_clean, uptake: 0.000553
2025-06-13 01:17:22,140 JOQSIT_clean, uptake: 0.001160
2025-06-13 01:17:48,371 KACKIL_clean, uptake: 0.002612
2025-06-13 01:17:52,748 jp302979a_si_002_clean, uptake: 0.002985
2025-06-13 01:17:53,514 ja5111317_ja5111317_si_003_clean, uptake: 0.008657
2025-06-13 01:17:54,222 JUYBEM_clean, uptake: 0.001121
2025-06-13 01:18:01,571 JOBFEM_clean, uptake: 0.000773
2025-06-13 01:18:12,750 KAHZAW_clean, uptake: 0.001979
2025-06-13 01:18:15,671 JUZSEE_clean, uptake: 0.000669
2025-06-13 01:18:31,168 KACGAZ_clean, uptake: 0.001195
2025-06-13 01:18:33,520 JADMIN_clean, uptake: 0.000588
2025-06-13 01:18:53,449 KAPGEP_clean, uptake: 0.000373
2025-06-13 01:18:54,208 JOBFIQ_clean, uptake: 0.000850
2025-06-13 01:19:18,250 KEQYOU_clean, uptake: 0.000332
2025-06-13 01:19:19,609 JUBXAH_clean, uptake: 0.000672
2025-06-13 01:19:39,557 KAVXAI_clean, uptake: 0.003093
2025-06-13 01:19:45,143 JOZWOM_clean, uptake: 0.007064
2025-06-13 01:19:45,203 JOZWUS_clean, uptake: 0.006944
2025-06-13 01:19:47,619 JUTCOS_clean, uptake: 0.001250
2025-06-13 01:19:55,215 KEXPIO_clean, uptake: 0.000906
2025-06-13 01:19:59,795 KIFDIM_clean, uptake: 0.001727
2025-06-13 01:20:07,008 JUSGUB_clean, uptake: 0.001430
2025-06-13 01:20:12,071 KINMUR_clean, uptake: 0.002520
2025-06-13 01:20:21,958 KALFUA_clean, uptake: 0.002023
2025-06-13 01:20:27,346 HANKIS_clean, uptake: 0.003193
2025-06-13 01:20:30,419 KINSEH_clean, uptake: 0.004974
2025-06-13 01:20:30,701 JUKPAI_clean, uptake: 0.000463
2025-06-13 01:20:50,425 KODPUP_clean, uptake: 0.001237
2025-06-13 01:20:53,561 KACGED_clean, uptake: 0.000430
2025-06-13 01:21:01,239 HANKOY_clean, uptake: 0.003088
2025-06-13 01:21:10,126 KITWER_clean, uptake: 0.000774
2025-06-13 01:21:10,648 KOKZIT_clean, uptake: 0.000535
2025-06-13 01:21:16,441 KEWJIG_clean, uptake: 0.002276
2025-06-13 01:21:23,796 ja5b00450_si_006_clean, uptake: 0.001480
2025-06-13 01:21:40,125 KOHSOR_clean, uptake: 0.000551
2025-06-13 01:21:48,391 HANKEO_clean, uptake: 0.003113
2025-06-13 01:21:54,147 KONCIB_clean, uptake: 0.001375
2025-06-13 01:21:55,511 KOGSOQ_clean, uptake: 0.002026
2025-06-13 01:22:02,976 ja5b00450_si_003_clean, uptake: 0.001417
2025-06-13 01:22:12,866 KOQGAA_clean, uptake: 0.003163
2025-06-13 01:22:13,169 KOMHEB_clean, uptake: 0.000674
2025-06-13 01:22:16,757 KOJZOZ_clean, uptake: 0.002016
2025-06-13 01:22:17,823 KOMHIF_clean, uptake: 0.000648
2025-06-13 01:22:20,573 JUKPEM_clean, uptake: 0.000345
2025-06-13 01:22:26,667 KOMHOL_clean, uptake: 0.000644
2025-06-13 01:22:32,857 KOMJAZ_clean, uptake: 0.000632
2025-06-13 01:22:36,553 KOMHUR_clean, uptake: 0.000677
2025-06-13 01:22:37,839 KOZQIB_clean, uptake: 0.012455
2025-06-13 01:22:41,435 KUKPUD_clean, uptake: 0.002173
2025-06-13 01:22:48,137 KUGFAU_clean, uptake: 0.000605
2025-06-13 01:23:01,298 KOZNEU_clean, uptake: 0.002123
2025-06-13 01:23:12,344 KUTBAE_clean, uptake: 0.001120
2025-06-13 01:23:15,088 KOVGOT01_clean, uptake: 0.002144
2025-06-13 01:23:24,893 KOVGOT_clean, uptake: 0.002147
2025-06-13 01:23:27,397 KUXROM_clean, uptake: 0.002976
2025-06-13 01:23:36,803 KUXSAZ_clean, uptake: 0.002476
2025-06-13 01:24:07,252 KARMUN_clean, uptake: 0.004310
2025-06-13 01:24:07,348 LABMOT_clean, uptake: 0.001183
2025-06-13 01:24:10,243 KUZYUB_clean, uptake: 0.002900
2025-06-13 01:24:15,490 KELJAN_clean, uptake: 0.001344
2025-06-13 01:24:25,633 LABNEK_clean, uptake: 0.000990
2025-06-13 01:24:31,687 KULMIO_clean, uptake: 0.003339
2025-06-13 01:24:33,893 LABNUA_clean, uptake: 0.001347
2025-06-13 01:24:34,137 KUNLAH_clean, uptake: 0.001605
2025-06-13 01:24:36,618 LABPIQ_clean, uptake: 0.000685
2025-06-13 01:24:46,685 KUSDOT_clean, uptake: 0.004336
2025-06-13 01:24:49,419 KEVBIY_clean, uptake: 0.002283
2025-06-13 01:24:49,506 KUKQAK_clean, uptake: 0.000421
2025-06-13 01:24:52,150 KULMAG_clean, uptake: 0.002786
2025-06-13 01:24:57,562 LABPOW_clean, uptake: 0.000540
2025-06-13 01:24:58,341 KEVBOE_clean, uptake: 0.002360
2025-06-13 01:24:58,681 LABPUC_clean, uptake: 0.000600
2025-06-13 01:25:03,261 KUSQUM_clean, uptake: 0.000975
2025-06-13 01:25:07,319 KOQJOR_clean, uptake: 0.000614
2025-06-13 01:25:15,001 LABQAJ_clean, uptake: 0.001217
2025-06-13 01:25:23,298 LACZIB_clean, uptake: 0.003776
2025-06-13 01:25:32,307 LACYOG_clean, uptake: 0.002757
2025-06-13 01:25:35,832 LAGWIB_clean, uptake: 0.002364
2025-06-13 01:25:39,782 jacs.6b04608_ja6b04608_si_002_clean, uptake: 0.008408
2025-06-13 01:25:45,178 LAGVEX_clean, uptake: 0.001302
2025-06-13 01:25:45,549 LACYEW_clean, uptake: 0.003129
2025-06-13 01:25:49,193 LABQEN_clean, uptake: 0.001077
2025-06-13 01:25:51,889 LADKIN_clean, uptake: 0.000777
2025-06-13 01:25:53,908 LACYIA_clean, uptake: 0.003854
2025-06-13 01:25:59,247 KUHZET_clean, uptake: 0.000767
2025-06-13 01:26:21,758 LACYUM_clean, uptake: 0.002758
2025-06-13 01:26:38,980 LACZAT_clean, uptake: 0.002869
2025-06-13 01:27:11,370 LABMUZ_clean, uptake: 0.000705
2025-06-13 01:27:57,027 LAPZEK_clean, uptake: 0.005665
2025-06-13 01:27:58,411 ja5b00450_si_005_clean, uptake: 0.001543
2025-06-13 01:28:04,853 LAQNOJ_clean, uptake: 0.004585
2025-06-13 01:28:29,531 LAJFAG_clean, uptake: 0.001784
2025-06-13 01:28:30,867 LAQNUP_clean, uptake: 0.005102
2025-06-13 01:28:33,037 LAPLEW_clean, uptake: 0.002599
2025-06-13 01:28:34,123 LATCIS_clean, uptake: 0.002458
2025-06-13 01:28:39,550 LARPIF_clean, uptake: 0.000767
2025-06-13 01:28:48,197 LAPLOG01_clean, uptake: 0.002725
2025-06-13 01:28:51,931 LAPLOG_clean, uptake: 0.002437
2025-06-13 01:29:08,075 LAPMAT_clean, uptake: 0.002204
2025-06-13 01:29:12,564 LAPMIB_clean, uptake: 0.002201
2025-06-13 01:29:16,632 LABPEM_clean, uptake: 0.000372
2025-06-13 01:29:22,021 LABNOU_clean, uptake: 0.000232
2025-06-13 01:29:26,189 LAPNEY_clean, uptake: 0.002505
2025-06-13 01:29:31,263 LAVMAY_clean, uptake: 0.000767
2025-06-13 01:29:32,040 LAPNUO_clean, uptake: 0.002242
2025-06-13 01:29:33,540 LAPNAU_clean, uptake: 0.002281
2025-06-13 01:29:34,713 LAPNOI_clean, uptake: 0.002536
2025-06-13 01:29:35,016 LAPMOH_clean, uptake: 0.002051
2025-06-13 01:29:38,690 LAPNIC_clean, uptake: 0.002785
2025-06-13 01:29:38,924 LAPLUM_clean, uptake: 0.002172
2025-06-13 01:30:02,275 LAPMUN_clean, uptake: 0.002523
2025-06-13 01:30:10,420 LAPMEX_clean, uptake: 0.001947
2025-06-13 01:30:18,310 LAWGUO_clean, uptake: 0.000727
2025-06-13 01:30:18,586 LEWZET_clean, uptake: 0.001647
2025-06-13 01:30:20,543 LAWHEZ01_clean, uptake: 0.000718
2025-06-13 01:30:24,351 LAWGOI_clean, uptake: 0.000697
2025-06-13 01:30:26,451 LEJCEK_clean, uptake: 0.011001
2025-06-13 01:30:26,582 LAWHEZ_clean, uptake: 0.000745
2025-06-13 01:30:29,827 LAWHID_clean, uptake: 0.000700
2025-06-13 01:30:37,253 LEDJUA_clean, uptake: 0.000376
2025-06-13 01:30:51,369 LATCAN_clean, uptake: 0.009120
2025-06-13 01:30:52,441 LAZXIV_clean, uptake: 0.003304
2025-06-13 01:30:52,922 LAXCUK_clean, uptake: 0.002433
2025-06-13 01:30:53,406 LATBUG_clean, uptake: 0.009045
2025-06-13 01:31:02,565 LEDJOU_clean, uptake: 0.000272
2025-06-13 01:31:05,694 LEQCAN_clean, uptake: 0.003975
2025-06-13 01:31:07,600 LEQBUG_clean, uptake: 0.004392
2025-06-13 01:31:08,642 LIFWEE_clean, uptake: 0.001429
2025-06-13 01:31:23,109 ja403810k_si_003_clean, uptake: 0.014204
2025-06-13 01:31:30,700 LEZJOQ_clean, uptake: 0.000688
2025-06-13 01:31:43,501 LIQGEY_clean, uptake: 0.000217
2025-06-13 01:31:43,836 LIDSAU_clean, uptake: 0.002197
2025-06-13 01:31:46,257 LIHKAQ_clean, uptake: 0.000958
2025-06-13 01:31:46,485 LIGJIW_clean, uptake: 0.000509
2025-06-13 01:31:47,301 LIDSEY_clean, uptake: 0.002292
2025-06-13 01:31:50,965 LIKCOY_charged, uptake: 0.000656
2025-06-13 01:31:52,579 LOCRUR_clean, uptake: 0.001841
2025-06-13 01:31:57,009 LENGES_clean, uptake: 0.000976
2025-06-13 01:32:11,439 LIDSIC_clean, uptake: 0.002550
2025-06-13 01:32:17,320 LODTAB_clean, uptake: 0.001696
2025-06-13 01:32:21,939 LORNEL_clean, uptake: 0.002310
2025-06-13 01:32:30,534 LIDSEY01_clean, uptake: 0.001977
2025-06-13 01:32:34,040 LIXXEW_clean, uptake: 0.001066
2025-06-13 01:32:40,486 LAJLAL_charged, uptake: 0.002045
2025-06-13 01:32:40,812 LOCNIB_clean, uptake: 0.000868
2025-06-13 01:32:42,400 LOFJAT_clean, uptake: 0.004221
2025-06-13 01:32:42,951 LEJZOQ_clean, uptake: 0.001128
2025-06-13 01:32:43,593 LAJKUE_charged, uptake: 0.001816
2025-06-13 01:32:46,574 LOSYAV_clean, uptake: 0.001426
2025-06-13 01:32:49,371 LODCUC_clean, uptake: 0.000662
2025-06-13 01:33:06,778 LAJLEP_charged, uptake: 0.002063
2025-06-13 01:33:13,188 LIRTUC_clean, uptake: 0.000985
2025-06-13 01:33:30,365 LEZJUW_clean, uptake: 0.000736
2025-06-13 01:33:31,217 LIQTUC_clean, uptake: 0.001692
2025-06-13 01:33:31,852 LUDTUZ_clean, uptake: 0.001197
2025-06-13 01:33:44,913 LUDVEL_clean, uptake: 0.001536
2025-06-13 01:33:47,753 LUDVAH_clean, uptake: 0.000770
2025-06-13 01:33:48,243 LUDVOV_clean, uptake: 0.001589
2025-06-13 01:33:49,040 LUCKIF_clean, uptake: 0.000681
2025-06-13 01:33:56,562 LUWMUN_clean, uptake: 0.004367
2025-06-13 01:34:07,457 LOZSOK_clean, uptake: 0.000838
2025-06-13 01:34:07,677 LOZSUQ_clean, uptake: 0.000811
2025-06-13 01:34:08,786 LUDKIG_clean, uptake: 0.000316
2025-06-13 01:34:11,170 LURRUM_clean, uptake: 0.002991
2025-06-13 01:34:11,809 LURRIA_clean, uptake: 0.008344
2025-06-13 01:34:15,261 LUWNAU_clean, uptake: 0.004396
2025-06-13 01:34:22,295 MAJJUF_clean, uptake: 0.004469
2025-06-13 01:34:37,921 LULXOG_clean, uptake: 0.000750
2025-06-13 01:34:39,158 LUKLIN_clean, uptake: 0.007436
2025-06-13 01:34:54,736 LOXVUR_clean, uptake: 0.000386
2025-06-13 01:34:59,374 MIBQAR16_clean, uptake: 0.005601
2025-06-13 01:35:07,617 LUYBIS_clean, uptake: 0.001920
2025-06-13 01:35:14,525 MAZSOX_clean, uptake: 0.001633
2025-06-13 01:35:31,030 MAQMEZ_clean, uptake: 0.001750
2025-06-13 01:35:31,117 MAXHUP_clean, uptake: 0.000330
2025-06-13 01:35:50,933 MARLOJ_clean, uptake: 0.000824
2025-06-13 01:35:53,527 MARLUP_clean, uptake: 0.000785
2025-06-13 01:36:03,968 MAVRAE_clean, uptake: 0.004978
2025-06-13 01:36:10,674 LUSQIB_clean, uptake: 0.001198
2025-06-13 01:36:14,819 MARKOF_clean, uptake: 0.001230
2025-06-13 01:36:17,169 MAJKAM_clean, uptake: 0.002181
2025-06-13 01:36:18,156 MARLAS_clean, uptake: 0.001193
2025-06-13 01:36:24,029 MIVFUU_clean, uptake: 0.002302
2025-06-13 01:36:41,433 MAFFUW_clean, uptake: 0.003901
2025-06-13 01:36:47,431 MIZPUI_clean, uptake: 0.004132
2025-06-13 01:36:53,577 LETREJ_clean, uptake: 0.004724
2025-06-13 01:36:53,655 MIMSIM_clean, uptake: 0.001994
2025-06-13 01:37:16,846 MIXYOJ_clean, uptake: 0.002118
2025-06-13 01:37:17,380 MIQLEE_charged, uptake: 0.000732
2025-06-13 01:37:20,912 MIZKAI_clean, uptake: 0.001768
2025-06-13 01:37:31,209 MOYZIK_clean, uptake: 0.005421
2025-06-13 01:37:31,384 MIXXOI_clean, uptake: 0.000469
2025-06-13 01:37:32,680 MODNIC_clean, uptake: 0.001317
2025-06-13 01:37:42,249 ja6b00695_si_001_clean, uptake: 0.002850
2025-06-13 01:37:42,261 MOBFIT_clean, uptake: 0.000135
2025-06-13 01:37:50,720 MOXBOS_clean, uptake: 0.001212
2025-06-13 01:37:53,969 LUJJOQ_clean, uptake: 0.000159
2025-06-13 01:37:58,394 MINCET_clean, uptake: 0.003038
2025-06-13 01:37:59,585 LUXFEQ_charged, uptake: 0.002919
2025-06-13 01:38:03,612 MOKVOZ_clean, uptake: 0.004559
2025-06-13 01:38:23,292 MIZZOM_clean, uptake: 0.002532
2025-06-13 01:38:31,328 MUFZIY_clean, uptake: 0.001457
2025-06-13 01:38:53,590 MUVJAP_clean, uptake: 0.001023
2025-06-13 01:39:06,024 MUKQUG_clean, uptake: 0.003426
2025-06-13 01:39:09,675 MULXUO_clean, uptake: 0.001423
2025-06-13 01:39:13,213 MUGXIX_clean, uptake: 0.001907
2025-06-13 01:39:16,373 MUHQAI_clean, uptake: 0.000152
2025-06-13 01:39:18,782 LEVPEJ_clean, uptake: 0.000957
2025-06-13 01:39:22,921 MUWRON_clean, uptake: 0.004177
2025-06-13 01:39:24,503 MUKRAN_clean, uptake: 0.003019
2025-06-13 01:39:31,979 NANPUN_clean, uptake: 0.002015
2025-06-13 01:39:36,498 NADKAG_clean, uptake: 0.000420
2025-06-13 01:39:37,869 MUMLOX_clean, uptake: 0.000830
2025-06-13 01:39:38,971 ISENIF_clean, uptake: 0.002744
2025-06-13 01:39:47,205 MUTCEL_clean, uptake: 0.001908
2025-06-13 01:40:09,701 MOYMUJ_clean, uptake: 0.001442
2025-06-13 01:40:16,790 MOYTUR_clean, uptake: 0.001067
2025-06-13 01:40:18,355 NACZUP01_clean, uptake: 0.002635
2025-06-13 01:40:18,638 NAHHOW_clean, uptake: 0.004239
2025-06-13 01:40:26,486 NACZUP03_clean, uptake: 0.002847
2025-06-13 01:40:35,087 NATXOW_clean, uptake: 0.000573
2025-06-13 01:40:39,375 NAXKOO01_SL, uptake: 0.000446
2025-06-13 01:40:41,991 MOXPAR_clean, uptake: 0.000994
2025-06-13 01:40:42,834 MOBBAI_clean, uptake: 0.003620
2025-06-13 01:40:45,167 NACZUP_clean, uptake: 0.002854
2025-06-13 01:40:48,579 NEDLOZ_clean, uptake: 0.001272
2025-06-13 01:40:57,977 MUZKEZ_clean, uptake: 0.010080
2025-06-13 01:41:05,181 LUSQOH_clean, uptake: 0.002187
2025-06-13 01:41:07,502 NASHAS_clean, uptake: 0.000441
2025-06-13 01:41:08,077 NAWWOA_clean, uptake: 0.001961
2025-06-13 01:41:18,063 NAYHAY_clean, uptake: 0.002299
2025-06-13 01:41:33,706 LELDOX_clean, uptake: 0.004953
2025-06-13 01:41:35,387 NATXUC_clean, uptake: 0.000282
2025-06-13 01:41:39,199 NATHOI_clean, uptake: 0.002883
2025-06-13 01:41:52,336 NEHMUJ_clean, uptake: 0.000629
2025-06-13 01:41:52,873 NEBYOK_clean, uptake: 0.000627
2025-06-13 01:41:57,455 NODKEX_clean, uptake: 0.001998
2025-06-13 01:42:02,291 NIKHAS_clean, uptake: 0.000903
2025-06-13 01:42:12,607 NIMQEH_clean, uptake: 0.007439
2025-06-13 01:42:17,486 NIMQAC_clean, uptake: 0.000833
2025-06-13 01:42:23,659 NIRDOI_clean, uptake: 0.000207
2025-06-13 01:42:30,773 NIRFIE_clean, uptake: 0.000746
2025-06-13 01:42:33,015 NIMQAD_clean, uptake: 0.004665
2025-06-13 01:42:50,197 NENHEU_clean, uptake: 0.003320
2025-06-13 01:42:54,021 NUCPIM_clean, uptake: 0.002330
2025-06-13 01:42:55,723 NUMPAO_clean, uptake: 0.003216
2025-06-13 01:43:14,973 NUTQEZ_clean, uptake: 0.004106
2025-06-13 01:43:17,402 NIXKIQ_clean, uptake: 0.003235
2025-06-13 01:43:21,846 NUDLAB_clean, uptake: 0.001096
2025-06-13 01:43:36,620 NOMPOW_clean, uptake: 0.002740
2025-06-13 01:43:39,154 NODKIB_clean, uptake: 0.001217
2025-06-13 01:43:39,371 NUVWIL_clean, uptake: 0.001048
2025-06-13 01:43:50,471 NOFRIK_clean, uptake: 0.000383
2025-06-13 01:43:53,359 NUNZUT_clean, uptake: 0.001462
2025-06-13 01:44:01,682 NIXFUX_clean, uptake: 0.001295
2025-06-13 01:44:14,213 NUTYOS_clean, uptake: 0.003515
2025-06-13 01:44:24,833 OCEGIP_clean, uptake: 0.001023
2025-06-13 01:44:31,450 NORPIV_clean, uptake: 0.001665
2025-06-13 01:44:33,485 NIKKAU_clean, uptake: 0.001084
2025-06-13 01:44:35,813 NIXGIM_clean, uptake: 0.000952
2025-06-13 01:44:40,269 OCEGOV_clean, uptake: 0.000872
2025-06-13 01:44:45,581 NICZAA_clean, uptake: 0.001442
2025-06-13 01:44:50,918 NUDLEF_clean, uptake: 0.001455
2025-06-13 01:44:54,128 OBUBIW_clean, uptake: 0.000915
2025-06-13 01:44:57,956 OCIMIZ_clean, uptake: 0.001673
2025-06-13 01:45:01,777 OCILIY_clean, uptake: 0.001280
2025-06-13 01:45:04,254 OCILEU_clean, uptake: 0.001133
2025-06-13 01:45:08,825 OBENAL01_clean, uptake: 0.000106
2025-06-13 01:45:12,443 OCIMEV_clean, uptake: 0.001576
2025-06-13 01:45:16,358 OCIMAR_clean, uptake: 0.001541
2025-06-13 01:45:23,818 OBENAL_clean, uptake: 0.000096
2025-06-13 01:45:34,785 OCIMOF_clean, uptake: 0.001432
2025-06-13 01:45:40,766 OCUPOS_clean, uptake: 0.000661
2025-06-13 01:45:50,416 OCIMUL_clean, uptake: 0.001597
2025-06-13 01:45:56,801 OCINAS_clean, uptake: 0.001632
2025-06-13 01:45:59,414 LUTZEH_clean, uptake: 0.005971
2025-06-13 01:45:59,440 NOBWEI_clean, uptake: 0.003860
2025-06-13 01:45:59,449 OCUREK_clean, uptake: 0.000907
2025-06-13 01:46:00,751 OFAMUF_clean, uptake: 0.000327
2025-06-13 01:46:03,419 OCURIO_clean, uptake: 0.000697
2025-06-13 01:46:03,912 OFODAP_clean, uptake: 0.003774
2025-06-13 01:46:03,939 OCUTAI_clean, uptake: 0.001055
2025-06-13 01:46:20,617 MAMVED_charged, uptake: 0.001751
2025-06-13 01:46:28,229 OCIZAD_clean, uptake: 0.001325
2025-06-13 01:46:28,472 OFAPIW_clean, uptake: 0.001420
2025-06-13 01:46:34,390 NUZCIV_clean, uptake: 0.000638
2025-06-13 01:46:34,548 OFORUX_clean, uptake: 0.000490
2025-06-13 01:46:46,842 OCUMUX_clean, uptake: 0.001397
2025-06-13 01:46:56,751 OGIJIY_clean, uptake: 0.000824
2025-06-13 01:47:00,052 OGOJAX_clean, uptake: 0.003928
2025-06-13 01:47:04,717 OJOSEN_clean, uptake: 0.004872
2025-06-13 01:47:04,878 OFUFUR_clean, uptake: 0.000158
2025-06-13 01:47:11,941 OGUZIA_clean, uptake: 0.000429
2025-06-13 01:47:15,850 OHOLIH_clean, uptake: 0.001454
2025-06-13 01:47:16,630 NUSXEG_clean, uptake: 0.004740
2025-06-13 01:47:24,007 NUVXUZ_clean, uptake: 0.006903
2025-06-13 01:47:29,165 OJIWEK_clean, uptake: 0.001593
2025-06-13 01:47:31,777 OHATAT_clean, uptake: 0.000628
2025-06-13 01:47:47,582 ODIXIK_clean, uptake: 0.001163
2025-06-13 01:47:48,485 OJIFAP_clean, uptake: 0.001197
2025-06-13 01:47:50,217 OJOSIR_clean, uptake: 0.002632
2025-06-13 01:48:29,548 OKIZIT_clean, uptake: 0.003691
2025-06-13 01:48:55,294 OLANIA_clean, uptake: 0.001171
2025-06-13 01:49:07,160 OLOGAY_clean, uptake: 0.005659
2025-06-13 01:49:20,087 OMOWEU_clean, uptake: 0.002841
2025-06-13 01:49:28,930 OKOQOW_clean, uptake: 0.000706
2025-06-13 01:49:57,784 ONODOM_clean, uptake: 0.001176
2025-06-13 01:50:10,785 IMUKUW_clean, uptake: 0.004702
2025-06-13 01:50:27,007 OLOPIQ_clean, uptake: 0.001077
2025-06-13 01:50:28,630 OLOPOW_clean, uptake: 0.000812
2025-06-13 01:50:30,849 ONAWAC_clean, uptake: 0.000566
2025-06-13 01:50:52,605 MECWOH_clean, uptake: 0.001833
2025-06-13 01:50:55,691 ONAWEG_clean, uptake: 0.000446
2025-06-13 01:51:01,444 ONUJUE_clean, uptake: 0.001685
2025-06-13 01:51:02,770 OLODEA_clean, uptake: 0.001767
2025-06-13 01:51:04,657 OQUFAJ01_clean, uptake: 0.002559
2025-06-13 01:51:06,644 OJUNIS_clean, uptake: 0.005944
2025-06-13 01:51:27,118 OQEPEG_clean, uptake: 0.001038
2025-06-13 01:51:32,092 OQUFAJ03_clean, uptake: 0.002516
2025-06-13 01:52:14,510 OQUFIR_clean, uptake: 0.001849
2025-06-13 01:52:16,672 OSOTIB_clean, uptake: 0.004192
2025-06-13 01:52:19,294 OQUFUD_clean, uptake: 0.002430
2025-06-13 01:52:22,026 OTOYUT_clean, uptake: 0.002953
2025-06-13 01:52:27,838 OTOZAA_clean, uptake: 0.003152
2025-06-13 01:52:40,731 OJUPEQ_clean, uptake: 0.001330
2025-06-13 01:52:41,636 OPAHIY_clean, uptake: 0.002240
2025-06-13 01:52:45,249 MUWRIH_clean, uptake: 0.002987
2025-06-13 01:52:55,896 MIPHEA_clean, uptake: 0.003121
2025-06-13 01:52:55,910 OTOZEE_clean, uptake: 0.002641
2025-06-13 01:53:19,866 OMUMIU_clean, uptake: 0.001610
2025-06-13 01:53:20,884 OVIWOG_clean, uptake: 0.000476
2025-06-13 01:53:27,859 ONESUX_clean, uptake: 0.000147
2025-06-13 01:53:35,816 OVADAR_clean, uptake: 0.001497
2025-06-13 01:53:42,876 OVUVIL_clean, uptake: 0.002311
2025-06-13 01:53:57,061 OVIQER_clean, uptake: 0.001163
2025-06-13 01:53:58,220 OVUNIE_clean, uptake: 0.004612
2025-06-13 01:54:02,716 OXAMEG_clean, uptake: 0.001574
2025-06-13 01:54:04,582 OMUMEQ_clean, uptake: 0.001527
2025-06-13 01:54:18,533 OXANOR_clean, uptake: 0.002109
2025-06-13 01:54:20,743 OMUHUB_clean, uptake: 0.001304
2025-06-13 01:54:26,143 OXANUX_clean, uptake: 0.002031
2025-06-13 01:54:27,929 OXAPAF_clean, uptake: 0.001916
2025-06-13 01:54:46,172 OSUPUP_clean, uptake: 0.001645
2025-06-13 01:54:48,332 OREZUI_clean, uptake: 0.000952
2025-06-13 01:54:48,945 OSUPOJ_clean, uptake: 0.001631
2025-06-13 01:54:52,477 OZUKOK_clean, uptake: 0.000087
2025-06-13 01:55:12,220 OVEDAW_clean, uptake: 0.005139
2025-06-13 01:55:17,065 OSUQAW_clean, uptake: 0.001089
2025-06-13 01:55:17,742 OQUGAK_clean, uptake: 0.001462
2025-06-13 01:55:23,577 NOHQEI_clean, uptake: 0.004307
2025-06-13 01:55:30,873 PAFNAO_clean, uptake: 0.000384
2025-06-13 01:56:02,912 OYAKAC02_clean, uptake: 0.002004
2025-06-13 01:56:03,147 OKUJOV_clean, uptake: 0.004015
2025-06-13 01:56:06,480 PAPNUR_clean, uptake: 0.000292
2025-06-13 01:56:07,241 PACWOG_clean, uptake: 0.001389
2025-06-13 01:56:07,883 OYAJIJ02_clean, uptake: 0.002051
2025-06-13 01:56:10,844 OJUPIU_clean, uptake: 0.001445
2025-06-13 01:56:16,158 OYOVOP_clean, uptake: 0.001086
2025-06-13 01:56:25,042 PEKVUY_clean, uptake: 0.000613
2025-06-13 01:56:27,674 PACHUZ_clean, uptake: 0.000491
2025-06-13 01:56:33,013 PAQTIM_clean, uptake: 0.000666
2025-06-13 01:56:36,150 PAQTOS_clean, uptake: 0.000641
2025-06-13 01:56:51,851 PEQTUB_clean, uptake: 0.000571
2025-06-13 01:57:12,760 PETWES_clean, uptake: 0.003711
2025-06-13 01:57:13,434 PETWIW_clean, uptake: 0.003288
2025-06-13 01:57:17,991 PEKDEQ_clean, uptake: 0.002866
2025-06-13 01:57:23,825 PENYOX_clean, uptake: 0.000684
2025-06-13 01:57:25,626 PATLON_clean, uptake: 0.000202
2025-06-13 01:57:27,298 PARSAF_clean, uptake: 0.002067
2025-06-13 01:57:28,552 PARSEJ_clean, uptake: 0.002009
2025-06-13 01:57:38,836 OZASOZ_clean, uptake: 0.003053
2025-06-13 01:57:42,953 PEJMUO_clean, uptake: 0.002708
2025-06-13 01:57:53,820 PAQMOL_clean, uptake: 0.000562
2025-06-13 01:58:00,652 PALTIH_clean, uptake: 0.003208
2025-06-13 01:58:11,715 PIDNEX_clean, uptake: 0.007174
2025-06-13 01:58:16,996 PIBPAS_clean, uptake: 0.002602
2025-06-13 01:58:21,180 PENNIH_clean, uptake: 0.001568
2025-06-13 01:58:29,413 PAQMAY_clean, uptake: 0.003345
2025-06-13 01:58:29,435 PADHIM_clean, uptake: 0.000928
2025-06-13 01:58:35,793 PIWDAC_clean, uptake: 0.000719
2025-06-13 01:58:41,043 PILJAX_clean, uptake: 0.001091
2025-06-13 01:59:00,972 PIVBEC_clean, uptake: 0.004269
2025-06-13 01:59:04,634 PEWDAY_clean, uptake: 0.001101
2025-06-13 01:59:11,263 PITRIU_clean, uptake: 0.001700
2025-06-13 01:59:11,415 POBGAQ_clean, uptake: 0.005635
2025-06-13 01:59:13,615 PIYGUB_clean, uptake: 0.000534
2025-06-13 01:59:14,781 POBJIB_clean, uptake: 0.001317
2025-06-13 01:59:31,164 ORAWAH_clean, uptake: 0.003515
2025-06-13 01:59:35,641 PEMGEV_clean, uptake: 0.001071
2025-06-13 01:59:45,462 POCRAB_clean, uptake: 0.000891
2025-06-13 01:59:55,388 PUBSAH_clean, uptake: 0.003609
2025-06-13 02:00:01,091 LIBHAH_clean, uptake: 0.005255
2025-06-13 02:00:03,158 PUBSIP_clean, uptake: 0.003017
2025-06-13 02:00:10,682 POBGAQ01_clean, uptake: 0.006425
2025-06-13 02:00:18,256 PUBROU_clean, uptake: 0.003602
2025-06-13 02:00:19,857 PUBSEL_clean, uptake: 0.003398
2025-06-13 02:00:20,669 PEQFAT_clean, uptake: 0.002482
2025-06-13 02:00:33,637 PUCKUV_clean, uptake: 0.000690
2025-06-13 02:00:47,173 PUNSOH_clean, uptake: 0.001202
2025-06-13 02:00:52,954 PUPJER_clean, uptake: 0.002885
2025-06-13 02:00:53,574 PUSJUK_clean, uptake: 0.000270
2025-06-13 02:00:56,327 PIVWAT_clean, uptake: 0.000280
2025-06-13 02:01:02,830 PUBSOV_clean, uptake: 0.002765
2025-06-13 02:01:11,477 PIDNIB_clean, uptake: 0.001601
2025-06-13 02:01:13,209 PETWUI_clean, uptake: 0.002216
2025-06-13 02:01:15,895 QAHDUA_clean, uptake: 0.008196
2025-06-13 02:01:17,868 QAHDOU_clean, uptake: 0.007888
2025-06-13 02:01:23,337 PUWCAL_clean, uptake: 0.001777
2025-06-13 02:01:24,199 QADKAH01_clean, uptake: 0.000604
2025-06-13 02:01:24,921 PUWCIT_clean, uptake: 0.003450
2025-06-13 02:01:36,932 PUSSEC_clean, uptake: 0.000548
2025-06-13 02:01:38,462 QAMLEY_clean, uptake: 0.004287
2025-06-13 02:01:43,768 OKUKEM_clean, uptake: 0.004051
2025-06-13 02:01:51,380 QAMHAQ_clean, uptake: 0.001672
2025-06-13 02:02:01,693 OHAQAR_clean, uptake: 0.002982
2025-06-13 02:02:06,979 PIDNOH_clean, uptake: 0.000887
2025-06-13 02:02:13,229 QAXROW_clean, uptake: 0.000419
2025-06-13 02:02:14,076 QAPPON_clean, uptake: 0.000789
2025-06-13 02:02:25,658 QARLON_clean, uptake: 0.001555
2025-06-13 02:02:28,202 QARLUT_clean, uptake: 0.001509
2025-06-13 02:02:28,501 PUMGIP_clean, uptake: 0.001092
2025-06-13 02:02:28,512 QIKYOA_clean, uptake: 0.001962
2025-06-13 02:02:33,548 QAVPOU_clean, uptake: 0.001442
2025-06-13 02:02:36,623 PETXAP_clean, uptake: 0.002889
2025-06-13 02:02:38,152 QARMAA_clean, uptake: 0.001249
2025-06-13 02:02:46,063 PUWCEP_charged, uptake: 0.001700
2025-06-13 02:02:46,265 QINSUD01_clean, uptake: 0.001069
2025-06-13 02:02:50,355 PUBRUA_clean, uptake: 0.001771
2025-06-13 02:03:16,269 PUWZOX_clean, uptake: 0.001353
2025-06-13 02:03:29,873 QIFLIC_clean, uptake: 0.000742
2025-06-13 02:03:36,448 QOGGID_clean, uptake: 0.000725
2025-06-13 02:03:37,212 QISJEJ_clean, uptake: 0.000883
2025-06-13 02:03:39,349 QIWQES_clean, uptake: 0.003476
2025-06-13 02:03:45,709 QOTHOY_clean, uptake: 0.001277
2025-06-13 02:03:48,551 QOPDAA_clean, uptake: 0.001177
2025-06-13 02:03:51,947 QUJWEZ_clean, uptake: 0.001681
2025-06-13 02:03:53,320 QOZPEC_clean, uptake: 0.001961
2025-06-13 02:03:56,237 QUHYIB01_clean, uptake: 0.000425
2025-06-13 02:04:01,408 QUNMUI_clean, uptake: 0.000971
2025-06-13 02:04:24,181 QIWHEL_clean, uptake: 0.001288
2025-06-13 02:04:30,062 QIYDAF01_clean, uptake: 0.011017
2025-06-13 02:04:38,143 QOGREK_clean, uptake: 0.000829
2025-06-13 02:04:43,552 QETQIP_clean, uptake: 0.001770
2025-06-13 02:05:00,647 QUQGEP_neutral, uptake: 0.000164
2025-06-13 02:05:00,767 QUQPIC_clean, uptake: 0.002844
2025-06-13 02:05:23,947 QUTDAM_clean, uptake: 0.004265
2025-06-13 02:05:25,172 QUSSOO_clean, uptake: 0.000426
2025-06-13 02:05:32,607 QUQZOS_clean, uptake: 0.001005
2025-06-13 02:06:01,212 RACZIG_clean, uptake: 0.000752
2025-06-13 02:06:01,857 QUQMOG_clean, uptake: 0.001462
2025-06-13 02:06:05,999 RAQVAG_clean, uptake: 0.000693
2025-06-13 02:06:20,533 QOGPIM_clean, uptake: 0.001730
2025-06-13 02:06:33,378 QUQQOJ_clean, uptake: 0.000548
2025-06-13 02:06:34,791 QUSSAA_clean, uptake: 0.000362
2025-06-13 02:06:42,084 RAXBOJ_clean, uptake: 0.000661
2025-06-13 02:06:43,356 RANCEQ_clean, uptake: 0.007190
2025-06-13 02:06:48,058 RANVUA_clean, uptake: 0.004401
2025-06-13 02:06:50,021 RAZXIA01_clean, uptake: 0.000674
2025-06-13 02:06:56,524 RAZXIA03_clean, uptake: 0.000515
2025-06-13 02:07:15,502 QEZLIS_clean, uptake: 0.000145
2025-06-13 02:07:23,600 RAZXIA04_clean, uptake: 0.000435
2025-06-13 02:07:25,307 QILBUK_clean, uptake: 0.003722
2025-06-13 02:08:09,483 REFHUH_clean, uptake: 0.000337
2025-06-13 02:08:10,671 REHHIX_clean, uptake: 0.002717
2025-06-13 02:08:14,312 REJLOI_clean, uptake: 0.001033
2025-06-13 02:08:16,397 REHRON_clean, uptake: 0.001159
2025-06-13 02:08:19,487 RELLAW_clean, uptake: 0.002607
2025-06-13 02:08:21,344 REHHET_clean, uptake: 0.002475
2025-06-13 02:08:44,615 QAJJOD_clean, uptake: 0.002758
2025-06-13 02:08:44,825 REHHUJ_clean, uptake: 0.002503
2025-06-13 02:08:45,660 REHJAR_clean, uptake: 0.002182
2025-06-13 02:09:03,851 RESDUQ_clean, uptake: 0.003191
2025-06-13 02:09:06,235 RETVIW_clean, uptake: 0.000443
2025-06-13 02:09:10,646 RESZIA_clean, uptake: 0.001889
2025-06-13 02:09:19,342 RIZXUT_clean, uptake: 0.003400
2025-06-13 02:09:19,406 RITGUY_clean, uptake: 0.000686
2025-06-13 02:09:39,083 QURPOK_clean, uptake: 0.001335
2025-06-13 02:10:09,187 REXCEE_clean, uptake: 0.001695
2025-06-13 02:10:21,046 RITGEI_clean, uptake: 0.000855
2025-06-13 02:10:23,228 QURPIE_clean, uptake: 0.001993
2025-06-13 02:10:57,818 ROMMAJ_clean, uptake: 0.002809
2025-06-13 02:11:02,854 NOBWUY_clean, uptake: 0.003284
2025-06-13 02:11:02,929 RIPWEU_clean, uptake: 0.000243
2025-06-13 02:11:08,309 RONSOE_clean, uptake: 0.000805
2025-06-13 02:11:19,641 ROBYOY_clean, uptake: 0.001651
2025-06-13 02:11:34,643 REKZIR_clean, uptake: 0.000274
2025-06-13 02:11:35,163 REHTUV_clean, uptake: 0.001388
2025-06-13 02:11:50,708 RIRDIH_clean, uptake: 0.001099
2025-06-13 02:11:58,820 ROKROA_clean, uptake: 0.003028
2025-06-13 02:12:00,165 REXGAE_clean, uptake: 0.004969
2025-06-13 02:12:03,236 RORTID_clean, uptake: 0.002238
2025-06-13 02:12:10,876 QITHAC_clean, uptake: 0.001998
2025-06-13 02:12:27,217 ROKRIU_clean, uptake: 0.002681
2025-06-13 02:12:39,207 RORTOJ_clean, uptake: 0.002317
2025-06-13 02:12:44,224 RORTUP_clean, uptake: 0.002368
2025-06-13 02:12:52,015 RUBLUX_clean, uptake: 0.003141
2025-06-13 02:13:15,265 RUDQUD01_clean, uptake: 0.000800
2025-06-13 02:13:21,352 RUDQOX_clean, uptake: 0.000429
2025-06-13 02:13:34,495 RUDPOW_clean, uptake: 0.000607
2025-06-13 02:13:35,554 RUFPUF_clean, uptake: 0.009002
2025-06-13 02:13:47,995 QITHEG_clean, uptake: 0.001062
2025-06-13 02:14:04,042 RUGXIB_clean, uptake: 0.000223
2025-06-13 02:14:04,271 RUDQEN_clean, uptake: 0.000213
2025-06-13 02:14:15,099 QURNOI_clean, uptake: 0.001733
2025-06-13 02:14:22,859 OKUJUB_clean, uptake: 0.004341
2025-06-13 02:14:24,228 RUFZOJ_clean, uptake: 0.003316
2025-06-13 02:14:36,853 RIWNAO_clean, uptake: 0.001915
2025-06-13 02:14:47,012 RUHDII_clean, uptake: 0.000219
2025-06-13 02:14:49,852 RUBTAK04_clean, uptake: 0.001509
2025-06-13 02:14:56,938 RUBTAK05_clean, uptake: 0.001514
2025-06-13 02:15:07,986 RUQVEF_clean, uptake: 0.002951
2025-06-13 02:15:11,541 RUBTAK06_clean, uptake: 0.001514
2025-06-13 02:15:12,527 RUBTAK07_clean, uptake: 0.001495
2025-06-13 02:15:24,080 RUGXUO_clean, uptake: 0.002090
2025-06-13 02:15:26,500 RUBTAK08_clean, uptake: 0.001530
2025-06-13 02:15:36,778 RUBTAK09_clean, uptake: 0.001535
2025-06-13 02:15:48,917 RURQEB_clean, uptake: 0.000373
2025-06-13 02:15:54,597 SABFUX_clean, uptake: 0.003521
2025-06-13 02:15:55,885 SAJRAW11_clean, uptake: 0.002471
2025-06-13 02:16:01,928 RUVRUX_clean, uptake: 0.000713
2025-06-13 02:16:08,822 RUMWUS_clean, uptake: 0.001776
2025-06-13 02:16:18,574 RUSWEJ_clean, uptake: 0.000203
2025-06-13 02:16:21,746 SALRUU_clean, uptake: 0.000892
2025-06-13 02:16:28,555 RUGXIC_clean, uptake: 0.002986
2025-06-13 02:16:45,762 SALROO_clean, uptake: 0.001458
2025-06-13 02:16:51,392 SAMVIO_clean, uptake: 0.002108
2025-06-13 02:17:13,560 RUJMAM_clean, uptake: 0.005522
2025-06-13 02:17:40,319 RUKHAI_clean, uptake: 0.003489
2025-06-13 02:17:43,354 RULMUI_clean, uptake: 0.003095
2025-06-13 02:17:46,532 RUYNEG_clean, uptake: 0.001458
2025-06-13 02:17:54,664 SANGIA_clean, uptake: 0.001384
2025-06-13 02:17:58,379 SANGOG_clean, uptake: 0.001391
2025-06-13 02:18:01,519 SAJHUJ_clean, uptake: 0.001053
2025-06-13 02:18:04,774 SANHEX_clean, uptake: 0.001393
2025-06-13 02:18:09,061 PITPIT_clean, uptake: 0.000843
2025-06-13 02:18:09,975 SARPIL_clean, uptake: 0.003393
2025-06-13 02:19:02,679 RUYKAZ_clean, uptake: 0.001461
2025-06-13 02:19:04,588 SEFTOO_clean, uptake: 0.002243
2025-06-13 02:19:09,256 SAMXUC_clean, uptake: 0.000399
2025-06-13 02:19:09,550 SEFVOQ_clean, uptake: 0.002020
2025-06-13 02:19:10,739 SAMYAJ_clean, uptake: 0.000387
2025-06-13 02:19:16,212 SENQAE_clean, uptake: 0.000634
2025-06-13 02:19:28,518 SAMYIR_clean, uptake: 0.000383
2025-06-13 02:19:28,592 SAMYEN_clean, uptake: 0.000370
2025-06-13 02:19:34,625 SEHMAU_clean, uptake: 0.000394
2025-06-13 02:19:34,902 SENWAL_clean, uptake: 0.004460
2025-06-13 02:19:35,340 SAPHOI_clean, uptake: 0.001965
2025-06-13 02:19:39,889 SENWIT_clean, uptake: 0.003970
2025-06-13 02:19:40,673 SENWOZ_clean, uptake: 0.004097
2025-06-13 02:19:43,541 SEHMIC_clean, uptake: 0.000422
2025-06-13 02:19:45,114 SEJHAR_clean, uptake: 0.000271
2025-06-13 02:19:46,408 SENWEP_clean, uptake: 0.001682
2025-06-13 02:19:56,260 SEHMUO_clean, uptake: 0.000968
2025-06-13 02:19:58,202 SEHNEZ_clean, uptake: 0.000916
2025-06-13 02:20:01,747 SERKEG_clean, uptake: 0.001432
2025-06-13 02:20:15,255 SAKNOJ_clean, uptake: 0.003582
2025-06-13 02:20:29,620 SEZPIY_clean, uptake: 0.001033
2025-06-13 02:20:33,309 SEMPUX_clean, uptake: 0.001510
2025-06-13 02:20:45,304 SIVGAH_clean, uptake: 0.001687
2025-06-13 02:21:02,440 SINLAE_clean, uptake: 0.000970
2025-06-13 02:21:07,182 SETTAO_clean, uptake: 0.006337
2025-06-13 02:21:07,562 SERWET_clean, uptake: 0.001847
2025-06-13 02:21:07,903 RUYGEZ_clean, uptake: 0.003063
2025-06-13 02:21:09,143 SERWIX_clean, uptake: 0.002117
2025-06-13 02:21:34,101 SESLUZ_clean, uptake: 0.000841
2025-06-13 02:21:36,003 SONTEV_clean, uptake: 0.001154
2025-06-13 02:21:39,126 SOPLIU_clean, uptake: 0.003256
2025-06-13 02:21:48,431 SUKKOZ_clean, uptake: 0.000448
2025-06-13 02:21:59,019 SITFUY_clean, uptake: 0.003928
2025-06-13 02:21:59,928 SETSUH_clean, uptake: 0.005670
2025-06-13 02:22:06,888 SROXAL01_clean, uptake: 0.000468
2025-06-13 02:22:20,932 SETXIA_clean, uptake: 0.001037
2025-06-13 02:22:27,286 SOVHIU_clean, uptake: 0.001215
2025-06-13 02:22:39,596 SICCAK_clean, uptake: 0.000739
2025-06-13 02:22:52,433 SOKXIB_clean, uptake: 0.003702
2025-06-13 02:23:09,432 ROQFUA07_clean, uptake: 0.004497
2025-06-13 02:23:21,129 SUPQAW_clean, uptake: 0.006695
2025-06-13 02:23:31,910 ROQFUA08_clean, uptake: 0.004529
2025-06-13 02:23:59,947 SOKXOH_clean, uptake: 0.007604
2025-06-13 02:24:04,190 SUKMAO_clean, uptake: 0.002707
2025-06-13 02:24:05,811 SUSMIE01_clean, uptake: 0.000504
2025-06-13 02:24:07,656 TACFIN01_clean, uptake: 0.000561
2025-06-13 02:24:21,238 SUKKUG_clean, uptake: 0.002713
2025-06-13 02:24:21,936 ROQNES05_clean, uptake: 0.004852
2025-06-13 02:24:25,219 TACFIN02_clean, uptake: 0.000637
2025-06-13 02:24:36,444 ROQMER04_clean, uptake: 0.005149
2025-06-13 02:24:54,006 SUNLAP_clean, uptake: 0.011633
2025-06-13 02:25:04,206 TACQUK_clean, uptake: 0.000979
2025-06-13 02:25:11,035 SURHEU01_clean, uptake: 0.001488
2025-06-13 02:25:11,353 SUXNIJ_clean, uptake: 0.001341
2025-06-13 02:25:14,211 SUXSEL_clean, uptake: 0.001770
2025-06-13 02:25:14,925 SURHEU02_clean, uptake: 0.001428
2025-06-13 02:25:29,423 SURHEU_clean, uptake: 0.001441
2025-06-13 02:25:32,506 SURKUN_clean, uptake: 0.001486
2025-06-13 02:25:33,503 SURKUN01_clean, uptake: 0.001503
2025-06-13 02:25:44,539 SURLEY_clean, uptake: 0.001506
2025-06-13 02:25:58,024 TAWSUI_clean, uptake: 0.001471
2025-06-13 02:26:01,741 TAJTOQ01_clean, uptake: 0.000601
2025-06-13 02:26:02,154 SUWZOB_clean, uptake: 0.001788
2025-06-13 02:26:03,403 TAJTOQ_clean, uptake: 0.000722
2025-06-13 02:26:16,398 TAJVOS_clean, uptake: 0.000703
2025-06-13 02:26:17,289 TAJWAF01_clean, uptake: 0.000692
2025-06-13 02:26:20,013 TAJWAF02_clean, uptake: 0.000652
2025-06-13 02:26:31,683 TAJWAF_clean, uptake: 0.000640
2025-06-13 02:26:33,685 RAHPAT_clean, uptake: 0.004496
2025-06-13 02:26:33,836 TADWOM_clean, uptake: 0.002795
2025-06-13 02:26:42,184 TATSAK_clean, uptake: 0.001838
2025-06-13 02:26:42,765 SOHMOS_clean, uptake: 0.000514
2025-06-13 02:26:47,155 TEQPEM_SL, uptake: 0.005688
2025-06-13 02:27:00,430 INIGOD_clean, uptake: 0.001386
2025-06-13 02:27:00,450 TAPLED_clean, uptake: 0.001510
2025-06-13 02:27:00,459 TANNUT_clean, uptake: 0.000524
2025-06-13 02:27:01,406 TAZLAJ_clean, uptake: 0.002782
2025-06-13 02:27:01,522 TERFED_clean, uptake: 0.001216
2025-06-13 02:27:02,360 TAVSER_clean, uptake: 0.000933
2025-06-13 02:27:06,888 TAZLEN_clean, uptake: 0.002863
2025-06-13 02:27:07,043 TILWEQ_clean, uptake: 0.002266
2025-06-13 02:27:13,996 TATYOF_clean, uptake: 0.000176
2025-06-13 02:27:29,629 TEQVOC_clean, uptake: 0.000489
2025-06-13 02:27:36,542 SAWJAC_clean, uptake: 0.000501
2025-06-13 02:27:54,939 TEQLIM_clean, uptake: 0.003475
2025-06-13 02:28:03,080 TIDSEE_clean, uptake: 0.000174
2025-06-13 02:28:04,645 TIVYAZ_clean, uptake: 0.003045
2025-06-13 02:28:19,902 TOHZAS_clean, uptake: 0.001829
2025-06-13 02:28:26,493 SUGSEU_clean, uptake: 0.003354
2025-06-13 02:28:30,641 TOFLIL_clean, uptake: 0.001446
2025-06-13 02:28:32,051 TILBIB01_clean, uptake: 0.001713
2025-06-13 02:28:37,708 QAFDOQ_clean, uptake: 0.002055
2025-06-13 02:28:37,766 TIPZUP_clean, uptake: 0.000151
2025-06-13 02:28:37,795 TILBIB_clean, uptake: 0.001708
2025-06-13 02:28:37,803 TILBOH_clean, uptake: 0.001564
2025-06-13 02:28:37,811 TIRKEM_clean, uptake: 0.001119
2025-06-13 02:28:39,961 SUXGUP_clean, uptake: 0.000219
2025-06-13 02:28:41,135 TEPJAB_clean, uptake: 0.002110
2025-06-13 02:28:45,580 TIPZOJ_clean, uptake: 0.000426
2025-06-13 02:29:00,268 TOKLEM_clean, uptake: 0.000949
2025-06-13 02:29:12,129 TEVHEJ_clean, uptake: 0.003181
2025-06-13 02:29:16,291 TOKLIQ_clean, uptake: 0.001054
2025-06-13 02:29:18,490 TIZFUF_clean, uptake: 0.000287
2025-06-13 02:29:24,088 TOHMIO_clean, uptake: 0.001555
2025-06-13 02:29:30,529 TORXEE_clean, uptake: 0.002801
2025-06-13 02:29:43,341 TOWMOJ_clean, uptake: 0.002948
2025-06-13 02:29:47,961 TOKKOV_clean, uptake: 0.000842
2025-06-13 02:30:22,227 TOXNAX_clean, uptake: 0.000597
2025-06-13 02:30:25,859 TONKIR_clean, uptake: 0.002107
2025-06-13 02:30:43,201 TUWFUN_clean, uptake: 0.001472
2025-06-13 02:30:48,137 ONEYIQ_clean, uptake: 0.003796
2025-06-13 02:30:48,150 TOWMEZ_clean, uptake: 0.001000
2025-06-13 02:30:49,088 UBACUX_clean, uptake: 0.001340
2025-06-13 02:30:51,216 TOTVEF_clean, uptake: 0.000274
2025-06-13 02:30:58,708 TOVKAS_clean, uptake: 0.002739
2025-06-13 02:31:02,037 TILPUA_clean, uptake: 0.001535
2025-06-13 02:31:10,956 TUYJII_clean, uptake: 0.000596
2025-06-13 02:31:18,237 RAHNUL_clean, uptake: 0.004893
2025-06-13 02:31:25,201 QADDEF_clean, uptake: 0.000586
2025-06-13 02:31:36,660 UDALUI_clean, uptake: 0.008251
2025-06-13 02:31:48,162 UDAWUU_clean, uptake: 0.001552
2025-06-13 02:31:54,398 UDANIY_clean, uptake: 0.008611
2025-06-13 02:31:56,642 UDAMET_clean, uptake: 0.001598
2025-06-13 02:32:26,432 TUJFUB_clean, uptake: 0.000992
2025-06-13 02:32:26,969 UDAXAB_clean, uptake: 0.001243
2025-06-13 02:32:27,079 TUJGAI_clean, uptake: 0.000912
2025-06-13 02:32:29,963 UDAWOO_clean, uptake: 0.001461
2025-06-13 02:32:31,647 UDAXEF_clean, uptake: 0.001462
2025-06-13 02:32:36,163 UDIQII_clean, uptake: 0.000976
2025-06-13 02:32:43,925 TOWMID_clean, uptake: 0.001146
2025-06-13 02:32:49,181 UDAXIJ_clean, uptake: 0.001341
2025-06-13 02:32:50,286 TOVHET_clean, uptake: 0.002785
2025-06-13 02:32:54,138 UJEGUL_clean, uptake: 0.001281
2025-06-13 02:32:54,921 TURBUE_clean, uptake: 0.000851
2025-06-13 02:33:32,994 TOVGUI_clean, uptake: 0.002130
2025-06-13 02:33:45,875 TIMMEI_clean, uptake: 0.000496
