2025-06-13 07:01:09,409 INFO: Start run: 112/112, CPUs=10
2025-06-13 07:06:52,563 INFO: Start run: 112/112, CPUs=30
2025-06-13 07:07:31,775 INFO: Start run: 112/112, CPUs=30
2025-06-13 07:08:11,393 INFO: Start run: 112/112, CPUs=30
2025-06-13 07:08:57,282 INFO: 1/112 completed: cm503311x_alf425K_clean took 1.31s | win_avg(1)=1.31s | ETA@30cpus=4.85s(0.08min)
2025-06-13 07:08:57,508 INFO: 2/112 completed: YEFNIG_clean took 1.54s | win_avg(2)=1.43s | ETA@30cpus=5.23s(0.09min)
2025-06-13 07:08:57,929 INFO: 3/112 completed: AVETEC_clean took 1.94s | win_avg(3)=1.60s | ETA@30cpus=5.80s(0.10min)
2025-06-13 07:08:58,156 INFO: 4/112 completed: GIFKIP_clean took 2.19s | win_avg(4)=1.75s | ETA@30cpus=6.28s(0.10min)
2025-06-13 07:08:58,260 INFO: 5/112 completed: BIMDEF_clean took 2.29s | win_avg(5)=1.85s | ETA@30cpus=6.61s(0.11min)
2025-06-13 07:08:58,261 INFO: 6/112 completed: LADKIN_clean took 2.29s | win_avg(6)=1.93s | ETA@30cpus=6.81s(0.11min)
2025-06-13 07:08:58,572 INFO: 7/112 completed: BEPMIU_clean took 2.60s | win_avg(7)=2.02s | ETA@30cpus=7.08s(0.12min)
2025-06-13 07:08:58,602 INFO: 8/112 completed: PAPNUR_clean took 2.63s | win_avg(8)=2.10s | ETA@30cpus=7.28s(0.12min)
2025-06-13 07:08:58,611 INFO: 9/112 completed: BAKYOE_clean took 2.64s | win_avg(9)=2.16s | ETA@30cpus=7.41s(0.12min)
2025-06-13 07:08:58,706 INFO: 10/112 completed: FIHHOV_clean took 2.70s | win_avg(10)=2.21s | ETA@30cpus=7.52s(0.13min)
2025-06-13 07:08:58,708 INFO: 11/112 completed: cm503311x_alf70K_clean took 1.42s | win_avg(10)=2.22s | ETA@30cpus=7.49s(0.12min)
2025-06-13 07:08:58,709 INFO: 12/112 completed: c5dt00281h_c5dt00281h2_clean took 2.74s | win_avg(10)=2.34s | ETA@30cpus=7.81s(0.13min)
2025-06-13 07:08:58,738 INFO: 13/112 completed: BUGSAY_clean took 2.77s | win_avg(10)=2.43s | ETA@30cpus=8.01s(0.13min)
2025-06-13 07:08:58,768 INFO: 14/112 completed: BUGSEC_clean took 2.80s | win_avg(10)=2.49s | ETA@30cpus=8.12s(0.14min)
2025-06-13 07:08:58,831 INFO: 15/112 completed: APETAS_clean took 2.86s | win_avg(10)=2.54s | ETA@30cpus=8.23s(0.14min)
2025-06-13 07:08:59,024 INFO: 16/112 completed: UDAXAB_clean took 2.99s | win_avg(10)=2.61s | ETA@30cpus=8.36s(0.14min)
2025-06-13 07:08:59,060 INFO: 17/112 completed: ABEXEN_clean took 3.06s | win_avg(10)=2.66s | ETA@30cpus=8.42s(0.14min)
2025-06-13 07:08:59,135 INFO: 18/112 completed: RAXBOJ_clean took 3.16s | win_avg(10)=2.71s | ETA@30cpus=8.50s(0.14min)
2025-06-13 07:08:59,705 INFO: 19/112 completed: cg050585esi20051105_115011_clean took 3.74s | win_avg(10)=2.82s | ETA@30cpus=8.75s(0.15min)
2025-06-13 07:08:59,933 INFO: 20/112 completed: TAJVOS_clean took 3.94s | win_avg(10)=2.95s | ETA@30cpus=9.04s(0.15min)
2025-06-13 07:09:00,131 INFO: 21/112 completed: LATBUG_clean took 3.98s | win_avg(10)=3.20s | ETA@30cpus=9.72s(0.16min)
2025-06-13 07:09:00,152 INFO: 22/112 completed: cg3015354_si_002_clean took 4.13s | win_avg(10)=3.34s | ETA@30cpus=10.03s(0.17min)
2025-06-13 07:09:00,309 INFO: 23/112 completed: DIWNAA_clean took 1.70s | win_avg(10)=3.24s | ETA@30cpus=9.60s(0.16min)
2025-06-13 07:09:00,472 INFO: 24/112 completed: CUWNOZ_clean took 2.30s | win_avg(10)=3.19s | ETA@30cpus=9.35s(0.16min)
2025-06-13 07:09:00,509 INFO: 25/112 completed: CUWVAT_clean took 2.25s | win_avg(10)=3.12s | ETA@30cpus=9.06s(0.15min)
2025-06-13 07:09:00,739 INFO: 26/112 completed: cg8002564_si_008_clean took 4.77s | win_avg(10)=3.30s | ETA@30cpus=9.47s(0.16min)
2025-06-13 07:09:00,807 INFO: 27/112 completed: HOJLEY_clean took 1.74s | win_avg(10)=3.17s | ETA@30cpus=8.99s(0.15min)
2025-06-13 07:09:00,819 INFO: 28/112 completed: GEBCAT_clean took 2.05s | win_avg(10)=3.06s | ETA@30cpus=8.57s(0.14min)
2025-06-13 07:09:01,067 INFO: 29/112 completed: AMIMAL_clean took 5.06s | win_avg(10)=3.19s | ETA@30cpus=8.83s(0.15min)
2025-06-13 07:09:01,094 INFO: 30/112 completed: ECIYEU01_clean took 2.48s | win_avg(10)=3.05s | ETA@30cpus=8.33s(0.14min)
2025-06-13 07:09:01,378 INFO: 31/112 completed: HOMXIR_manual took 2.20s | win_avg(10)=2.87s | ETA@30cpus=7.74s(0.13min)
2025-06-13 07:09:01,723 INFO: 32/112 completed: EMAMOW_clean took 2.78s | win_avg(10)=2.73s | ETA@30cpus=7.29s(0.12min)
2025-06-13 07:09:01,751 INFO: 33/112 completed: CIRTUU_clean took 5.46s | win_avg(10)=3.11s | ETA@30cpus=8.19s(0.14min)
2025-06-13 07:09:01,770 INFO: 34/112 completed: DADLOM_clean took 3.29s | win_avg(10)=3.21s | ETA@30cpus=8.34s(0.14min)
2025-06-13 07:09:01,770 INFO: 35/112 completed: ESEDIQ_clean took 2.94s | win_avg(10)=3.28s | ETA@30cpus=8.41s(0.14min)
2025-06-13 07:09:01,783 INFO: 36/112 completed: ZARTAP02_clean took 5.80s | win_avg(10)=3.38s | ETA@30cpus=8.56s(0.14min)
2025-06-13 07:09:01,923 INFO: 37/112 completed: CURZEV_clean took 3.96s | win_avg(10)=3.60s | ETA@30cpus=9.00s(0.15min)
2025-06-13 07:09:02,997 INFO: 38/112 completed: EMIREX_clean took 7.02s | win_avg(10)=4.10s | ETA@30cpus=10.11s(0.17min)
2025-06-13 07:09:03,253 INFO: 39/112 completed: ja205976v_si_006_clean took 2.44s | win_avg(10)=3.84s | ETA@30cpus=9.34s(0.16min)
2025-06-13 07:09:03,257 INFO: 40/112 completed: IGINIX01_clean took 3.10s | win_avg(10)=3.90s | ETA@30cpus=9.36s(0.16min)
2025-06-13 07:09:03,257 INFO: 41/112 completed: IXAMAW_clean took 2.51s | win_avg(10)=3.93s | ETA@30cpus=9.30s(0.16min)
2025-06-13 07:09:03,276 INFO: 42/112 completed: GIWCAR_ion_b took 4.42s | win_avg(10)=4.09s | ETA@30cpus=9.55s(0.16min)
2025-06-13 07:09:03,379 INFO: 43/112 completed: LAWGAS_clean took 2.26s | win_avg(10)=3.77s | ETA@30cpus=8.68s(0.14min)
2025-06-13 07:09:03,518 INFO: 44/112 completed: ILUHUT_clean took 3.04s | win_avg(10)=3.75s | ETA@30cpus=8.50s(0.14min)
2025-06-13 07:09:03,523 INFO: 45/112 completed: ic060030osi20060309_091447_clean took 3.58s | win_avg(10)=3.81s | ETA@30cpus=8.52s(0.14min)
2025-06-13 07:09:03,660 INFO: 46/112 completed: GADNUX_clean took 4.79s | win_avg(10)=3.71s | ETA@30cpus=8.17s(0.14min)
2025-06-13 07:09:03,851 INFO: 47/112 completed: IGAGUU_clean took 3.66s | win_avg(10)=3.68s | ETA@30cpus=7.98s(0.13min)
2025-06-13 07:09:03,875 INFO: 48/112 completed: ILOJEZ_clean took 3.56s | win_avg(10)=3.34s | ETA@30cpus=7.12s(0.12min)
2025-06-13 07:09:04,486 INFO: 49/112 completed: COPXOV_clean took 6.92s | win_avg(10)=3.78s | ETA@30cpus=7.94s(0.13min)
2025-06-13 07:09:04,679 INFO: 50/112 completed: HOQMIL04_clean took 4.74s | win_avg(10)=3.95s | ETA@30cpus=8.16s(0.14min)
2025-06-13 07:09:04,698 INFO: 51/112 completed: LOMLUW_clean took 2.50s | win_avg(10)=3.95s | ETA@30cpus=8.02s(0.13min)
2025-06-13 07:09:04,710 INFO: 52/112 completed: c5sc00614g_c5sc00614g2_clean took 8.31s | win_avg(10)=4.33s | ETA@30cpus=8.67s(0.14min)
2025-06-13 07:09:05,259 INFO: 53/112 completed: KITVEQ_clean took 4.43s | win_avg(10)=4.55s | ETA@30cpus=8.95s(0.15min)
2025-06-13 07:09:05,746 INFO: 54/112 completed: ITIWEO_clean took 5.22s | win_avg(10)=4.77s | ETA@30cpus=9.22s(0.15min)
2025-06-13 07:09:06,237 INFO: 55/112 completed: KIXKOS_ion_b took 5.15s | win_avg(10)=4.93s | ETA@30cpus=9.36s(0.16min)
2025-06-13 07:09:06,319 INFO: 56/112 completed: LEQQEE_clean took 4.93s | win_avg(10)=4.94s | ETA@30cpus=9.22s(0.15min)
2025-06-13 07:09:07,182 INFO: 57/112 completed: HASTAY_clean took 8.13s | win_avg(10)=5.39s | ETA@30cpus=9.88s(0.16min)
2025-06-13 07:09:07,770 INFO: 58/112 completed: MIXBAY_clean took 4.51s | win_avg(10)=5.48s | ETA@30cpus=9.87s(0.16min)
2025-06-13 07:09:07,771 INFO: 59/112 completed: LUFNAC05_clean took 5.99s | win_avg(10)=5.39s | ETA@30cpus=9.52s(0.16min)
2025-06-13 07:09:08,054 INFO: 60/112 completed: UZUXOE_clean took 11.81s | win_avg(10)=6.10s | ETA@30cpus=10.57s(0.18min)
2025-06-13 07:09:08,057 INFO: 61/112 completed: NAPZUB_clean took 4.47s | win_avg(10)=6.29s | ETA@30cpus=10.70s(0.18min)
2025-06-13 07:09:08,058 INFO: 62/112 completed: LEQVIN_clean took 6.18s | win_avg(10)=6.08s | ETA@30cpus=10.14s(0.17min)
2025-06-13 07:09:08,268 INFO: 63/112 completed: OMEWUZ_clean took 4.75s | win_avg(10)=6.11s | ETA@30cpus=9.99s(0.17min)
2025-06-13 07:09:08,352 INFO: 64/112 completed: MOXNUK_clean took 5.08s | win_avg(10)=6.10s | ETA@30cpus=9.76s(0.16min)
2025-06-13 07:09:09,037 INFO: 65/112 completed: MIJMAU_clean took 5.77s | win_avg(10)=6.16s | ETA@30cpus=9.66s(0.16min)
2025-06-13 07:09:09,725 INFO: 66/112 completed: OWIJOV_clean took 5.67s | win_avg(10)=6.24s | ETA@30cpus=9.56s(0.16min)
2025-06-13 07:09:09,885 INFO: 67/112 completed: ROQRAS_clean took 5.17s | win_avg(10)=5.94s | ETA@30cpus=8.91s(0.15min)
2025-06-13 07:09:09,950 INFO: 68/112 completed: LETPUX_clean took 8.14s | win_avg(10)=6.30s | ETA@30cpus=9.25s(0.15min)
2025-06-13 07:09:09,978 INFO: 69/112 completed: OTAVAH_clean took 6.12s | win_avg(10)=6.32s | ETA@30cpus=9.05s(0.15min)
2025-06-13 07:09:09,984 INFO: 70/112 completed: REXCUU_clean took 5.30s | win_avg(10)=5.67s | ETA@30cpus=7.93s(0.13min)
2025-06-13 07:09:10,567 INFO: 71/112 completed: QEFWUV_clean took 6.03s | win_avg(10)=5.82s | ETA@30cpus=7.96s(0.13min)
2025-06-13 07:09:10,643 INFO: 72/112 completed: RUGJEK_clean took 5.38s | win_avg(10)=5.74s | ETA@30cpus=7.66s(0.13min)
2025-06-13 07:09:10,724 INFO: 73/112 completed: SAHBAF_clean took 4.97s | win_avg(10)=5.76s | ETA@30cpus=7.49s(0.12min)
2025-06-13 07:09:11,094 INFO: 74/112 completed: MIFTEC_clean took 9.00s | win_avg(10)=6.16s | ETA@30cpus=7.80s(0.13min)
2025-06-13 07:09:11,095 INFO: 75/112 completed: MIFROK_clean took 9.14s | win_avg(10)=6.49s | ETA@30cpus=8.01s(0.13min)
2025-06-13 07:09:11,099 INFO: 76/112 completed: SIKJOM_clean took 4.75s | win_avg(10)=6.40s | ETA@30cpus=7.68s(0.13min)
2025-06-13 07:09:11,395 INFO: 77/112 completed: DALVIY_clean took 12.60s | win_avg(10)=7.14s | ETA@30cpus=8.33s(0.14min)
2025-06-13 07:09:11,767 INFO: 78/112 completed: NAHNES_clean took 8.41s | win_avg(10)=7.17s | ETA@30cpus=8.13s(0.14min)
2025-06-13 07:09:12,196 INFO: 79/112 completed: SOMFIK_clean took 4.42s | win_avg(10)=7.00s | ETA@30cpus=7.70s(0.13min)
2025-06-13 07:09:12,621 INFO: 80/112 completed: SIVVAW_clean took 5.44s | win_avg(10)=7.01s | ETA@30cpus=7.48s(0.12min)
2025-06-13 07:09:12,790 INFO: 81/112 completed: AYOQEM_clean took 16.65s | win_avg(10)=8.08s | ETA@30cpus=8.35s(0.14min)
2025-06-13 07:09:12,812 INFO: 82/112 completed: TASWOB_clean took 4.44s | win_avg(10)=7.98s | ETA@30cpus=7.98s(0.13min)
2025-06-13 07:09:12,841 INFO: 83/112 completed: OPUDAF_clean took 9.13s | win_avg(10)=8.40s | ETA@30cpus=8.12s(0.14min)
2025-06-13 07:09:13,070 INFO: 84/112 completed: SODNAA_clean took 5.30s | win_avg(10)=8.03s | ETA@30cpus=7.49s(0.12min)
2025-06-13 07:09:13,212 INFO: 85/112 completed: TASWIV_clean took 4.92s | win_avg(10)=7.61s | ETA@30cpus=6.85s(0.11min)
2025-06-13 07:09:13,219 INFO: 86/112 completed: SUKYON_clean took 5.13s | win_avg(10)=7.64s | ETA@30cpus=6.63s(0.11min)
2025-06-13 07:09:13,793 INFO: 87/112 completed: PELRIJ_clean took 9.15s | win_avg(10)=7.30s | ETA@30cpus=6.08s(0.10min)
2025-06-13 07:09:14,666 INFO: 88/112 completed: MIHHIV_clean took 11.34s | win_avg(10)=7.59s | ETA@30cpus=6.07s(0.10min)
2025-06-13 07:09:14,785 INFO: 89/112 completed: SUJNUH_clean took 6.27s | win_avg(10)=7.78s | ETA@30cpus=5.96s(0.10min)
2025-06-13 07:09:14,924 INFO: 90/112 completed: UJOJIO04_clean took 4.35s | win_avg(10)=7.67s | ETA@30cpus=5.62s(0.09min)
2025-06-13 07:09:14,985 INFO: 91/112 completed: SINXET_charged took 8.01s | win_avg(10)=6.80s | ETA@30cpus=4.76s(0.08min)
2025-06-13 07:09:14,985 INFO: 92/112 completed: UZUNAF01_clean took 4.12s | win_avg(10)=6.77s | ETA@30cpus=4.51s(0.08min)
2025-06-13 07:09:14,987 INFO: 93/112 completed: OPIXUI_clean took 11.14s | win_avg(10)=6.97s | ETA@30cpus=4.42s(0.07min)
2025-06-13 07:09:14,987 INFO: 94/112 completed: TUMQID_clean took 4.89s | win_avg(10)=6.93s | ETA@30cpus=4.16s(0.07min)
2025-06-13 07:09:14,988 INFO: 95/112 completed: TANBIV_charged took 6.77s | win_avg(10)=7.12s | ETA@30cpus=4.03s(0.07min)
2025-06-13 07:09:14,988 INFO: 96/112 completed: TORXAB_clean took 5.89s | win_avg(10)=7.19s | ETA@30cpus=3.84s(0.06min)
2025-06-13 07:09:14,992 INFO: 97/112 completed: TOTWAC_clean took 5.25s | win_avg(10)=6.80s | ETA@30cpus=3.40s(0.06min)
2025-06-13 07:09:15,250 INFO: 98/112 completed: WEXNIW_clean took 4.15s | win_avg(10)=6.08s | ETA@30cpus=2.84s(0.05min)
2025-06-13 07:09:15,430 INFO: 99/112 completed: WAJLEA_charged took 4.70s | win_avg(10)=5.93s | ETA@30cpus=2.57s(0.04min)
2025-06-13 07:09:15,839 INFO: 100/112 completed: WILHIK_clean took 4.74s | win_avg(10)=5.97s | ETA@30cpus=2.39s(0.04min)
2025-06-13 07:09:16,029 INFO: 101/112 completed: XEXLOD_clean took 3.83s | win_avg(10)=5.55s | ETA@30cpus=2.03s(0.03min)
2025-06-13 07:09:16,366 INFO: 102/112 completed: ULUQAV_clean took 5.80s | win_avg(10)=5.72s | ETA@30cpus=1.91s(0.03min)
2025-06-13 07:09:16,529 INFO: 103/112 completed: WASNIO_clean took 5.45s | win_avg(10)=5.15s | ETA@30cpus=1.54s(0.03min)
2025-06-13 07:09:16,559 INFO: 104/112 completed: XEGKIF_clean took 4.78s | win_avg(10)=5.14s | ETA@30cpus=1.37s(0.02min)
2025-06-13 07:09:17,820 INFO: 105/112 completed: UKUBUY_clean took 7.83s | win_avg(10)=5.24s | ETA@30cpus=1.22s(0.02min)
2025-06-13 07:09:17,834 INFO: 106/112 completed: WOBQEL_clean took 6.42s | win_avg(10)=5.29s | ETA@30cpus=1.06s(0.02min)
2025-06-13 07:09:17,889 INFO: 107/112 completed: YATDUV_clean took 5.26s | win_avg(10)=5.30s | ETA@30cpus=0.88s(0.01min)
2025-06-13 07:09:17,905 INFO: 108/112 completed: ZABQIC_ion_b took 5.08s | win_avg(10)=5.39s | ETA@30cpus=0.72s(0.01min)
2025-06-13 07:09:19,818 INFO: 109/112 completed: ELEREU_clean took 20.06s | win_avg(10)=6.92s | ETA@30cpus=0.69s(0.01min)
2025-06-13 07:09:20,349 INFO: 110/112 completed: YINDOQ_clean took 7.54s | win_avg(10)=7.20s | ETA@30cpus=0.48s(0.01min)
2025-06-13 07:09:28,535 INFO: 111/112 completed: UHUPOD01_clean took 18.24s | win_avg(10)=8.65s | ETA@30cpus=0.29s(0.00min)
