2025-06-13 07:12:16,825 INFO: GIFKIP_clean, uptake: 0.141859
2025-06-13 07:12:16,972 INFO: LADKIN_clean, uptake: 0.127475
2025-06-13 07:12:17,343 INFO: FIHHOV_clean, uptake: 0.140992
2025-06-13 07:12:17,544 INFO: PAPNUR_clean, uptake: 0.050699
2025-06-13 07:12:18,423 INFO: cg050585esi20051105_115011_clean, uptake: 0.106683
2025-06-13 07:12:18,686 INFO: LATBUG_clean, uptake: 1.429618
2025-06-13 07:12:18,732 INFO: cg3015354_si_002_clean, uptake: 0.161555
2025-06-13 07:12:19,984 INFO: RAXBOJ_clean, uptake: 0.094313
2025-06-13 07:12:19,987 INFO: YEFNIG_clean, uptake: 0.385191
2025-06-13 07:12:20,414 INFO: UDAXAB_clean, uptake: 0.192441
2025-06-13 07:12:20,597 INFO: EMIREX_clean, uptake: 0.258530
2025-06-13 07:12:20,809 INFO: TAJVOS_clean, uptake: 0.093602
2025-06-13 07:12:21,573 INFO: c5sc00614g_c5sc00614g2_clean, uptake: 0.359419
2025-06-13 07:12:21,769 INFO: ABEXEN_clean, uptake: 0.637093
2025-06-13 07:12:22,347 INFO: AVETEC_clean, uptake: 0.327991
2025-06-13 07:12:22,923 INFO: APETAS_clean, uptake: 0.066490
2025-06-13 07:12:23,427 INFO: BAKYOE_clean, uptake: 0.302538
2025-06-13 07:12:24,067 INFO: BIMDEF_clean, uptake: 0.195731
2025-06-13 07:12:24,193 INFO: BEPMIU_clean, uptake: 0.238294
2025-06-13 07:12:24,289 INFO: ZARTAP02_clean, uptake: 0.065671
2025-06-13 07:12:24,975 INFO: UZUXOE_clean, uptake: 0.076895
2025-06-13 07:12:25,015 INFO: AMIMAL_clean, uptake: 0.289107
2025-06-13 07:12:25,160 INFO: BUGSAY_clean, uptake: 0.114664
2025-06-13 07:12:25,567 INFO: cm503311x_alf425K_clean, uptake: 0.342734
2025-06-13 07:12:25,727 INFO: BUGSEC_clean, uptake: 0.101450
2025-06-13 07:12:26,224 INFO: c5dt00281h_c5dt00281h2_clean, uptake: 0.064095
2025-06-13 07:12:26,395 INFO: cm503311x_alf70K_clean, uptake: 0.352592
2025-06-13 07:12:27,888 INFO: CUWNOZ_clean, uptake: 0.260603
2025-06-13 07:12:27,984 INFO: CUWVAT_clean, uptake: 0.226477
2025-06-13 07:12:28,877 INFO: cg8002564_si_008_clean, uptake: 0.106958
2025-06-13 07:12:29,127 INFO: CURZEV_clean, uptake: 0.231220
2025-06-13 07:12:29,646 INFO: CIRTUU_clean, uptake: 0.726016
2025-06-13 07:12:29,649 INFO: DIWNAA_clean, uptake: 0.644055
2025-06-13 07:12:29,696 INFO: DADLOM_clean, uptake: 0.751597
2025-06-13 07:12:30,473 INFO: ECIYEU01_clean, uptake: 0.148534
2025-06-13 07:12:30,764 INFO: COPXOV_clean, uptake: 0.074957
2025-06-13 07:12:31,395 INFO: AYOQEM_clean, uptake: 0.493737
2025-06-13 07:12:31,772 INFO: GEBCAT_clean, uptake: 0.152279
2025-06-13 07:12:31,872 INFO: EMAMOW_clean, uptake: 0.151189
2025-06-13 07:12:32,504 INFO: DALVIY_clean, uptake: 0.313660
2025-06-13 07:12:32,557 INFO: ESEDIQ_clean, uptake: 0.419403
2025-06-13 07:12:33,485 INFO: GADNUX_clean, uptake: 0.650176
2025-06-13 07:12:34,001 INFO: HOJLEY_clean, uptake: 0.047981
2025-06-13 07:12:34,945 INFO: GIWCAR_ion_b, uptake: 0.272178
2025-06-13 07:12:35,608 INFO: HOMXIR_manual, uptake: 1.278399
2025-06-13 07:12:36,081 INFO: IGAGUU_clean, uptake: 0.654285
2025-06-13 07:12:36,516 INFO: ic060030osi20060309_091447_clean, uptake: 0.186179
2025-06-13 07:12:37,251 INFO: HOQMIL04_clean, uptake: 0.196976
2025-06-13 07:12:37,571 INFO: HASTAY_clean, uptake: 0.206493
2025-06-13 07:12:38,540 INFO: IGINIX01_clean, uptake: 0.255545
2025-06-13 07:12:39,847 INFO: ILUHUT_clean, uptake: 0.103934
2025-06-13 07:12:39,866 INFO: ja205976v_si_006_clean, uptake: 0.367561
2025-06-13 07:12:39,868 INFO: IXAMAW_clean, uptake: 0.124016
2025-06-13 07:12:39,888 INFO: ILOJEZ_clean, uptake: 0.059808
2025-06-13 07:12:41,252 INFO: LAWGAS_clean, uptake: 0.791417
2025-06-13 07:12:41,460 INFO: ITIWEO_clean, uptake: 0.203775
2025-06-13 07:12:42,090 INFO: LOMLUW_clean, uptake: 0.248439
2025-06-13 07:12:42,623 INFO: KITVEQ_clean, uptake: 0.194842
2025-06-13 07:12:42,845 INFO: KIXKOS_ion_b, uptake: 0.161458
2025-06-13 07:12:43,474 INFO: LEQVIN_clean, uptake: 0.161004
2025-06-13 07:12:43,573 INFO: LETPUX_clean, uptake: 0.359367
2025-06-13 07:12:43,625 INFO: LEQQEE_clean, uptake: 0.176981
2025-06-13 07:12:44,288 INFO: LUFNAC05_clean, uptake: 0.299622
2025-06-13 07:12:45,218 INFO: MIXBAY_clean, uptake: 0.750751
2025-06-13 07:12:46,045 INFO: MIFROK_clean, uptake: 0.102292
2025-06-13 07:12:46,088 INFO: MIJMAU_clean, uptake: 0.176777
2025-06-13 07:12:46,230 INFO: MOXNUK_clean, uptake: 0.148253
2025-06-13 07:12:47,029 INFO: NAPZUB_clean, uptake: 0.084429
2025-06-13 07:12:48,041 INFO: MIFTEC_clean, uptake: 0.093470
2025-06-13 07:12:48,667 INFO: OMEWUZ_clean, uptake: 0.031053
2025-06-13 07:12:51,030 INFO: NAHNES_clean, uptake: 0.770870
2025-06-13 07:12:51,036 INFO: OTAVAH_clean, uptake: 0.223697
2025-06-13 07:12:52,043 INFO: MIHHIV_clean, uptake: 0.348305
2025-06-13 07:12:52,242 INFO: ELEREU_clean, uptake: 0.562734
2025-06-13 07:12:52,243 INFO: OWIJOV_clean, uptake: 0.295265
2025-06-13 07:12:52,965 INFO: OPUDAF_clean, uptake: 0.084409
2025-06-13 07:12:53,171 INFO: QEFWUV_clean, uptake: 1.032037
2025-06-13 07:12:53,183 INFO: REXCUU_clean, uptake: 0.228305
2025-06-13 07:12:53,379 INFO: ROQRAS_clean, uptake: 0.053297
2025-06-13 07:12:53,781 INFO: OPIXUI_clean, uptake: 0.323953
2025-06-13 07:12:53,782 INFO: RUGJEK_clean, uptake: 0.075130
2025-06-13 07:12:54,070 INFO: PELRIJ_clean, uptake: 0.962415
2025-06-13 07:12:54,191 INFO: SIKJOM_clean, uptake: 0.112265
2025-06-13 07:12:54,359 INFO: SAHBAF_clean, uptake: 0.159183
2025-06-13 07:12:54,607 INFO: SOMFIK_clean, uptake: 0.421264
2025-06-13 07:12:55,623 INFO: TASWOB_clean, uptake: 0.246799
2025-06-13 07:12:55,764 INFO: SODNAA_clean, uptake: 0.146450
2025-06-13 07:12:55,986 INFO: SIVVAW_clean, uptake: 0.109440
2025-06-13 07:12:56,183 INFO: TASWIV_clean, uptake: 0.265129
2025-06-13 07:12:56,463 INFO: SUKYON_clean, uptake: 0.853370
2025-06-13 07:12:57,351 INFO: SUJNUH_clean, uptake: 0.163300
2025-06-13 07:12:59,400 INFO: SINXET_charged, uptake: 0.077450
2025-06-13 07:12:59,418 INFO: FOPFAS_clean, uptake: 0.803626
2025-06-13 07:12:59,419 INFO: TANBIV_charged, uptake: 0.079507
2025-06-13 07:12:59,420 INFO: TORXAB_clean, uptake: 0.064480
2025-06-13 07:12:59,420 INFO: TUMQID_clean, uptake: 0.210129
2025-06-13 07:12:59,421 INFO: TOTWAC_clean, uptake: 0.083154
2025-06-13 07:12:59,422 INFO: UJOJIO04_clean, uptake: 0.018548
2025-06-13 07:13:01,380 INFO: UZUNAF01_clean, uptake: 0.138767
2025-06-13 07:13:01,635 INFO: ULUQAV_clean, uptake: 0.044454
2025-06-13 07:13:01,841 INFO: WEXNIW_clean, uptake: 0.054303
2025-06-13 07:13:01,955 INFO: UKUBUY_clean, uptake: 0.259770
2025-06-13 07:13:02,416 INFO: WAJLEA_charged, uptake: 0.160906
2025-06-13 07:13:02,424 INFO: XEGKIF_clean, uptake: 0.159278
2025-06-13 07:13:02,703 INFO: WILHIK_clean, uptake: 0.146565
2025-06-13 07:13:03,072 INFO: WOBQEL_clean, uptake: 0.298424
2025-06-13 07:13:03,196 INFO: WASNIO_clean, uptake: 0.082050
2025-06-13 07:13:03,434 INFO: XEXLOD_clean, uptake: 0.217884
2025-06-13 07:13:04,543 INFO: YATDUV_clean, uptake: 0.438126
2025-06-13 07:13:04,659 INFO: ZABQIC_ion_b, uptake: 0.390765
2025-06-13 07:13:08,327 INFO: YINDOQ_clean, uptake: 0.117068
2025-06-13 07:13:11,523 INFO: UHUPOD01_clean, uptake: 2.871459
2025-06-13 07:16:02,675 INFO: GIFKIP_clean, uptake: 0.161288
2025-06-13 07:16:02,815 INFO: LADKIN_clean, uptake: 0.113082
2025-06-13 07:16:03,196 INFO: FIHHOV_clean, uptake: 0.158673
2025-06-13 07:16:03,317 INFO: PAPNUR_clean, uptake: 0.043737
2025-06-13 07:16:04,287 INFO: cg050585esi20051105_115011_clean, uptake: 0.109766
2025-06-13 07:16:04,530 INFO: LATBUG_clean, uptake: 1.449435
2025-06-13 07:16:04,672 INFO: cg3015354_si_002_clean, uptake: 0.150074
2025-06-13 07:16:05,830 INFO: YEFNIG_clean, uptake: 0.345662
2025-06-13 07:16:05,866 INFO: RAXBOJ_clean, uptake: 0.093483
2025-06-13 07:16:06,217 INFO: UDAXAB_clean, uptake: 0.188105
2025-06-13 07:16:06,449 INFO: EMIREX_clean, uptake: 0.257284
2025-06-13 07:16:06,708 INFO: TAJVOS_clean, uptake: 0.089661
2025-06-13 07:16:07,418 INFO: c5sc00614g_c5sc00614g2_clean, uptake: 0.380197
2025-06-13 07:16:07,649 INFO: ABEXEN_clean, uptake: 0.639076
2025-06-13 07:16:08,185 INFO: AVETEC_clean, uptake: 0.316721
2025-06-13 07:16:08,801 INFO: APETAS_clean, uptake: 0.076374
2025-06-13 07:16:09,359 INFO: BAKYOE_clean, uptake: 0.334483
2025-06-13 07:16:09,943 INFO: BIMDEF_clean, uptake: 0.201953
2025-06-13 07:16:10,016 INFO: BEPMIU_clean, uptake: 0.230111
2025-06-13 07:16:10,107 INFO: ZARTAP02_clean, uptake: 0.060294
2025-06-13 07:16:10,850 INFO: UZUXOE_clean, uptake: 0.103701
2025-06-13 07:16:11,199 INFO: AMIMAL_clean, uptake: 0.286128
2025-06-13 07:16:11,201 INFO: BUGSAY_clean, uptake: 0.123811
2025-06-13 07:16:11,394 INFO: cm503311x_alf425K_clean, uptake: 0.375719
2025-06-13 07:16:11,664 INFO: BUGSEC_clean, uptake: 0.121942
2025-06-13 07:16:12,207 INFO: c5dt00281h_c5dt00281h2_clean, uptake: 0.055939
2025-06-13 07:16:12,512 INFO: cm503311x_alf70K_clean, uptake: 0.383301
2025-06-13 07:16:13,716 INFO: CUWNOZ_clean, uptake: 0.224443
2025-06-13 07:16:13,879 INFO: CUWVAT_clean, uptake: 0.247065
2025-06-13 07:16:14,676 INFO: cg8002564_si_008_clean, uptake: 0.114327
2025-06-13 07:16:14,969 INFO: CURZEV_clean, uptake: 0.216480
2025-06-13 07:16:15,506 INFO: CIRTUU_clean, uptake: 0.794331
2025-06-13 07:16:15,930 INFO: DADLOM_clean, uptake: 0.668387
2025-06-13 07:16:15,933 INFO: DIWNAA_clean, uptake: 0.720405
2025-06-13 07:16:16,359 INFO: ECIYEU01_clean, uptake: 0.141577
2025-06-13 07:16:16,616 INFO: COPXOV_clean, uptake: 0.059153
2025-06-13 07:16:17,546 INFO: GEBCAT_clean, uptake: 0.135973
2025-06-13 07:16:17,773 INFO: EMAMOW_clean, uptake: 0.141073
2025-06-13 07:16:18,118 INFO: AYOQEM_clean, uptake: 0.525968
2025-06-13 07:16:18,569 INFO: ESEDIQ_clean, uptake: 0.388813
2025-06-13 07:16:20,008 INFO: DALVIY_clean, uptake: 0.305316
2025-06-13 07:16:22,108 INFO: GADNUX_clean, uptake: 0.594961
2025-06-13 07:16:24,685 INFO: HOJLEY_clean, uptake: 0.039401
2025-06-13 07:16:25,520 INFO: HOMXIR_manual, uptake: 1.264126
2025-06-13 07:16:26,231 INFO: GIWCAR_ion_b, uptake: 0.235814
2025-06-13 07:16:26,238 INFO: IGINIX01_clean, uptake: 0.248541
2025-06-13 07:16:26,241 INFO: ic060030osi20060309_091447_clean, uptake: 0.199682
2025-06-13 07:16:26,243 INFO: IGAGUU_clean, uptake: 0.651684
2025-06-13 07:16:26,245 INFO: HOQMIL04_clean, uptake: 0.197796
2025-06-13 07:16:26,247 INFO: HASTAY_clean, uptake: 0.210703
2025-06-13 07:16:26,250 INFO: ILUHUT_clean, uptake: 0.112128
2025-06-13 07:16:26,257 INFO: ja205976v_si_006_clean, uptake: 0.363473
2025-06-13 07:16:26,267 INFO: ILOJEZ_clean, uptake: 0.062480
2025-06-13 07:16:26,391 INFO: IXAMAW_clean, uptake: 0.128774
2025-06-13 07:16:26,957 INFO: LAWGAS_clean, uptake: 0.832002
2025-06-13 07:16:26,987 INFO: ITIWEO_clean, uptake: 0.192756
2025-06-13 07:16:28,064 INFO: LOMLUW_clean, uptake: 0.249549
2025-06-13 07:16:28,287 INFO: KITVEQ_clean, uptake: 0.175200
2025-06-13 07:16:29,142 INFO: KIXKOS_ion_b, uptake: 0.151900
2025-06-13 07:16:29,491 INFO: LEQVIN_clean, uptake: 0.159180
2025-06-13 07:16:29,648 INFO: LEQQEE_clean, uptake: 0.188780
2025-06-13 07:16:29,794 INFO: LETPUX_clean, uptake: 0.380909
2025-06-13 07:16:30,016 INFO: LUFNAC05_clean, uptake: 0.322899
2025-06-13 07:16:31,235 INFO: MIXBAY_clean, uptake: 0.619817
2025-06-13 07:16:31,611 INFO: MIFROK_clean, uptake: 0.105324
2025-06-13 07:16:32,297 INFO: NAPZUB_clean, uptake: 0.101638
2025-06-13 07:16:32,380 INFO: MOXNUK_clean, uptake: 0.147981
2025-06-13 07:16:32,455 INFO: MIJMAU_clean, uptake: 0.181414
2025-06-13 07:16:32,539 INFO: MIFTEC_clean, uptake: 0.095038
2025-06-13 07:16:34,437 INFO: OMEWUZ_clean, uptake: 0.031053
2025-06-13 07:16:37,258 INFO: OWIJOV_clean, uptake: 0.285552
2025-06-13 07:16:38,600 INFO: OTAVAH_clean, uptake: 0.218025
2025-06-13 07:16:38,602 INFO: ELEREU_clean, uptake: 0.601556
2025-06-13 07:16:38,604 INFO: NAHNES_clean, uptake: 0.752076
2025-06-13 07:16:38,605 INFO: MIHHIV_clean, uptake: 0.268703
2025-06-13 07:16:38,607 INFO: PELRIJ_clean, uptake: 1.024934
2025-06-13 07:16:38,608 INFO: OPIXUI_clean, uptake: 0.335791
2025-06-13 07:16:38,735 INFO: OPUDAF_clean, uptake: 0.067640
2025-06-13 07:16:38,945 INFO: REXCUU_clean, uptake: 0.231663
2025-06-13 07:16:38,990 INFO: QEFWUV_clean, uptake: 1.018028
2025-06-13 07:16:39,765 INFO: RUGJEK_clean, uptake: 0.067200
2025-06-13 07:16:40,061 INFO: ROQRAS_clean, uptake: 0.050700
2025-06-13 07:16:40,067 INFO: SIKJOM_clean, uptake: 0.107875
2025-06-13 07:16:40,125 INFO: SAHBAF_clean, uptake: 0.148895
2025-06-13 07:16:40,185 INFO: SOMFIK_clean, uptake: 0.428817
2025-06-13 07:16:41,237 INFO: SODNAA_clean, uptake: 0.106843
2025-06-13 07:16:41,242 INFO: SIVVAW_clean, uptake: 0.118008
2025-06-13 07:16:41,414 INFO: TASWOB_clean, uptake: 0.265326
2025-06-13 07:16:42,047 INFO: SUKYON_clean, uptake: 0.899708
2025-06-13 07:16:42,062 INFO: TASWIV_clean, uptake: 0.252131
2025-06-13 07:16:42,543 INFO: SUJNUH_clean, uptake: 0.164565
2025-06-13 07:16:43,192 INFO: SINXET_charged, uptake: 0.081694
2025-06-13 07:16:44,082 INFO: TORXAB_clean, uptake: 0.068621
2025-06-13 07:16:44,275 INFO: TUMQID_clean, uptake: 0.179497
2025-06-13 07:16:44,449 INFO: UJOJIO04_clean, uptake: 0.017484
2025-06-13 07:16:45,002 INFO: TANBIV_charged, uptake: 0.081414
2025-06-13 07:16:45,063 INFO: TOTWAC_clean, uptake: 0.088207
2025-06-13 07:16:45,251 INFO: UZUNAF01_clean, uptake: 0.172238
2025-06-13 07:16:47,665 INFO: FOPFAS_clean, uptake: 0.853399
2025-06-13 07:16:47,685 INFO: WEXNIW_clean, uptake: 0.058540
2025-06-13 07:16:47,687 INFO: WAJLEA_charged, uptake: 0.144447
2025-06-13 07:16:47,689 INFO: UKUBUY_clean, uptake: 0.278771
2025-06-13 07:16:47,690 INFO: ULUQAV_clean, uptake: 0.051483
2025-06-13 07:16:47,949 INFO: WASNIO_clean, uptake: 0.077544
2025-06-13 07:16:48,251 INFO: WILHIK_clean, uptake: 0.135984
2025-06-13 07:16:48,292 INFO: XEGKIF_clean, uptake: 0.149323
2025-06-13 07:16:48,728 INFO: WOBQEL_clean, uptake: 0.274050
2025-06-13 07:16:49,739 INFO: XEXLOD_clean, uptake: 0.242550
2025-06-13 07:16:50,377 INFO: ZABQIC_ion_b, uptake: 0.462864
2025-06-13 07:16:50,634 INFO: YATDUV_clean, uptake: 0.473556
2025-06-13 07:16:54,184 INFO: YINDOQ_clean, uptake: 0.125983
2025-06-13 07:16:56,437 INFO: UHUPOD01_clean, uptake: 2.792485
