2025-06-13 18:06:23,116 INFO: Start run (psid08): 1382/8451, CPUs=33
2025-06-13 18:07:29,123 INFO: (psid08) 1/1382 completed: JAKBIJ_clean took 64.94s | win_avg(1)=64.94s | ETA@33cpus=2717.59s(45.29min)
2025-06-13 18:07:30,564 INFO: (psid08) 2/1382 completed: JAKBOP_clean took 66.38s | win_avg(2)=65.66s | ETA@33cpus=2745.77s(45.76min)
2025-06-13 18:07:35,849 INFO: (psid08) 3/1382 completed: JAKBUV_clean took 71.65s | win_avg(3)=67.66s | ETA@33cpus=2827.28s(47.12min)
2025-06-13 18:07:40,138 INFO: (psid08) 4/1382 completed: jacs.6b01663_ja6b01663_si_003_clean took 75.89s | win_avg(4)=69.71s | ETA@33cpus=2911.13s(48.52min)
2025-06-13 18:07:46,253 INFO: (psid08) 5/1382 completed: JAKBOP01_clean took 82.07s | win_avg(5)=72.19s | ETA@33cpus=3012.12s(50.20min)
2025-06-13 18:07:52,994 INFO: (psid08) 6/1382 completed: jacs.6b08724_ja6b08724_si_016_clean took 88.81s | win_avg(6)=74.96s | ETA@33cpus=3125.48s(52.09min)
2025-06-13 18:07:55,210 INFO: (psid08) 7/1382 completed: jacs.6b08724_ja6b08724_si_009_clean took 91.04s | win_avg(7)=77.25s | ETA@33cpus=3218.95s(53.65min)
2025-06-13 18:07:55,702 INFO: (psid08) 8/1382 completed: jacs.6b08724_ja6b08724_si_014_clean took 91.53s | win_avg(8)=79.04s | ETA@33cpus=3290.91s(54.85min)
2025-06-13 18:07:56,326 INFO: (psid08) 9/1382 completed: JAFPIQ_clean took 92.14s | win_avg(9)=80.50s | ETA@33cpus=3349.08s(55.82min)
2025-06-13 18:08:02,259 INFO: (psid08) 10/1382 completed: JALLOA_clean took 97.90s | win_avg(10)=82.24s | ETA@33cpus=3419.02s(56.98min)
2025-06-13 18:08:20,105 INFO: (psid08) 11/1382 completed: jacs.6b09113_ja6b09113_si_002_clean took 115.93s | win_avg(10)=87.34s | ETA@33cpus=3628.38s(60.47min)
2025-06-13 18:08:26,609 INFO: (psid08) 12/1382 completed: JALTUL_clean took 122.40s | win_avg(10)=92.94s | ETA@33cpus=3858.30s(64.30min)
2025-06-13 18:08:43,952 INFO: (psid08) 13/1382 completed: JADJOQ_clean took 139.78s | win_avg(10)=99.75s | ETA@33cpus=4138.08s(68.97min)
2025-06-13 18:08:55,299 INFO: (psid08) 14/1382 completed: jacs.6b09155_ja6b09155_si_009_clean took 151.13s | win_avg(10)=107.27s | ETA@33cpus=4446.98s(74.12min)
2025-06-13 18:09:12,812 INFO: (psid08) 15/1382 completed: JADBIC_clean took 168.64s | win_avg(10)=115.93s | ETA@33cpus=4802.36s(80.04min)
2025-06-13 18:09:13,804 INFO: (psid08) 16/1382 completed: JABMEF_clean took 169.68s | win_avg(10)=124.02s | ETA@33cpus=5133.57s(85.56min)
2025-06-13 18:09:17,689 INFO: (psid08) 17/1382 completed: JAVNIE_clean took 108.56s | win_avg(10)=125.77s | ETA@33cpus=5202.27s(86.70min)
2025-06-13 18:09:43,798 INFO: (psid08) 18/1382 completed: ja907023c_si_004_clean took 199.66s | win_avg(10)=136.58s | ETA@33cpus=5645.39s(94.09min)
2025-06-13 18:09:45,631 INFO: (psid08) 19/1382 completed: ja907023c_si_003_clean took 201.49s | win_avg(10)=147.52s | ETA@33cpus=6092.90s(101.55min)
2025-06-13 18:09:46,447 INFO: (psid08) 20/1382 completed: JASNAT_clean took 202.24s | win_avg(10)=157.95s | ETA@33cpus=6519.05s(108.65min)
2025-06-13 18:10:08,040 INFO: (psid08) 21/1382 completed: JAVWUY_clean took 147.90s | win_avg(10)=161.15s | ETA@33cpus=6646.10s(110.77min)
2025-06-13 18:11:21,753 INFO: (psid08) 22/1382 completed: jacs.6b02030_ja6b02030_si_003_clean took 297.58s | win_avg(10)=178.67s | ETA@33cpus=7363.19s(122.72min)
2025-06-13 18:11:22,886 INFO: (psid08) 23/1382 completed: JOKYAJ_clean took 96.43s | win_avg(10)=174.33s | ETA@33cpus=7179.27s(119.65min)
2025-06-13 18:11:30,230 INFO: (psid08) 24/1382 completed: JAVTEG_clean took 234.38s | win_avg(10)=182.66s | ETA@33cpus=7516.56s(125.28min)
2025-06-13 18:11:32,888 INFO: (psid08) 25/1382 completed: jacs.6b02030_ja6b02030_si_002_clean took 308.72s | win_avg(10)=196.66s | ETA@33cpus=8087.04s(134.78min)
2025-06-13 18:11:45,333 INFO: (psid08) 26/1382 completed: JOKYEN_clean took 97.29s | win_avg(10)=189.42s | ETA@33cpus=7783.63s(129.73min)
2025-06-13 18:12:12,256 INFO: (psid08) 27/1382 completed: JEBCOJ_clean took 265.99s | win_avg(10)=205.17s | ETA@33cpus=8424.32s(140.41min)
2025-06-13 18:12:27,942 INFO: (psid08) 28/1382 completed: JALLEQ_clean took 363.15s | win_avg(10)=221.52s | ETA@33cpus=9088.90s(151.48min)
2025-06-13 18:12:31,769 INFO: (psid08) 29/1382 completed: JAVSUV_clean took 301.20s | win_avg(10)=231.49s | ETA@33cpus=9491.00s(158.18min)
2025-06-13 18:12:33,691 INFO: (psid08) 30/1382 completed: JOCWIJ_clean took 229.71s | win_avg(10)=234.23s | ETA@33cpus=9596.53s(159.94min)
2025-06-13 18:12:37,165 INFO: (psid08) 31/1382 completed: jacs.5b12516_ja5b12516_si_002_clean took 372.98s | win_avg(10)=256.74s | ETA@33cpus=10510.90s(175.18min)
2025-06-13 18:12:38,246 INFO: (psid08) 32/1382 completed: jacs.5b12516_ja5b12516_si_004_clean took 374.05s | win_avg(10)=264.39s | ETA@33cpus=10815.94s(180.27min)
2025-06-13 18:12:38,334 INFO: (psid08) 33/1382 completed: JOKXEM_clean took 200.64s | win_avg(10)=274.81s | ETA@33cpus=11233.92s(187.23min)
2025-06-13 18:12:38,724 INFO: (psid08) 34/1382 completed: JOKXEM10_clean took 204.91s | win_avg(10)=271.86s | ETA@33cpus=11105.23s(185.09min)
2025-06-13 18:12:44,886 INFO: (psid08) 35/1382 completed: JOFGOC_clean took 229.57s | win_avg(10)=263.95s | ETA@33cpus=10773.93s(179.57min)
2025-06-13 18:12:48,417 INFO: (psid08) 36/1382 completed: jacs.5b12516_ja5b12516_si_003_clean took 384.22s | win_avg(10)=292.64s | ETA@33cpus=11936.29s(198.94min)
2025-06-13 18:12:48,899 INFO: (psid08) 37/1382 completed: jacs.5b13491_ja5b13491_si_002_clean took 384.73s | win_avg(10)=304.52s | ETA@33cpus=12411.35s(206.86min)
2025-06-13 18:12:50,750 INFO: (psid08) 38/1382 completed: JOKXUC_clean took 185.11s | win_avg(10)=286.71s | ETA@33cpus=11677.03s(194.62min)
2025-06-13 18:12:56,435 INFO: (psid08) 39/1382 completed: JOKXUC10_clean took 192.63s | win_avg(10)=275.86s | ETA@33cpus=11226.49s(187.11min)
2025-06-13 18:12:56,709 INFO: (psid08) 40/1382 completed: JOKYIR10_clean took 94.95s | win_avg(10)=262.38s | ETA@33cpus=10670.11s(177.84min)
2025-06-13 18:12:58,573 INFO: (psid08) 41/1382 completed: JOKYIR_clean took 95.68s | win_avg(10)=234.65s | ETA@33cpus=9535.33s(158.92min)
2025-06-13 18:13:05,772 INFO: (psid08) 42/1382 completed: JOKYOX10_clean took 95.54s | win_avg(10)=206.80s | ETA@33cpus=8397.28s(139.95min)
2025-06-13 18:13:09,671 INFO: (psid08) 43/1382 completed: JOKYOX_clean took 96.78s | win_avg(10)=196.41s | ETA@33cpus=7969.59s(132.83min)
2025-06-13 18:13:31,499 INFO: (psid08) 44/1382 completed: JALCAD_clean took 427.27s | win_avg(10)=218.65s | ETA@33cpus=8865.18s(147.75min)
2025-06-13 18:13:45,433 INFO: (psid08) 45/1382 completed: j.jssc.2015.05.012_mmc6_clean took 318.81s | win_avg(10)=227.57s | ETA@33cpus=9220.12s(153.67min)
2025-06-13 18:13:48,903 INFO: (psid08) 46/1382 completed: j.inoche.2015.03.028_inc05925-mmc2_clean took 353.20s | win_avg(10)=224.47s | ETA@33cpus=9087.60s(151.46min)
2025-06-13 18:13:52,283 INFO: (psid08) 47/1382 completed: JILXOS_clean took 357.06s | win_avg(10)=221.70s | ETA@33cpus=8968.89s(149.48min)
2025-06-13 18:14:13,064 INFO: (psid08) 48/1382 completed: JOFKIA01_clean took 300.24s | win_avg(10)=233.22s | ETA@33cpus=9427.56s(157.13min)
2025-06-13 18:14:31,144 INFO: (psid08) 49/1382 completed: JOYKUF_clean took 92.57s | win_avg(10)=223.21s | ETA@33cpus=9016.30s(150.27min)
2025-06-13 18:14:45,055 INFO: (psid08) 50/1382 completed: JOWFOQ_clean took 108.62s | win_avg(10)=224.58s | ETA@33cpus=9064.70s(151.08min)
2025-06-13 18:14:45,730 INFO: (psid08) 51/1382 completed: JOQZUM_clean took 133.96s | win_avg(10)=228.40s | ETA@33cpus=9212.28s(153.54min)
2025-06-13 18:14:45,978 INFO: (psid08) 52/1382 completed: JORBAV_clean took 132.28s | win_avg(10)=232.08s | ETA@33cpus=9353.46s(155.89min)
2025-06-13 18:14:58,166 INFO: (psid08) 53/1382 completed: JIVHIG_clean took 415.88s | win_avg(10)=263.99s | ETA@33cpus=10631.52s(177.19min)
2025-06-13 18:15:00,144 INFO: (psid08) 54/1382 completed: jacs.6b06759_ja6b06759_si_004_clean took 515.24s | win_avg(10)=272.79s | ETA@33cpus=10977.53s(182.96min)
2025-06-13 18:15:01,990 INFO: (psid08) 55/1382 completed: jacs.6b06759_ja6b06759_si_003_clean took 517.09s | win_avg(10)=292.61s | ETA@33cpus=11766.58s(196.11min)
2025-06-13 18:15:06,289 INFO: (psid08) 56/1382 completed: JUCXEK_clean took 74.00s | win_avg(10)=264.69s | ETA@33cpus=10635.87s(177.26min)
2025-06-13 18:15:21,200 INFO: (psid08) 57/1382 completed: jp102463p_si_002_clean took 135.42s | win_avg(10)=242.53s | ETA@33cpus=9737.94s(162.30min)
2025-06-13 18:15:28,607 INFO: (psid08) 58/1382 completed: JOQSOZ_clean took 180.65s | win_avg(10)=230.57s | ETA@33cpus=9250.79s(154.18min)
2025-06-13 18:15:29,883 INFO: (psid08) 59/1382 completed: jp102463p_si_004_clean took 140.21s | win_avg(10)=235.34s | ETA@33cpus=9434.81s(157.25min)
2025-06-13 18:15:39,778 INFO: (psid08) 60/1382 completed: j.jssc.2014.11.015_mmc2_clean took 439.67s | win_avg(10)=268.44s | ETA@33cpus=10753.87s(179.23min)
2025-06-13 18:15:51,093 INFO: (psid08) 61/1382 completed: JOVYAW_clean took 180.34s | win_avg(10)=273.08s | ETA@33cpus=10931.41s(182.19min)
2025-06-13 18:15:52,001 INFO: (psid08) 62/1382 completed: jp2064408_si_002_clean took 140.49s | win_avg(10)=273.90s | ETA@33cpus=10955.98s(182.60min)
2025-06-13 18:15:58,083 INFO: (psid08) 63/1382 completed: JOSNAG_clean took 189.66s | win_avg(10)=251.28s | ETA@33cpus=10043.52s(167.39min)
2025-06-13 18:16:01,587 INFO: (psid08) 64/1382 completed: JOSNAG01_clean took 196.70s | win_avg(10)=219.42s | ETA@33cpus=8763.67s(146.06min)
2025-06-13 18:16:09,056 INFO: (psid08) 65/1382 completed: JENKIX_SL took 495.28s | win_avg(10)=217.24s | ETA@33cpus=8669.98s(144.50min)
2025-06-13 18:16:17,787 INFO: (psid08) 66/1382 completed: JORRAL_clean took 219.45s | win_avg(10)=231.79s | ETA@33cpus=9243.41s(154.06min)
2025-06-13 18:16:30,719 INFO: (psid08) 67/1382 completed: JUMCOL_clean took 90.57s | win_avg(10)=227.30s | ETA@33cpus=9057.65s(150.96min)
2025-06-13 18:16:43,649 INFO: (psid08) 68/1382 completed: JUCGUL_clean took 174.74s | win_avg(10)=226.71s | ETA@33cpus=9027.22s(150.45min)
2025-06-13 18:16:45,660 INFO: (psid08) 69/1382 completed: JUFREJ_clean took 152.59s | win_avg(10)=227.95s | ETA@33cpus=9069.61s(151.16min)
2025-06-13 18:16:49,720 INFO: (psid08) 70/1382 completed: JUTCUW_SL took 40.66s | win_avg(10)=188.05s | ETA@33cpus=7476.37s(124.61min)
2025-06-13 18:16:51,418 INFO: (psid08) 71/1382 completed: JOVXEZ_clean took 242.51s | win_avg(10)=194.27s | ETA@33cpus=7717.66s(128.63min)
2025-06-13 18:16:53,359 INFO: (psid08) 72/1382 completed: JOXPIX_clean took 236.64s | win_avg(10)=203.88s | ETA@33cpus=8093.45s(134.89min)
2025-06-13 18:17:01,794 INFO: (psid08) 73/1382 completed: JUGQIN_clean took 150.64s | win_avg(10)=199.98s | ETA@33cpus=7932.50s(132.21min)
2025-06-13 18:17:09,325 INFO: (psid08) 74/1382 completed: JUGQOT_clean took 144.27s | win_avg(10)=194.74s | ETA@33cpus=7718.61s(128.64min)
2025-06-13 18:17:18,162 INFO: (psid08) 75/1382 completed: JORVET_clean took 279.38s | win_avg(10)=173.15s | ETA@33cpus=6857.59s(114.29min)
2025-06-13 18:17:32,956 INFO: (psid08) 76/1382 completed: JITPOS_SL took 576.58s | win_avg(10)=208.86s | ETA@33cpus=8265.74s(137.76min)
2025-06-13 18:17:43,638 INFO: (psid08) 77/1382 completed: JUMCUR_clean took 161.64s | win_avg(10)=215.97s | ETA@33cpus=8540.47s(142.34min)
2025-06-13 18:17:52,897 INFO: (psid08) 78/1382 completed: JUMDAY_clean took 166.60s | win_avg(10)=215.15s | ETA@33cpus=8501.77s(141.70min)
2025-06-13 18:18:02,891 INFO: (psid08) 79/1382 completed: JUMDEC_clean took 161.69s | win_avg(10)=216.06s | ETA@33cpus=8531.18s(142.19min)
2025-06-13 18:18:09,920 INFO: (psid08) 80/1382 completed: JOLYEQ_clean took 384.49s | win_avg(10)=250.44s | ETA@33cpus=9881.17s(164.69min)
