2025-06-13 17:16:50,709 INFO: Start run (psid10): 1381/8451, CPUs=33
2025-06-13 17:18:32,445 INFO: (psid10) 1/1381 completed: UJOWEW_clean took 100.72s | win_avg(1)=100.72s | ETA@33cpus=4211.95s(70.20min)
2025-06-13 17:19:13,314 INFO: (psid10) 2/1381 completed: UJUQIB_clean took 141.57s | win_avg(2)=121.15s | ETA@33cpus=5062.50s(84.37min)
2025-06-13 17:19:54,494 INFO: (psid10) 3/1381 completed: UJIZET_clean took 182.77s | win_avg(3)=141.69s | ETA@33cpus=5916.62s(98.61min)
2025-06-13 17:19:55,158 INFO: (psid10) 4/1381 completed: UMOBEF_clean took 183.22s | win_avg(4)=152.07s | ETA@33cpus=6345.56s(105.76min)
2025-06-13 17:20:21,666 INFO: (psid10) 5/1381 completed: UMOBEF08_clean took 209.73s | win_avg(5)=163.60s | ETA@33cpus=6821.79s(113.70min)
2025-06-13 17:20:22,728 INFO: (psid10) 6/1381 completed: UMOBEF09_clean took 210.79s | win_avg(6)=171.47s | ETA@33cpus=7144.52s(119.08min)
2025-06-13 17:20:24,475 INFO: (psid10) 7/1381 completed: UMODEH01_clean took 212.50s | win_avg(7)=177.33s | ETA@33cpus=7383.39s(123.06min)
2025-06-13 17:20:24,681 INFO: (psid10) 8/1381 completed: UMODEH02_clean took 212.66s | win_avg(8)=181.75s | ETA@33cpus=7561.75s(126.03min)
2025-06-13 17:20:26,229 INFO: (psid10) 9/1381 completed: UMODEH03_clean took 214.25s | win_avg(9)=185.36s | ETA@33cpus=7706.39s(128.44min)
2025-06-13 17:20:28,762 INFO: (psid10) 10/1381 completed: UMODEH04_clean took 216.78s | win_avg(10)=188.50s | ETA@33cpus=7831.33s(130.52min)
2025-06-13 17:20:31,993 INFO: (psid10) 11/1381 completed: UMODEH07_clean took 220.01s | win_avg(10)=200.43s | ETA@33cpus=8320.86s(138.68min)
2025-06-13 17:20:36,825 INFO: (psid10) 12/1381 completed: UMODEH06_clean took 224.84s | win_avg(10)=208.76s | ETA@33cpus=8660.22s(144.34min)
2025-06-13 17:20:45,191 INFO: (psid10) 13/1381 completed: UKAPUS_clean took 233.46s | win_avg(10)=213.82s | ETA@33cpus=8864.01s(147.73min)
2025-06-13 17:20:46,880 INFO: (psid10) 14/1381 completed: UKAQAZ_clean took 235.14s | win_avg(10)=219.02s | ETA@33cpus=9072.63s(151.21min)
2025-06-13 17:20:48,682 INFO: (psid10) 15/1381 completed: UMODEH08_clean took 236.70s | win_avg(10)=221.71s | ETA@33cpus=9177.64s(152.96min)
2025-06-13 17:20:48,690 INFO: (psid10) 16/1381 completed: UKAQIH_clean took 236.81s | win_avg(10)=224.32s | ETA@33cpus=9278.54s(154.64min)
2025-06-13 17:20:48,698 INFO: (psid10) 17/1381 completed: UKAQED_clean took 236.95s | win_avg(10)=226.76s | ETA@33cpus=9372.77s(156.21min)
2025-06-13 17:20:49,113 INFO: (psid10) 18/1381 completed: UMODEH09_clean took 237.13s | win_avg(10)=229.21s | ETA@33cpus=9466.99s(157.78min)
2025-06-13 17:20:51,248 INFO: (psid10) 19/1381 completed: UMODEH10_clean took 239.25s | win_avg(10)=231.71s | ETA@33cpus=9563.24s(159.39min)
2025-06-13 17:20:51,913 INFO: (psid10) 20/1381 completed: UMODEH11_clean took 239.92s | win_avg(10)=234.02s | ETA@33cpus=9651.65s(160.86min)
2025-06-13 17:20:56,227 INFO: (psid10) 21/1381 completed: UMODEH12_clean took 244.24s | win_avg(10)=236.45s | ETA@33cpus=9744.41s(162.41min)
2025-06-13 17:21:12,434 INFO: (psid10) 22/1381 completed: UJULIW_clean took 260.71s | win_avg(10)=240.03s | ETA@33cpus=9884.97s(164.75min)
2025-06-13 17:22:40,081 INFO: (psid10) 23/1381 completed: UMODEH13_clean took 247.44s | win_avg(10)=241.43s | ETA@33cpus=9935.23s(165.59min)
2025-06-13 17:22:41,231 INFO: (psid10) 24/1381 completed: UMEPOT_clean took 349.41s | win_avg(10)=252.86s | ETA@33cpus=10397.77s(173.30min)
2025-06-13 17:23:03,391 INFO: (psid10) 25/1381 completed: UMODEH14_clean took 229.88s | win_avg(10)=252.17s | ETA@33cpus=10362.06s(172.70min)
2025-06-13 17:23:20,290 INFO: (psid10) 26/1381 completed: UJUPUM_clean took 388.52s | win_avg(10)=267.35s | ETA@33cpus=10977.36s(182.96min)
2025-06-13 17:23:32,260 INFO: (psid10) 27/1381 completed: UMODEH16_clean took 216.90s | win_avg(10)=265.34s | ETA@33cpus=10887.02s(181.45min)
2025-06-13 17:23:40,461 INFO: (psid10) 28/1381 completed: UMODEH15_clean took 225.77s | win_avg(10)=264.20s | ETA@33cpus=10832.37s(180.54min)
2025-06-13 17:23:47,878 INFO: (psid10) 29/1381 completed: UMODEH19_clean took 203.23s | win_avg(10)=260.60s | ETA@33cpus=10676.80s(177.95min)
2025-06-13 17:24:00,289 INFO: (psid10) 30/1381 completed: ULAQAB_clean took 428.52s | win_avg(10)=279.46s | ETA@33cpus=11441.00s(190.68min)
2025-06-13 17:24:04,543 INFO: (psid10) 31/1381 completed: UMODEH18_clean took 221.61s | win_avg(10)=277.20s | ETA@33cpus=11339.93s(189.00min)
2025-06-13 17:24:09,384 INFO: (psid10) 32/1381 completed: UMOVEZ02_clean took 200.52s | win_avg(10)=271.18s | ETA@33cpus=11085.47s(184.76min)
2025-06-13 17:24:10,236 INFO: (psid10) 33/1381 completed: UMODEH17_clean took 228.37s | win_avg(10)=269.27s | ETA@33cpus=10999.36s(183.32min)
2025-06-13 17:24:10,407 INFO: (psid10) 34/1381 completed: UMOVEZ01_clean took 201.40s | win_avg(10)=254.47s | ETA@33cpus=10387.06s(173.12min)
2025-06-13 17:24:11,545 INFO: (psid10) 35/1381 completed: UMOVEZ03_clean took 202.26s | win_avg(10)=251.71s | ETA@33cpus=10266.71s(171.11min)
2025-06-13 17:24:12,281 INFO: (psid10) 36/1381 completed: UMOVEZ04_clean took 200.85s | win_avg(10)=232.94s | ETA@33cpus=9494.19s(158.24min)
2025-06-13 17:24:12,574 INFO: (psid10) 37/1381 completed: UMODEH20_clean took 227.69s | win_avg(10)=234.02s | ETA@33cpus=9531.07s(158.85min)
2025-06-13 17:24:14,089 INFO: (psid10) 38/1381 completed: UMOVEZ05_clean took 202.00s | win_avg(10)=231.65s | ETA@33cpus=9427.26s(157.12min)
2025-06-13 17:24:14,293 INFO: (psid10) 39/1381 completed: UMODEH21_clean took 227.87s | win_avg(10)=234.11s | ETA@33cpus=9520.42s(158.67min)
2025-06-13 17:24:15,500 INFO: (psid10) 40/1381 completed: UMODEH23_clean took 223.31s | win_avg(10)=213.59s | ETA@33cpus=8679.42s(144.66min)
2025-06-13 17:24:18,562 INFO: (psid10) 41/1381 completed: UMOVEZ_clean took 202.17s | win_avg(10)=211.64s | ETA@33cpus=8594.01s(143.23min)
2025-06-13 17:24:23,477 INFO: (psid10) 42/1381 completed: UMODEH24_clean took 226.44s | win_avg(10)=214.24s | ETA@33cpus=8692.79s(144.88min)
2025-06-13 17:24:23,836 INFO: (psid10) 43/1381 completed: UMODEH22_clean took 234.89s | win_avg(10)=214.89s | ETA@33cpus=8712.72s(145.21min)
2025-06-13 17:24:29,694 INFO: (psid10) 44/1381 completed: UMODEH_clean took 222.61s | win_avg(10)=217.01s | ETA@33cpus=8792.15s(146.54min)
2025-06-13 17:24:30,985 INFO: (psid10) 45/1381 completed: UMOVID_clean took 198.38s | win_avg(10)=216.62s | ETA@33cpus=8769.86s(146.16min)
2025-06-13 17:24:35,376 INFO: (psid10) 46/1381 completed: UMODEH25_clean took 229.99s | win_avg(10)=219.54s | ETA@33cpus=8881.19s(148.02min)
2025-06-13 17:25:16,896 INFO: (psid10) 47/1381 completed: UKUBIM_clean took 505.14s | win_avg(10)=247.28s | ETA@33cpus=9996.11s(166.60min)
2025-06-13 17:25:22,924 INFO: (psid10) 48/1381 completed: UKUCAF_clean took 511.16s | win_avg(10)=278.20s | ETA@33cpus=11237.44s(187.29min)
2025-06-13 17:25:27,655 INFO: (psid10) 49/1381 completed: UKUBOS_clean took 515.90s | win_avg(10)=307.00s | ETA@33cpus=12391.60s(206.53min)
2025-06-13 17:25:31,121 INFO: (psid10) 50/1381 completed: UKUBUY_clean took 519.36s | win_avg(10)=336.60s | ETA@33cpus=13576.38s(226.27min)
2025-06-13 17:25:56,006 INFO: (psid10) 51/1381 completed: UMOVOJ_clean took 195.75s | win_avg(10)=335.96s | ETA@33cpus=13540.32s(225.67min)
2025-06-13 17:25:56,422 INFO: (psid10) 52/1381 completed: UMARAC_charged took 544.58s | win_avg(10)=367.78s | ETA@33cpus=14811.36s(246.86min)
2025-06-13 17:26:12,581 INFO: (psid10) 53/1381 completed: UMUXEG_clean took 118.28s | win_avg(10)=356.12s | ETA@33cpus=14330.98s(238.85min)
2025-06-13 17:26:16,705 INFO: (psid10) 54/1381 completed: UMOYOM03_clean took 215.30s | win_avg(10)=355.38s | ETA@33cpus=14290.77s(238.18min)
2025-06-13 17:26:24,886 INFO: (psid10) 55/1381 completed: UMOKIS_clean took 336.14s | win_avg(10)=369.16s | ETA@33cpus=14833.54s(247.23min)
2025-06-13 17:26:36,662 INFO: (psid10) 56/1381 completed: UMOYOM05_clean took 213.09s | win_avg(10)=367.47s | ETA@33cpus=14754.49s(245.91min)
2025-06-13 17:27:03,851 INFO: (psid10) 57/1381 completed: UPIBOM_clean took 100.92s | win_avg(10)=327.05s | ETA@33cpus=13121.60s(218.69min)
2025-06-13 17:27:04,812 INFO: (psid10) 58/1381 completed: UMOYOM08_clean took 204.18s | win_avg(10)=296.35s | ETA@33cpus=11880.97s(198.02min)
2025-06-13 17:27:14,587 INFO: (psid10) 59/1381 completed: UNAGUN_clean took 170.75s | win_avg(10)=261.84s | ETA@33cpus=10489.30s(174.82min)
2025-06-13 17:27:14,843 INFO: (psid10) 60/1381 completed: UNAGOH_clean took 171.36s | win_avg(10)=227.04s | ETA@33cpus=9088.31s(151.47min)
2025-06-13 17:27:16,768 INFO: (psid10) 61/1381 completed: UMOYOM06_clean took 236.27s | win_avg(10)=231.09s | ETA@33cpus=9243.50s(154.06min)
2025-06-13 17:27:19,997 INFO: (psid10) 62/1381 completed: UMOYOM10_clean took 211.94s | win_avg(10)=197.82s | ETA@33cpus=7906.95s(131.78min)
2025-06-13 17:27:25,319 INFO: (psid10) 63/1381 completed: UMOYOM11_clean took 204.85s | win_avg(10)=206.48s | ETA@33cpus=8246.71s(137.45min)
2025-06-13 17:27:34,137 INFO: (psid10) 64/1381 completed: UMOYOM07_clean took 241.67s | win_avg(10)=209.12s | ETA@33cpus=8345.69s(139.09min)
2025-06-13 17:27:34,502 INFO: (psid10) 65/1381 completed: UMOYOM17_clean took 204.10s | win_avg(10)=195.91s | ETA@33cpus=7812.79s(130.21min)
2025-06-13 17:27:35,217 INFO: (psid10) 66/1381 completed: UQEGII_clean took 127.54s | win_avg(10)=187.36s | ETA@33cpus=7465.93s(124.43min)
2025-06-13 17:27:45,268 INFO: (psid10) 67/1381 completed: UMOYOM13_clean took 220.55s | win_avg(10)=199.32s | ETA@33cpus=7936.58s(132.28min)
2025-06-13 17:27:46,951 INFO: (psid10) 68/1381 completed: UMOZUT_clean took 216.35s | win_avg(10)=200.54s | ETA@33cpus=7978.97s(132.98min)
2025-06-13 17:27:49,232 INFO: (psid10) 69/1381 completed: UMUBAH_clean took 217.50s | win_avg(10)=205.21s | ETA@33cpus=8158.78s(135.98min)
2025-06-13 17:27:52,346 INFO: (psid10) 70/1381 completed: UMUBIP_clean took 219.42s | win_avg(10)=210.02s | ETA@33cpus=8343.46s(139.06min)
2025-06-13 17:27:52,362 INFO: (psid10) 71/1381 completed: UMUBEL_clean took 219.74s | win_avg(10)=208.37s | ETA@33cpus=8271.48s(137.86min)
2025-06-13 17:27:57,244 INFO: (psid10) 72/1381 completed: UMOYOM16_clean took 227.68s | win_avg(10)=209.94s | ETA@33cpus=8327.60s(138.79min)
2025-06-13 17:27:58,799 INFO: (psid10) 73/1381 completed: UMUBOV_clean took 224.51s | win_avg(10)=211.91s | ETA@33cpus=8399.16s(139.99min)
2025-06-13 17:28:12,035 INFO: (psid10) 74/1381 completed: UNECOH_clean took 222.32s | win_avg(10)=209.97s | ETA@33cpus=8316.10s(138.60min)
2025-06-13 17:28:15,266 INFO: (psid10) 75/1381 completed: UNECUN_clean took 224.26s | win_avg(10)=211.99s | ETA@33cpus=8389.51s(139.83min)
2025-06-13 17:28:44,751 INFO: (psid10) 76/1381 completed: URENEM_clean took 148.03s | win_avg(10)=214.04s | ETA@33cpus=8464.13s(141.07min)
