2025-06-13 17:52:43,705 INFO: Start run (psid06): 1382/8451, CPUs=33
2025-06-13 17:53:52,626 INFO: (psid06) 1/1382 completed: YIWNUN_clean took 67.85s | win_avg(1)=67.85s | ETA@33cpus=2839.35s(47.32min)
2025-06-13 17:54:02,943 INFO: (psid06) 2/1382 completed: YEFNIG_clean took 78.20s | win_avg(2)=73.03s | ETA@33cpus=3053.81s(50.90min)
2025-06-13 17:54:03,038 INFO: (psid06) 3/1382 completed: YEFPAA_clean took 78.30s | win_avg(3)=74.78s | ETA@33cpus=3125.04s(52.08min)
2025-06-13 17:54:05,125 INFO: (psid06) 4/1382 completed: YARZEZ01_clean took 80.41s | win_avg(4)=76.19s | ETA@33cpus=3181.48s(53.02min)
2025-06-13 17:54:24,939 INFO: (psid06) 5/1382 completed: YIWMIA_clean took 100.17s | win_avg(5)=80.98s | ETA@33cpus=3379.28s(56.32min)
2025-06-13 17:54:33,889 INFO: (psid06) 6/1382 completed: YIWNEX_clean took 109.11s | win_avg(6)=85.67s | ETA@33cpus=3572.28s(59.54min)
2025-06-13 17:54:39,209 INFO: (psid06) 7/1382 completed: YASVUM_clean took 114.48s | win_avg(7)=89.79s | ETA@33cpus=3741.16s(62.35min)
2025-06-13 17:54:43,026 INFO: (psid06) 8/1382 completed: YARGOP_clean took 118.29s | win_avg(8)=93.35s | ETA@33cpus=3886.76s(64.78min)
2025-06-13 17:54:43,640 INFO: (psid06) 9/1382 completed: YINXUQ_clean took 118.87s | win_avg(9)=96.19s | ETA@33cpus=4001.91s(66.70min)
2025-06-13 17:55:06,160 INFO: (psid06) 10/1382 completed: YEGHEZ_clean took 141.41s | win_avg(10)=100.71s | ETA@33cpus=4187.02s(69.78min)
2025-06-13 17:55:23,222 INFO: (psid06) 11/1382 completed: YINTEW_clean took 158.45s | win_avg(10)=109.77s | ETA@33cpus=4560.40s(76.01min)
2025-06-13 17:56:09,828 INFO: (psid06) 12/1382 completed: YORCEP_clean took 205.01s | win_avg(10)=122.45s | ETA@33cpus=5083.52s(84.73min)
2025-06-13 17:56:27,435 INFO: (psid06) 13/1382 completed: YAZFOW_clean took 222.70s | win_avg(10)=136.89s | ETA@33cpus=5678.85s(94.65min)
2025-06-13 17:56:29,385 INFO: (psid06) 14/1382 completed: YIXBIQ_clean took 224.59s | win_avg(10)=151.31s | ETA@33cpus=6272.42s(104.54min)
2025-06-13 17:56:29,768 INFO: (psid06) 15/1382 completed: YIZJEY_clean took 224.98s | win_avg(10)=163.79s | ETA@33cpus=6784.84s(113.08min)
2025-06-13 17:56:33,728 INFO: (psid06) 16/1382 completed: YIDSOT_clean took 228.97s | win_avg(10)=175.78s | ETA@33cpus=7276.03s(121.27min)
2025-06-13 17:57:31,082 INFO: (psid06) 17/1382 completed: YIJCEB_clean took 286.32s | win_avg(10)=192.96s | ETA@33cpus=7981.49s(133.02min)
2025-06-13 17:57:40,129 INFO: (psid06) 18/1382 completed: YIVTII_clean took 295.34s | win_avg(10)=210.66s | ETA@33cpus=8707.48s(145.12min)
2025-06-13 17:58:02,540 INFO: (psid06) 19/1382 completed: YARXEX_clean took 317.71s | win_avg(10)=230.55s | ETA@33cpus=9522.38s(158.71min)
2025-06-13 17:58:13,308 INFO: (psid06) 20/1382 completed: YORRII_clean took 328.49s | win_avg(10)=249.26s | ETA@33cpus=10287.52s(171.46min)
2025-06-13 17:58:13,976 INFO: (psid06) 21/1382 completed: YORCIT_clean took 328.79s | win_avg(10)=266.29s | ETA@33cpus=10982.47s(183.04min)
2025-06-13 17:58:49,117 INFO: (psid06) 22/1382 completed: YUTJAA_clean took 222.95s | win_avg(10)=268.08s | ETA@33cpus=11048.32s(184.14min)
2025-06-13 17:58:57,473 INFO: (psid06) 23/1382 completed: YUDDEH_clean took 253.81s | win_avg(10)=271.20s | ETA@33cpus=11168.33s(186.14min)
2025-06-13 17:59:34,837 INFO: (psid06) 24/1382 completed: YORSOP_clean took 410.02s | win_avg(10)=289.74s | ETA@33cpus=11923.18s(198.72min)
2025-06-13 18:00:02,096 INFO: (psid06) 25/1382 completed: ZESFUY_clean took 108.79s | win_avg(10)=278.12s | ETA@33cpus=11436.61s(190.61min)
2025-06-13 18:00:24,661 INFO: (psid06) 26/1382 completed: YOCNIP_clean took 459.86s | win_avg(10)=301.21s | ETA@33cpus=12376.95s(206.28min)
2025-06-13 18:00:27,355 INFO: (psid06) 27/1382 completed: YOZBEW_clean took 382.21s | win_avg(10)=310.80s | ETA@33cpus=12761.53s(212.69min)
2025-06-13 18:00:40,158 INFO: (psid06) 28/1382 completed: ZADQUT_clean took 270.31s | win_avg(10)=308.29s | ETA@33cpus=12649.40s(210.82min)
2025-06-13 18:00:44,154 INFO: (psid06) 29/1382 completed: YOGKEM_clean took 479.34s | win_avg(10)=324.46s | ETA@33cpus=13302.74s(221.71min)
2025-06-13 18:00:44,713 INFO: (psid06) 30/1382 completed: ZILBUT_clean took 69.87s | win_avg(10)=298.60s | ETA@33cpus=12233.36s(203.89min)
2025-06-13 18:00:48,655 INFO: (psid06) 31/1382 completed: YASVOG_clean took 483.82s | win_avg(10)=314.10s | ETA@33cpus=12859.01s(214.32min)
2025-06-13 18:00:51,111 INFO: (psid06) 32/1382 completed: ZADREE_clean took 261.71s | win_avg(10)=317.97s | ETA@33cpus=13008.05s(216.80min)
2025-06-13 18:00:52,136 INFO: (psid06) 33/1382 completed: ZADRAA_clean took 264.68s | win_avg(10)=319.06s | ETA@33cpus=13042.85s(217.38min)
2025-06-13 18:00:53,165 INFO: (psid06) 34/1382 completed: ZADROO_clean took 263.38s | win_avg(10)=304.40s | ETA@33cpus=12434.17s(207.24min)
2025-06-13 18:01:26,537 INFO: (psid06) 35/1382 completed: YIWBIR_clean took 521.76s | win_avg(10)=345.69s | ETA@33cpus=14110.64s(235.18min)
2025-06-13 18:01:33,614 INFO: (psid06) 36/1382 completed: YEFPII_clean took 528.87s | win_avg(10)=352.60s | ETA@33cpus=14381.62s(239.69min)
2025-06-13 18:01:49,416 INFO: (psid06) 37/1382 completed: ZIVCOY_clean took 69.19s | win_avg(10)=321.29s | ETA@33cpus=13095.16s(218.25min)
2025-06-13 18:01:51,677 INFO: (psid06) 38/1382 completed: YOSWUA_clean took 479.04s | win_avg(10)=342.17s | ETA@33cpus=13935.52s(232.26min)
2025-06-13 18:02:06,234 INFO: (psid06) 39/1382 completed: ZAYJUG_clean took 266.08s | win_avg(10)=320.84s | ETA@33cpus=13057.24s(217.62min)
2025-06-13 18:02:24,629 INFO: (psid06) 40/1382 completed: YARBIE_clean took 579.90s | win_avg(10)=371.84s | ETA@33cpus=15121.63s(252.03min)
2025-06-13 18:02:46,235 INFO: (psid06) 41/1382 completed: ZEZPIF_clean took 228.75s | win_avg(10)=346.34s | ETA@33cpus=14073.85s(234.56min)
2025-06-13 18:03:38,981 INFO: (psid06) 42/1382 completed: ZOGBAA_clean took 173.50s | win_avg(10)=337.52s | ETA@33cpus=13705.19s(228.42min)
2025-06-13 18:03:41,678 INFO: (psid06) 43/1382 completed: ZEBMEA_clean took 339.13s | win_avg(10)=344.96s | ETA@33cpus=13997.04s(233.28min)
2025-06-13 18:03:44,357 INFO: (psid06) 44/1382 completed: ZISNEW_clean took 199.67s | win_avg(10)=338.59s | ETA@33cpus=13728.25s(228.80min)
2025-06-13 18:04:13,484 INFO: (psid06) 45/1382 completed: YATVUN_clean took 688.68s | win_avg(10)=355.28s | ETA@33cpus=14394.26s(239.90min)
2025-06-13 18:04:19,285 INFO: (psid06) 46/1382 completed: YATWAU_clean took 694.47s | win_avg(10)=371.84s | ETA@33cpus=15053.93s(250.90min)
2025-06-13 18:04:19,547 INFO: (psid06) 47/1382 completed: ZAXTAV_clean took 408.43s | win_avg(10)=405.76s | ETA@33cpus=16415.04s(273.58min)
2025-06-13 18:04:30,863 INFO: (psid06) 48/1382 completed: ZOQSUV_clean took 218.62s | win_avg(10)=379.72s | ETA@33cpus=15350.00s(255.83min)
