2025-06-13 17:17:25,274 INFO: Start run (psid09): 1382/8451, CPUs=33
2025-06-13 17:18:31,586 INFO: (psid09) 1/1382 completed: OPINIL_clean took 65.26s | win_avg(1)=65.26s | ETA@33cpus=2730.91s(45.52min)
2025-06-13 17:18:33,554 INFO: (psid09) 2/1382 completed: OMUSAS_clean took 67.18s | win_avg(2)=66.22s | ETA@33cpus=2769.09s(46.15min)
2025-06-13 17:19:14,300 INFO: (psid09) 3/1382 completed: OPENUT_clean took 107.97s | win_avg(3)=80.13s | ETA@33cpus=3348.63s(55.81min)
2025-06-13 17:19:48,268 INFO: (psid09) 4/1382 completed: OPAMOI_clean took 141.95s | win_avg(4)=95.59s | ETA@33cpus=3991.52s(66.53min)
2025-06-13 17:20:11,929 INFO: (psid09) 5/1382 completed: OPOZEZ_clean took 165.53s | win_avg(5)=109.58s | ETA@33cpus=4572.34s(76.21min)
2025-06-13 17:20:50,410 INFO: (psid09) 6/1382 completed: ONEJUN_clean took 204.02s | win_avg(6)=125.32s | ETA@33cpus=5225.34s(87.09min)
2025-06-13 17:20:52,186 INFO: (psid09) 7/1382 completed: ONEYOW_clean took 205.65s | win_avg(7)=136.79s | ETA@33cpus=5699.72s(95.00min)
2025-06-13 17:21:10,512 INFO: (psid09) 8/1382 completed: OMAMEU_clean took 224.22s | win_avg(8)=147.72s | ETA@33cpus=6150.61s(102.51min)
2025-06-13 17:21:14,848 INFO: (psid09) 9/1382 completed: OPOBIF_clean took 228.49s | win_avg(9)=156.70s | ETA@33cpus=6519.53s(108.66min)
2025-06-13 17:21:20,645 INFO: (psid09) 10/1382 completed: OMOVET_clean took 234.33s | win_avg(10)=164.46s | ETA@33cpus=6837.54s(113.96min)
2025-06-13 17:21:57,705 INFO: (psid09) 11/1382 completed: ONUKAL_clean took 271.39s | win_avg(10)=185.07s | ETA@33cpus=7688.94s(128.15min)
2025-06-13 17:22:31,037 INFO: (psid09) 12/1382 completed: ONIXOZ_clean took 304.71s | win_avg(10)=208.83s | ETA@33cpus=8669.47s(144.49min)
2025-06-13 17:22:44,634 INFO: (psid09) 13/1382 completed: OPIYAP_clean took 318.27s | win_avg(10)=229.86s | ETA@33cpus=9535.57s(158.93min)
2025-06-13 17:22:45,844 INFO: (psid09) 14/1382 completed: ORULEU_clean took 319.46s | win_avg(10)=247.61s | ETA@33cpus=10264.47s(171.07min)
2025-06-13 17:22:51,478 INFO: (psid09) 15/1382 completed: OSIWUJ_clean took 217.17s | win_avg(10)=252.77s | ETA@33cpus=10470.89s(174.51min)
2025-06-13 17:23:08,628 INFO: (psid09) 16/1382 completed: OPAGIX_clean took 342.31s | win_avg(10)=266.60s | ETA@33cpus=11035.66s(183.93min)
2025-06-13 17:23:18,497 INFO: (psid09) 17/1382 completed: om701262m-file004_clean took 352.20s | win_avg(10)=281.26s | ETA@33cpus=11633.78s(193.90min)
2025-06-13 17:23:22,925 INFO: (psid09) 18/1382 completed: OSIXEU_clean took 214.65s | win_avg(10)=280.30s | ETA@33cpus=11585.69s(193.09min)
2025-06-13 17:23:50,783 INFO: (psid09) 19/1382 completed: OPIWEQ_clean took 384.45s | win_avg(10)=295.89s | ETA@33cpus=12221.33s(203.69min)
2025-06-13 17:23:53,634 INFO: (psid09) 20/1382 completed: OTAVAH_clean took 152.98s | win_avg(10)=287.76s | ETA@33cpus=11876.61s(197.94min)
2025-06-13 17:23:58,750 INFO: (psid09) 21/1382 completed: OSAXAI_clean took 392.37s | win_avg(10)=299.86s | ETA@33cpus=12366.85s(206.11min)
2025-06-13 17:24:30,641 INFO: (psid09) 22/1382 completed: OTAVOV_clean took 152.92s | win_avg(10)=284.68s | ETA@33cpus=11732.20s(195.54min)
2025-06-13 17:24:34,372 INFO: (psid09) 23/1382 completed: OPIXUI_clean took 427.56s | win_avg(10)=295.61s | ETA@33cpus=12173.67s(202.89min)
2025-06-13 17:25:01,955 INFO: (psid09) 24/1382 completed: OPIPUZ_clean took 455.62s | win_avg(10)=309.22s | ETA@33cpus=12725.01s(212.08min)
2025-06-13 17:25:02,480 INFO: (psid09) 25/1382 completed: OTAVUB_clean took 151.43s | win_avg(10)=302.65s | ETA@33cpus=12445.31s(207.42min)
2025-06-13 17:25:24,311 INFO: (psid09) 26/1382 completed: OQUXEF_clean took 477.92s | win_avg(10)=316.21s | ETA@33cpus=12993.40s(216.56min)
2025-06-13 17:25:30,139 INFO: (psid09) 27/1382 completed: OQUXAB_clean took 483.75s | win_avg(10)=329.37s | ETA@33cpus=13523.96s(225.40min)
2025-06-13 17:25:30,406 INFO: (psid09) 28/1382 completed: OQUZIL_clean took 484.01s | win_avg(10)=356.30s | ETA@33cpus=14619.17s(243.65min)
2025-06-13 17:25:44,392 INFO: (psid09) 29/1382 completed: OTEGUR_clean took 172.91s | win_avg(10)=335.15s | ETA@33cpus=13741.06s(229.02min)
2025-06-13 17:25:53,692 INFO: (psid09) 30/1382 completed: OSIXIY_clean took 341.75s | win_avg(10)=354.02s | ETA@33cpus=14504.29s(241.74min)
2025-06-13 17:25:54,985 INFO: (psid09) 31/1382 completed: OTEHAY_clean took 166.35s | win_avg(10)=331.42s | ETA@33cpus=13568.25s(226.14min)
2025-06-13 17:26:09,094 INFO: (psid09) 32/1382 completed: ONUQOE_clean took 522.77s | win_avg(10)=368.41s | ETA@33cpus=15071.21s(251.19min)
2025-06-13 17:26:15,946 INFO: (psid09) 33/1382 completed: OSIKUX_clean_h took 462.31s | win_avg(10)=371.88s | ETA@33cpus=15202.08s(253.37min)
2025-06-13 17:26:16,812 INFO: (psid09) 34/1382 completed: OSIKIL_clean took 465.12s | win_avg(10)=372.83s | ETA@33cpus=15229.63s(253.83min)
2025-06-13 17:26:21,793 INFO: (psid09) 35/1382 completed: OTIBUQ_clean took 183.29s | win_avg(10)=376.02s | ETA@33cpus=15348.36s(255.81min)
2025-06-13 17:26:57,315 INFO: (psid09) 36/1382 completed: OTAWIR_clean took 252.65s | win_avg(10)=353.49s | ETA@33cpus=14418.13s(240.30min)
2025-06-13 17:27:21,024 INFO: (psid09) 37/1382 completed: ORUKOD_clean took 594.63s | win_avg(10)=364.58s | ETA@33cpus=14859.32s(247.66min)
2025-06-13 17:27:36,812 INFO: (psid09) 38/1382 completed: OTUYEJ_clean took 101.82s | win_avg(10)=326.36s | ETA@33cpus=13291.71s(221.53min)
2025-06-13 17:27:51,424 INFO: (psid09) 39/1382 completed: OSUVIJ_clean took 419.23s | win_avg(10)=350.99s | ETA@33cpus=14284.26s(238.07min)
2025-06-13 17:27:57,277 INFO: (psid09) 40/1382 completed: OTUDEO_clean took 146.86s | win_avg(10)=331.50s | ETA@33cpus=13481.09s(224.68min)
2025-06-13 17:28:15,535 INFO: (psid09) 41/1382 completed: OTIPEO_clean took 261.89s | win_avg(10)=341.06s | ETA@33cpus=13859.28s(230.99min)
2025-06-13 17:28:22,623 INFO: (psid09) 42/1382 completed: OVEJIJ_clean took 126.67s | win_avg(10)=301.45s | ETA@33cpus=12240.55s(204.01min)
2025-06-13 17:28:23,381 INFO: (psid09) 43/1382 completed: OTUDIS_clean took 158.98s | win_avg(10)=271.11s | ETA@33cpus=11000.63s(183.34min)
2025-06-13 17:28:43,463 INFO: (psid09) 44/1382 completed: OTIQAL_clean took 252.81s | win_avg(10)=249.88s | ETA@33cpus=10131.60s(168.86min)
2025-06-13 17:28:49,390 INFO: (psid09) 45/1382 completed: OTIPUE_clean took 290.63s | win_avg(10)=260.62s | ETA@33cpus=10558.93s(175.98min)
2025-06-13 17:28:53,319 INFO: (psid09) 46/1382 completed: OVIWIA_clean took 116.00s | win_avg(10)=246.95s | ETA@33cpus=9997.80s(166.63min)
2025-06-13 17:29:09,120 INFO: (psid09) 47/1382 completed: ORAQUU_clean took 702.67s | win_avg(10)=257.76s | ETA@33cpus=10427.41s(173.79min)
