2025-06-13 17:51:12,521 INFO: Start run (psid07): 1382/8451, CPUs=33
2025-06-13 17:53:02,716 INFO: (psid07) 1/1382 completed: EMIZAD_clean took 109.12s | win_avg(1)=109.12s | ETA@33cpus=4566.62s(76.11min)
2025-06-13 17:53:11,444 INFO: (psid07) 2/1382 completed: ENOVAG_clean took 117.82s | win_avg(2)=113.47s | ETA@33cpus=4745.24s(79.09min)
2025-06-13 17:53:24,910 INFO: (psid07) 3/1382 completed: EMIHEO_charged took 131.37s | win_avg(3)=119.44s | ETA@33cpus=4991.05s(83.18min)
2025-06-13 17:53:27,603 INFO: (psid07) 4/1382 completed: EMUBIZ_clean took 134.05s | win_avg(4)=123.09s | ETA@33cpus=5139.97s(85.67min)
2025-06-13 17:53:38,199 INFO: (psid07) 5/1382 completed: ENITAX_clean took 144.62s | win_avg(5)=127.40s | ETA@33cpus=5315.95s(88.60min)
2025-06-13 17:53:41,068 INFO: (psid07) 6/1382 completed: EMIYUW_clean took 147.45s | win_avg(6)=130.74s | ETA@33cpus=5451.43s(90.86min)
2025-06-13 17:53:44,719 INFO: (psid07) 7/1382 completed: EPONEE_clean took 33.27s | win_avg(7)=116.81s | ETA@33cpus=4867.29s(81.12min)
2025-06-13 17:53:51,356 INFO: (psid07) 8/1382 completed: EPISOM_clean took 157.72s | win_avg(8)=121.93s | ETA@33cpus=5076.64s(84.61min)
2025-06-13 17:53:54,678 INFO: (psid07) 9/1382 completed: EPONAA_clean took 51.96s | win_avg(9)=114.15s | ETA@33cpus=4749.47s(79.16min)
2025-06-13 17:54:01,061 INFO: (psid07) 10/1382 completed: ENISOK_clean took 167.49s | win_avg(10)=119.49s | ETA@33cpus=4967.76s(82.80min)
2025-06-13 17:54:07,253 INFO: (psid07) 11/1382 completed: EMIGIR_charged took 173.70s | win_avg(10)=125.94s | ETA@33cpus=5232.43s(87.21min)
2025-06-13 17:54:24,375 INFO: (psid07) 12/1382 completed: EPOTAF_clean took 56.77s | win_avg(10)=119.84s | ETA@33cpus=4975.14s(82.92min)
2025-06-13 17:54:37,388 INFO: (psid07) 13/1382 completed: EMUBOF_clean took 203.83s | win_avg(10)=127.08s | ETA@33cpus=5272.10s(87.87min)
2025-06-13 17:54:52,955 INFO: (psid07) 14/1382 completed: EMIGOX_clean took 219.40s | win_avg(10)=135.62s | ETA@33cpus=5622.04s(93.70min)
2025-06-13 17:55:05,795 INFO: (psid07) 15/1382 completed: EMOHIZ_clean took 232.24s | win_avg(10)=144.38s | ETA@33cpus=5980.88s(99.68min)
2025-06-13 17:55:16,402 INFO: (psid07) 16/1382 completed: EMIGUD_charged took 242.84s | win_avg(10)=153.92s | ETA@33cpus=6371.36s(106.19min)
2025-06-13 17:55:18,170 INFO: (psid07) 17/1382 completed: EPOXAJ_clean took 99.97s | win_avg(10)=160.59s | ETA@33cpus=6642.58s(110.71min)
2025-06-13 17:55:41,408 INFO: (psid07) 18/1382 completed: ENITEB_clean took 267.83s | win_avg(10)=171.60s | ETA@33cpus=7092.83s(118.21min)
2025-06-13 17:55:52,537 INFO: (psid07) 19/1382 completed: ENISUQ_clean took 278.96s | win_avg(10)=194.30s | ETA@33cpus=8025.24s(133.75min)
2025-06-13 17:55:53,334 INFO: (psid07) 20/1382 completed: EMIHAK_charged took 279.75s | win_avg(10)=205.53s | ETA@33cpus=8482.69s(141.38min)
2025-06-13 17:55:57,060 INFO: (psid07) 21/1382 completed: ENAFOP_ion_b took 283.46s | win_avg(10)=216.50s | ETA@33cpus=8929.16s(148.82min)
2025-06-13 17:55:59,554 INFO: (psid07) 22/1382 completed: ENAFAB_clean took 285.70s | win_avg(10)=239.40s | ETA@33cpus=9866.08s(164.43min)
2025-06-13 17:56:03,194 INFO: (psid07) 23/1382 completed: ENANIS_clean took 289.63s | win_avg(10)=247.98s | ETA@33cpus=10212.20s(170.20min)
2025-06-13 17:56:19,460 INFO: (psid07) 24/1382 completed: EPAGEJ_clean took 305.76s | win_avg(10)=256.62s | ETA@33cpus=10560.10s(176.00min)
2025-06-13 17:56:32,554 INFO: (psid07) 25/1382 completed: ENOSAD_clean took 318.96s | win_avg(10)=265.29s | ETA@33cpus=10908.93s(181.82min)
2025-06-13 17:56:53,860 INFO: (psid07) 26/1382 completed: ENITOL_clean took 340.24s | win_avg(10)=275.03s | ETA@33cpus=11301.15s(188.35min)
2025-06-13 17:56:57,976 INFO: (psid07) 27/1382 completed: ENESOH_clean took 344.31s | win_avg(10)=299.46s | ETA@33cpus=12296.09s(204.93min)
2025-06-13 17:57:00,934 INFO: (psid07) 28/1382 completed: ERAHOV_clean took 102.76s | win_avg(10)=282.96s | ETA@33cpus=11609.74s(193.50min)
2025-06-13 17:57:02,755 INFO: (psid07) 29/1382 completed: ENESUN_clean took 349.08s | win_avg(10)=289.97s | ETA@33cpus=11888.65s(198.14min)
2025-06-13 17:57:18,551 INFO: (psid07) 30/1382 completed: EQOXIT_clean took 191.28s | win_avg(10)=281.12s | ETA@33cpus=11517.41s(191.96min)
2025-06-13 17:57:22,098 INFO: (psid07) 31/1382 completed: EQETAX_clean took 201.02s | win_avg(10)=272.88s | ETA@33cpus=11171.37s(186.19min)
2025-06-13 17:57:23,547 INFO: (psid07) 32/1382 completed: EQEREY_clean took 212.18s | win_avg(10)=265.52s | ETA@33cpus=10862.34s(181.04min)
2025-06-13 17:57:40,282 INFO: (psid07) 33/1382 completed: EPEWEC_clean took 386.67s | win_avg(10)=275.23s | ETA@33cpus=11250.98s(187.52min)
2025-06-13 17:57:47,766 INFO: (psid07) 34/1382 completed: EQUBIC_clean took 203.38s | win_avg(10)=264.99s | ETA@33cpus=10824.43s(180.41min)
2025-06-13 17:58:03,188 INFO: (psid07) 35/1382 completed: EQUBOI_clean took 205.79s | win_avg(10)=253.67s | ETA@33cpus=10354.47s(172.57min)
2025-06-13 17:58:08,348 INFO: (psid07) 36/1382 completed: EQERIC_clean took 253.67s | win_avg(10)=245.01s | ETA@33cpus=9993.64s(166.56min)
2025-06-13 17:58:12,172 INFO: (psid07) 37/1382 completed: ENIHUG01_clean took 418.58s | win_avg(10)=252.44s | ETA@33cpus=10288.92s(171.48min)
2025-06-13 17:58:15,560 INFO: (psid07) 38/1382 completed: ENIHUG_clean took 421.96s | win_avg(10)=284.36s | ETA@33cpus=11581.30s(193.02min)
2025-06-13 17:58:19,155 INFO: (psid07) 39/1382 completed: EPEWAY_clean took 425.55s | win_avg(10)=292.01s | ETA@33cpus=11883.86s(198.06min)
2025-06-13 17:58:22,779 INFO: (psid07) 40/1382 completed: EPOPEG_clean took 297.86s | win_avg(10)=302.67s | ETA@33cpus=12308.42s(205.14min)
2025-06-13 17:58:24,094 INFO: (psid07) 41/1382 completed: EQUBUO_clean took 211.13s | win_avg(10)=303.68s | ETA@33cpus=12340.34s(205.67min)
2025-06-13 17:58:30,828 INFO: (psid07) 42/1382 completed: ENIXUV_clean took 437.21s | win_avg(10)=326.18s | ETA@33cpus=13244.89s(220.75min)
2025-06-13 17:58:54,561 INFO: (psid07) 43/1382 completed: ENITIF_clean took 460.97s | win_avg(10)=333.61s | ETA@33cpus=13536.48s(225.61min)
2025-06-13 17:59:08,560 INFO: (psid07) 44/1382 completed: ERALUG_clean took 207.08s | win_avg(10)=333.98s | ETA@33cpus=13541.35s(225.69min)
2025-06-13 17:59:18,902 INFO: (psid07) 45/1382 completed: EQERAU_clean took 334.18s | win_avg(10)=346.82s | ETA@33cpus=14051.37s(234.19min)
2025-06-13 17:59:34,904 INFO: (psid07) 46/1382 completed: ETEKAQ_clean took 136.35s | win_avg(10)=335.09s | ETA@33cpus=13565.91s(226.10min)
2025-06-13 17:59:35,740 INFO: (psid07) 47/1382 completed: ETEKEU_clean took 133.64s | win_avg(10)=306.59s | ETA@33cpus=12403.05s(206.72min)
2025-06-13 17:59:48,655 INFO: (psid07) 48/1382 completed: EPECEJ_clean took 515.02s | win_avg(10)=315.90s | ETA@33cpus=12769.93s(212.83min)
2025-06-13 18:00:03,796 INFO: (psid07) 49/1382 completed: ERAMAN_clean took 251.23s | win_avg(10)=298.47s | ETA@33cpus=12056.24s(200.94min)
2025-06-13 18:00:15,564 INFO: (psid07) 50/1382 completed: ETEQUQ_clean took 155.28s | win_avg(10)=284.21s | ETA@33cpus=11471.68s(191.19min)
2025-06-13 18:00:16,457 INFO: (psid07) 51/1382 completed: ETUWEW_clean took 120.89s | win_avg(10)=275.18s | ETA@33cpus=11099.11s(184.99min)
2025-06-13 18:00:23,843 INFO: (psid07) 52/1382 completed: EQAMUG_clean took 402.77s | win_avg(10)=271.74s | ETA@33cpus=10951.96s(182.53min)
2025-06-13 18:00:33,564 INFO: (psid07) 53/1382 completed: ETUWIA_clean took 134.41s | win_avg(10)=239.08s | ETA@33cpus=9628.56s(160.48min)
2025-06-13 18:00:56,463 INFO: (psid07) 54/1382 completed: ETEXEI01_clean took 173.27s | win_avg(10)=235.70s | ETA@33cpus=9485.27s(158.09min)
2025-06-13 18:00:56,485 INFO: (psid07) 55/1382 completed: ETECOX_clean took 233.72s | win_avg(10)=225.66s | ETA@33cpus=9074.18s(151.24min)
2025-06-13 18:01:01,197 INFO: (psid07) 56/1382 completed: ETEXEI_clean took 172.84s | win_avg(10)=229.31s | ETA@33cpus=9213.98s(153.57min)
2025-06-13 18:01:07,208 INFO: (psid07) 57/1382 completed: ETUXEW_clean took 164.42s | win_avg(10)=232.39s | ETA@33cpus=9330.64s(155.51min)
2025-06-13 18:01:10,216 INFO: (psid07) 58/1382 completed: ESUVOF_clean took 256.35s | win_avg(10)=206.52s | ETA@33cpus=8285.79s(138.10min)
2025-06-13 18:01:13,933 INFO: (psid07) 59/1382 completed: EQUNIP_clean took 357.46s | win_avg(10)=217.14s | ETA@33cpus=8705.40s(145.09min)
2025-06-13 18:01:15,573 INFO: (psid07) 60/1382 completed: EVEGOB_clean took 116.66s | win_avg(10)=213.28s | ETA@33cpus=8544.14s(142.40min)
2025-06-13 18:01:32,852 INFO: (psid07) 61/1382 completed: EPEXUU_clean took 619.19s | win_avg(10)=263.11s | ETA@33cpus=10532.39s(175.54min)
2025-06-13 18:01:36,709 INFO: (psid07) 62/1382 completed: EVEGUH_clean took 121.80s | win_avg(10)=235.01s | ETA@33cpus=9400.54s(156.68min)
2025-06-13 18:01:46,046 INFO: (psid07) 63/1382 completed: EPEYAB_clean took 632.38s | win_avg(10)=284.81s | ETA@33cpus=11383.81s(189.73min)
2025-06-13 18:02:05,088 INFO: (psid07) 64/1382 completed: EQUNEL_clean took 419.26s | win_avg(10)=309.41s | ETA@33cpus=12357.65s(205.96min)
2025-06-13 18:02:20,422 INFO: (psid07) 65/1382 completed: ETIXIQ_clean took 248.21s | win_avg(10)=310.86s | ETA@33cpus=12406.09s(206.77min)
2025-06-13 18:02:27,363 INFO: (psid07) 66/1382 completed: ETECIR_clean took 326.41s | win_avg(10)=326.22s | ETA@33cpus=13009.09s(216.82min)
2025-06-13 18:02:43,757 INFO: (psid07) 67/1382 completed: EVADIQ_clean took 259.66s | win_avg(10)=335.74s | ETA@33cpus=13378.70s(222.98min)
2025-06-13 18:02:51,626 INFO: (psid07) 68/1382 completed: EWECOY_clean took 115.13s | win_avg(10)=321.62s | ETA@33cpus=12806.23s(213.44min)
2025-06-13 18:02:56,066 INFO: (psid07) 69/1382 completed: EVUPOC_clean took 172.26s | win_avg(10)=303.10s | ETA@33cpus=12059.62s(200.99min)
2025-06-13 18:03:01,366 INFO: (psid07) 70/1382 completed: EVIMUT_clean took 205.62s | win_avg(10)=311.99s | ETA@33cpus=12404.11s(206.74min)
2025-06-13 18:03:03,504 INFO: (psid07) 71/1382 completed: EWASIG01_clean took 149.94s | win_avg(10)=265.07s | ETA@33cpus=10530.42s(175.51min)
