2025-06-13 16:54:05,872 INFO: Start run (psid05): 1382/8451, CPUs=33
2025-06-13 16:56:29,131 INFO: (psid05) 1/1382 completed: acscombsci.5b00188_5013797_clean took 142.22s | win_avg(1)=142.22s | ETA@33cpus=5951.70s(99.20min)
2025-06-13 16:56:36,525 INFO: (psid05) 2/1382 completed: acs.inorgchem.6b01762_ic6b01762_si_002_clean took 149.50s | win_avg(2)=145.86s | ETA@33cpus=6099.69s(101.66min)
2025-06-13 16:56:40,161 INFO: (psid05) 3/1382 completed: ADOBIF_clean took 153.22s | win_avg(3)=148.32s | ETA@33cpus=6197.80s(103.30min)
2025-06-13 16:56:50,683 INFO: (psid05) 4/1382 completed: ANOMOG_clean took 163.70s | win_avg(4)=152.16s | ETA@33cpus=6353.95s(105.90min)
2025-06-13 16:56:54,895 INFO: (psid05) 5/1382 completed: AHUFIU_clean took 167.91s | win_avg(5)=155.31s | ETA@33cpus=6480.74s(108.01min)
2025-06-13 16:57:05,316 INFO: (psid05) 6/1382 completed: am301365h_si_002_clean took 178.36s | win_avg(6)=159.15s | ETA@33cpus=6636.23s(110.60min)
2025-06-13 16:57:07,509 INFO: (psid05) 7/1382 completed: AGUBUA_clean took 180.59s | win_avg(7)=162.22s | ETA@33cpus=6758.98s(112.65min)
2025-06-13 16:57:30,677 INFO: (psid05) 8/1382 completed: acs.inorgchem.6b01211_ic6b01211_si_002_clean took 203.73s | win_avg(8)=167.40s | ETA@33cpus=6970.13s(116.17min)
2025-06-13 16:57:46,949 INFO: (psid05) 9/1382 completed: acs.cgd.5b01554_VAGNUP1452791_clean took 220.04s | win_avg(9)=173.25s | ETA@33cpus=7208.36s(120.14min)
2025-06-13 16:57:52,055 INFO: (psid05) 10/1382 completed: AFEKAX_clean took 225.13s | win_avg(10)=178.44s | ETA@33cpus=7418.81s(123.65min)
2025-06-13 16:57:56,894 INFO: (psid05) 11/1382 completed: acs.chemmater.5b03723_cm5b03723_si_005_clean took 229.81s | win_avg(10)=187.20s | ETA@33cpus=7777.28s(129.62min)
2025-06-13 16:58:15,533 INFO: (psid05) 12/1382 completed: acscombsci.5b00188_34903_clean took 248.64s | win_avg(10)=197.11s | ETA@33cpus=8183.15s(136.39min)
2025-06-13 16:58:24,164 INFO: (psid05) 13/1382 completed: AMIZIG_clean took 257.21s | win_avg(10)=207.51s | ETA@33cpus=8608.59s(143.48min)
2025-06-13 16:58:33,669 INFO: (psid05) 14/1382 completed: acs.inorgchem.6b01416_ic6b01416_si_004_clean took 266.69s | win_avg(10)=217.81s | ETA@33cpus=9029.24s(150.49min)
2025-06-13 16:58:41,687 INFO: (psid05) 15/1382 completed: AQOTIK_clean took 132.55s | win_avg(10)=214.28s | ETA@33cpus=8876.18s(147.94min)
2025-06-13 16:59:09,200 INFO: (psid05) 16/1382 completed: AQEGUY_clean took 302.24s | win_avg(10)=226.66s | ETA@33cpus=9382.46s(156.37min)
2025-06-13 16:59:11,626 INFO: (psid05) 17/1382 completed: AQOLOJ_clean took 304.65s | win_avg(10)=239.07s | ETA@33cpus=9888.77s(164.81min)
2025-06-13 16:59:49,783 INFO: (psid05) 18/1382 completed: ATEZEG_clean took 162.20s | win_avg(10)=234.92s | ETA@33cpus=9709.87s(161.83min)
2025-06-13 16:59:54,748 INFO: (psid05) 19/1382 completed: ASIVEF_clean took 179.73s | win_avg(10)=230.89s | ETA@33cpus=9536.28s(158.94min)
2025-06-13 17:00:00,256 INFO: (psid05) 20/1382 completed: AVETAY_clean took 128.17s | win_avg(10)=221.19s | ETA@33cpus=9129.09s(152.15min)
2025-06-13 17:00:06,703 INFO: (psid05) 21/1382 completed: ATEZIK_clean took 155.95s | win_avg(10)=213.80s | ETA@33cpus=8817.80s(146.96min)
2025-06-13 17:00:11,554 INFO: (psid05) 22/1382 completed: AWUPOZ_clean took 107.36s | win_avg(10)=199.68s | ETA@33cpus=8229.07s(137.15min)
2025-06-13 17:00:33,658 INFO: (psid05) 23/1382 completed: AQIXUU_clean took 386.70s | win_avg(10)=212.62s | ETA@33cpus=8756.25s(145.94min)
2025-06-13 17:00:51,749 INFO: (psid05) 24/1382 completed: AXIGAR_clean took 138.08s | win_avg(10)=199.76s | ETA@33cpus=8220.53s(137.01min)
2025-06-13 17:01:07,084 INFO: (psid05) 25/1382 completed: APEBII_clean took 420.06s | win_avg(10)=228.51s | ETA@33cpus=9396.74s(156.61min)
2025-06-13 17:01:12,583 INFO: (psid05) 26/1382 completed: ASEKAM_clean took 272.41s | win_avg(10)=225.53s | ETA@33cpus=9267.27s(154.45min)
2025-06-13 17:01:37,294 INFO: (psid05) 27/1382 completed: ASANAL_clean took 300.75s | win_avg(10)=225.14s | ETA@33cpus=9244.40s(154.07min)
2025-06-13 17:01:53,547 INFO: (psid05) 28/1382 completed: acs.chemmater.5b03723_cm5b03723_si_004_clean took 466.35s | win_avg(10)=255.56s | ETA@33cpus=10485.51s(174.76min)
2025-06-13 17:01:56,816 INFO: (psid05) 29/1382 completed: 1499489-acs.cgd.6b01265_1499490_clean took 469.82s | win_avg(10)=284.56s | ETA@33cpus=11667.14s(194.45min)
2025-06-13 17:01:57,110 INFO: (psid05) 30/1382 completed: AXINAX_clean took 195.31s | win_avg(10)=291.28s | ETA@33cpus=11933.60s(198.89min)
2025-06-13 17:02:04,509 INFO: (psid05) 31/1382 completed: BEWCUD_clean took 90.73s | win_avg(10)=284.76s | ETA@33cpus=11657.74s(194.30min)
2025-06-13 17:02:20,352 INFO: (psid05) 32/1382 completed: APEBOO_clean took 493.30s | win_avg(10)=323.35s | ETA@33cpus=13227.98s(220.47min)
2025-06-13 17:02:24,721 INFO: (psid05) 33/1382 completed: ATUZEW_clean took 277.73s | win_avg(10)=312.45s | ETA@33cpus=12772.73s(212.88min)
2025-06-13 17:02:38,339 INFO: (psid05) 34/1382 completed: acs.inorgchem.6b00136_ic6b00136_si_002_clean took 511.42s | win_avg(10)=349.79s | ETA@33cpus=14288.30s(238.14min)
2025-06-13 17:02:42,213 INFO: (psid05) 35/1382 completed: AKOXIJ_clean took 515.22s | win_avg(10)=359.30s | ETA@33cpus=14666.12s(244.44min)
2025-06-13 17:03:10,134 INFO: (psid05) 36/1382 completed: BAKYIY_clean took 200.34s | win_avg(10)=352.10s | ETA@33cpus=14361.27s(239.35min)
2025-06-13 17:03:31,696 INFO: (psid05) 37/1382 completed: BICDAU_clean took 94.58s | win_avg(10)=331.48s | ETA@33cpus=13510.30s(225.17min)
2025-06-13 17:03:38,114 INFO: (psid05) 38/1382 completed: BEXVIL_clean took 104.56s | win_avg(10)=295.30s | ETA@33cpus=12026.77s(200.45min)
2025-06-13 17:03:48,245 INFO: (psid05) 39/1382 completed: AHIYOH_clean took 581.26s | win_avg(10)=306.44s | ETA@33cpus=12471.32s(207.86min)
2025-06-13 17:03:53,168 INFO: (psid05) 40/1382 completed: BETDOV_clean took 226.44s | win_avg(10)=309.56s | ETA@33cpus=12588.62s(209.81min)
2025-06-13 17:04:01,652 INFO: (psid05) 41/1382 completed: BEWVEG_clean took 189.90s | win_avg(10)=319.47s | ETA@33cpus=12982.23s(216.37min)
2025-06-13 17:04:03,454 INFO: (psid05) 42/1382 completed: BETFOX_clean took 231.88s | win_avg(10)=293.33s | ETA@33cpus=11911.00s(198.52min)
2025-06-13 17:04:23,106 INFO: (psid05) 43/1382 completed: AWEJES_clean took 386.16s | win_avg(10)=304.17s | ETA@33cpus=12342.09s(205.70min)
2025-06-13 17:04:54,442 INFO: (psid05) 44/1382 completed: AWEWOP_clean took 398.87s | win_avg(10)=292.92s | ETA@33cpus=11876.56s(197.94min)
2025-06-13 17:05:12,464 INFO: (psid05) 45/1382 completed: ATEJOA_clean took 487.14s | win_avg(10)=290.11s | ETA@33cpus=11753.92s(195.90min)
2025-06-13 17:05:12,957 INFO: (psid05) 46/1382 completed: BEXVAD01_clean took 240.37s | win_avg(10)=294.11s | ETA@33cpus=11907.17s(198.45min)
2025-06-13 17:05:20,826 INFO: (psid05) 47/1382 completed: ASEXED_clean took 510.12s | win_avg(10)=335.67s | ETA@33cpus=13579.33s(226.32min)
2025-06-13 17:05:47,488 INFO: (psid05) 48/1382 completed: BIPBAF_clean took 189.10s | win_avg(10)=344.12s | ETA@33cpus=13910.94s(231.85min)
2025-06-13 17:05:57,046 INFO: (psid05) 49/1382 completed: BEXVAD_clean took 259.74s | win_avg(10)=311.97s | ETA@33cpus=12601.79s(210.03min)
2025-06-13 17:05:58,361 INFO: (psid05) 50/1382 completed: BEXTUV_clean took 291.27s | win_avg(10)=318.46s | ETA@33cpus=12854.03s(214.23min)
