2025-06-13 17:12:19,237 UJOWEW_clean, uptake: 0.016827
2025-06-13 17:13:00,657 UJUQIB_clean, uptake: 0.038206
2025-06-13 17:13:40,098 UMOBEF_clean, uptake: 0.033055
2025-06-13 17:13:43,002 UJIZET_clean, uptake: 0.019213
2025-06-13 17:14:02,951 UMOBEF09_clean, uptake: 0.052499
2025-06-13 17:14:03,140 UMOBEF08_clean, uptake: 0.050834
2025-06-13 17:14:06,166 UMODEH01_clean, uptake: 0.034616
2025-06-13 17:14:06,365 UMODEH02_clean, uptake: 0.034557
2025-06-13 17:14:09,299 UMODEH04_clean, uptake: 0.037581
2025-06-13 17:14:10,535 UMODEH03_clean, uptake: 0.035433
2025-06-13 17:14:13,314 UMODEH07_clean, uptake: 0.039457
2025-06-13 17:18:32,448 UJOWEW_clean, uptake: 0.016842
2025-06-13 17:19:13,318 UJUQIB_clean, uptake: 0.038159
2025-06-13 17:19:54,498 UJIZET_clean, uptake: 0.019247
2025-06-13 17:19:55,161 UMOBEF_clean, uptake: 0.033249
2025-06-13 17:20:21,670 UMOBEF08_clean, uptake: 0.052207
2025-06-13 17:20:22,731 UMOBEF09_clean, uptake: 0.052920
2025-06-13 17:20:24,475 UMODEH01_clean, uptake: 0.034829
2025-06-13 17:20:24,685 UMODEH02_clean, uptake: 0.034350
2025-06-13 17:20:26,232 UMODEH03_clean, uptake: 0.035555
2025-06-13 17:20:28,765 UMODEH04_clean, uptake: 0.037361
2025-06-13 17:20:31,996 UMODEH07_clean, uptake: 0.039575
2025-06-13 17:20:36,828 UMODEH06_clean, uptake: 0.039177
2025-06-13 17:20:45,194 UKAPUS_clean, uptake: 0.040907
2025-06-13 17:20:46,883 UKAQAZ_clean, uptake: 0.040449
2025-06-13 17:20:48,686 UMODEH08_clean, uptake: 0.049395
2025-06-13 17:20:48,694 UKAQIH_clean, uptake: 0.041253
2025-06-13 17:20:48,702 UKAQED_clean, uptake: 0.041451
2025-06-13 17:20:49,117 UMODEH09_clean, uptake: 0.053365
2025-06-13 17:20:51,248 UMODEH10_clean, uptake: 0.052882
2025-06-13 17:20:51,916 UMODEH11_clean, uptake: 0.054193
2025-06-13 17:20:56,231 UMODEH12_clean, uptake: 0.052928
2025-06-13 17:21:12,438 UJULIW_clean, uptake: 0.026732
2025-06-13 17:22:40,084 UMODEH13_clean, uptake: 0.053382
2025-06-13 17:22:41,235 UMEPOT_clean, uptake: 0.039514
2025-06-13 17:23:03,395 UMODEH14_clean, uptake: 0.037680
2025-06-13 17:23:20,294 UJUPUM_clean, uptake: 0.022611
2025-06-13 17:23:32,265 UMODEH16_clean, uptake: 0.032251
2025-06-13 17:23:40,467 UMODEH15_clean, uptake: 0.038222
2025-06-13 17:23:47,884 UMODEH19_clean, uptake: 0.047296
2025-06-13 17:24:00,294 ULAQAB_clean, uptake: 0.052446
2025-06-13 17:24:04,548 UMODEH18_clean, uptake: 0.037476
2025-06-13 17:24:09,390 UMOVEZ02_clean, uptake: 0.039893
2025-06-13 17:24:10,241 UMODEH17_clean, uptake: 0.041243
2025-06-13 17:24:10,413 UMOVEZ01_clean, uptake: 0.040080
2025-06-13 17:24:11,551 UMOVEZ03_clean, uptake: 0.037023
2025-06-13 17:24:12,285 UMOVEZ04_clean, uptake: 0.036469
2025-06-13 17:24:12,579 UMODEH20_clean, uptake: 0.041023
2025-06-13 17:24:14,094 UMOVEZ05_clean, uptake: 0.040036
2025-06-13 17:24:14,299 UMODEH21_clean, uptake: 0.040406
2025-06-13 17:24:15,505 UMODEH23_clean, uptake: 0.037240
2025-06-13 17:24:18,568 UMOVEZ_clean, uptake: 0.035158
2025-06-13 17:24:23,482 UMODEH24_clean, uptake: 0.037217
2025-06-13 17:24:23,842 UMODEH22_clean, uptake: 0.039480
2025-06-13 17:24:29,699 UMODEH_clean, uptake: 0.036330
2025-06-13 17:24:30,990 UMOVID_clean, uptake: 0.034770
2025-06-13 17:24:35,382 UMODEH25_clean, uptake: 0.041867
2025-06-13 17:25:16,902 UKUBIM_clean, uptake: 0.075692
2025-06-13 17:25:22,931 UKUCAF_clean, uptake: 0.106688
2025-06-13 17:25:27,661 UKUBOS_clean, uptake: 0.089949
2025-06-13 17:25:31,128 UKUBUY_clean, uptake: 0.104944
2025-06-13 17:25:56,012 UMOVOJ_clean, uptake: 0.033768
2025-06-13 17:25:56,429 UMARAC_charged, uptake: 0.014668
2025-06-13 17:26:12,589 UMUXEG_clean, uptake: 0.006987
2025-06-13 17:26:16,712 UMOYOM03_clean, uptake: 0.036493
2025-06-13 17:26:24,894 UMOKIS_clean, uptake: 0.027394
2025-06-13 17:26:36,670 UMOYOM05_clean, uptake: 0.040523
2025-06-13 17:27:03,859 UPIBOM_clean, uptake: 0.031840
2025-06-13 17:27:04,820 UMOYOM08_clean, uptake: 0.033592
2025-06-13 17:27:14,594 UNAGUN_clean, uptake: 0.040701
2025-06-13 17:27:14,851 UNAGOH_clean, uptake: 0.040615
2025-06-13 17:27:16,775 UMOYOM06_clean, uptake: 0.036131
2025-06-13 17:27:20,004 UMOYOM10_clean, uptake: 0.036805
2025-06-13 17:27:25,327 UMOYOM11_clean, uptake: 0.040104
2025-06-13 17:27:34,145 UMOYOM07_clean, uptake: 0.037169
2025-06-13 17:27:34,509 UMOYOM17_clean, uptake: 0.048038
2025-06-13 17:27:35,224 UQEGII_clean, uptake: 0.004448
2025-06-13 17:27:45,276 UMOYOM13_clean, uptake: 0.048638
2025-06-13 17:27:46,959 UMOZUT_clean, uptake: 0.041683
2025-06-13 17:27:49,240 UMUBAH_clean, uptake: 0.041184
2025-06-13 17:27:52,362 UMUBIP_clean, uptake: 0.038491
2025-06-13 17:27:52,372 UMUBEL_clean, uptake: 0.040376
2025-06-13 17:27:57,251 UMOYOM16_clean, uptake: 0.051071
2025-06-13 17:27:58,806 UMUBOV_clean, uptake: 0.041736
2025-06-13 17:28:12,043 UNECOH_clean, uptake: 0.032422
2025-06-13 17:28:15,275 UNECUN_clean, uptake: 0.034670
2025-06-13 17:28:44,760 URENEM_clean, uptake: 0.038219
