2025-06-13 17:46:51,806 EMIZAD_clean, uptake: 0.030643
2025-06-13 17:47:01,034 ENOVAG_clean, uptake: 0.014560
2025-06-13 17:47:12,699 EMIHEO_charged, uptake: 0.019863
2025-06-13 17:47:16,596 EMUBIZ_clean, uptake: 0.023682
2025-06-13 17:47:24,431 EMIYUW_clean, uptake: 0.034349
2025-06-13 17:47:26,207 ENITAX_clean, uptake: 0.034108
2025-06-13 17:47:48,737 ENISOK_clean, uptake: 0.027339
2025-06-13 17:47:52,441 EMIGIR_charged, uptake: 0.034715
2025-06-13 17:47:57,182 EPONEE_clean, uptake: 0.011893
2025-06-13 17:48:07,810 EPONAA_clean, uptake: 0.012043
2025-06-13 17:48:26,289 EMUBOF_clean, uptake: 0.036810
2025-06-13 17:53:02,719 EMIZAD_clean, uptake: 0.030148
2025-06-13 17:53:11,447 ENOVAG_clean, uptake: 0.014540
2025-06-13 17:53:24,913 EMIHEO_charged, uptake: 0.020192
2025-06-13 17:53:27,606 EMUBIZ_clean, uptake: 0.023890
2025-06-13 17:53:38,202 ENITAX_clean, uptake: 0.033544
2025-06-13 17:53:41,072 EMIYUW_clean, uptake: 0.034215
2025-06-13 17:53:44,722 EPONEE_clean, uptake: 0.011921
2025-06-13 17:53:51,360 EPISOM_clean, uptake: 0.049139
2025-06-13 17:53:54,682 EPONAA_clean, uptake: 0.011961
2025-06-13 17:54:01,065 ENISOK_clean, uptake: 0.026850
2025-06-13 17:54:07,257 EMIGIR_charged, uptake: 0.035066
2025-06-13 17:54:24,379 EPOTAF_clean, uptake: 0.033035
2025-06-13 17:54:37,392 EMUBOF_clean, uptake: 0.036527
2025-06-13 17:54:52,959 EMIGOX_clean, uptake: 0.046224
2025-06-13 17:55:05,800 EMOHIZ_clean, uptake: 0.018522
2025-06-13 17:55:16,407 EMIGUD_charged, uptake: 0.046672
2025-06-13 17:55:18,175 EPOXAJ_clean, uptake: 0.003529
2025-06-13 17:55:41,413 ENITEB_clean, uptake: 0.034696
2025-06-13 17:55:52,542 ENISUQ_clean, uptake: 0.030662
2025-06-13 17:55:53,340 EMIHAK_charged, uptake: 0.045515
2025-06-13 17:55:57,066 ENAFOP_ion_b, uptake: 0.007313
2025-06-13 17:55:59,559 ENAFAB_clean, uptake: 0.005950
2025-06-13 17:56:03,199 ENANIS_clean, uptake: 0.079786
2025-06-13 17:56:19,465 EPAGEJ_clean, uptake: 0.010912
2025-06-13 17:56:32,559 ENOSAD_clean, uptake: 0.027135
2025-06-13 17:56:53,867 ENITOL_clean, uptake: 0.037402
2025-06-13 17:56:57,982 ENESOH_clean, uptake: 0.033273
2025-06-13 17:57:00,939 ERAHOV_clean, uptake: 0.017581
2025-06-13 17:57:02,761 ENESUN_clean, uptake: 0.034019
2025-06-13 17:57:18,558 EQOXIT_clean, uptake: 0.022629
2025-06-13 17:57:22,104 EQETAX_clean, uptake: 0.067763
2025-06-13 17:57:23,552 EQEREY_clean, uptake: 0.055611
2025-06-13 17:57:40,288 EPEWEC_clean, uptake: 0.039428
2025-06-13 17:57:47,772 EQUBIC_clean, uptake: 0.025021
2025-06-13 17:58:03,194 EQUBOI_clean, uptake: 0.025272
2025-06-13 17:58:08,354 EQERIC_clean, uptake: 0.080205
2025-06-13 17:58:12,178 ENIHUG01_clean, uptake: 0.031847
2025-06-13 17:58:15,566 ENIHUG_clean, uptake: 0.032251
2025-06-13 17:58:19,161 EPEWAY_clean, uptake: 0.038672
2025-06-13 17:58:22,785 EPOPEG_clean, uptake: 0.037772
2025-06-13 17:58:24,101 EQUBUO_clean, uptake: 0.025042
2025-06-13 17:58:30,835 ENIXUV_clean, uptake: 0.034865
2025-06-13 17:58:54,569 ENITIF_clean, uptake: 0.045080
2025-06-13 17:59:08,568 ERALUG_clean, uptake: 0.025487
2025-06-13 17:59:18,910 EQERAU_clean, uptake: 0.043922
2025-06-13 17:59:34,912 ETEKAQ_clean, uptake: 0.032531
2025-06-13 17:59:35,746 ETEKEU_clean, uptake: 0.032524
2025-06-13 17:59:48,663 EPECEJ_clean, uptake: 0.052638
2025-06-13 18:00:03,804 ERAMAN_clean, uptake: 0.029073
2025-06-13 18:00:15,570 ETEQUQ_clean, uptake: 0.009898
2025-06-13 18:00:16,463 ETUWEW_clean, uptake: 0.019718
2025-06-13 18:00:23,852 EQAMUG_clean, uptake: 0.020129
2025-06-13 18:00:33,571 ETUWIA_clean, uptake: 0.031121
2025-06-13 18:00:56,470 ETEXEI01_clean, uptake: 0.034969
2025-06-13 18:00:56,485 ETECOX_clean, uptake: 0.022022
2025-06-13 18:01:01,205 ETEXEI_clean, uptake: 0.035539
2025-06-13 18:01:07,215 ETUXEW_clean, uptake: 0.051937
2025-06-13 18:01:10,223 ESUVOF_clean, uptake: 0.037635
2025-06-13 18:01:13,941 EQUNIP_clean, uptake: 0.054264
2025-06-13 18:01:15,580 EVEGOB_clean, uptake: 0.028040
2025-06-13 18:01:32,860 EPEXUU_clean, uptake: 0.036240
2025-06-13 18:01:36,717 EVEGUH_clean, uptake: 0.028849
2025-06-13 18:01:46,054 EPEYAB_clean, uptake: 0.044337
2025-06-13 18:02:05,096 EQUNEL_clean, uptake: 0.051479
2025-06-13 18:02:20,430 ETIXIQ_clean, uptake: 0.053349
2025-06-13 18:02:27,372 ETECIR_clean, uptake: 0.040866
2025-06-13 18:02:43,765 EVADIQ_clean, uptake: 0.033905
2025-06-13 18:02:51,634 EWECOY_clean, uptake: 0.026146
2025-06-13 18:02:56,074 EVUPOC_clean, uptake: 0.038317
2025-06-13 18:03:01,375 EVIMUT_clean, uptake: 0.025738
2025-06-13 18:03:03,511 EWASIG01_clean, uptake: 0.034854
2025-06-13 18:03:12,210 EVUQOC_clean, uptake: 0.053163
2025-06-13 18:03:15,898 ERULEK_clean, uptake: 0.029904
2025-06-13 18:03:27,980 EWASIG_clean, uptake: 0.036283
2025-06-13 18:03:29,054 ETESIG_clean, uptake: 0.047335
2025-06-13 18:03:56,673 ERUNOW_clean, uptake: 0.030532
2025-06-13 18:03:56,902 EVAKOB_charged, uptake: 0.044112
2025-06-13 18:04:14,557 EVUQUI_clean, uptake: 0.042489
2025-06-13 18:04:14,675 EWUSOF_clean, uptake: 0.011910
2025-06-13 18:04:19,711 EWUSUL_clean, uptake: 0.010769
2025-06-13 18:04:24,371 EVURAP_clean, uptake: 0.044813
2025-06-13 18:04:28,105 EREFEN01_SL, uptake: 0.074705
2025-06-13 18:04:34,764 EWUKEO_clean, uptake: 0.043318
2025-06-13 18:04:37,367 ETAXUT_clean, uptake: 0.044862
2025-06-13 18:04:37,388 EWUGEK_clean, uptake: 0.015435
2025-06-13 18:04:52,492 EWEWUZ_charged, uptake: 0.018380
2025-06-13 18:04:58,720 EWUKIS_clean, uptake: 0.043239
2025-06-13 18:05:15,217 EXAXAE01_clean, uptake: 0.022582
2025-06-13 18:05:25,582 EWUKAK_clean, uptake: 0.035559
2025-06-13 18:05:27,919 EWUCOP_clean, uptake: 0.051679
2025-06-13 18:05:28,241 EXAPEA_clean, uptake: 0.030880
2025-06-13 18:05:31,038 EXAXAE_clean, uptake: 0.024134
2025-06-13 18:05:31,337 EWIPIL_clean, uptake: 0.077354
2025-06-13 18:05:50,658 EXEMUR_clean, uptake: 0.013792
2025-06-13 18:05:51,238 EXALAR_clean, uptake: 0.023131
2025-06-13 18:06:05,598 EVUDAA_clean, uptake: 0.051832
2025-06-13 18:06:19,293 EXEXAH_clean, uptake: 0.019230
2025-06-13 18:06:27,826 EXIDOF_clean, uptake: 0.053786
2025-06-13 18:06:33,432 EWESAC_clean, uptake: 0.061323
2025-06-13 18:06:46,043 EXALIZ_clean, uptake: 0.010114
2025-06-13 18:06:50,330 EWETUW_clean, uptake: 0.082467
2025-06-13 18:07:01,719 EXEQII_SL, uptake: 0.043104
2025-06-13 18:07:04,989 EXOZIB_clean, uptake: 0.023413
2025-06-13 18:07:09,670 EXENAX_clean, uptake: 0.014912
2025-06-13 18:07:11,248 EROCIZ_clean, uptake: 0.056581
2025-06-13 18:07:25,437 ESASEY_clean, uptake: 0.042782
2025-06-13 18:07:32,710 EYACOX_clean, uptake: 0.033481
2025-06-13 18:07:47,171 EWUTEW_clean, uptake: 0.028055
2025-06-13 18:08:08,655 EYINOR_clean, uptake: 0.035115
2025-06-13 18:08:16,252 EXEQAA_clean, uptake: 0.043122
2025-06-13 18:08:17,301 EZABEN_clean, uptake: 0.027770
2025-06-13 18:08:17,664 EYIYES_clean, uptake: 0.031032
2025-06-13 18:08:22,869 EYOCIG_clean, uptake: 0.030746
2025-06-13 18:08:29,378 EXOFIH_clean, uptake: 0.123189
2025-06-13 18:08:33,049 EXUHEM_clean, uptake: 0.039194
2025-06-13 18:08:33,664 EYOCOM_clean, uptake: 0.030537
2025-06-13 18:08:44,523 EXOTUH_SL, uptake: 0.046027
2025-06-13 18:08:52,874 ESASAU_clean, uptake: 0.041083
2025-06-13 18:09:23,614 EXUHUC_clean, uptake: 0.012121
2025-06-13 18:09:51,246 EZULAO_clean, uptake: 0.040201
2025-06-13 18:10:06,357 EYUWAW_clean_h, uptake: 0.039124
2025-06-13 18:10:21,210 EXOTOB_clean, uptake: 0.017834
2025-06-13 18:10:28,443 FAFQEJ01_clean, uptake: 0.011082
2025-06-13 18:10:28,865 FABGUM_clean, uptake: 0.019980
2025-06-13 18:10:44,806 FAFMAC_clean, uptake: 0.016285
2025-06-13 18:10:46,645 EZOBUR_clean, uptake: 0.024187
2025-06-13 18:10:50,397 EVAKIV_clean, uptake: 0.042259
2025-06-13 18:10:50,918 EZUCIM_clean, uptake: 0.064773
2025-06-13 18:11:00,282 EZEQEH_clean, uptake: 0.058547
2025-06-13 18:11:01,893 EZEQIL_clean, uptake: 0.056786
2025-06-13 18:11:08,970 EZOBUR02_clean, uptake: 0.026391
2025-06-13 18:11:12,965 EZEQOR_clean, uptake: 0.056804
2025-06-13 18:11:16,769 FAGREM_clean, uptake: 0.025484
2025-06-13 18:11:16,874 FAGQAI_clean, uptake: 0.027072
2025-06-13 18:11:19,211 EZESAF_clean, uptake: 0.053776
2025-06-13 18:11:28,878 EYULOA_clean, uptake: 0.065044
2025-06-13 18:11:44,826 EZEQUX_clean, uptake: 0.058816
2025-06-13 18:11:52,533 EZOFEF_clean, uptake: 0.081807
2025-06-13 18:12:12,039 FAFDEX_clean, uptake: 0.039175
2025-06-13 18:12:14,679 FAHGAY_clean, uptake: 0.058272
2025-06-13 18:12:22,455 FALLOT_clean, uptake: 0.015078
2025-06-13 18:12:36,396 FAKNIR_clean, uptake: 0.035522
2025-06-13 18:12:38,491 FAKLIO_clean, uptake: 0.032306
2025-06-13 18:12:53,701 FAKLOU_clean, uptake: 0.029116
2025-06-13 18:13:03,108 FAKLUA_clean, uptake: 0.038747
2025-06-13 18:13:33,074 FAMPUH_clean, uptake: 0.042666
2025-06-13 18:13:35,056 FAHPOV_clean, uptake: 0.030875
2025-06-13 18:13:35,195 EVEGIV_clean, uptake: 0.025941
2025-06-13 18:13:35,484 FAMQAO_clean, uptake: 0.041427
2025-06-13 18:13:42,935 FAMQES_clean, uptake: 0.043451
2025-06-13 18:13:51,806 FANQER_clean, uptake: 0.006735
2025-06-13 18:14:09,721 FALDAA_clean, uptake: 0.034551
2025-06-13 18:14:09,764 EZIPEK_clean, uptake: 0.035680
2025-06-13 18:14:18,640 FAKMAH_clean, uptake: 0.037458
2025-06-13 18:14:37,671 EZIVAM_clean, uptake: 0.027856
2025-06-13 18:14:41,008 FAPXEC_clean, uptake: 0.045265
2025-06-13 18:14:44,684 FAPXIG_clean, uptake: 0.046084
2025-06-13 18:14:50,358 FALPOY_clean, uptake: 0.135818
2025-06-13 18:14:51,946 FAPXOM_clean, uptake: 0.047141
2025-06-13 18:14:53,104 FALVOF_clean, uptake: 0.013860
2025-06-13 18:15:16,535 EXEWIO_clean, uptake: 0.073349
2025-06-13 18:15:17,281 FARFIO_clean, uptake: 0.014595
2025-06-13 18:15:18,322 FANCIJ_clean, uptake: 0.038737
2025-06-13 18:15:19,236 FARFOU_clean, uptake: 0.015507
2025-06-13 18:15:27,063 FARFUA_clean, uptake: 0.015118
2025-06-13 18:15:43,978 FAJYAS_clean, uptake: 0.026956
2025-06-13 18:15:50,257 FAQLUH_clean, uptake: 0.044542
2025-06-13 18:15:53,829 FANCOP_clean, uptake: 0.051197
2025-06-13 18:16:07,529 ETEPID_clean, uptake: 0.139032
2025-06-13 18:16:09,640 FASHOX_clean, uptake: 0.011442
2025-06-13 18:16:17,295 FANDEG_clean, uptake: 0.047604
2025-06-13 18:16:33,394 FASHAK_clean, uptake: 0.019660
2025-06-13 18:16:43,775 FABCUI_clean, uptake: 0.028553
2025-06-13 18:16:56,205 FATQID_clean, uptake: 0.024791
2025-06-13 18:16:59,510 FASVIH_clean, uptake: 0.023611
2025-06-13 18:17:10,516 FAGXIX_clean, uptake: 0.110730
2025-06-13 18:17:12,036 FAQGEL_clean, uptake: 0.047254
2025-06-13 18:17:15,300 FAQGIP_clean, uptake: 0.052028
2025-06-13 18:17:17,419 FARBIL_clean, uptake: 0.039933
2025-06-13 18:18:16,427 FAVKAP_clean, uptake: 0.032032
2025-06-13 18:18:37,910 FATKES_clean, uptake: 0.013620
2025-06-13 18:18:40,496 FATKAO_clean, uptake: 0.013366
2025-06-13 18:18:47,676 FATKIW_clean, uptake: 0.014396
2025-06-13 18:19:07,230 FATKUI_clean, uptake: 0.013958
2025-06-13 18:19:13,132 FATKOC_clean, uptake: 0.013890
2025-06-13 18:19:27,052 FARHIR_ion_b, uptake: 0.039036
2025-06-13 18:19:55,304 FAWCEN02_SL, uptake: 0.018628
2025-06-13 18:20:00,840 FAJZOI_clean, uptake: 0.102899
2025-06-13 18:20:07,798 FATVOM_clean, uptake: 0.041373
2025-06-13 18:20:15,585 EZITUE_clean, uptake: 0.027267
2025-06-13 18:20:37,648 FAGMAE_clean, uptake: 0.024998
2025-06-13 18:20:44,651 FATLUJ_clean, uptake: 0.020839
2025-06-13 18:21:02,525 FAVGIV_clean, uptake: 0.016387
2025-06-13 18:21:07,251 FAVGOB_clean, uptake: 0.016066
2025-06-13 18:21:19,481 FAVGUH_clean, uptake: 0.016109
2025-06-13 18:21:27,886 FAYPIG_clean, uptake: 0.029027
2025-06-13 18:21:29,899 FAVHAO_clean, uptake: 0.016929
2025-06-13 18:21:35,328 FAGMOS_clean, uptake: 0.039008
2025-06-13 18:21:43,362 FAGMEI_clean, uptake: 0.039781
2025-06-13 18:21:45,966 FAVHES_clean, uptake: 0.016242
2025-06-13 18:21:50,525 FAHQIR_clean, uptake: 0.051350
2025-06-13 18:22:00,368 FAVHIW_clean, uptake: 0.017224
2025-06-13 18:22:06,502 FAYPAY_clean, uptake: 0.029864
2025-06-13 18:22:20,493 FEBXIV_clean, uptake: 0.034886
2025-06-13 18:22:22,471 FAVGAN_clean, uptake: 0.016577
2025-06-13 18:22:36,848 FAVGER_clean, uptake: 0.015234
2025-06-13 18:22:40,803 FAYPOM_clean, uptake: 0.028932
2025-06-13 18:22:54,341 FECCIZ_clean, uptake: 0.709916
2025-06-13 18:22:56,359 FEFDEB_manual, uptake: 0.026545
2025-06-13 18:22:57,100 FAZZEM_clean, uptake: 0.007415
2025-06-13 18:23:04,390 FATKIV_clean, uptake: 0.025131
2025-06-13 18:23:08,349 FEFCUQ_clean, uptake: 0.037390
2025-06-13 18:23:11,117 FEFDAX_clean, uptake: 0.035853
2025-06-13 18:23:13,009 FEFZOF_clean, uptake: 0.022050
2025-06-13 18:23:23,931 FARHOX_ion_b, uptake: 0.038719
2025-06-13 18:23:46,929 FAYPEC_clean, uptake: 0.029490
2025-06-13 18:23:50,408 FEDBEX_clean, uptake: 0.013786
2025-06-13 18:24:05,345 FASYUU_charged, uptake: 0.018681
2025-06-13 18:24:07,857 FECZAQ_manual, uptake: 0.029757
2025-06-13 18:24:09,648 FAZRAA_charged, uptake: 0.053916
2025-06-13 18:24:10,531 FAZPED_clean, uptake: 0.015739
2025-06-13 18:24:14,049 FAYQAZ_clean, uptake: 0.024701
2025-06-13 18:24:30,400 FAHQIQ_clean, uptake: 0.067022
2025-06-13 18:24:40,702 FENROG_clean, uptake: 0.011129
2025-06-13 18:24:40,760 FEBPUY_clean, uptake: 0.045510
2025-06-13 18:24:54,627 FEDJUU_charged, uptake: 0.005263
2025-06-13 18:25:09,265 FAYQED_clean, uptake: 0.041553
2025-06-13 18:25:21,397 FECXAO_clean, uptake: 0.058180
2025-06-13 18:25:25,464 FEJDII01_clean, uptake: 0.042606
2025-06-13 18:25:31,373 FERHAN_clean, uptake: 0.048030
2025-06-13 18:25:37,200 FECYUJ_clean, uptake: 0.040825
2025-06-13 18:25:50,904 FEQSIF_clean, uptake: 0.050252
2025-06-13 18:26:06,221 FERVIJ_clean, uptake: 0.020817
2025-06-13 18:26:15,433 FECXUI_clean, uptake: 0.038940
2025-06-13 18:26:19,242 FERWAC_clean, uptake: 0.032083
2025-06-13 18:26:24,257 FEHCIG_manual, uptake: 0.032828
2025-06-13 18:26:39,610 FECKAA_clean, uptake: 0.055827
2025-06-13 18:26:40,917 FENVOL_charged, uptake: 0.060980
2025-06-13 18:26:51,364 FEJDII_clean, uptake: 0.043493
2025-06-13 18:27:04,852 FAVFUG_clean, uptake: 0.044210
2025-06-13 18:27:11,145 FEVSAC_clean, uptake: 0.014201
2025-06-13 18:27:19,325 FEYJOJ_clean, uptake: 0.043259
2025-06-13 18:27:41,558 FEYQIK_clean, uptake: 0.024739
2025-06-13 18:27:48,642 FECXES_clean, uptake: 0.056274
2025-06-13 18:27:49,158 FESTUT_clean, uptake: 0.065555
2025-06-13 18:27:59,356 FEZTIP_clean, uptake: 0.043957
2025-06-13 18:28:28,567 FIFGEI_clean, uptake: 0.032204
2025-06-13 18:28:32,368 FEYDET_clean, uptake: 0.076516
2025-06-13 18:28:45,532 FIFGAE_clean, uptake: 0.038442
2025-06-13 18:28:47,547 FEZREJ_clean, uptake: 0.033983
2025-06-13 18:28:55,180 FEWQOP_clean, uptake: 0.020454
2025-06-13 18:29:10,959 FIDRIV_clean, uptake: 0.017864
2025-06-13 18:29:15,882 FEZCUJ_charged, uptake: 0.005875
2025-06-13 18:29:28,458 FEGNIQ_clean, uptake: 0.028426
2025-06-13 18:29:31,604 FEZCOD_charged, uptake: 0.006234
2025-06-13 18:29:36,986 FIBHIJ_clean, uptake: 0.020662
2025-06-13 18:29:37,036 FEWWOV_clean, uptake: 0.067439
2025-06-13 18:29:40,992 FIBKEI_clean, uptake: 0.040620
2025-06-13 18:29:46,604 FIFGIM_clean, uptake: 0.036406
2025-06-13 18:29:51,396 FIFNUE01_clean, uptake: 0.025115
2025-06-13 18:29:54,041 FIFNUE_clean, uptake: 0.025745
2025-06-13 18:29:56,234 FEVNIE_charged, uptake: 0.028716
2025-06-13 18:30:04,749 FEXCES_clean, uptake: 0.062031
2025-06-13 18:30:05,471 FIFPAM01_clean, uptake: 0.025280
2025-06-13 18:30:25,891 FIFPAM_clean, uptake: 0.021881
2025-06-13 18:30:26,695 FERVEF_clean, uptake: 0.019279
2025-06-13 18:30:32,258 FERVUV_clean, uptake: 0.027919
2025-06-13 18:30:44,581 FEVVIM_charged, uptake: 0.027532
2025-06-13 18:30:58,493 FEZQEI_clean, uptake: 0.015546
2025-06-13 18:31:39,871 FIHRIZ_clean, uptake: 0.046564
2025-06-13 18:31:43,897 FALBAX_manual, uptake: 0.033055
2025-06-13 18:31:52,167 FIJCUX01_clean, uptake: 0.033732
2025-06-13 18:32:07,759 FIJDUY_clean, uptake: 0.021387
2025-06-13 18:32:22,668 FIJFEK_manual, uptake: 0.032844
2025-06-13 18:32:23,424 FIJDOS_clean, uptake: 0.026256
2025-06-13 18:33:37,900 FEWGUL_clean, uptake: 0.040887
2025-06-13 18:33:57,983 FIJDIM01_clean, uptake: 0.045893
2025-06-13 18:34:00,384 FIFMOX_clean, uptake: 0.030797
2025-06-13 18:34:09,143 FIJDIM02_clean, uptake: 0.045513
2025-06-13 18:34:10,441 FEWQIJ_manual, uptake: 0.020937
2025-06-13 18:34:14,039 FIJDIM03_clean, uptake: 0.045716
2025-06-13 18:34:18,164 FAYQUT_clean, uptake: 0.035379
2025-06-13 18:34:21,878 FIJFUA_clean, uptake: 0.031285
2025-06-13 18:34:24,497 FIFMUD_clean, uptake: 0.030196
2025-06-13 18:34:28,657 FIJDIM04_clean, uptake: 0.045358
2025-06-13 18:34:30,236 FIJDIM05_clean, uptake: 0.045375
2025-06-13 18:34:32,037 FIJDIM06_clean, uptake: 0.044473
2025-06-13 18:34:32,602 FIHFAF_clean, uptake: 0.039239
2025-06-13 18:34:37,774 FIJDIM07_clean, uptake: 0.044453
2025-06-13 18:34:39,658 FIJDIM09_clean, uptake: 0.044287
2025-06-13 18:34:41,411 FIJDIM10_clean, uptake: 0.041789
2025-06-13 18:34:46,754 FIJDIM11_clean, uptake: 0.043454
2025-06-13 18:34:47,605 FIJXUR_clean, uptake: 0.006350
2025-06-13 18:34:48,000 FIJDIM08_clean, uptake: 0.044753
2025-06-13 18:34:55,492 FILYEG_clean, uptake: 0.023174
2025-06-13 18:35:02,297 FIJDIM_clean, uptake: 0.044779
2025-06-13 18:35:06,857 FIJDIM12_clean, uptake: 0.045085
2025-06-13 18:35:23,362 FIFMIS01_clean, uptake: 0.050858
2025-06-13 18:35:38,177 FIMXUW_clean, uptake: 0.012420
2025-06-13 18:35:38,356 FIFMIS_clean, uptake: 0.049905
2025-06-13 18:35:39,594 FIMNIA_clean, uptake: 0.009499
2025-06-13 18:36:04,058 FIFMOY_clean, uptake: 0.050712
2025-06-13 18:36:25,218 FIVNAZ_clean, uptake: 0.007505
2025-06-13 18:36:37,502 FIPJAR_clean, uptake: 0.033942
2025-06-13 18:36:37,767 FAZFET_clean, uptake: 0.013660
2025-06-13 18:36:45,741 FIPKOG_clean, uptake: 0.041102
2025-06-13 18:36:46,533 FIPKUM_clean, uptake: 0.045491
2025-06-13 18:36:48,765 FIPKOG01_clean, uptake: 0.042443
2025-06-13 18:36:58,607 FIQYUA_clean, uptake: 0.017871
2025-06-13 18:37:21,508 FINQOK_clean, uptake: 0.010771
2025-06-13 18:37:32,573 FIQYOU_clean, uptake: 0.031372
2025-06-13 18:37:34,961 FIQZAH_clean, uptake: 0.034690
2025-06-13 18:37:38,457 FINQUQ_clean, uptake: 0.010599
2025-06-13 18:37:41,539 FIJZEE_clean, uptake: 0.106457
2025-06-13 18:37:42,410 FIRMUQ_clean, uptake: 0.040331
2025-06-13 18:37:42,713 FIRNAX_clean, uptake: 0.037106
2025-06-13 18:37:43,392 FIRNAX01_clean, uptake: 0.037575
2025-06-13 18:37:46,237 FIRPAZ_clean, uptake: 0.037298
2025-06-13 18:37:46,957 FIRNIF_clean, uptake: 0.038008
2025-06-13 18:37:49,129 FIVYEP01_clean, uptake: 0.014205
2025-06-13 18:37:52,379 FIVYEP_clean, uptake: 0.014039
2025-06-13 18:38:01,555 FIRZOX_clean, uptake: 0.006816
2025-06-13 18:38:15,350 FIRNUR_clean, uptake: 0.044021
2025-06-13 18:38:28,893 FIRNOL_clean, uptake: 0.047310
2025-06-13 18:38:48,471 FOHCIP_clean, uptake: 0.020738
2025-06-13 18:38:56,567 FIJYED_clean, uptake: 0.627716
2025-06-13 18:38:56,960 FIPXEJ_clean, uptake: 0.040212
2025-06-13 18:39:05,187 FOHQUO_clean, uptake: 0.008182
2025-06-13 18:39:09,378 FIXVUE_clean, uptake: 0.004674
2025-06-13 18:39:29,125 FIPWOS_clean, uptake: 0.076764
2025-06-13 18:39:46,079 FIYDOH_clean, uptake: 0.017333
2025-06-13 18:40:15,254 FORPIM_clean, uptake: 0.015226
2025-06-13 18:40:17,798 FIVQOR_clean, uptake: 0.279794
2025-06-13 18:40:20,502 FORPOS_clean, uptake: 0.014508
2025-06-13 18:40:23,090 FIZPOV_clean, uptake: 0.059940
2025-06-13 18:40:27,656 FOKWIN_clean, uptake: 0.025124
2025-06-13 18:40:33,120 FOBNAN_clean, uptake: 0.034738
2025-06-13 18:40:35,622 FOFTIF_clean, uptake: 0.058724
2025-06-13 18:40:39,656 FORPUY_clean, uptake: 0.015367
2025-06-13 18:40:41,666 FOFTUR_clean, uptake: 0.049449
2025-06-13 18:40:42,299 FOFCOU_clean, uptake: 0.067916
2025-06-13 18:40:43,910 FOCZAA_clean, uptake: 0.069156
2025-06-13 18:40:49,081 FORQAF_clean, uptake: 0.014449
2025-06-13 18:40:53,292 FORKUU_clean, uptake: 0.060259
2025-06-13 18:41:01,644 FORQEJ_clean, uptake: 0.015217
2025-06-13 18:41:19,917 FOQPAE_clean, uptake: 0.034619
2025-06-13 18:41:23,881 FOTNIN_clean, uptake: 0.035791
2025-06-13 18:41:27,222 FOFHAK_clean, uptake: 0.129031
2025-06-13 18:41:27,497 FIPXAF_clean, uptake: 0.101887
2025-06-13 18:41:28,419 FONKEA_clean, uptake: 0.024962
2025-06-13 18:41:30,478 FORQIN_clean, uptake: 0.014774
2025-06-13 18:41:43,537 FOJLOH_clean, uptake: 0.040732
2025-06-13 18:41:45,696 FONQIJ_clean, uptake: 0.042496
2025-06-13 18:42:06,980 FOJKIA_clean, uptake: 0.075759
2025-06-13 18:42:10,714 FOPBAP_clean, uptake: 0.017051
2025-06-13 18:42:12,173 FOLLEZ_clean, uptake: 0.082288
2025-06-13 18:42:18,413 FITGEW_clean, uptake: 0.014962
2025-06-13 18:42:24,927 FEWWUB_clean, uptake: 0.054877
2025-06-13 18:43:19,175 FUMHOL_clean, uptake: 0.004929
2025-06-13 18:43:25,784 FUDHAP_clean, uptake: 0.037582
2025-06-13 18:43:29,592 FITHIA_clean, uptake: 0.023136
2025-06-13 18:43:42,011 FOMWOV_clean, uptake: 0.041294
2025-06-13 18:43:50,889 FUDGES_clean, uptake: 0.036559
2025-06-13 18:44:02,706 FOXNIQ_clean, uptake: 0.013087
2025-06-13 18:44:05,443 FIVYUF_clean, uptake: 0.029393
2025-06-13 18:44:33,508 FUBDEM_clean, uptake: 0.023994
2025-06-13 18:44:37,942 FUNCEX_clean, uptake: 0.032998
2025-06-13 18:44:43,649 FOKYEL_clean, uptake: 0.046178
2025-06-13 18:45:03,729 FIMYUX_clean, uptake: 0.025501
2025-06-13 18:45:06,248 FUNCAT_clean, uptake: 0.039331
2025-06-13 18:45:16,798 FULQUZ_clean, uptake: 0.037260
2025-06-13 18:45:18,459 FUDHET_clean, uptake: 0.044099
2025-06-13 18:45:26,557 FUNBAS_clean, uptake: 0.046138
2025-06-13 18:45:27,991 FUMJAA_clean, uptake: 0.037221
2025-06-13 18:45:28,701 FUNFOL_clean, uptake: 0.030262
2025-06-13 18:45:34,869 FULQOT_clean, uptake: 0.042280
2025-06-13 18:45:36,187 FOWTOC_clean, uptake: 0.035709
2025-06-13 18:45:36,794 FOXHUX_clean, uptake: 0.034095
2025-06-13 18:45:38,747 FOVPOX_clean, uptake: 0.022270
2025-06-13 18:45:43,785 FUHNIH_clean, uptake: 0.059864
2025-06-13 18:45:47,327 FUBNOH_clean, uptake: 0.099500
2025-06-13 18:45:51,405 FOVPUD_clean, uptake: 0.022823
2025-06-13 18:45:54,769 FUHNED_clean, uptake: 0.054874
2025-06-13 18:45:57,774 FOVPEN_clean, uptake: 0.020826
2025-06-13 18:46:03,739 FUHMOM_clean, uptake: 0.073026
2025-06-13 18:46:21,815 FOKYIP_clean, uptake: 0.051311
2025-06-13 18:46:52,450 FURRAM_clean, uptake: 0.012431
2025-06-13 18:46:57,147 FURREQ_clean, uptake: 0.012647
2025-06-13 18:47:03,823 FUTCAZ_clean, uptake: 0.021909
2025-06-13 18:47:08,793 FURRIU_clean, uptake: 0.013584
2025-06-13 18:47:09,759 FURROA_clean, uptake: 0.013094
2025-06-13 18:47:11,273 FONPUV_clean, uptake: 0.027636
2025-06-13 18:47:12,785 FURFIJ01_clean, uptake: 0.031574
2025-06-13 18:47:12,808 FIMZAE_clean, uptake: 0.025020
2025-06-13 18:47:12,838 FURFIJ_clean, uptake: 0.032194
2025-06-13 18:47:23,298 FUSMEM_clean, uptake: 0.012367
2025-06-13 18:47:23,859 FURQUF_ion_b, uptake: 0.008822
2025-06-13 18:47:24,528 FURQOZ01_ion_b, uptake: 0.008716
2025-06-13 18:47:26,651 FUSMIQ_clean, uptake: 0.012756
2025-06-13 18:47:27,104 FUSMOW_clean, uptake: 0.012799
2025-06-13 18:47:31,821 FUSMUC_clean, uptake: 0.012925
2025-06-13 18:47:40,513 FUSNAJ_clean, uptake: 0.013874
2025-06-13 18:47:45,311 FUSNEN_clean, uptake: 0.013762
2025-06-13 18:47:46,395 FUSNIR_clean, uptake: 0.012790
2025-06-13 18:47:53,219 FURRUG01_ion_b, uptake: 0.003159
2025-06-13 18:48:05,633 FORTUD_clean, uptake: 0.021504
2025-06-13 18:48:11,661 FUBDAI_clean, uptake: 0.023754
2025-06-13 18:48:16,881 FURRUG_ion_b, uptake: 0.005651
2025-06-13 18:48:37,529 FUBDIQ_clean, uptake: 0.023253
2025-06-13 18:48:45,759 FURSES_clean, uptake: 0.032586
2025-06-13 18:48:47,166 FUSGOR_clean, uptake: 0.033230
2025-06-13 18:48:51,608 FUNGAY_clean, uptake: 0.029947
2025-06-13 18:48:59,440 FUTDII_clean, uptake: 0.028186
2025-06-13 18:49:04,460 FUTZAX_clean, uptake: 0.041036
2025-06-13 18:49:10,290 FUQJUX_clean, uptake: 0.020272
2025-06-13 18:49:12,546 FUTYOK_clean, uptake: 0.049932
2025-06-13 18:49:18,184 FURFOP_clean, uptake: 0.063998
2025-06-13 18:49:19,423 FUTYEA_clean, uptake: 0.058866
2025-06-13 18:49:28,410 FUTZOK_clean, uptake: 0.024027
2025-06-13 18:49:35,417 FUVBAB_clean, uptake: 0.055907
2025-06-13 18:49:47,128 FUYCIN_clean, uptake: 0.030118
2025-06-13 18:50:26,648 FUTZEB_clean, uptake: 0.065670
2025-06-13 18:50:30,539 FUTKEL_manual, uptake: 0.034189
2025-06-13 18:50:54,243 GACVIS_clean, uptake: 0.038981
2025-06-13 18:50:56,228 FUNLAD_clean, uptake: 0.062283
2025-06-13 18:51:00,561 GADMAA01_clean, uptake: 0.007081
2025-06-13 18:51:06,360 GACPUX_clean, uptake: 0.044852
2025-06-13 18:51:06,946 FUWYAY_clean, uptake: 0.018409
2025-06-13 18:51:10,157 FUWFIO_clean, uptake: 0.028059
2025-06-13 18:51:13,525 GADMAA_clean, uptake: 0.007159
2025-06-13 18:51:32,403 GADDOH_clean, uptake: 0.023702
2025-06-13 18:51:36,450 FUWXOL_SL, uptake: 0.147452
2025-06-13 18:51:37,647 GACQAE_clean, uptake: 0.036927
2025-06-13 18:51:38,954 FORTIR_clean, uptake: 0.025684
2025-06-13 18:52:07,315 FUYCEJ_clean, uptake: 0.071744
2025-06-13 18:52:34,089 GAGSUF_clean, uptake: 0.014347
2025-06-13 18:53:00,963 FUXCOS_clean, uptake: 0.028528
2025-06-13 18:53:03,494 GACBOE_clean, uptake: 0.047069
2025-06-13 18:53:12,401 GADRAH_clean, uptake: 0.034369
2025-06-13 18:53:30,521 GAGQAI_clean, uptake: 0.036161
2025-06-13 18:53:31,003 GAGZEV_clean, uptake: 0.037024
2025-06-13 18:53:56,064 GAJVEU_charged, uptake: 0.030912
2025-06-13 18:53:57,996 GADFAV_clean, uptake: 0.038108
2025-06-13 18:53:58,898 GAHXUL_clean, uptake: 0.029932
2025-06-13 18:54:08,340 GAFRUD_clean, uptake: 0.040911
2025-06-13 18:54:13,938 FUTYUQ_clean, uptake: 0.050502
2025-06-13 18:54:16,199 GAFROX_clean, uptake: 0.046544
2025-06-13 18:54:16,784 FUXXIH_clean, uptake: 0.020954
2025-06-13 18:54:33,221 FUYKER_clean, uptake: 0.044321
2025-06-13 18:55:01,821 FUTZOL_clean, uptake: 0.036016
2025-06-13 18:55:14,307 GAJYUN_clean, uptake: 0.012314
2025-06-13 18:55:16,678 GAJZAU_clean, uptake: 0.012403
2025-06-13 18:55:52,927 GAQYIH_clean, uptake: 0.013970
2025-06-13 18:55:57,023 GAPNOD_clean, uptake: 0.016168
2025-06-13 18:56:13,577 FUZPUN_clean, uptake: 0.052475
2025-06-13 18:56:23,638 FUSQUH_clean, uptake: 0.036035
2025-06-13 18:56:27,503 GAJZEY_clean, uptake: 0.012399
2025-06-13 18:56:32,116 GAJZIC_clean, uptake: 0.012673
2025-06-13 18:56:52,033 FUTTIZ_clean, uptake: 0.027800
2025-06-13 18:57:05,112 GAJZOI_clean, uptake: 0.012758
2025-06-13 18:57:09,582 GAHWIX_clean, uptake: 0.037531
2025-06-13 18:57:09,606 GALJAG_clean, uptake: 0.047582
2025-06-13 18:57:22,277 FUVDEH08_clean, uptake: 0.006028
2025-06-13 18:57:27,467 FUVDEH06_clean, uptake: 0.005988
2025-06-13 18:57:41,201 FUVDEH07_clean, uptake: 0.006167
2025-06-13 18:57:42,440 GALCAZ_clean, uptake: 0.029517
2025-06-13 18:57:42,984 GAMFEI_clean, uptake: 0.027309
2025-06-13 18:57:44,139 GAJZUO_clean, uptake: 0.017588
2025-06-13 18:57:44,389 GAMXAV_clean, uptake: 0.039140
2025-06-13 18:57:49,680 FUVFUZ_clean, uptake: 0.006064
2025-06-13 18:57:51,906 FUVGAG01_clean, uptake: 0.006138
2025-06-13 18:57:52,607 GAKBAX_clean, uptake: 0.013020
2025-06-13 18:57:55,494 GALHOS_ion_b, uptake: 0.039252
2025-06-13 18:57:56,705 FOSTUE_clean, uptake: 0.042528
2025-06-13 18:57:58,158 FUVGAG_clean, uptake: 0.006471
2025-06-13 18:58:17,863 GARLAP_clean, uptake: 0.059077
2025-06-13 18:58:33,119 GADNUX_clean, uptake: 0.042116
2025-06-13 18:58:41,799 GAJVIY_charged, uptake: 0.049344
2025-06-13 18:58:43,873 GARLOD_clean, uptake: 0.062322
2025-06-13 18:58:44,862 GARLIX_clean, uptake: 0.060209
2025-06-13 18:58:45,268 GARLET_clean, uptake: 0.060309
2025-06-13 18:58:49,985 GAXDIS10_clean, uptake: 0.010415
2025-06-13 18:58:54,918 GARLUJ_clean, uptake: 0.062445
2025-06-13 18:58:55,658 GASSUR_clean, uptake: 0.048701
2025-06-13 18:59:11,055 GAWMOJ_clean, uptake: 0.029675
2025-06-13 18:59:23,713 GARMAQ_clean, uptake: 0.063461
2025-06-13 18:59:32,587 GASSEB_clean, uptake: 0.034775
2025-06-13 18:59:59,236 GAYPED_clean, uptake: 0.042700
2025-06-13 19:00:12,921 GARSUQ_clean, uptake: 0.041015
2025-06-13 19:00:26,937 GAXQIH_clean, uptake: 0.024789
2025-06-13 19:00:29,524 GATBUZ_charged, uptake: 0.037078
2025-06-13 19:00:41,689 GARTEB_clean, uptake: 0.036325
2025-06-13 19:00:41,815 GEDDAW_clean, uptake: 0.015873
2025-06-13 19:00:51,395 GAXKOH_clean, uptake: 0.024483
2025-06-13 19:00:58,576 GAZLAW_clean, uptake: 0.031829
2025-06-13 19:01:03,902 GARTAX_clean, uptake: 0.047924
2025-06-13 19:01:18,012 GARTIF_clean, uptake: 0.043026
2025-06-13 19:01:20,771 GAYGAQ_clean_h, uptake: 0.061649
2025-06-13 19:01:29,758 GEDQOX_clean, uptake: 0.047633
2025-06-13 19:01:33,280 GAYFUJ_clean, uptake: 0.038828
2025-06-13 19:01:33,405 GAWLIB_clean, uptake: 0.005571
2025-06-13 19:01:37,135 GAVYAG_clean, uptake: 0.102632
2025-06-13 19:01:39,003 GEDQUD_charged, uptake: 0.030331
2025-06-13 19:01:48,951 GEBCAT_clean, uptake: 0.009534
2025-06-13 19:02:00,473 GAZZIS01_charged, uptake: 0.031522
2025-06-13 19:02:05,442 GAZZIS02_charged, uptake: 0.033133
2025-06-13 19:02:11,273 GAZZIS03_charged, uptake: 0.032855
2025-06-13 19:02:14,559 GEDRUE_clean, uptake: 0.052171
2025-06-13 19:02:21,592 GAZZIS04_charged, uptake: 0.029576
2025-06-13 19:02:28,244 GAWCUF_clean, uptake: 0.044289
2025-06-13 19:02:31,647 GAZZIS05_charged, uptake: 0.029449
2025-06-13 19:02:48,346 GEDQIR_clean, uptake: 0.041078
2025-06-13 19:02:51,954 GAZZIS_charged, uptake: 0.033488
2025-06-13 19:02:55,824 GARQAU_clean, uptake: 0.052912
2025-06-13 19:02:55,910 GEDDEA_clean, uptake: 0.024860
2025-06-13 19:03:00,055 GARTUR_clean, uptake: 0.020400
2025-06-13 19:03:07,895 GEDSOZ_clean, uptake: 0.051002
2025-06-13 19:03:13,356 GEKVEZ_clean, uptake: 0.006099
2025-06-13 19:03:17,656 GEDROY_clean, uptake: 0.037539
2025-06-13 19:03:18,647 GEDTAM_clean, uptake: 0.048524
2025-06-13 19:03:32,039 GEDRAK_clean, uptake: 0.053534
2025-06-13 19:03:38,089 GERPUP_clean, uptake: 0.005805
2025-06-13 19:04:07,469 GEPDEM_clean, uptake: 0.020438
2025-06-13 19:04:09,055 GEJJEL01_clean, uptake: 0.010502
2025-06-13 19:04:15,639 GEDSUF_clean, uptake: 0.057915
2025-06-13 19:04:21,296 GEDSAL_clean, uptake: 0.055064
2025-06-13 19:04:38,765 GEVXIQ_clean, uptake: 0.010711
2025-06-13 19:04:57,764 GEFZAU_clean, uptake: 0.018314
2025-06-13 19:05:01,211 GEFYUN_clean, uptake: 0.018574
2025-06-13 19:05:06,976 GESDUF_clean, uptake: 0.009969
2025-06-13 19:05:07,982 GIQXEK_clean, uptake: 0.021515
2025-06-13 19:05:14,299 GESFAN_clean, uptake: 0.009653
2025-06-13 19:05:16,682 GIKQIC_clean, uptake: 0.019121
2025-06-13 19:05:18,169 GERWEH_clean, uptake: 0.055344
2025-06-13 19:05:18,556 GIQXIO_clean, uptake: 0.023185
2025-06-13 19:05:46,216 GIRXUC_clean, uptake: 0.022749
2025-06-13 19:05:49,692 GIQXUA_clean, uptake: 0.023352
2025-06-13 19:05:53,675 GIQXOU_clean, uptake: 0.024056
2025-06-13 19:05:58,134 GIQYEL_clean, uptake: 0.021192
2025-06-13 19:05:59,105 GIQYAH_clean, uptake: 0.023923
2025-06-13 19:05:59,279 GIFKEL_clean, uptake: 0.037985
2025-06-13 19:06:02,215 GEDSEP_clean, uptake: 0.079798
2025-06-13 19:06:04,016 GIMSIG_clean, uptake: 0.030605
2025-06-13 19:06:17,785 GIQYIP_clean, uptake: 0.022933
2025-06-13 19:06:27,670 GIDKOU_clean, uptake: 0.100532
2025-06-13 19:06:28,503 GINLIA_clean, uptake: 0.061973
2025-06-13 19:06:31,031 GESNOI_clean, uptake: 0.023367
2025-06-13 19:06:35,876 GEWXAJ_clean, uptake: 0.032683
2025-06-13 19:06:38,303 GIQYOV_clean, uptake: 0.015541
2025-06-13 19:06:43,010 GIQYUB_clean, uptake: 0.023798
2025-06-13 19:06:47,749 GISZUD_clean, uptake: 0.012481
2025-06-13 19:07:46,399 GEGDED_clean, uptake: 0.055742
2025-06-13 19:07:46,696 GIRDUI_clean, uptake: 0.025072
2025-06-13 19:07:49,311 GEGGEG01_clean, uptake: 0.082664
2025-06-13 19:08:12,963 GEGGIK_clean, uptake: 0.084462
2025-06-13 19:08:21,916 GEGGIK01_clean, uptake: 0.089253
2025-06-13 19:08:29,552 GEGGUW_clean, uptake: 0.087866
2025-06-13 19:08:31,444 GERNOI_clean, uptake: 0.034888
2025-06-13 19:08:34,198 GEGHAD_clean, uptake: 0.087440
2025-06-13 19:08:37,879 GIRYAJ_clean, uptake: 0.026966
2025-06-13 19:08:49,614 GITPIK_clean, uptake: 0.042969
2025-06-13 19:09:06,847 GATJIV_charged, uptake: 0.043230
2025-06-13 19:09:47,743 GIXNAE_clean, uptake: 0.029612
2025-06-13 19:10:15,617 GIWCAR_ion_b, uptake: 0.034537
2025-06-13 19:10:16,562 GIWBEU_charged, uptake: 0.033883
2025-06-13 19:10:17,390 GIWBIY_charged, uptake: 0.033398
2025-06-13 19:10:22,901 GEZYOB_clean, uptake: 0.019513
2025-06-13 19:10:43,505 GITWIQ_clean, uptake: 0.035939
2025-06-13 19:11:01,446 GIVNIK_clean, uptake: 0.024951
2025-06-13 19:11:06,398 GIVNOQ_clean, uptake: 0.029868
2025-06-13 19:11:33,763 GIWCOF_ion_b, uptake: 0.036037
2025-06-13 19:11:42,481 GISZUF_clean, uptake: 0.026978
2025-06-13 19:12:03,961 GIYSUD_clean, uptake: 0.035428
2025-06-13 19:12:05,091 GESBUC_charged, uptake: 0.006126
2025-06-13 19:12:06,035 GIYTAK_clean, uptake: 0.033772
2025-06-13 19:12:06,807 GITVEL01_clean, uptake: 0.023416
2025-06-13 19:12:14,305 GIYSEN_clean, uptake: 0.029056
2025-06-13 19:12:20,429 GITVEL_clean, uptake: 0.023787
2025-06-13 19:12:21,794 GAYTEH_ion_b, uptake: 0.015558
2025-06-13 19:12:23,644 GIYSIR_clean, uptake: 0.029360
2025-06-13 19:12:27,574 GIYSOX_clean, uptake: 0.029135
2025-06-13 19:12:28,704 GIYTIS_SL, uptake: 0.039062
2025-06-13 19:12:46,289 GORQAF_clean, uptake: 0.008952
2025-06-13 19:12:51,446 GOGSIF_clean, uptake: 0.025116
2025-06-13 19:12:58,551 GOBSUM_clean, uptake: 0.043028
2025-06-13 19:13:08,846 GOKBUE_clean, uptake: 0.012151
2025-06-13 19:13:16,882 GOGWEF_clean, uptake: 0.072335
2025-06-13 19:13:20,973 GOGWAB_clean, uptake: 0.087664
2025-06-13 19:13:22,074 GOJDOZ_clean, uptake: 0.011744
2025-06-13 19:13:33,795 GIVHIC_clean, uptake: 0.087372
2025-06-13 19:13:39,594 GIRYEN_clean, uptake: 0.035138
2025-06-13 19:13:43,193 GESBOW_charged, uptake: 0.006592
2025-06-13 19:14:11,695 GOSBOH_clean, uptake: 0.018875
2025-06-13 19:14:12,815 GIRYUD_clean, uptake: 0.037649
2025-06-13 19:14:12,835 GONNAA_clean, uptake: 0.024554
2025-06-13 19:14:19,496 GUANZS_clean, uptake: 0.026960
2025-06-13 19:14:26,048 GIRZAK_clean, uptake: 0.029377
2025-06-13 19:14:46,840 GIWCIZ_ion_b, uptake: 0.042742
2025-06-13 19:14:52,245 GOQXAN_clean, uptake: 0.033874
2025-06-13 19:14:57,782 GOZNEQ_clean, uptake: 0.024211
2025-06-13 19:15:04,779 GUBBAG_clean, uptake: 0.008456
2025-06-13 19:15:07,503 GOJFAN_charged, uptake: 0.009070
2025-06-13 19:15:31,360 GIWBOE_charged, uptake: 0.038655
2025-06-13 19:15:41,071 GOSDEZ_clean, uptake: 0.029801
2025-06-13 19:15:42,976 GOSKEG_clean, uptake: 0.061493
2025-06-13 19:15:47,353 GOMFOF_clean, uptake: 0.015778
2025-06-13 19:15:48,907 GOMREG_clean, uptake: 0.211831
2025-06-13 19:15:50,877 GIZXET_clean, uptake: 0.087300
2025-06-13 19:15:53,239 GOVWOF_clean, uptake: 0.047959
2025-06-13 19:16:09,050 GOZNAM_clean, uptake: 0.021666
2025-06-13 19:16:15,993 GUBVUU_clean, uptake: 0.043207
2025-06-13 19:16:42,293 GOQSIQ_clean, uptake: 0.042859
2025-06-13 19:16:45,462 GITTUZ_clean, uptake: 0.027759
2025-06-13 19:16:55,330 GUCHUJ_clean, uptake: 0.056758
2025-06-13 19:17:01,583 GOTNEK_clean, uptake: 0.075237
2025-06-13 19:17:05,421 GOPTIQ_clean, uptake: 0.045444
2025-06-13 19:17:21,845 GUHMIH_clean, uptake: 0.033478
2025-06-13 19:17:31,822 GUBZAF_clean, uptake: 0.019783
2025-06-13 19:17:39,516 GIXGOK_clean, uptake: 0.016607
2025-06-13 19:17:56,443 GUDJOG_clean, uptake: 0.037989
2025-06-13 19:18:08,512 GUBKUL_clean, uptake: 0.019965
2025-06-13 19:18:17,643 GUKYUI_clean, uptake: 0.014309
2025-06-13 19:18:31,248 GUFXEM_clean, uptake: 0.044717
2025-06-13 19:18:34,733 GUNFAW01_neutral, uptake: 0.014829
2025-06-13 19:18:39,726 GUKZAO_clean, uptake: 0.040580
2025-06-13 19:18:40,978 GUKFEY_clean, uptake: 0.058439
2025-06-13 19:18:49,827 GUJREK01_clean, uptake: 0.022185
2025-06-13 19:18:51,748 GUJREK_clean, uptake: 0.021481
2025-06-13 19:18:54,719 GUHNUU_clean, uptake: 0.035891
2025-06-13 19:19:17,320 GUHPAC_clean, uptake: 0.036096
2025-06-13 19:19:23,373 GOSDID_clean, uptake: 0.041515
2025-06-13 19:19:34,201 GULWOA_clean, uptake: 0.014384
2025-06-13 19:19:51,208 GOBGAG_clean, uptake: 0.017310
2025-06-13 19:20:09,599 GUPBUP_SL, uptake: 0.011481
2025-06-13 19:20:13,425 GURPUF_clean, uptake: 0.015072
2025-06-13 19:20:20,808 GURPIT_clean, uptake: 0.015537
2025-06-13 19:20:25,439 GUCJAQ_clean, uptake: 0.042898
2025-06-13 19:20:27,506 GUGNON_clean, uptake: 0.045741
2025-06-13 19:20:51,828 GUFBUG_clean, uptake: 0.066219
2025-06-13 19:20:53,105 GUFBOA_clean, uptake: 0.038697
2025-06-13 19:20:55,756 GULWIU_clean, uptake: 0.023643
2025-06-13 19:21:02,339 GULWAM_clean, uptake: 0.034325
2025-06-13 19:21:22,639 GUQWOG_clean, uptake: 0.042963
2025-06-13 19:21:23,140 GOVHOQ_clean, uptake: 0.005224
2025-06-13 19:21:46,685 GULVUF_clean, uptake: 0.029841
2025-06-13 19:21:52,146 GUPCAW_clean, uptake: 0.013803
2025-06-13 19:22:04,684 GULBAR_clean, uptake: 0.074142
2025-06-13 19:22:12,924 GUSJOU_clean, uptake: 0.029479
2025-06-13 19:22:26,626 GUTYIE_clean, uptake: 0.060881
2025-06-13 19:22:39,370 GULCAS_clean, uptake: 0.069900
2025-06-13 19:22:43,057 GURTIX_charged, uptake: 0.047504
2025-06-13 19:22:52,963 GOVXIA_clean, uptake: 0.032324
2025-06-13 19:22:59,940 GISMAY_clean, uptake: 0.035881
2025-06-13 19:23:22,854 GISNED_clean, uptake: 0.029589
2025-06-13 19:23:35,224 GUFREF_clean, uptake: 0.031226
2025-06-13 19:23:43,597 GUXZIJ_clean, uptake: 0.023825
2025-06-13 19:23:52,015 GUMDEZ_clean, uptake: 0.163807
2025-06-13 19:23:58,107 GUHPEG_clean, uptake: 0.034729
2025-06-13 19:24:08,898 GUXPOF_clean, uptake: 0.017268
2025-06-13 19:24:16,636 HABRAF_manual, uptake: 0.034667
2025-06-13 19:24:25,804 HABQUY_clean, uptake: 0.036276
2025-06-13 19:24:36,466 HADLOQ01_clean, uptake: 0.032298
2025-06-13 19:24:40,392 HAFTOZ_clean, uptake: 0.024999
2025-06-13 19:24:41,189 HADXIW_clean, uptake: 0.007764
2025-06-13 19:24:49,113 HADPOU_clean, uptake: 0.044597
2025-06-13 19:24:50,743 GULPIN_clean, uptake: 0.036840
2025-06-13 19:25:13,942 GUVCOP_clean, uptake: 0.017457
2025-06-13 19:25:15,664 GUYBAE_clean, uptake: 0.023257
2025-06-13 19:25:29,756 GEZRAG_clean, uptake: 0.019489
2025-06-13 19:25:29,916 GUXZUV_clean, uptake: 0.038789
2025-06-13 19:25:33,075 GUPBEZ02_clean, uptake: 0.008644
2025-06-13 19:25:41,096 GUPDEB_clean, uptake: 0.013099
2025-06-13 19:25:59,298 GUVZII_clean, uptake: 0.025993
2025-06-13 19:26:03,477 GUWDUY_clean, uptake: 0.041629
2025-06-13 19:26:10,983 GUXJUF_clean, uptake: 0.012402
2025-06-13 19:26:19,099 HAFGUQ_clean, uptake: 0.070870
2025-06-13 19:26:23,746 HAFVUH_SL, uptake: 0.054340
2025-06-13 19:26:27,291 HAFWIW_clean, uptake: 0.020241
2025-06-13 19:27:04,130 GUPREQ_clean, uptake: 0.033125
2025-06-13 19:27:17,355 GOTDIE_clean, uptake: 0.007664
2025-06-13 19:27:52,788 GUVKUE_clean, uptake: 0.023507
2025-06-13 19:28:07,575 GUVLAL_clean, uptake: 0.024126
2025-06-13 19:28:19,966 HAHPIQ_charged, uptake: 0.003095
2025-06-13 19:29:07,346 GUXSEY_clean, uptake: 0.071838
2025-06-13 19:29:10,959 HAHPOW_clean, uptake: 0.007635
2025-06-13 19:29:14,938 HAJLEK_clean, uptake: 0.023462
2025-06-13 19:29:20,806 HAJLIO_clean, uptake: 0.023477
2025-06-13 19:29:26,047 GUXSIC_clean, uptake: 0.072147
2025-06-13 19:29:35,889 GUNZIA_clean, uptake: 0.052973
2025-06-13 19:29:36,166 HAJMEL_clean, uptake: 0.020539
2025-06-13 19:29:37,435 HAFWAO_charged, uptake: 0.027364
2025-06-13 19:29:39,193 HAJLOU_clean, uptake: 0.022668
2025-06-13 19:29:40,296 HAJLUA_clean, uptake: 0.022249
2025-06-13 19:29:42,172 HAJMAH_clean, uptake: 0.020506
2025-06-13 19:30:04,262 HAKVOH_clean, uptake: 0.032699
2025-06-13 19:30:18,116 HAHCUR_clean, uptake: 0.040268
2025-06-13 19:30:21,993 HAKCAZ_clean, uptake: 0.046814
2025-06-13 19:30:30,027 HAFWUI_charged, uptake: 0.038982
2025-06-13 19:30:31,258 HABREJ_clean, uptake: 0.053357
2025-06-13 19:30:35,439 HALVAU_clean, uptake: 0.033934
2025-06-13 19:30:36,254 HAKVUN_clean, uptake: 0.055062
2025-06-13 19:30:38,466 HAKWAU_clean, uptake: 0.046381
2025-06-13 19:30:49,257 HAJYEZ_clean, uptake: 0.070027
2025-06-13 19:30:51,322 HAJDII_clean, uptake: 0.016128
2025-06-13 19:31:08,070 HAFVOB_clean, uptake: 0.056411
2025-06-13 19:31:12,979 HAKSAQ_clean, uptake: 0.065839
2025-06-13 19:31:22,737 HAPGIR_clean, uptake: 0.033850
2025-06-13 19:31:25,062 HAKSEU_clean, uptake: 0.054058
2025-06-13 19:31:37,891 HAKSIY_clean, uptake: 0.052795
2025-06-13 19:31:51,363 HAJPEQ_clean, uptake: 0.068244
2025-06-13 19:32:17,086 HALQUJ_clean, uptake: 0.043568
2025-06-13 19:32:26,367 HAPHUD_clean, uptake: 0.032815
2025-06-13 19:32:39,391 GULWEQ_clean, uptake: 0.028441
2025-06-13 19:32:46,286 HASNIB_clean, uptake: 0.015817
2025-06-13 19:32:59,118 HASNUN_clean, uptake: 0.015185
2025-06-13 19:33:09,933 HATZOS02_clean, uptake: 0.019388
2025-06-13 19:33:10,068 HASMIZ_clean, uptake: 0.028443
2025-06-13 19:33:10,744 HASNOH_clean, uptake: 0.019224
2025-06-13 19:33:22,617 HAPVAX_clean, uptake: 0.015378
2025-06-13 19:33:23,668 HATZOS_clean, uptake: 0.019868
2025-06-13 19:33:23,785 HAPVEB_clean, uptake: 0.015451
2025-06-13 19:33:36,644 HAQJIV_clean, uptake: 0.045065
2025-06-13 19:33:42,358 HAMREU_clean, uptake: 0.017334
2025-06-13 19:33:44,774 HAVZIP_clean, uptake: 0.027996
2025-06-13 19:33:51,209 HAMRIY_clean, uptake: 0.017532
2025-06-13 19:34:47,008 HADQUA_clean, uptake: 0.152677
2025-06-13 19:35:00,266 HAQRID_clean, uptake: 0.038888
2025-06-13 19:35:09,687 HAMLIT_clean, uptake: 0.058363
2025-06-13 19:35:19,693 HAMJOW_clean, uptake: 0.062371
2025-06-13 19:35:35,085 HAWWEK_clean, uptake: 0.031463
2025-06-13 19:35:51,414 HAVVUX_clean, uptake: 0.009967
2025-06-13 19:36:14,482 GUSMAJ_clean, uptake: 0.052140
2025-06-13 19:36:15,519 HAWGIX_charged, uptake: 0.041724
2025-06-13 19:36:24,168 HAXMUP_clean, uptake: 0.007412
2025-06-13 19:36:39,625 HAWVAE_clean, uptake: 0.056179
2025-06-13 19:36:41,072 HAPNOE_clean, uptake: 0.020575
2025-06-13 19:36:43,724 HAPNUK_clean, uptake: 0.020397
2025-06-13 19:36:47,406 HAWVEI_clean, uptake: 0.053395
2025-06-13 19:36:47,678 HAPPAS_clean, uptake: 0.021471
2025-06-13 19:36:53,374 HAWVOS_clean, uptake: 0.059337
2025-06-13 19:36:53,816 HAWVIM_clean, uptake: 0.057381
2025-06-13 19:36:57,461 HAWWOT_clean, uptake: 0.025782
2025-06-13 19:36:59,357 HAWWIN_clean, uptake: 0.026479
2025-06-13 19:37:04,106 HAWWUZ_clean, uptake: 0.025917
2025-06-13 19:37:07,971 HAWVUY_clean, uptake: 0.057690
2025-06-13 19:37:10,799 HAWWAF_clean, uptake: 0.059275
2025-06-13 19:37:51,655 HAZWIP_clean, uptake: 0.028189
2025-06-13 19:38:02,415 HAWREE_clean, uptake: 0.038711
2025-06-13 19:38:04,006 HAJMIQ_clean, uptake: 0.042493
2025-06-13 19:38:09,459 HEBJAB_clean, uptake: 0.014476
2025-06-13 19:38:17,504 HEBNOT_clean, uptake: 0.011695
2025-06-13 19:38:19,169 HEBNIN_clean, uptake: 0.012455
2025-06-13 19:38:43,018 HEDBOJ_clean, uptake: 0.008925
2025-06-13 19:38:43,740 HEDBUP_clean, uptake: 0.009079
2025-06-13 19:38:47,087 HEBKEG_clean, uptake: 0.038690
2025-06-13 19:39:00,623 HEDBEZ_clean, uptake: 0.016831
2025-06-13 19:39:01,957 HEGCEB_clean, uptake: 0.012270
2025-06-13 19:39:12,116 HAZSIL_clean, uptake: 0.023662
2025-06-13 19:39:16,218 HEDBID_clean, uptake: 0.016805
2025-06-13 19:39:16,500 HANWAW_clean, uptake: 0.046950
2025-06-13 19:39:21,326 HAYLIE_clean, uptake: 0.029622
2025-06-13 19:39:30,986 HAWZEM_clean, uptake: 0.125512
2025-06-13 19:39:32,621 HEFVAR_clean, uptake: 0.009925
2025-06-13 19:40:09,076 HEXVEM_clean, uptake: 0.032550
2025-06-13 19:40:13,693 HASTAY_clean, uptake: 0.048360
2025-06-13 19:40:14,197 HEDCIE_clean, uptake: 0.034372
2025-06-13 19:40:17,018 HAPBEI_clean, uptake: 0.020696
2025-06-13 19:40:25,411 HAPBAE_clean, uptake: 0.020525
2025-06-13 19:40:39,500 HEFFEF_clean, uptake: 0.030706
2025-06-13 19:40:41,538 HGCNCO_clean, uptake: 0.013836
2025-06-13 19:40:49,320 HEFDON_clean, uptake: 0.031744
2025-06-13 19:41:14,792 HAPNEU_clean, uptake: 0.022730
2025-06-13 19:41:21,903 HEDCAW_clean, uptake: 0.032850
2025-06-13 19:41:38,649 HEZPIL01_clean, uptake: 0.031387
2025-06-13 19:41:49,578 HETZOW_clean, uptake: 0.025420
2025-06-13 19:41:50,140 HEWFUL_ion_b, uptake: 0.008308
2025-06-13 19:42:06,391 HETZUC_charged, uptake: 0.020256
2025-06-13 19:42:18,665 HEFFAB_charged, uptake: 0.027506
2025-06-13 19:42:19,387 HIFTOG01_clean, uptake: 0.022756
2025-06-13 19:42:22,514 HEKTAU_clean, uptake: 0.058892
2025-06-13 19:42:27,619 HIBGIJ_clean, uptake: 0.014160
2025-06-13 19:42:55,459 HIBGEF_clean, uptake: 0.030193
2025-06-13 19:43:28,776 HEHCOO_clean, uptake: 0.013597
2025-06-13 19:43:41,300 HEGJUZ_clean, uptake: 0.053662
2025-06-13 19:43:43,411 HIFGIO_SL, uptake: 0.036261
2025-06-13 19:43:58,051 HIGRIA_clean, uptake: 0.028831
2025-06-13 19:44:21,129 HICZAW_clean, uptake: 0.053522
2025-06-13 19:44:32,545 HIFGEK_clean, uptake: 0.021325
2025-06-13 19:44:33,744 HIDCUU_clean, uptake: 0.055544
2025-06-13 19:44:36,936 HICZEA_clean, uptake: 0.060933
2025-06-13 19:44:57,174 HIFTOG02_clean, uptake: 0.048449
2025-06-13 19:45:00,540 HELDOT_clean, uptake: 0.028406
2025-06-13 19:45:03,405 HEMTEZ_clean, uptake: 0.015794
2025-06-13 19:45:03,563 HIFTOG_clean, uptake: 0.047678
2025-06-13 19:45:08,915 HIFVOI_clean, uptake: 0.034300
2025-06-13 19:45:26,834 HELDEJ_SL, uptake: 0.037099
2025-06-13 19:45:52,448 HICVOG_clean, uptake: 0.134029
2025-06-13 19:46:12,812 HIFTUM_clean, uptake: 0.011171
2025-06-13 19:46:28,034 HICVUM_clean, uptake: 0.056769
2025-06-13 19:46:28,491 HIFZAY_charged, uptake: 0.013528
2025-06-13 19:47:04,032 HIHGEM_manual, uptake: 0.031797
2025-06-13 19:47:14,218 HIHFOV_clean, uptake: 0.080545
2025-06-13 19:47:29,589 HIHGUC_clean, uptake: 0.032094
2025-06-13 19:47:41,805 HIWKII_clean, uptake: 0.008732
2025-06-13 19:48:10,509 HIMSAY_clean, uptake: 0.124398
2025-06-13 19:48:14,509 HIWKEE_clean, uptake: 0.017233
2025-06-13 19:48:25,468 HIHGAI_clean, uptake: 0.034975
2025-06-13 19:48:36,343 HIJSOK_clean, uptake: 0.028265
2025-06-13 19:49:00,375 HISGIB_clean, uptake: 0.027282
2025-06-13 19:49:04,454 HAQKES_clean, uptake: 0.014780
2025-06-13 19:49:06,692 HILJUJ_clean, uptake: 0.004326
2025-06-13 19:49:10,309 HIWLIK_clean, uptake: 0.045588
2025-06-13 19:49:23,957 GUVBOQ_clean, uptake: 0.028618
2025-06-13 19:49:41,920 HIWLOQ_clean, uptake: 0.039709
2025-06-13 19:49:47,583 HIHGIQ_clean, uptake: 0.058220
2025-06-13 19:49:55,909 HIHFUB_clean, uptake: 0.036349
2025-06-13 19:50:09,377 HIYGIH_clean, uptake: 0.038602
2025-06-13 19:50:09,830 HIQNAY_clean, uptake: 0.047821
2025-06-13 19:50:10,349 HISJIE_clean, uptake: 0.013110
2025-06-13 19:50:24,998 HIFWAV_clean, uptake: 0.035151
2025-06-13 19:50:38,384 HOCDOU_clean, uptake: 0.020804
2025-06-13 19:50:43,139 HIYYEU_clean, uptake: 0.009657
2025-06-13 19:50:46,163 HIZQEN01_clean, uptake: 0.039485
2025-06-13 19:50:55,882 HITXUE_clean, uptake: 0.252179
2025-06-13 19:51:01,663 HIZQEN_clean, uptake: 0.040303
2025-06-13 19:51:15,004 HIWLUW_clean, uptake: 0.049325
2025-06-13 19:51:20,821 HEGNAJ_clean, uptake: 0.014291
2025-06-13 19:51:23,355 HIYBUN_clean, uptake: 0.012564
2025-06-13 19:51:25,837 HOFSOL_clean, uptake: 0.031525
2025-06-13 19:51:52,582 HEGNEN_clean, uptake: 0.017427
2025-06-13 19:52:08,293 HIQWOV_clean, uptake: 0.035452
2025-06-13 19:52:18,679 HOGJUK_clean, uptake: 0.011624
2025-06-13 19:52:38,700 HOGJIX_clean, uptake: 0.036792
2025-06-13 19:52:48,249 HEGNIR_clean, uptake: 0.016857
2025-06-13 19:52:51,878 HEGNUD_clean, uptake: 0.017622
2025-06-13 19:52:55,312 HOGTOM_clean, uptake: 0.009543
2025-06-13 19:52:57,055 HOKGUJ_clean, uptake: 0.023260
2025-06-13 19:52:59,811 HOFSUS_clean, uptake: 0.040878
2025-06-13 19:53:05,664 HOBGEL_clean, uptake: 0.067213
2025-06-13 19:53:11,882 HOGLEV01_clean, uptake: 0.052349
2025-06-13 19:53:13,563 HAPBIM_clean, uptake: 0.015459
2025-06-13 19:53:20,218 HEGPAL_clean, uptake: 0.016959
2025-06-13 19:53:22,288 HEGNOX_clean, uptake: 0.019283
2025-06-13 19:53:25,304 HIZQUD_clean, uptake: 0.037525
2025-06-13 19:53:29,742 HOBGAH_clean, uptake: 0.017011
2025-06-13 19:53:35,429 HOMXIR_manual, uptake: 0.028553
2025-06-13 19:53:48,084 HISSIN_clean, uptake: 0.040954
2025-06-13 19:54:19,535 HOMRIL_clean, uptake: 0.022496
2025-06-13 19:54:23,694 HOJLID_clean, uptake: 0.054920
2025-06-13 19:54:47,868 HOGLEV_clean, uptake: 0.041073
2025-06-13 19:54:54,144 HISGAT_clean, uptake: 0.034328
2025-06-13 19:55:08,761 HOHMEX_manual, uptake: 0.030456
2025-06-13 19:55:10,087 HOGSIG_clean, uptake: 0.024607
2025-06-13 19:55:25,540 HOWJEK_clean, uptake: 0.024306
2025-06-13 19:55:49,518 HEFDED_clean, uptake: 0.008106
2025-06-13 19:56:01,922 HOMZEP_clean, uptake: 0.087879
2025-06-13 19:56:02,735 HOWPEQ_clean, uptake: 0.019840
2025-06-13 19:56:46,159 HOBGIP_clean, uptake: 0.046074
2025-06-13 19:56:48,179 HOFJIX_clean, uptake: 0.022538
2025-06-13 19:56:58,427 HOBGOV_clean, uptake: 0.047772
2025-06-13 19:57:19,281 HOQMIL01_clean, uptake: 0.056297
2025-06-13 19:57:24,340 HOYREU_clean, uptake: 0.033579
2025-06-13 19:57:24,629 HOVQAM_clean, uptake: 0.056935
2025-06-13 19:57:37,373 HAJRES_clean, uptake: 0.091305
2025-06-13 19:57:38,662 HOWPUF_clean, uptake: 0.033233
2025-06-13 19:57:40,334 HOQMIL02_clean, uptake: 0.055129
2025-06-13 19:57:44,662 HOYRIY_clean, uptake: 0.042279
2025-06-13 19:57:49,297 HOQMIL03_clean, uptake: 0.056356
2025-06-13 19:57:51,864 HOQMUX_clean, uptake: 0.055040
2025-06-13 19:57:53,823 HOQMIL_clean, uptake: 0.055075
2025-06-13 19:58:00,088 HOQNEI_clean, uptake: 0.056362
2025-06-13 19:58:06,951 HOJLUP_clean, uptake: 0.045123
2025-06-13 19:58:14,296 HOXGEH_clean, uptake: 0.006544
2025-06-13 19:58:23,144 HOQMIL04_clean, uptake: 0.052158
2025-06-13 19:58:44,136 HOXKIP_clean, uptake: 0.041552
2025-06-13 19:58:52,821 HOYROE_clean, uptake: 0.031217
2025-06-13 19:58:59,271 HOXKUB_clean, uptake: 0.047244
2025-06-13 19:59:01,135 HOZBUV_clean, uptake: 0.010079
2025-06-13 19:59:04,924 HOWQEQ_clean, uptake: 0.047807
2025-06-13 19:59:07,311 HOWPOZ_clean, uptake: 0.027666
2025-06-13 19:59:12,255 HOZFEJ_clean, uptake: 0.011276
2025-06-13 19:59:28,721 HOWSAP_clean, uptake: 0.033134
2025-06-13 19:59:45,671 HOVGIK_clean, uptake: 0.060782
2025-06-13 19:59:47,314 HOWQAM_clean, uptake: 0.041936
2025-06-13 20:00:18,734 HUFLUR_clean, uptake: 0.015827
2025-06-13 20:00:19,868 HOXJIO_charged, uptake: 0.033456
2025-06-13 20:00:26,399 HOYTUL_clean, uptake: 0.013700
2025-06-13 20:00:28,718 HUFHEX_clean, uptake: 0.018124
2025-06-13 20:00:32,287 HUFMUS_clean, uptake: 0.012228
2025-06-13 20:00:32,618 HOGJOD_clean, uptake: 0.040288
2025-06-13 20:00:54,822 HUCBEN_manual, uptake: 0.068962
2025-06-13 20:00:58,740 HUFHOH_clean, uptake: 0.017209
2025-06-13 20:01:00,735 HUFHUN_clean, uptake: 0.017881
2025-06-13 20:01:03,237 HUFJAV_clean, uptake: 0.016889
2025-06-13 20:01:50,276 HUCWOT_clean, uptake: 0.032228
2025-06-13 20:01:53,105 HUCWUZ_clean, uptake: 0.032397
2025-06-13 20:02:01,114 HUCXEK_clean, uptake: 0.031302
2025-06-13 20:02:07,259 HOXSUK_clean, uptake: 0.044901
2025-06-13 20:02:08,367 HUCXIO_clean, uptake: 0.031543
2025-06-13 20:02:10,183 HUCXAG_clean, uptake: 0.032810
2025-06-13 20:02:11,842 HUFHIB_clean, uptake: 0.020436
2025-06-13 20:02:13,974 HUCXOU_clean, uptake: 0.031833
2025-06-13 20:02:23,608 HUCXUA_clean, uptake: 0.031766
2025-06-13 20:02:31,639 HUDMAW_clean, uptake: 0.022933
2025-06-13 20:02:33,402 HUFJEZ_clean, uptake: 0.020411
2025-06-13 20:02:34,557 HUJGEA_clean, uptake: 0.053272
2025-06-13 20:02:35,291 HUCBAJ_charged, uptake: 0.102698
2025-06-13 20:02:42,722 HOZXEB_clean, uptake: 0.023965
2025-06-13 20:02:57,034 HUJVOX_clean, uptake: 0.039710
2025-06-13 20:03:05,687 HUFKUQ_clean, uptake: 0.028348
2025-06-13 20:03:14,875 HUDWUA_clean, uptake: 0.050167
2025-06-13 20:03:50,923 HUFYIS_clean, uptake: 0.014302
2025-06-13 20:04:20,578 HULTEN_clean, uptake: 0.135907
2025-06-13 20:05:02,861 HOKLIE_clean, uptake: 0.054601
2025-06-13 20:05:14,677 HURGEH_clean, uptake: 0.027540
2025-06-13 20:05:19,761 HUQGOR_clean, uptake: 0.035288
2025-06-13 20:05:53,971 HUQGUX_clean, uptake: 0.032252
2025-06-13 20:05:56,501 HULCOI_clean, uptake: 0.033525
2025-06-13 20:05:59,518 HUWHOY_clean, uptake: 0.059108
2025-06-13 20:06:04,236 HUQHEI_clean, uptake: 0.033476
2025-06-13 20:06:11,651 HOLQIK_clean, uptake: 0.039687
2025-06-13 20:06:13,539 HOZTOG_clean, uptake: 0.012278
2025-06-13 20:06:15,060 HUQHAE_clean, uptake: 0.034595
2025-06-13 20:06:18,440 HOWSET_clean, uptake: 0.052814
2025-06-13 20:06:19,405 HUQHOS_clean, uptake: 0.034658
2025-06-13 20:06:25,094 HOWSIX_clean, uptake: 0.050686
2025-06-13 20:06:25,785 HUWLUI_clean, uptake: 0.024150
2025-06-13 20:06:40,376 HUVHOX_clean, uptake: 0.077815
2025-06-13 20:06:41,976 HUXWAY_clean, uptake: 0.006257
2025-06-13 20:07:11,200 HUYKIV_clean, uptake: 0.024150
2025-06-13 20:07:13,322 HUWDEJ_clean, uptake: 0.042737
2025-06-13 20:07:19,783 HUQHIM_clean, uptake: 0.034035
2025-06-13 20:07:20,291 HULRIR_clean, uptake: 0.028131
2025-06-13 20:07:54,708 HUYJOA_clean, uptake: 0.039961
2025-06-13 20:07:59,285 HURFEH_clean, uptake: 0.060283
2025-06-13 20:08:23,348 HURFUX_clean, uptake: 0.061429
2025-06-13 20:08:27,393 HURGUX_clean, uptake: 0.053601
2025-06-13 20:08:29,878 HURGUX01_clean, uptake: 0.052533
2025-06-13 20:09:02,501 HUSJUC_clean, uptake: 0.037547
2025-06-13 20:09:06,876 HUZSUR_clean, uptake: 0.035217
2025-06-13 20:09:08,846 HULTEP_clean, uptake: 0.047296
2025-06-13 20:09:23,529 HUWPIA_clean, uptake: 0.069638
2025-06-13 20:09:37,887 HUWSUN_clean, uptake: 0.057207
2025-06-13 20:10:21,817 HURGAE_clean, uptake: 0.085620
2025-06-13 20:10:39,214 HUYKOB_clean, uptake: 0.028490
2025-06-13 20:11:01,175 HUMWIX_clean, uptake: 0.036505
2025-06-13 20:11:13,837 HUYKER_clean, uptake: 0.018890
2025-06-13 20:11:19,821 HUHBET_clean, uptake: 0.007793
2025-06-13 20:11:44,502 IBICAZ_clean, uptake: 0.011786
2025-06-13 20:11:47,576 HUQHUY_clean, uptake: 0.032774
2025-06-13 20:11:58,474 IBEYOE_clean, uptake: 0.009733
2025-06-13 20:12:29,554 IBICED_clean, uptake: 0.010613
2025-06-13 20:12:44,144 IBABOF_clean, uptake: 0.047831
2025-06-13 20:12:45,890 IBICIH_clean, uptake: 0.011531
2025-06-13 20:12:54,915 IBASAH_clean, uptake: 0.016254
2025-06-13 20:12:55,813 HUYJUG_clean, uptake: 0.028437
2025-06-13 20:12:57,504 IBARUA_clean, uptake: 0.017462
2025-06-13 20:13:00,507 IBASEL_clean, uptake: 0.016527
2025-06-13 20:13:04,506 IBABOF01_clean, uptake: 0.046426
2025-06-13 20:13:08,319 IBICON_clean, uptake: 0.010613
2025-06-13 20:13:08,398 HUZSOL_clean, uptake: 0.033922
2025-06-13 20:13:24,015 HUYKAN_clean, uptake: 0.029354
2025-06-13 20:13:27,630 IBABUL_clean, uptake: 0.048546
2025-06-13 20:13:29,152 IBASUB_clean, uptake: 0.016909
2025-06-13 20:13:29,571 IBASOV_clean, uptake: 0.016673
2025-06-13 20:13:32,504 IBACAS_clean, uptake: 0.049645
2025-06-13 20:13:37,685 IBATEM_clean, uptake: 0.016353
2025-06-13 20:13:53,533 HUZFEO_clean, uptake: 0.082618
2025-06-13 20:13:53,824 HUZXAD_clean, uptake: 0.033050
2025-06-13 20:13:56,164 HUPQIU_clean, uptake: 0.020144
2025-06-13 20:14:04,037 HUYKUH_clean, uptake: 0.020309
2025-06-13 20:14:28,576 HUZFOY_charged, uptake: 0.052762
2025-06-13 20:14:29,937 ic025743v_s1_clean, uptake: 0.011034
2025-06-13 20:14:40,181 HUZXEH_clean, uptake: 0.035282
2025-06-13 20:14:42,646 IBOTOI_clean, uptake: 0.024961
2025-06-13 20:15:05,367 ic2017598_si_001_clean_h, uptake: 0.023523
2025-06-13 20:15:10,329 IBUBIT_clean, uptake: 0.018921
2025-06-13 20:15:23,376 ic060771psi20060614_113937_clean, uptake: 0.037670
2025-06-13 20:15:24,062 IBOZIK_clean, uptake: 0.032544
2025-06-13 20:15:28,387 HUZXIL_clean, uptake: 0.036679
2025-06-13 20:15:35,105 HUZXOR_clean, uptake: 0.034779
2025-06-13 20:15:46,417 IBUDOZ_clean, uptake: 0.040334
2025-06-13 20:15:57,711 ic060030osi20060309_091447_clean, uptake: 0.023281
2025-06-13 20:16:00,384 HUHNIJ_clean, uptake: 0.020418
2025-06-13 20:16:05,967 ic050064gsi20050115_040515_clean, uptake: 0.040799
2025-06-13 20:16:11,596 IBUBAL_clean, uptake: 0.017743
2025-06-13 20:16:18,689 HANKUE_clean, uptake: 0.034716
2025-06-13 20:16:18,699 ic101789u_si_002_clean, uptake: 0.063028
2025-06-13 20:16:46,825 ic051810ksi20060220_094504_clean, uptake: 0.032291
2025-06-13 20:16:52,331 ic070274o-file006_clean, uptake: 0.034642
2025-06-13 20:17:15,376 IBITUK_clean, uptake: 0.020718
2025-06-13 20:17:25,559 ic3019502_si_002_clean, uptake: 0.044316
2025-06-13 20:17:36,169 ic102347b_si_001_clean, uptake: 0.038091
2025-06-13 20:17:41,135 IBOTIC_clean, uptake: 0.046570
2025-06-13 20:18:08,622 HUZXUX_clean, uptake: 0.036042
2025-06-13 20:18:09,150 ic400607w_si_001_clean, uptake: 0.028787
2025-06-13 20:18:10,704 HUZYAE_clean, uptake: 0.048765
2025-06-13 20:18:13,445 IBIRES_clean, uptake: 0.023113
2025-06-13 20:18:31,908 ic100188w_si_002_clean, uptake: 0.027631
2025-06-13 20:18:54,890 IBUYAH_clean, uptake: 0.009299
2025-06-13 20:18:58,811 ic060608urom20060410_101638_clean, uptake: 0.070372
2025-06-13 20:19:09,379 ic401157n_si_002_clean, uptake: 0.034101
2025-06-13 20:19:13,938 ic401157n_si_003_clean, uptake: 0.058668
2025-06-13 20:19:30,114 ic500323r_si_001_clean, uptake: 0.013643
2025-06-13 20:19:30,336 ic202769e_si_002_clean, uptake: 0.029246
2025-06-13 20:19:32,750 ic402692p_si_004_clean, uptake: 0.036214
2025-06-13 20:19:37,402 ic202626c_si_002_clean, uptake: 0.034809
2025-06-13 20:19:43,495 ic5011133_si_003_clean, uptake: 0.038965
2025-06-13 20:19:49,730 ic5008457_si_002_clean, uptake: 0.036279
2025-06-13 20:19:50,599 ic400777c_si_002_clean, uptake: 0.074974
2025-06-13 20:19:54,432 ic101935f_si_002_auto, uptake: 0.027351
2025-06-13 20:19:55,745 ic402692p_si_005_clean, uptake: 0.038828
2025-06-13 20:19:57,955 ic500323r_si_002_clean, uptake: 0.016577
2025-06-13 20:20:04,703 ic402692p_si_002_clean, uptake: 0.049577
2025-06-13 20:20:18,392 ic501477u_si_002_clean, uptake: 0.031809
2025-06-13 20:20:29,134 ic402058f_si_002_clean, uptake: 0.055836
2025-06-13 20:20:33,845 ic5011133_si_004_clean, uptake: 0.031992
2025-06-13 20:20:41,693 ic502643m_si_007_clean, uptake: 0.032842
2025-06-13 20:20:56,762 ic402058f_si_004_clean, uptake: 0.059550
2025-06-13 20:21:01,052 ic402058f_si_003_clean, uptake: 0.070820
2025-06-13 20:21:02,104 ic5011133_si_002_clean, uptake: 0.043526
2025-06-13 20:21:03,971 ic502643m_si_009_clean, uptake: 0.034918
2025-06-13 20:21:07,719 ic502643m_si_010_clean, uptake: 0.033890
2025-06-13 20:21:25,970 IBIYOI_ion_b, uptake: 0.019263
2025-06-13 20:21:33,284 ic7025158-file001_clean, uptake: 0.012555
2025-06-13 20:21:49,332 ic402692p_si_003_clean, uptake: 0.069304
2025-06-13 20:21:58,762 ic501849g_si_002_clean, uptake: 0.031805
2025-06-13 20:22:19,969 ic800131r-file003_clean, uptake: 0.028111
2025-06-13 20:22:36,589 ic501801f_si_002_clean, uptake: 0.025224
2025-06-13 20:22:45,219 ic5b00194_si_002_clean, uptake: 0.057740
2025-06-13 20:22:49,294 ic502254c_si_002_clean, uptake: 0.024851
2025-06-13 20:22:54,474 ic502725y_si_004_clean, uptake: 0.018613
2025-06-13 20:22:59,967 ic403134c_si_002_clean, uptake: 0.107028
2025-06-13 20:23:04,702 ic5029383_si_002_clean, uptake: 0.034188
2025-06-13 20:23:06,157 ic502643m_si_008_clean, uptake: 0.044678
2025-06-13 20:23:15,925 ic5021302_si_002_clean, uptake: 0.043935
2025-06-13 20:23:31,111 ic502730y_si_002_clean, uptake: 0.032760
2025-06-13 20:23:47,256 ic402058f_si_005_clean, uptake: 0.056126
2025-06-13 20:23:48,326 ic5b00535_si_002_clean, uptake: 0.033249
2025-06-13 20:23:52,902 ic502921j_si_002_clean, uptake: 0.026219
2025-06-13 20:23:54,640 ic034943jsi20030807_040506_clean, uptake: 0.036988
2025-06-13 20:24:01,968 ic300665a_si_002_clean, uptake: 0.034416
2025-06-13 20:24:13,551 ic0520162si20051122_054836_clean, uptake: 0.011212
2025-06-13 20:24:21,469 ic700893w-file001_clean, uptake: 0.013831
2025-06-13 20:24:33,684 ic502921j_si_003_clean, uptake: 0.025185
2025-06-13 20:24:36,249 ICEGED_clean, uptake: 0.026562
2025-06-13 20:24:38,196 ICAGOK_clean, uptake: 0.032631
2025-06-13 20:24:47,706 ic8004536-file004_clean, uptake: 0.008474
2025-06-13 20:24:49,249 ic7014034-file001_clean, uptake: 0.050642
2025-06-13 20:24:50,775 ic5b00130_si_002_clean, uptake: 0.025732
2025-06-13 20:24:53,087 ICISAP_clean, uptake: 0.039601
2025-06-13 20:24:56,010 IDEYOF_clean, uptake: 0.030681
2025-06-13 20:25:12,716 ICORAV_ion_b, uptake: 0.009879
2025-06-13 20:25:36,545 ICOWON_clean, uptake: 0.024690
2025-06-13 20:25:41,657 ic502643m_si_006_clean, uptake: 0.038526
2025-06-13 20:25:43,137 IDUTUW_clean, uptake: 0.004529
2025-06-13 20:25:44,143 ic502643m_si_003_clean, uptake: 0.037361
2025-06-13 20:26:09,226 IDORAW_clean, uptake: 0.021411
2025-06-13 20:26:27,744 IDIWIB_clean, uptake: 0.035089
2025-06-13 20:26:27,993 ICIVAS_clean, uptake: 0.028850
2025-06-13 20:26:32,462 IDAGEA_charged, uptake: 0.017174
2025-06-13 20:26:33,818 IFEHUY_clean, uptake: 0.021042
2025-06-13 20:27:02,490 IFEYIB_clean, uptake: 0.014853
2025-06-13 20:27:30,962 IFENOY01_SL, uptake: 0.005536
2025-06-13 20:27:32,083 IDIXAU_clean, uptake: 0.031220
2025-06-13 20:27:41,411 IFENOY_clean, uptake: 0.005460
2025-06-13 20:28:04,778 IDIWUN_clean, uptake: 0.026639
2025-06-13 20:28:07,221 ICODIP01_clean, uptake: 0.026670
2025-06-13 20:28:15,228 ICODIP_clean, uptake: 0.027396
2025-06-13 20:28:33,217 ICITEU_charged, uptake: 0.036358
2025-06-13 20:28:37,393 IFAREN_charged, uptake: 0.007915
2025-06-13 20:28:43,930 IFOSIG_clean, uptake: 0.009076
2025-06-13 20:28:50,018 IGEXOH_clean, uptake: 0.039655
2025-06-13 20:28:56,105 IDUDIW_clean, uptake: 0.053402
2025-06-13 20:29:14,205 IFEQIV_SL, uptake: 0.010363
2025-06-13 20:29:24,353 IFAHEC_clean, uptake: 0.217134
2025-06-13 20:29:41,775 IFASOZ_clean, uptake: 0.019353
2025-06-13 20:29:48,911 IGIZAA_clean, uptake: 0.001936
2025-06-13 20:30:01,757 ICAQIO_clean, uptake: 0.031811
2025-06-13 20:30:01,931 ICAROV_clean, uptake: 0.032297
2025-06-13 20:30:11,854 IGETUL_clean, uptake: 0.067010
2025-06-13 20:30:14,284 IBOTEY_clean, uptake: 0.028617
2025-06-13 20:30:17,054 IGINIX01_clean, uptake: 0.054860
2025-06-13 20:30:17,422 IGINIX_clean, uptake: 0.054514
2025-06-13 20:30:22,080 ICAQOU_clean, uptake: 0.031850
2025-06-13 20:30:23,298 IFUNUU_clean, uptake: 0.056263
2025-06-13 20:30:33,637 ic501801f_si_003_clean, uptake: 0.019330
2025-06-13 20:30:36,268 IGAGAA_clean, uptake: 0.048698
2025-06-13 20:30:40,663 IHAJIL_clean, uptake: 0.046674
2025-06-13 20:31:04,056 IHAJEH_clean, uptake: 0.015019
2025-06-13 20:31:30,395 ICAWUF_clean, uptake: 0.023086
2025-06-13 20:31:35,924 IFENOY02_SL, uptake: 0.005877
2025-06-13 20:31:39,991 IGAGUU_clean, uptake: 0.027775
2025-06-13 20:31:41,044 ic5b00096_auto, uptake: 0.015931
2025-06-13 20:32:00,223 IFENOY03_SL, uptake: 0.006655
2025-06-13 20:32:00,614 IHIMAP01_clean, uptake: 0.010737
2025-06-13 20:32:12,875 IGOJEV_clean, uptake: 0.038415
2025-06-13 20:32:16,437 IHILUI_clean, uptake: 0.010510
2025-06-13 20:32:19,484 IGUVIR01_clean, uptake: 0.051170
2025-06-13 20:32:20,137 ic5b01023_si_002_clean, uptake: 0.062599
2025-06-13 20:32:24,363 IJEXIF01_clean, uptake: 0.055762
2025-06-13 20:32:25,055 IJEXIF_clean, uptake: 0.053153
2025-06-13 20:32:27,453 IGUVIR_clean, uptake: 0.052801
2025-06-13 20:32:38,574 IHIMAP_clean, uptake: 0.010457
2025-06-13 20:32:50,121 IGITOJ_clean, uptake: 0.004811
2025-06-13 20:32:51,152 IKEBUV01_clean, uptake: 0.030368
2025-06-13 20:32:59,785 IKEBUV_clean, uptake: 0.030662
2025-06-13 20:33:08,088 IKETAU_clean, uptake: 0.027018
2025-06-13 20:33:16,414 IFAGON_clean, uptake: 0.038155
2025-06-13 20:33:16,604 IJASOC_clean, uptake: 0.034907
2025-06-13 20:33:32,066 IKETEY_clean, uptake: 0.027668
2025-06-13 20:33:45,458 IGIZEF_clean, uptake: 0.044527
2025-06-13 20:33:45,748 IKETOH_manual, uptake: 0.041905
2025-06-13 20:33:50,705 IJIGOX_clean, uptake: 0.083641
2025-06-13 20:34:07,063 IKETIC_clean, uptake: 0.028236
2025-06-13 20:34:11,246 IKETOI_clean, uptake: 0.028211
2025-06-13 20:34:26,413 IJEVIE_clean, uptake: 0.047642
2025-06-13 20:34:29,167 IJEVEA_clean, uptake: 0.041597
2025-06-13 20:34:30,287 IKETUO_clean, uptake: 0.027628
2025-06-13 20:34:30,385 IFEPUG_SL, uptake: 0.014317
2025-06-13 20:34:42,756 IGAHAB_clean, uptake: 0.050726
2025-06-13 20:34:45,251 IKEVAW_clean, uptake: 0.028462
2025-06-13 20:34:48,030 ic9002115_si_001_clean, uptake: 0.053411
2025-06-13 20:34:58,231 IFEQAN_SL, uptake: 0.014224
2025-06-13 20:35:17,053 ILINIC_clean, uptake: 0.004899
2025-06-13 20:35:18,446 IKAYAU_clean, uptake: 0.007029
2025-06-13 20:35:38,154 IGUCIY_clean, uptake: 0.016628
2025-06-13 20:35:40,604 IKUTIT_clean, uptake: 0.037589
2025-06-13 20:35:41,257 IKOSUW_charged, uptake: 0.014796
2025-06-13 20:35:46,578 IMACND_clean, uptake: 0.008618
2025-06-13 20:35:52,827 IJUTEM_clean, uptake: 0.319373
2025-06-13 20:35:53,610 IHUTIQ_clean, uptake: 0.013644
2025-06-13 20:36:00,605 IKOPEF_clean, uptake: 0.037554
2025-06-13 20:36:07,686 IKUTOZ_clean, uptake: 0.026602
2025-06-13 20:36:30,449 IKUBUL_clean, uptake: 0.065757
2025-06-13 20:37:08,877 IMAGAG_clean, uptake: 0.042353
2025-06-13 20:37:11,447 IKUBUL01_clean, uptake: 0.070848
2025-06-13 20:37:40,353 IKOVAH_clean, uptake: 0.033644
2025-06-13 20:37:45,368 ILIMUN_clean, uptake: 0.031814
2025-06-13 20:37:50,439 IKOTUZ_clean, uptake: 0.033465
2025-06-13 20:37:50,989 IKOVEL_clean, uptake: 0.033636
2025-06-13 20:37:59,464 ILOJOJ_clean, uptake: 0.028211
2025-06-13 20:38:16,426 ILIFOY_clean, uptake: 0.036240
2025-06-13 20:38:22,461 INIQUR_clean, uptake: 0.011151
2025-06-13 20:38:31,810 ILENOC_clean, uptake: 0.131410
2025-06-13 20:38:33,605 ILIFUE_clean, uptake: 0.037753
2025-06-13 20:38:46,243 ILIGAL_clean, uptake: 0.041280
2025-06-13 20:38:47,736 ILITUT_manual, uptake: 0.029672
2025-06-13 20:38:50,645 ILIGEP_clean, uptake: 0.041076
2025-06-13 20:38:57,251 INIRAY_clean, uptake: 0.010892
2025-06-13 20:39:31,668 IMAXUR_clean, uptake: 0.039922
2025-06-13 20:39:36,668 IPICOA_clean, uptake: 0.050767
2025-06-13 20:39:42,263 INAMUG_clean, uptake: 0.011965
2025-06-13 20:39:54,660 IKOSOQ_clean, uptake: 0.046294
2025-06-13 20:39:55,688 INIDAL_clean, uptake: 0.422191
2025-06-13 20:39:55,796 INARUM_clean, uptake: 0.034131
2025-06-13 20:40:03,710 INOMOP01_clean, uptake: 0.036357
2025-06-13 20:40:06,908 INIRAY01_clean, uptake: 0.010618
2025-06-13 20:40:12,775 INOMOP_clean, uptake: 0.037322
2025-06-13 20:40:14,005 ILEHUD_clean, uptake: 0.062471
2025-06-13 20:40:20,103 INOVEN_clean, uptake: 0.040979
2025-06-13 20:40:39,444 INOMIJ_clean, uptake: 0.035921
2025-06-13 20:40:42,315 IKUTUF_clean, uptake: 0.039290
2025-06-13 20:40:53,725 IMISIH_clean, uptake: 0.027406
2025-06-13 20:40:57,114 IMUTUG_ion_b, uptake: 0.061343
2025-06-13 20:40:57,601 IPIJUM_clean, uptake: 0.013243
2025-06-13 20:41:00,196 IPIFAP_clean, uptake: 0.013249
2025-06-13 20:41:02,450 IKOPIJ_clean, uptake: 0.030000
2025-06-13 20:41:30,485 IKETIB_clean, uptake: 0.035447
2025-06-13 20:41:30,631 IQABEJ_clean, uptake: 0.015730
2025-06-13 20:41:34,684 IKETUN_clean, uptake: 0.035086
2025-06-13 20:41:54,580 IQEWOQ_clean, uptake: 0.015143
2025-06-13 20:41:55,211 IPIDUH_clean, uptake: 0.027253
2025-06-13 20:42:01,380 IPIJEY_clean, uptake: 0.033072
2025-06-13 20:42:40,023 IPICUG_charged, uptake: 0.134710
2025-06-13 20:42:45,604 ITAPIC_clean, uptake: 0.009351
2025-06-13 20:42:47,508 ILIMOH_clean, uptake: 0.013640
2025-06-13 20:42:49,418 IROVAO_clean, uptake: 0.013507
2025-06-13 20:42:56,512 ITAPAU_clean, uptake: 0.007864
2025-06-13 20:43:07,139 ILAGUY_charged, uptake: 0.015702
2025-06-13 20:43:34,963 IQEKUM_clean, uptake: 0.065947
2025-06-13 20:43:36,112 INIGET_clean, uptake: 0.021797
2025-06-13 20:43:49,663 INIRAA_clean, uptake: 0.021043
2025-06-13 20:43:55,055 INIRII_clean, uptake: 0.005472
2025-06-13 20:44:10,611 IQEKOG_clean, uptake: 0.049125
2025-06-13 20:44:11,624 IQOHUT_clean, uptake: 0.031789
2025-06-13 20:44:13,257 ITIPOS_clean, uptake: 0.015992
2025-06-13 20:44:14,404 IQOKEG_clean, uptake: 0.032586
2025-06-13 20:44:20,318 IQUCOO_clean, uptake: 0.048215
2025-06-13 20:44:24,077 IRAHUF_clean, uptake: 0.401388
2025-06-13 20:44:26,502 IROVES_clean, uptake: 0.009479
2025-06-13 20:44:44,494 IPIHIA_clean, uptake: 0.022934
2025-06-13 20:44:46,382 IRELAU_clean, uptake: 0.086023
2025-06-13 20:44:52,360 IVETOT_clean, uptake: 0.026830
2025-06-13 20:44:56,504 IQILIF_clean, uptake: 0.053730
2025-06-13 20:45:04,087 ITIPAE_clean, uptake: 0.032008
2025-06-13 20:45:11,326 IVEHEW_manual, uptake: 0.029864
2025-06-13 20:45:17,074 IWAYEK_clean, uptake: 0.012509
2025-06-13 20:45:23,402 IWAYAG_clean, uptake: 0.013539
2025-06-13 20:45:26,938 IRAYOQ_clean, uptake: 0.029998
2025-06-13 20:45:32,402 IVILEG_clean, uptake: 0.027264
2025-06-13 20:45:32,531 ISUCUV_clean, uptake: 0.053784
2025-06-13 20:45:50,322 IWAZIP_clean, uptake: 0.010296
2025-06-13 20:45:52,314 IRAJER_clean, uptake: 0.309022
2025-06-13 20:46:07,978 ITIBOD_clean, uptake: 0.033712
2025-06-13 20:46:10,756 IWIPIO_clean, uptake: 0.008224
2025-06-13 20:46:14,731 IQOJAB_clean, uptake: 0.074635
2025-06-13 20:46:35,468 IVOCON_clean, uptake: 0.055633
2025-06-13 20:46:38,819 IQECIS_clean, uptake: 0.026810
2025-06-13 20:46:46,955 IVEQAC_clean, uptake: 0.032657
2025-06-13 20:46:55,496 IWAXUZ_clean, uptake: 0.020096
2025-06-13 20:46:56,773 ITIWAK_clean, uptake: 0.059025
2025-06-13 20:47:06,000 IVUVIG_clean, uptake: 0.039707
2025-06-13 20:47:08,904 IWAYOU_clean, uptake: 0.012875
2025-06-13 20:47:17,167 IXAZEO_clean, uptake: 0.009499
2025-06-13 20:47:21,485 IWAYIO_clean, uptake: 0.019498
2025-06-13 20:47:29,352 IWAYUA_clean, uptake: 0.013678
2025-06-13 20:47:40,795 ITIWEO_clean, uptake: 0.069058
2025-06-13 20:47:47,017 IWAZEL_clean, uptake: 0.019231
2025-06-13 20:48:01,328 IQOKIK_clean, uptake: 0.040197
2025-06-13 20:48:02,689 IQOJEF_clean, uptake: 0.048806
2025-06-13 20:48:09,992 IVOGUX_clean, uptake: 0.046179
2025-06-13 20:48:16,947 ITIWUE_charged, uptake: 0.059444
2025-06-13 20:48:18,570 ITIWOY_charged, uptake: 0.058806
2025-06-13 20:48:21,497 IWOSAP_clean, uptake: 0.009964
2025-06-13 20:48:23,070 ITIWIS_charged, uptake: 0.057226
2025-06-13 20:48:41,145 ITOSEQ_clean, uptake: 0.061371
2025-06-13 20:49:02,423 IMEDOV_clean, uptake: 0.016910
2025-06-13 20:49:02,442 IXECET_clean, uptake: 0.177805
2025-06-13 20:49:04,769 IXEJIG_clean, uptake: 0.026179
2025-06-13 20:49:15,334 IXIPAG_clean, uptake: 0.004374
2025-06-13 20:49:20,467 IXIPEK_clean, uptake: 0.004519
2025-06-13 20:49:24,061 IXIPIO_clean, uptake: 0.004320
2025-06-13 20:49:33,643 IXEJOM_clean, uptake: 0.024850
2025-06-13 20:49:37,791 IXAKAU_clean, uptake: 0.038577
2025-06-13 20:49:39,278 IWELIG01_clean, uptake: 0.144594
2025-06-13 20:49:48,616 IWELIG_clean, uptake: 0.141726
2025-06-13 20:50:09,610 IWEVAJ_clean, uptake: 0.024300
2025-06-13 20:50:26,846 IXOFAD_clean, uptake: 0.035844
2025-06-13 20:50:27,179 IXODUV_clean, uptake: 0.036169
2025-06-13 20:50:40,298 IXOFEH_clean, uptake: 0.034649
2025-06-13 20:50:45,920 IXOFIL_clean, uptake: 0.034959
2025-06-13 20:50:46,604 IRAGEN_charged, uptake: 0.024743
2025-06-13 20:50:49,586 IXOFOR_clean, uptake: 0.036898
2025-06-13 20:51:00,904 IXOFUX_clean, uptake: 0.035439
2025-06-13 20:51:01,972 IXOFUX01_clean, uptake: 0.035074
2025-06-13 20:51:46,756 IXEJOL_clean, uptake: 0.026713
2025-06-13 20:52:02,892 IYAYUE_clean, uptake: 0.046216
2025-06-13 20:52:10,598 IYEPUZ_clean, uptake: 0.031751
2025-06-13 20:52:13,537 IXURID_clean, uptake: 0.066729
2025-06-13 20:52:24,477 IYAJOJ_clean, uptake: 0.047743
2025-06-13 20:52:25,933 IYAJID_clean, uptake: 0.049433
2025-06-13 20:52:29,972 IYEHAX_clean, uptake: 0.042669
2025-06-13 20:52:34,262 IYAKAW_clean, uptake: 0.048838
2025-06-13 20:52:38,028 IXUWII_clean, uptake: 0.052178
2025-06-13 20:52:48,543 IYAKIE_clean, uptake: 0.032279
2025-06-13 20:53:00,835 IYESUC_clean, uptake: 0.050819
2025-06-13 20:53:07,258 IYOCIK_clean, uptake: 0.015322
2025-06-13 20:53:09,917 IYOCOQ_clean, uptake: 0.015535
2025-06-13 20:53:10,601 IYODAD_clean, uptake: 0.019380
2025-06-13 20:53:25,687 IXEDOE_charged, uptake: 0.049221
2025-06-13 20:53:26,930 IYASOS_clean, uptake: 0.046826
2025-06-13 20:53:30,786 ISENUQ_clean, uptake: 0.036225
2025-06-13 20:53:36,051 IXISUD_clean, uptake: 0.023660
2025-06-13 20:53:57,622 IXUQUO_clean, uptake: 0.073584
2025-06-13 20:54:15,656 IXISAJ_clean, uptake: 0.064289
2025-06-13 20:54:26,327 IXISOZ02_clean, uptake: 0.042502
2025-06-13 20:54:32,126 IWOKUC_clean, uptake: 0.029409
2025-06-13 20:54:34,962 IYUCIQ_clean, uptake: 0.021198
2025-06-13 20:54:41,833 IYUCEM_clean, uptake: 0.016513
2025-06-13 20:54:44,723 IXISOX_clean, uptake: 0.054909
2025-06-13 20:54:45,564 IYUQID_clean, uptake: 0.027019
2025-06-13 20:54:52,764 IYICUP_clean, uptake: 0.043520
2025-06-13 20:54:53,775 IZEPAF_clean, uptake: 0.027716
2025-06-13 20:55:10,856 IYUQEZ_clean, uptake: 0.024929
2025-06-13 20:55:18,415 IXEBEU_clean, uptake: 0.036049
2025-06-13 20:55:25,471 IYOQAQ_clean, uptake: 0.053738
2025-06-13 20:55:31,967 IZEBAR_clean, uptake: 0.043690
2025-06-13 20:55:35,318 IYOSUM_clean, uptake: 0.053066
2025-06-13 20:55:36,465 IYOVIC_clean, uptake: 0.047605
2025-06-13 20:55:46,424 IXEDUK_charged, uptake: 0.032723
2025-06-13 20:56:04,033 IZEBEV_clean, uptake: 0.011427
2025-06-13 20:56:13,464 IYUJAO_clean, uptake: 0.041789
2025-06-13 20:56:15,086 IYOBAA_clean, uptake: 0.010688
2025-06-13 20:56:17,474 IYEXOZ_clean, uptake: 0.008583
2025-06-13 20:56:19,173 IYOTAT_clean, uptake: 0.055471
2025-06-13 20:56:26,209 IYAJUP_clean, uptake: 0.048551
2025-06-13 20:56:34,457 ja074366osi20070816_031204_clean, uptake: 0.024802
2025-06-13 20:56:42,567 IZEPEJ_clean, uptake: 0.029666
2025-06-13 20:56:52,584 IZOWAW_clean, uptake: 0.008185
2025-06-13 20:57:09,793 IZOWEA_clean, uptake: 0.006631
2025-06-13 20:57:16,577 IZEWAN_clean, uptake: 0.060498
2025-06-13 20:57:35,509 IYUHUG_ion_b, uptake: 0.021664
2025-06-13 20:57:43,445 IZUMUM_clean, uptake: 0.017838
2025-06-13 20:57:55,481 ja109659k_si_002_clean, uptake: 0.040363
2025-06-13 20:58:17,672 IXUQOJ_clean, uptake: 0.033035
2025-06-13 20:58:31,980 ja206917z_si_001_clean, uptake: 0.009966
2025-06-13 20:58:39,803 ja205976v_si_006_clean, uptake: 0.027417
2025-06-13 20:58:40,302 IXEFAS_charged, uptake: 0.022838
2025-06-13 20:58:44,571 ja205976v_si_004_clean, uptake: 0.016478
2025-06-13 20:58:47,103 ja300034j_si_002_clean, uptake: 0.027044
2025-06-13 20:58:49,487 ja203898s_si_004_clean, uptake: 0.056870
2025-06-13 20:59:12,000 ja4012707_si_004_clean, uptake: 0.033171
2025-06-13 20:59:22,079 ja4012707_si_003_clean, uptake: 0.043380
2025-06-13 20:59:23,768 IZIHAC_clean, uptake: 0.023191
2025-06-13 20:59:28,543 IZIHEG_clean, uptake: 0.023487
2025-06-13 20:59:30,178 IZUVUV_clean, uptake: 0.014672
2025-06-13 20:59:30,411 IZIHOQ_clean, uptake: 0.022916
2025-06-13 20:59:35,562 IYUHOA_clean, uptake: 0.066850
2025-06-13 20:59:57,661 IZENUY_clean, uptake: 0.043676
2025-06-13 20:59:57,720 ja076167asi20070815_063752_clean, uptake: 0.032799
2025-06-13 20:59:59,682 ja4050828_auto, uptake: 0.023772
2025-06-13 21:00:10,713 ja308995t_si_002_clean, uptake: 0.039013
2025-06-13 21:00:29,175 IYOWID_manual, uptake: 0.031653
2025-06-13 21:00:31,109 IZEQUB_clean, uptake: 0.061809
2025-06-13 21:00:31,826 IZERAI_clean, uptake: 0.066158
2025-06-13 21:00:43,320 ja039022msi20031007_110612_clean, uptake: 0.029424
2025-06-13 21:01:01,170 ja406030p_si_002_manual, uptake: 0.040540
2025-06-13 21:01:06,609 ja406030p_si_003_clean, uptake: 0.043827
2025-06-13 21:01:07,538 ja110042b_si_003_clean, uptake: 0.034344
2025-06-13 21:01:19,383 IZENEI_clean, uptake: 0.050984
2025-06-13 21:01:20,764 ja302110d_si_001_clean, uptake: 0.026889
2025-06-13 21:01:24,305 IZENIM_clean, uptake: 0.046696
2025-06-13 21:01:25,806 ja408959g_si_002_clean, uptake: 0.027701
2025-06-13 21:01:28,117 ja406030p_si_004_clean, uptake: 0.045026
2025-06-13 21:01:29,448 ja406030p_si_007_manual, uptake: 0.045624
2025-06-13 21:01:30,499 ja407778a_si_003_clean, uptake: 0.041455
2025-06-13 21:01:35,664 ja302340b_si_002_clean, uptake: 0.036006
2025-06-13 21:01:35,945 ja302380x_si_003_clean, uptake: 0.049318
2025-06-13 21:01:54,256 ja406030p_si_006_manual, uptake: 0.045068
2025-06-13 21:01:56,381 ja406030p_si_005_manual, uptake: 0.046407
2025-06-13 21:02:02,118 ja507269n_si_002_clean, uptake: 0.030824
2025-06-13 21:02:13,440 ja507269n_si_003_clean, uptake: 0.034959
2025-06-13 21:02:17,235 ja5063423_si_002_clean, uptake: 0.025397
2025-06-13 21:02:17,348 ja406030p_si_008_manual, uptake: 0.045768
2025-06-13 21:02:17,540 ja406844r_si_002_clean, uptake: 0.044119
2025-06-13 21:02:23,462 IZEFEZ_charged, uptake: 0.046804
2025-06-13 21:02:44,650 ja406030p_si_009_manual, uptake: 0.046897
2025-06-13 21:02:45,004 IZIGUV_clean, uptake: 0.044462
2025-06-13 21:02:53,310 ja512973b_si_005_auto, uptake: 0.024287
2025-06-13 21:03:15,519 ja408959g_si_003_clean, uptake: 0.023219
2025-06-13 21:03:31,857 ja507947d_si_001_auto, uptake: 0.020846
2025-06-13 21:03:40,104 ja512311a_si_007_auto, uptake: 0.011025
2025-06-13 21:03:52,438 ja512137t_si_002_clean, uptake: 0.055094
2025-06-13 21:03:57,489 ja0752540-file002_clean, uptake: 0.023291
2025-06-13 21:03:59,635 ja5b00365_si_002_clean, uptake: 0.030989
2025-06-13 21:04:02,479 ja512762r_si_002_auto, uptake: 0.013475
2025-06-13 21:04:10,031 ja5131269_si_002_clean, uptake: 0.039390
2025-06-13 21:04:12,378 ja500330a_si_007_auto, uptake: 0.006764
2025-06-13 21:04:14,658 ja5131269_si_003_clean, uptake: 0.042609
2025-06-13 21:04:20,702 ja512311a_si_003_auto, uptake: 0.016112
2025-06-13 21:04:41,958 ja5b02897_si_003_clean, uptake: 0.028991
2025-06-13 21:04:47,578 ja5b02999_si_002_clean, uptake: 0.022010
2025-06-13 21:04:53,900 ja500330a_si_005_clean, uptake: 0.024968
2025-06-13 21:04:57,607 ja510525s_si_003-1_clean, uptake: 0.034657
2025-06-13 21:05:07,478 ja510525s_si_002_clean, uptake: 0.028946
2025-06-13 21:05:29,429 ja5b02999_si_007_clean, uptake: 0.032152
2025-06-13 21:05:31,352 ja5b02999_si_006_clean, uptake: 0.023872
2025-06-13 21:05:36,006 IZISEQ_clean, uptake: 0.051596
2025-06-13 21:05:40,767 ja411887c_si_002_clean, uptake: 0.034335
2025-06-13 21:05:43,155 ja506357n_si_002_clean, uptake: 0.074087
2025-06-13 21:05:44,285 ja903726m_si_002_clean, uptake: 0.020814
2025-06-13 21:06:08,297 ja5b02556_si_002_clean, uptake: 0.080468
2025-06-13 21:06:14,432 ja500330a_si_009_auto, uptake: 0.012954
2025-06-13 21:06:21,694 ja905009e_si_002_clean, uptake: 0.009715
2025-06-13 21:06:43,358 ja512973b_si_003_auto, uptake: 0.021607
2025-06-13 21:06:44,707 ja5103103_si_002_auto, uptake: 0.020820
2025-06-13 21:06:45,143 ja5111317_ja5111317_si_002_auto, uptake: 0.029053
2025-06-13 21:06:49,246 ja512973b_si_004_auto, uptake: 0.023097
2025-06-13 21:06:57,757 ja512973b_si_002_auto, uptake: 0.020826
2025-06-13 21:07:32,180 ja907023c_si_001_clean, uptake: 0.034409
2025-06-13 21:07:35,355 ja907023c_si_002_clean, uptake: 0.035025
2025-06-13 21:08:03,737 ja512437u_si_003_clean, uptake: 0.046838
2025-06-13 21:08:13,444 ja512437u_si_002_clean, uptake: 0.047464
2025-06-13 21:08:20,538 ja5b02999_si_003_clean, uptake: 0.020089
2025-06-13 21:08:37,235 ja512437u_si_004_clean, uptake: 0.047323
2025-06-13 21:08:44,886 ja5b02999_si_004_clean, uptake: 0.023295
2025-06-13 21:10:46,581 ja808995d_si_002_clean, uptake: 0.058775
2025-06-13 21:10:52,185 ja3082523_si_004_clean, uptake: 0.029908
2025-06-13 21:11:10,318 ja809985t_si_002_clean, uptake: 0.030049
2025-06-13 21:12:12,949 ja500330a_si_006_auto, uptake: 0.014911
2025-06-13 21:14:05,674 ja403810k_si_002_clean, uptake: 0.023877
2025-06-14 00:34:50,855 ELOHOE_clean, uptake: 0.061391
2025-06-14 00:34:52,864 ELOGUJ_clean, uptake: 0.008976
2025-06-14 00:35:13,577 ELUJAY_clean, uptake: 0.026192
2025-06-14 00:35:19,907 EKETUL_clean, uptake: 0.036698
2025-06-14 00:35:36,958 EKETOF_clean, uptake: 0.040676
2025-06-14 00:35:47,708 EKEVAT_clean, uptake: 0.039533
2025-06-14 00:36:09,321 YAPTIT_clean, uptake: 0.054593
2025-06-14 00:36:12,625 EJOQOL_clean, uptake: 0.025078
2025-06-14 00:37:25,440 EHODOV_SL, uptake: 0.052593
2025-06-14 00:37:38,759 YAMYUJ_clean, uptake: 0.071155
2025-06-14 00:37:53,848 YAGHAS_clean, uptake: 0.039475
2025-06-14 00:38:07,533 EMAPAK_clean, uptake: 0.018099
2025-06-14 00:38:09,543 EKUPEG_clean, uptake: 0.012252
2025-06-14 00:38:25,346 EMAGAB_clean, uptake: 0.020886
2025-06-14 00:38:39,982 EMIFOW_clean, uptake: 0.036162
2025-06-14 00:39:11,789 YABHIV_clean, uptake: 0.034297
2025-06-14 00:39:18,223 EMAMUC_clean, uptake: 0.009415
2025-06-14 00:39:52,847 EMIGEN_charged, uptake: 0.022572
2025-06-14 00:39:53,368 XUDPET_clean, uptake: 0.044708
2025-06-14 00:39:54,767 EMAMOW_clean, uptake: 0.011975
2025-06-14 00:40:53,594 EFESEP_clean, uptake: 0.055254
2025-06-14 00:41:07,410 EGIFUV_clean, uptake: 0.047634
2025-06-14 00:41:22,323 EMIGAJ_charged, uptake: 0.026211
2025-06-14 00:42:15,678 XOFGEG_clean, uptake: 0.033975
2025-06-14 00:43:11,888 ELUJEC_clean, uptake: 0.025963
2025-06-14 00:43:41,592 XUDQEU_clean, uptake: 0.052017
2025-06-14 00:44:00,521 UFEXIN_clean, uptake: 0.020371
2025-06-14 00:44:27,649 UFUQIV_clean, uptake: 0.040927
2025-06-14 00:44:40,868 UGAQEY_clean, uptake: 0.030735
2025-06-14 00:44:50,843 UGELIB_clean, uptake: 0.098214
2025-06-14 00:44:55,050 UGUQOC_charged, uptake: 0.040092
2025-06-14 00:45:42,524 UDICAN_clean, uptake: 0.049789
2025-06-14 00:45:42,834 UCOHUR_clean, uptake: 0.024716
2025-06-14 00:46:10,430 UCOJED_clean, uptake: 0.024001
2025-06-14 00:46:24,678 XUDQAQ_clean, uptake: 0.062635
2025-06-14 00:46:48,501 UHASED_clean, uptake: 0.062282
2025-06-14 00:47:09,151 XUFYEE_clean, uptake: 0.052918
2025-06-14 00:47:15,013 UFUNIS_clean, uptake: 0.104006
2025-06-14 00:47:22,558 UGOFED_clean, uptake: 0.074104
2025-06-14 00:48:00,157 UGOSOY_charged, uptake: 0.028984
2025-06-14 00:48:05,540 UJAQEC_clean, uptake: 0.055526
2025-06-14 00:48:34,287 UHAXUW_clean, uptake: 0.028890
2025-06-14 00:48:46,736 UJAQUS_clean, uptake: 0.037811
2025-06-14 00:49:25,069 XUDPUJ_clean, uptake: 0.089902
2025-06-14 00:51:50,205 UJEDIX_clean, uptake: 0.018839
2025-06-14 00:51:55,679 UHUPET_clean, uptake: 0.026307
2025-06-14 00:51:57,491 ELEREU_clean, uptake: 0.086717
2025-06-14 00:52:09,198 UHUPOD01_clean, uptake: 0.038651
2025-06-14 00:52:20,430 UDOVOA_clean, uptake: 0.111187
2025-06-14 00:58:38,387 WOMXED_clean, uptake: 0.088300
2025-06-14 01:03:20,429 UDEMEW_manual, uptake: 0.061364
2025-06-14 01:11:07,994 XITYEF_clean, uptake: 0.075578
2025-06-14 01:13:09,847 XIJJEH_clean, uptake: 0.059258
2025-06-14 01:41:28,296 WOMFAG_clean, uptake: 3.755835
2025-06-14 01:53:25,477 WOMFEK_clean, uptake: 3.735950
2025-06-14 02:05:58,866 TOHDEB_clean, uptake: 0.325434
2025-06-14 02:50:40,473 XOPVOO_clean, uptake: 3.500098
2025-06-14 04:06:59,621 OJUNIS_clean, uptake: 7.042672
2025-06-14 05:26:14,661 RUYGEZ_clean, uptake: 3.125961
2025-06-14 05:52:39,536 RIVDIL_clean, uptake: 0.053703
2025-06-14 05:56:32,643 RIVDEH_clean, uptake: 0.055425
2025-06-14 22:25:08,400 YEGKIG_clean, uptake: 2.449830
2025-06-15 02:45:46,844 ISENIF_clean, uptake: 2.601048
