2025-06-13 17:12:20,764 OPINIL_clean, uptake: 0.004960
2025-06-13 17:12:21,946 OMUSAS_clean, uptake: 0.021338
2025-06-13 17:13:04,058 OPENUT_clean, uptake: 0.018561
2025-06-13 17:13:34,077 OPAMOI_clean, uptake: 0.029918
2025-06-13 17:13:57,470 OPOZEZ_clean, uptake: 0.022878
2025-06-13 17:14:30,294 ONEJUN_clean, uptake: 0.003266
2025-06-13 17:14:33,283 ONEYOW_clean, uptake: 0.028428
2025-06-13 17:18:31,589 OPINIL_clean, uptake: 0.005095
2025-06-13 17:18:33,558 OMUSAS_clean, uptake: 0.021961
2025-06-13 17:19:14,305 OPENUT_clean, uptake: 0.018171
2025-06-13 17:19:48,272 OPAMOI_clean, uptake: 0.029210
2025-06-13 17:20:11,934 OPOZEZ_clean, uptake: 0.022966
2025-06-13 17:20:50,416 ONEJUN_clean, uptake: 0.003230
2025-06-13 17:20:52,191 ONEYOW_clean, uptake: 0.028371
2025-06-13 17:21:10,517 OMAMEU_clean, uptake: 0.059219
2025-06-13 17:21:14,854 OPOBIF_clean, uptake: 0.012051
2025-06-13 17:21:20,652 OMOVET_clean, uptake: 0.054922
2025-06-13 17:21:57,711 ONUKAL_clean, uptake: 0.094636
2025-06-13 17:22:31,043 ONIXOZ_clean, uptake: 0.047164
2025-06-13 17:22:44,641 OPIYAP_clean, uptake: 0.038310
2025-06-13 17:22:45,851 ORULEU_clean, uptake: 0.053703
2025-06-13 17:22:51,486 OSIWUJ_clean, uptake: 0.013436
2025-06-13 17:23:08,635 OPAGIX_clean, uptake: 0.035097
2025-06-13 17:23:18,505 om701262m-file004_clean, uptake: 0.033682
2025-06-13 17:23:22,934 OSIXEU_clean, uptake: 0.013472
2025-06-13 17:23:50,791 OPIWEQ_clean, uptake: 0.055865
2025-06-13 17:23:53,643 OTAVAH_clean, uptake: 0.017928
2025-06-13 17:23:58,758 OSAXAI_clean, uptake: 0.061057
2025-06-13 17:24:30,651 OTAVOV_clean, uptake: 0.018606
2025-06-13 17:24:34,382 OPIXUI_clean, uptake: 0.022365
2025-06-13 17:25:01,964 OPIPUZ_clean, uptake: 0.029272
2025-06-13 17:25:02,488 OTAVUB_clean, uptake: 0.017940
2025-06-13 17:25:24,320 OQUXEF_clean, uptake: 0.009418
2025-06-13 17:25:30,150 OQUXAB_clean, uptake: 0.009620
2025-06-13 17:25:30,416 OQUZIL_clean, uptake: 0.009570
2025-06-13 17:25:44,404 OTEGUR_clean, uptake: 0.065965
2025-06-13 17:25:53,702 OSIXIY_clean, uptake: 0.013307
2025-06-13 17:25:54,997 OTEHAY_clean, uptake: 0.057713
2025-06-13 17:26:09,107 ONUQOE_clean, uptake: 0.051385
2025-06-13 17:26:15,958 OSIKUX_clean_h, uptake: 0.026749
2025-06-13 17:26:16,824 OSIKIL_clean, uptake: 0.023532
2025-06-13 17:26:21,804 OTIBUQ_clean, uptake: 0.135842
2025-06-13 17:26:57,326 OTAWIR_clean, uptake: 0.061722
2025-06-13 17:27:21,037 ORUKOD_clean, uptake: 0.039705
2025-06-13 17:27:36,824 OTUYEJ_clean, uptake: 0.014428
2025-06-13 17:27:51,436 OSUVIJ_clean, uptake: 0.028548
2025-06-13 17:27:57,289 OTUDEO_clean, uptake: 0.027165
2025-06-13 17:28:15,549 OTIPEO_clean, uptake: 0.084117
2025-06-13 17:28:22,636 OVEJIJ_clean, uptake: 0.030279
2025-06-13 17:28:23,393 OTUDIS_clean, uptake: 0.027682
2025-06-13 17:28:43,475 OTIQAL_clean, uptake: 0.052913
2025-06-13 17:28:49,402 OTIPUE_clean, uptake: 0.064079
2025-06-13 17:28:53,332 OVIWIA_clean, uptake: 0.015251
2025-06-13 17:29:09,134 ORAQUU_clean, uptake: 0.048414
