2025-06-13 18:01:17,141 JAKBIJ_clean, uptake: 0.020658
2025-06-13 18:01:17,687 JAKBOP_clean, uptake: 0.021424
2025-06-13 18:01:23,978 JAKBUV_clean, uptake: 0.018981
2025-06-13 18:01:27,525 jacs.6b01663_ja6b01663_si_003_clean, uptake: 0.027358
2025-06-13 18:01:35,118 JAKBOP01_clean, uptake: 0.020740
2025-06-13 18:01:41,139 jacs.6b08724_ja6b08724_si_016_clean, uptake: 0.034171
2025-06-13 18:01:43,254 jacs.6b08724_ja6b08724_si_009_clean, uptake: 0.033871
2025-06-13 18:01:44,178 jacs.6b08724_ja6b08724_si_014_clean, uptake: 0.041306
2025-06-13 18:01:44,269 JAFPIQ_clean, uptake: 0.009603
2025-06-13 18:02:08,196 jacs.6b09113_ja6b09113_si_002_clean, uptake: 0.025208
2025-06-13 18:02:31,490 JADJOQ_clean, uptake: 0.034110
2025-06-13 18:02:44,050 jacs.6b09155_ja6b09155_si_009_clean, uptake: 0.027463
2025-06-13 18:02:56,806 JALLOA_clean, uptake: 0.011748
2025-06-13 18:03:03,325 JABMEF_clean, uptake: 0.054349
2025-06-13 18:03:05,213 JADBIC_clean, uptake: 0.031865
2025-06-13 18:03:13,820 JAVNIE_clean, uptake: 0.033405
2025-06-13 18:03:20,166 JALTUL_clean, uptake: 0.020274
2025-06-13 18:03:30,683 ja907023c_si_004_clean, uptake: 0.034832
2025-06-13 18:03:33,091 ja907023c_si_003_clean, uptake: 0.035779
2025-06-13 18:07:29,127 JAKBIJ_clean, uptake: 0.020902
2025-06-13 18:07:30,568 JAKBOP_clean, uptake: 0.021308
2025-06-13 18:07:35,851 JAKBUV_clean, uptake: 0.018866
2025-06-13 18:07:40,141 jacs.6b01663_ja6b01663_si_003_clean, uptake: 0.028408
2025-06-13 18:07:46,256 JAKBOP01_clean, uptake: 0.020016
2025-06-13 18:07:52,998 jacs.6b08724_ja6b08724_si_016_clean, uptake: 0.035020
2025-06-13 18:07:55,215 jacs.6b08724_ja6b08724_si_009_clean, uptake: 0.035242
2025-06-13 18:07:55,707 jacs.6b08724_ja6b08724_si_014_clean, uptake: 0.040991
2025-06-13 18:07:56,332 JAFPIQ_clean, uptake: 0.009766
2025-06-13 18:08:02,265 JALLOA_clean, uptake: 0.010926
2025-06-13 18:08:20,111 jacs.6b09113_ja6b09113_si_002_clean, uptake: 0.025327
2025-06-13 18:08:26,615 JALTUL_clean, uptake: 0.019508
2025-06-13 18:08:43,959 JADJOQ_clean, uptake: 0.034409
2025-06-13 18:08:55,305 jacs.6b09155_ja6b09155_si_009_clean, uptake: 0.027152
2025-06-13 18:09:12,817 JADBIC_clean, uptake: 0.031709
2025-06-13 18:09:13,811 JABMEF_clean, uptake: 0.053797
2025-06-13 18:09:17,696 JAVNIE_clean, uptake: 0.033028
2025-06-13 18:09:43,805 ja907023c_si_004_clean, uptake: 0.035058
2025-06-13 18:09:45,637 ja907023c_si_003_clean, uptake: 0.035732
2025-06-13 18:09:46,453 JASNAT_clean, uptake: 0.070980
2025-06-13 18:10:08,047 JAVWUY_clean, uptake: 0.037939
2025-06-13 18:11:21,760 jacs.6b02030_ja6b02030_si_003_clean, uptake: 0.031520
2025-06-13 18:11:22,892 JOKYAJ_clean, uptake: 0.007769
2025-06-13 18:11:30,237 JAVTEG_clean, uptake: 0.198800
2025-06-13 18:11:32,896 jacs.6b02030_ja6b02030_si_002_clean, uptake: 0.021837
2025-06-13 18:11:45,340 JOKYEN_clean, uptake: 0.007608
2025-06-13 18:12:12,264 JEBCOJ_clean, uptake: 0.017459
2025-06-13 18:12:27,952 JALLEQ_clean, uptake: 0.010541
2025-06-13 18:12:31,778 JAVSUV_clean, uptake: 0.359506
2025-06-13 18:12:33,701 JOCWIJ_clean, uptake: 0.016450
2025-06-13 18:12:37,175 jacs.5b12516_ja5b12516_si_002_clean, uptake: 0.010101
2025-06-13 18:12:38,255 jacs.5b12516_ja5b12516_si_004_clean, uptake: 0.010081
2025-06-13 18:12:38,342 JOKXEM_clean, uptake: 0.007507
2025-06-13 18:12:38,733 JOKXEM10_clean, uptake: 0.007655
2025-06-13 18:12:44,895 JOFGOC_clean, uptake: 0.022195
2025-06-13 18:12:48,427 jacs.5b12516_ja5b12516_si_003_clean, uptake: 0.009969
2025-06-13 18:12:48,909 jacs.5b13491_ja5b13491_si_002_clean, uptake: 0.043260
2025-06-13 18:12:50,759 JOKXUC_clean, uptake: 0.007204
2025-06-13 18:12:56,445 JOKXUC10_clean, uptake: 0.007729
2025-06-13 18:12:56,718 JOKYIR10_clean, uptake: 0.007467
2025-06-13 18:12:58,582 JOKYIR_clean, uptake: 0.007591
2025-06-13 18:13:05,783 JOKYOX10_clean, uptake: 0.007166
2025-06-13 18:13:09,682 JOKYOX_clean, uptake: 0.007636
2025-06-13 18:13:31,510 JALCAD_clean, uptake: 0.074344
2025-06-13 18:13:45,443 j.jssc.2015.05.012_mmc6_clean, uptake: 0.037753
2025-06-13 18:13:48,914 j.inoche.2015.03.028_inc05925-mmc2_clean, uptake: 0.065663
2025-06-13 18:13:52,295 JILXOS_clean, uptake: 0.030260
2025-06-13 18:14:13,075 JOFKIA01_clean, uptake: 0.016254
2025-06-13 18:14:31,155 JOYKUF_clean, uptake: 0.025256
2025-06-13 18:14:45,066 JOWFOQ_clean, uptake: 0.012652
2025-06-13 18:14:45,741 JOQZUM_clean, uptake: 0.008472
2025-06-13 18:14:45,989 JORBAV_clean, uptake: 0.007140
2025-06-13 18:14:58,177 JIVHIG_clean, uptake: 0.031033
2025-06-13 18:15:00,155 jacs.6b06759_ja6b06759_si_004_clean, uptake: 0.025570
2025-06-13 18:15:02,001 jacs.6b06759_ja6b06759_si_003_clean, uptake: 0.021525
2025-06-13 18:15:06,301 JUCXEK_clean, uptake: 0.005225
2025-06-13 18:15:21,212 jp102463p_si_002_clean, uptake: 0.034165
2025-06-13 18:15:28,620 JOQSOZ_clean, uptake: 0.022479
2025-06-13 18:15:29,894 jp102463p_si_004_clean, uptake: 0.037870
2025-06-13 18:15:39,791 j.jssc.2014.11.015_mmc2_clean, uptake: 0.091404
2025-06-13 18:15:51,105 JOVYAW_clean, uptake: 0.054979
2025-06-13 18:15:52,012 jp2064408_si_002_clean, uptake: 0.051196
2025-06-13 18:15:58,096 JOSNAG_clean, uptake: 0.018208
2025-06-13 18:16:01,600 JOSNAG01_clean, uptake: 0.018383
2025-06-13 18:16:09,069 JENKIX_SL, uptake: 0.027362
2025-06-13 18:16:17,799 JORRAL_clean, uptake: 0.055429
2025-06-13 18:16:30,731 JUMCOL_clean, uptake: 0.035976
2025-06-13 18:16:43,662 JUCGUL_clean, uptake: 0.059553
2025-06-13 18:16:45,673 JUFREJ_clean, uptake: 0.005603
2025-06-13 18:16:49,734 JUTCUW_SL, uptake: 0.012112
2025-06-13 18:16:51,430 JOVXEZ_clean, uptake: 0.034151
2025-06-13 18:16:53,373 JOXPIX_clean, uptake: 0.007408
2025-06-13 18:17:01,806 JUGQIN_clean, uptake: 0.025705
2025-06-13 18:17:09,337 JUGQOT_clean, uptake: 0.025949
2025-06-13 18:17:18,175 JORVET_clean, uptake: 0.048148
2025-06-13 18:17:32,969 JITPOS_SL, uptake: 0.020217
2025-06-13 18:17:43,651 JUMCUR_clean, uptake: 0.036470
2025-06-13 18:17:52,912 JUMDAY_clean, uptake: 0.040735
2025-06-13 18:18:02,906 JUMDEC_clean, uptake: 0.037900
2025-06-13 18:18:09,933 JOLYEQ_clean, uptake: 0.007985
2025-06-13 18:18:24,606 JUYJIY_clean, uptake: 0.033911
2025-06-13 18:18:27,978 jacs.6b01345_ja6b01345_si_001_clean, uptake: 0.086357
2025-06-13 18:18:39,172 JUJTAL_clean, uptake: 0.068894
2025-06-13 18:18:52,703 JADMAF_clean, uptake: 0.023325
2025-06-13 18:18:54,462 JORSEQ_clean, uptake: 0.068979
2025-06-13 18:19:00,217 JUNBUR_clean, uptake: 0.036766
2025-06-13 18:19:16,379 JUQVAU_clean, uptake: 0.033594
2025-06-13 18:19:28,761 JUXFAL_clean, uptake: 0.024242
2025-06-13 18:19:32,138 KABXAO_clean, uptake: 0.003590
2025-06-13 18:19:46,552 JUNBOL_clean, uptake: 0.024283
2025-06-13 18:19:59,375 JUVROJ_clean, uptake: 0.044038
2025-06-13 18:20:04,987 KAHNOX_clean, uptake: 0.006833
2025-06-13 18:20:15,424 KABNIL_clean, uptake: 0.048059
2025-06-13 18:20:20,476 jz4002345_si_002_clean, uptake: 0.031578
2025-06-13 18:20:21,790 JUTCIM_clean, uptake: 0.047410
2025-06-13 18:20:27,660 jz4002345_si_003_clean, uptake: 0.032683
2025-06-13 18:20:29,288 jacs.6b06759_ja6b06759_si_002_clean, uptake: 0.031268
2025-06-13 18:20:32,613 jz4002345_si_004_clean, uptake: 0.032533
2025-06-13 18:20:40,603 JURKIS_clean, uptake: 0.016332
2025-06-13 18:20:42,729 KAGWEW_clean, uptake: 0.008025
2025-06-13 18:20:43,373 jz4002345_si_006_clean, uptake: 0.023185
2025-06-13 18:20:56,324 jz4002345_si_005_clean, uptake: 0.043640
2025-06-13 18:20:59,664 JUKNUA_clean, uptake: 0.002558
2025-06-13 18:21:06,046 KAHPUE_clean, uptake: 0.018611
2025-06-13 18:21:16,852 JUXFOZ_clean, uptake: 0.048127
2025-06-13 18:21:20,792 KAHYID_clean, uptake: 0.015271
2025-06-13 18:21:24,562 JORLEJ_clean, uptake: 0.031492
2025-06-13 18:21:25,794 KADLOT_clean, uptake: 0.030545
2025-06-13 18:21:26,866 KABXES_clean, uptake: 0.040141
2025-06-13 18:21:34,097 KABXIW_clean, uptake: 0.039443
2025-06-13 18:21:34,987 KAHYOJ_clean, uptake: 0.014744
2025-06-13 18:21:39,949 KAHYUP_clean, uptake: 0.014473
2025-06-13 18:21:40,888 JUYROM_clean, uptake: 0.054567
2025-06-13 18:21:47,755 KABXOC_clean, uptake: 0.040479
2025-06-13 18:21:50,690 KAHYEY_clean, uptake: 0.015982
2025-06-13 18:22:02,681 KAGVUL_clean, uptake: 0.012568
2025-06-13 18:22:15,288 KAGCAY_charged, uptake: 0.019970
2025-06-13 18:22:57,616 JUSKAL_clean, uptake: 0.015339
2025-06-13 18:23:04,813 KADLUZ_clean, uptake: 0.033921
2025-06-13 18:24:12,658 KAJZIH_clean, uptake: 0.016940
2025-06-13 18:24:14,986 KAKCEH01_clean, uptake: 0.023413
2025-06-13 18:24:25,028 KAKCAD_clean, uptake: 0.035394
2025-06-13 18:24:25,060 KAKCEH_clean, uptake: 0.023132
2025-06-13 18:24:29,616 KALGAH_clean, uptake: 0.058725
2025-06-13 18:24:30,426 KAKCEH02_clean, uptake: 0.022442
2025-06-13 18:24:35,188 KALFOU_clean, uptake: 0.060909
2025-06-13 18:24:35,695 JUSBAC_clean, uptake: 0.038586
2025-06-13 18:24:36,602 KALGEL_clean, uptake: 0.054295
2025-06-13 18:24:57,609 KANDIO_clean, uptake: 0.053298
2025-06-13 18:25:21,065 KATDAM_clean, uptake: 0.004654
2025-06-13 18:25:22,673 KAVKIC_clean, uptake: 0.016169
2025-06-13 18:25:22,940 jp209895d_si_002_clean, uptake: 0.071129
2025-06-13 18:25:30,403 KARNID_clean, uptake: 0.044873
2025-06-13 18:25:32,610 KANMIX_clean, uptake: 0.042689
2025-06-13 18:25:32,666 KARTAA_clean, uptake: 0.022793
2025-06-13 18:25:45,205 KARNAU_clean, uptake: 0.039351
2025-06-13 18:25:58,723 KAVGAQ_clean, uptake: 0.063020
2025-06-13 18:26:04,323 KECRAL10_clean, uptake: 0.009818
2025-06-13 18:26:07,269 KACZEV_clean, uptake: 0.048862
2025-06-13 18:26:14,467 jacs.6b04608_ja6b04608_si_003_clean, uptake: 0.024779
2025-06-13 18:26:14,590 KALFEK_clean, uptake: 0.056735
2025-06-13 18:26:14,912 KAKBUW_clean, uptake: 0.034074
2025-06-13 18:26:14,947 KASRED_clean, uptake: 0.040616
2025-06-13 18:26:15,979 KECRAL12_clean, uptake: 0.009969
2025-06-13 18:26:22,131 KASRAZ_clean, uptake: 0.044008
2025-06-13 18:26:22,645 KECRAL_clean, uptake: 0.009966
2025-06-13 18:26:36,976 KACZIZ_clean, uptake: 0.050622
2025-06-13 18:26:40,120 KAVJAT_charged, uptake: 0.015784
2025-06-13 18:26:50,630 KAVJEX01_clean, uptake: 0.014528
2025-06-13 18:27:05,058 KEDJAG01_clean, uptake: 0.019450
2025-06-13 18:27:06,380 KEDJAG02_clean, uptake: 0.019670
2025-06-13 18:27:09,721 KAHMOW_clean, uptake: 0.076274
2025-06-13 18:27:10,353 KECRAL11_clean, uptake: 0.020474
2025-06-13 18:27:17,265 KEDJAG03_clean, uptake: 0.019590
2025-06-13 18:27:29,074 KEDJAG04_clean, uptake: 0.019436
2025-06-13 18:27:36,796 KAWHEY_clean, uptake: 0.027190
2025-06-13 18:27:37,280 KEDJAG06_clean, uptake: 0.019190
2025-06-13 18:27:38,662 KEDJAG08_clean, uptake: 0.019410
2025-06-13 18:27:47,118 KEDJAG12_clean, uptake: 0.019194
2025-06-13 18:27:47,926 KEDJAG14_clean, uptake: 0.019204
2025-06-13 18:27:48,045 KEDJAG10_clean, uptake: 0.019098
2025-06-13 18:27:48,106 KEDJAG16_clean, uptake: 0.019803
2025-06-13 18:27:50,936 KEDJAG18_clean, uptake: 0.019448
2025-06-13 18:27:52,818 KARLUM_clean, uptake: 0.032420
2025-06-13 18:27:55,132 KEDJAG20_clean, uptake: 0.019937
2025-06-13 18:27:56,325 KEDJAG22_clean, uptake: 0.020025
2025-06-13 18:27:58,371 KAYBUJ_clean, uptake: 0.068299
2025-06-13 18:28:00,580 KAYBIX_clean, uptake: 0.074651
2025-06-13 18:28:04,519 KEBFII_clean, uptake: 0.017445
2025-06-13 18:28:09,502 KEDJAG24_clean, uptake: 0.019686
2025-06-13 18:28:13,065 KEDJAG26_clean, uptake: 0.020017
2025-06-13 18:28:14,436 KEFBEE_clean, uptake: 0.035781
2025-06-13 18:28:20,061 KAVNIH_clean, uptake: 0.031101
2025-06-13 18:28:22,507 KAWBOB_clean, uptake: 0.026168
2025-06-13 18:28:23,779 KEDJAG28_clean, uptake: 0.019849
2025-06-13 18:28:25,089 KAVTUY_clean, uptake: 0.014173
2025-06-13 18:28:35,223 KEFBOO_clean, uptake: 0.035625
2025-06-13 18:28:36,164 KEDJAG_clean, uptake: 0.019260
2025-06-13 18:28:42,683 KAVTEI_clean, uptake: 0.037558
2025-06-13 18:28:51,271 KEFBII_clean, uptake: 0.044096
2025-06-13 18:28:52,910 JUJMOS_clean, uptake: 0.038301
2025-06-13 18:29:03,121 KEGZOL01_clean, uptake: 0.018125
2025-06-13 18:29:05,754 KEGZOL02_clean, uptake: 0.017950
2025-06-13 18:29:06,412 KEGZOL03_clean, uptake: 0.018324
2025-06-13 18:29:07,390 KEGZOL04_clean, uptake: 0.018578
2025-06-13 18:29:09,965 KEGZOL_clean, uptake: 0.018832
2025-06-13 18:29:11,818 KAYCIY_clean, uptake: 0.045601
2025-06-13 18:30:00,590 KEPPIF_clean, uptake: 0.020091
2025-06-13 18:30:01,625 KEGYAX_clean, uptake: 0.009395
2025-06-13 18:30:03,048 KEDNOY_clean, uptake: 0.104757
2025-06-13 18:30:10,755 KEVWUF_clean, uptake: 0.015411
2025-06-13 18:30:24,550 KEBDIG_charged, uptake: 0.073804
2025-06-13 18:30:43,775 KEFWID_clean, uptake: 0.027403
2025-06-13 18:31:01,098 KEHGAH_charged, uptake: 0.031500
2025-06-13 18:31:22,061 KEQDER_clean, uptake: 0.041308
2025-06-13 18:31:23,175 KEYYET_clean, uptake: 0.004228
2025-06-13 18:31:31,541 KEFWEZ_charged, uptake: 0.040537
2025-06-13 18:31:39,191 KESGAS_clean, uptake: 0.038244
2025-06-13 18:31:43,769 KEXFIC10_clean, uptake: 0.006967
2025-06-13 18:31:49,853 KEWNUX_clean, uptake: 0.006614
2025-06-13 18:31:53,530 KEFWAV_clean, uptake: 0.032357
2025-06-13 18:32:22,855 KEYMUY_clean, uptake: 0.043963
2025-06-13 18:32:27,325 KESHAT_clean, uptake: 0.013997
2025-06-13 18:32:31,861 KEXFIC_clean, uptake: 0.006926
2025-06-13 18:32:37,058 KEJHIQ_clean_h, uptake: 0.082141
2025-06-13 18:32:37,371 KEDQAN_clean, uptake: 0.040618
2025-06-13 18:32:37,609 KEXFAU_clean, uptake: 0.043616
2025-06-13 18:32:38,763 KEJBOQ_clean_h, uptake: 0.088237
2025-06-13 18:32:39,503 KEYROX_clean, uptake: 0.017319
2025-06-13 18:32:43,716 KEWZET_clean, uptake: 0.034138
2025-06-13 18:33:08,879 KETHEY02_clean, uptake: 0.064785
2025-06-13 18:33:19,551 KEVVIS_clean, uptake: 0.023920
2025-06-13 18:33:23,566 KIDVIE_clean, uptake: 0.014728
2025-06-13 18:33:30,362 KAXQIL_clean, uptake: 0.117420
2025-06-13 18:33:33,092 KETHEY01_clean, uptake: 0.064208
2025-06-13 18:33:35,320 KETHEY_clean, uptake: 0.063707
2025-06-13 18:33:53,362 KEHGIP_clean, uptake: 0.078448
2025-06-13 18:34:02,379 KICXAX_clean, uptake: 0.002834
2025-06-13 18:34:03,586 KICXEB_clean, uptake: 0.002973
2025-06-13 18:34:31,620 KIGCEK_clean, uptake: 0.016262
2025-06-13 18:34:48,079 KESBUG_clean, uptake: 0.029455
2025-06-13 18:35:05,471 KESBOA_clean, uptake: 0.031951
2025-06-13 18:35:25,144 KINNIG_clean, uptake: 0.052206
2025-06-13 18:35:30,319 KINFAQ_clean, uptake: 0.033638
2025-06-13 18:35:40,042 KEHFUA_clean, uptake: 0.037342
2025-06-13 18:35:40,143 KIJPUQ_clean, uptake: 0.041905
2025-06-13 18:35:40,255 KIBDEF_clean, uptake: 0.030612
2025-06-13 18:35:42,251 KIFWUT_clean, uptake: 0.018768
2025-06-13 18:35:51,259 KIFJIT_charged, uptake: 0.024905
2025-06-13 18:35:56,854 KIBDIJ_clean, uptake: 0.029964
2025-06-13 18:35:59,520 KINDOC_clean, uptake: 0.037544
2025-06-13 18:36:07,104 KIDDIM_clean, uptake: 0.050898
2025-06-13 18:36:13,352 KIRFIA_clean, uptake: 0.019361
2025-06-13 18:36:27,840 KESBIU_charged, uptake: 0.032023
2025-06-13 18:36:38,260 KIJRUS_clean, uptake: 0.048808
2025-06-13 18:36:56,856 KISVEO_clean, uptake: 0.010454
2025-06-13 18:37:03,010 KIPJIE_clean, uptake: 0.014094
2025-06-13 18:37:04,355 KIKFIV_clean, uptake: 0.029149
2025-06-13 18:37:05,908 KINFEU_clean, uptake: 0.037391
2025-06-13 18:37:15,216 KIFKEQ_clean, uptake: 0.073954
2025-06-13 18:37:24,934 KIPJOK_clean, uptake: 0.014744
2025-06-13 18:37:49,645 KIVDUQ_clean, uptake: 0.016518
2025-06-13 18:37:50,690 KIVFEC_clean, uptake: 0.015881
2025-06-13 18:37:51,246 KIVFAY_clean, uptake: 0.016366
2025-06-13 18:37:51,326 KINPUU_clean, uptake: 0.024963
2025-06-13 18:37:58,433 KINQAB_clean, uptake: 0.025004
2025-06-13 18:38:00,670 KIPJUQ_clean, uptake: 0.005328
2025-06-13 18:38:01,738 KENJEU_clean, uptake: 0.021936
2025-06-13 18:38:24,854 KITVEQ_clean, uptake: 0.029213
2025-06-13 18:38:30,282 KIPKAX_clean, uptake: 0.007035
2025-06-13 18:38:51,427 KIPKEB_clean, uptake: 0.007159
2025-06-13 18:38:56,692 KIDDOS_clean, uptake: 0.074506
2025-06-13 18:38:59,887 KOCCUC_clean, uptake: 0.024373
2025-06-13 18:39:03,665 KEWBUL_clean, uptake: 0.024832
2025-06-13 18:39:04,263 KIRTUC_clean, uptake: 0.143693
2025-06-13 18:39:13,029 KOBFIR_clean, uptake: 0.039534
2025-06-13 18:39:41,711 KIYMIQ_clean, uptake: 0.046893
2025-06-13 18:39:47,244 KIYTOD_clean, uptake: 0.031640
2025-06-13 18:39:48,248 KIYXUN_clean, uptake: 0.010592
2025-06-13 18:39:54,513 KIPZEQ_clean, uptake: 0.045049
2025-06-13 18:40:08,067 KOGYIP_clean, uptake: 0.013858
2025-06-13 18:40:12,708 KIYQEQ_clean, uptake: 0.054819
2025-06-13 18:40:33,280 KOHDIW_clean, uptake: 0.040012
2025-06-13 18:40:41,486 KIYQIU_clean, uptake: 0.061460
2025-06-13 18:40:51,600 KIYQOA_clean, uptake: 0.069763
2025-06-13 18:41:19,803 KINROQ_clean, uptake: 0.008824
2025-06-13 18:41:19,876 KEYFUR_clean, uptake: 0.008805
2025-06-13 18:41:25,260 KINRIK_clean, uptake: 0.008728
2025-06-13 18:41:37,538 KOFPEB01_clean, uptake: 0.016741
2025-06-13 18:41:47,243 KOFPEB02_clean, uptake: 0.017095
2025-06-13 18:41:49,523 KOJTOU_clean, uptake: 0.033588
2025-06-13 18:42:07,203 KOCWEF_clean, uptake: 0.031720
2025-06-13 18:42:08,750 KOFPEB03_clean, uptake: 0.016911
2025-06-13 18:42:10,903 KOJZEP_manual, uptake: 0.034911
2025-06-13 18:42:15,548 KOFPEB_clean, uptake: 0.016581
2025-06-13 18:42:21,617 KOFPEB04_clean, uptake: 0.018504
2025-06-13 18:42:23,356 KOMGUP_clean, uptake: 0.046713
2025-06-13 18:42:33,196 KOJZIT_clean, uptake: 0.038465
2025-06-13 18:42:40,615 KOKKOL_clean, uptake: 0.059341
2025-06-13 18:42:44,443 KOMVIT_clean, uptake: 0.017381
2025-06-13 18:42:45,122 KOBRAV_clean, uptake: 0.020993
2025-06-13 18:42:55,456 KOBRAV01_clean, uptake: 0.020363
2025-06-13 18:43:00,284 KOSJAF_clean, uptake: 0.022027
2025-06-13 18:43:03,186 KONYOB_clean, uptake: 0.010382
2025-06-13 18:43:10,579 KONCIA_clean, uptake: 0.029717
2025-06-13 18:43:27,394 KOSJIN_clean, uptake: 0.021915
2025-06-13 18:43:28,980 KOSJEJ_clean, uptake: 0.022280
2025-06-13 18:43:34,059 KOSJOT_clean, uptake: 0.021977
2025-06-13 18:43:37,807 KOQLUZ_clean, uptake: 0.004629
2025-06-13 18:43:41,666 KORNAI_clean, uptake: 0.021495
2025-06-13 18:43:48,242 KOSJUZ_clean, uptake: 0.022374
2025-06-13 18:43:50,080 KAVJEX_clean, uptake: 0.017011
2025-06-13 18:43:58,317 KOSKEK_clean, uptake: 0.022048
2025-06-13 18:43:59,166 KOSKAG_clean, uptake: 0.022424
2025-06-13 18:44:00,862 KIKDAL_clean, uptake: 0.013508
2025-06-13 18:44:02,345 KOFVOS_clean, uptake: 0.047036
2025-06-13 18:44:11,829 KOSKIO01_clean, uptake: 0.020707
2025-06-13 18:44:14,899 KOMCOG_clean, uptake: 0.028809
2025-06-13 18:44:18,438 KOSKIO_clean, uptake: 0.021407
2025-06-13 18:44:20,691 KOSKUA_clean, uptake: 0.022948
2025-06-13 18:44:28,009 KOSLAH_clean, uptake: 0.022041
2025-06-13 18:44:30,512 KOSLEL_clean, uptake: 0.022473
2025-06-13 18:44:32,501 KOSLIP_clean, uptake: 0.022334
2025-06-13 18:44:43,977 KOSLOV_clean, uptake: 0.022808
2025-06-13 18:44:50,493 KOSLUB_clean, uptake: 0.022623
2025-06-13 18:44:53,342 KOSMAI_clean, uptake: 0.021705
2025-06-13 18:45:23,966 KOZNIY_clean, uptake: 0.027352
2025-06-13 18:45:44,224 KOVJAI_clean, uptake: 0.025528
2025-06-13 18:45:51,909 KOTSIX_clean, uptake: 0.015925
2025-06-13 18:45:53,850 KUFBEU_clean, uptake: 0.010806
2025-06-13 18:45:55,259 KOZSOJ_clean, uptake: 0.003732
2025-06-13 18:46:16,471 KOMDAT_clean, uptake: 0.024265
2025-06-13 18:46:21,168 KOZSID_clean, uptake: 0.003858
2025-06-13 18:46:27,719 KOHKIC_clean, uptake: 0.033429
2025-06-13 18:46:50,262 KUFVAK_clean, uptake: 0.040963
2025-06-13 18:46:52,191 KUJMEJ_clean, uptake: 0.037798
2025-06-13 18:46:59,682 KOHKOI_clean, uptake: 0.034038
2025-06-13 18:47:18,835 KOVJAI01_clean, uptake: 0.026352
2025-06-13 18:47:19,190 KONSAJ_clean, uptake: 0.009579
2025-06-13 18:47:22,410 KUCDOD_clean, uptake: 0.043100
2025-06-13 18:47:25,643 KOXFUA_clean, uptake: 0.032267
2025-06-13 18:47:25,699 KOJZUF_clean, uptake: 0.033414
2025-06-13 18:47:33,054 KUGZIW_clean, uptake: 0.028312
2025-06-13 18:47:45,980 KUJMIN_clean, uptake: 0.032389
2025-06-13 18:47:51,579 KUHNEI_clean, uptake: 0.060340
2025-06-13 18:48:03,052 KOHLIE_clean, uptake: 0.036685
2025-06-13 18:48:34,103 KUDLUR_clean, uptake: 0.017237
2025-06-13 18:48:39,972 KUDMAY_clean, uptake: 0.017335
2025-06-13 18:48:59,053 KOXGIP_clean, uptake: 0.027514
2025-06-13 18:49:09,174 KUMGOQ_clean, uptake: 0.010269
2025-06-13 18:49:15,026 KUSZED_clean, uptake: 0.010720
2025-06-13 18:49:33,909 KULMEK_clean, uptake: 0.025528
2025-06-13 18:50:01,867 KUFTAI_clean, uptake: 0.058313
2025-06-13 18:50:42,930 KUNWEW_clean, uptake: 0.018446
2025-06-13 18:50:47,631 KULRIT_clean, uptake: 0.033839
2025-06-13 18:50:55,043 KUVJIW_clean, uptake: 0.019645
2025-06-13 18:51:04,587 KUQXIE_clean, uptake: 0.026912
2025-06-13 18:51:15,923 KUDWAJ_clean, uptake: 0.027989
2025-06-13 18:51:24,195 KUBQAA_charged, uptake: 0.035073
2025-06-13 18:51:26,486 KULLEK_clean, uptake: 0.019991
2025-06-13 18:51:29,389 KUVYAD_clean, uptake: 0.032106
2025-06-13 18:51:34,240 KUJNEJ_clean, uptake: 0.033824
2025-06-13 18:51:38,388 KOZQEX_clean, uptake: 0.030955
2025-06-13 18:51:38,703 KULLAG_clean, uptake: 0.026877
2025-06-13 18:51:44,347 KOYRAT_charged, uptake: 0.047113
2025-06-13 18:51:58,172 KUVMIZ_clean, uptake: 0.029439
2025-06-13 18:52:08,516 KUKMUA_clean, uptake: 0.034382
2025-06-13 18:52:18,047 KUNMUD_clean, uptake: 0.054951
2025-06-13 18:52:19,296 KUXREC_clean, uptake: 0.032063
2025-06-13 18:52:23,339 KUXLUL_clean, uptake: 0.039430
2025-06-13 18:52:54,379 KUKPOX_clean, uptake: 0.034520
2025-06-13 18:52:57,712 KUJPAH_clean, uptake: 0.031756
2025-06-13 18:53:28,923 LABJUV_clean, uptake: 0.006274
2025-06-13 18:53:54,359 LABNAG_clean, uptake: 0.015028
2025-06-13 18:53:58,135 KUQWIE_clean, uptake: 0.023403
2025-06-13 18:54:03,577 LABNIO_clean, uptake: 0.016854
2025-06-13 18:54:17,517 KUYPIF_clean, uptake: 0.121360
2025-06-13 18:54:20,080 KOXGAH_clean, uptake: 0.033900
2025-06-13 18:54:28,744 LACZEX_clean, uptake: 0.035387
2025-06-13 18:54:42,349 KUVMUL_clean, uptake: 0.028895
2025-06-13 18:55:00,939 LACQIS_clean, uptake: 0.031732
2025-06-13 18:55:20,393 KUZZAI_clean, uptake: 0.048100
2025-06-13 18:55:31,021 KUJNOT_clean, uptake: 0.034219
2025-06-13 18:55:37,401 LACGED_clean, uptake: 0.048419
2025-06-13 18:55:57,018 KUZPEC_clean, uptake: 0.033889
2025-06-13 18:56:17,428 KUTDAG_clean, uptake: 0.036814
2025-06-13 18:56:33,700 KUJNUZ_clean, uptake: 0.035778
2025-06-13 18:56:52,676 KUMGIK_clean, uptake: 0.068516
2025-06-13 18:57:09,720 LABPUB_clean, uptake: 0.004788
2025-06-13 18:57:12,106 LADHEF_clean, uptake: 0.035027
2025-06-13 18:57:19,274 LABPOV_clean, uptake: 0.005053
2025-06-13 18:57:25,342 LACBID_clean, uptake: 0.026542
2025-06-13 18:57:27,481 LABQAI_clean, uptake: 0.004909
2025-06-13 18:57:35,715 LADHIJ_clean, uptake: 0.044526
2025-06-13 18:57:50,706 KUJTUG_clean, uptake: 0.036026
2025-06-13 18:57:51,017 LABRUE_clean, uptake: 0.034651
2025-06-13 18:58:27,482 KUTRUO_clean, uptake: 0.018504
2025-06-13 18:58:36,872 LADKEJ_clean, uptake: 0.038233
2025-06-13 18:59:26,621 LAGNAK_clean, uptake: 0.040223
2025-06-13 18:59:34,435 LAGMUD_clean, uptake: 0.056319
2025-06-13 18:59:40,545 LACNUB_clean, uptake: 0.042398
2025-06-13 18:59:55,398 KULZEY_clean, uptake: 0.026876
2025-06-13 19:00:01,902 LAGBUS_clean, uptake: 0.023087
2025-06-13 19:00:20,820 LADQIT_clean, uptake: 0.037142
2025-06-13 19:00:24,574 LAGNEO_clean, uptake: 0.045323
2025-06-13 19:00:27,452 LAGDII_ion_b, uptake: 0.012488
2025-06-13 19:00:32,998 LADQEP_clean, uptake: 0.037975
2025-06-13 19:00:32,999 LAGNIS_clean, uptake: 0.044654
2025-06-13 19:00:34,880 LADQUF_clean, uptake: 0.036914
2025-06-13 19:00:37,682 LAGPAM_clean, uptake: 0.048969
2025-06-13 19:00:42,403 LAGQER_clean, uptake: 0.039628
2025-06-13 19:00:44,478 LAGTIY_clean, uptake: 0.017871
2025-06-13 19:00:47,204 la304204k_si_003_clean, uptake: 0.039169
2025-06-13 19:00:55,942 LADQOZ_clean, uptake: 0.037540
2025-06-13 19:01:01,165 LAGNOY_clean, uptake: 0.052270
2025-06-13 19:01:04,708 LAGNUE_clean, uptake: 0.059795
2025-06-13 19:01:26,931 KUNSUJ_clean, uptake: 0.037438
2025-06-13 19:01:32,260 LAFFEG02_clean, uptake: 0.042205
2025-06-13 19:01:32,710 LAGVOG_clean, uptake: 0.027001
2025-06-13 19:01:33,046 LAGQOB_clean, uptake: 0.039608
2025-06-13 19:01:33,262 LAJTIC_clean, uptake: 0.001754
2025-06-13 19:01:39,176 LAFFEG_clean, uptake: 0.042749
2025-06-13 19:02:05,660 LAGHIL_clean, uptake: 0.079713
2025-06-13 19:02:08,291 LALFEL_clean, uptake: 0.019377
2025-06-13 19:02:34,074 LAMFIO_clean, uptake: 0.005903
2025-06-13 19:02:40,505 LAGWUN_clean, uptake: 0.025043
2025-06-13 19:02:57,438 LAMFOU_clean, uptake: 0.007499
2025-06-13 19:03:03,644 LAMHAI_clean, uptake: 0.007240
2025-06-13 19:03:31,145 LALFUB_clean, uptake: 0.024618
2025-06-13 19:03:51,425 LAMGUB_clean, uptake: 0.007143
2025-06-13 19:03:56,708 LAMFEK_clean, uptake: 0.007161
2025-06-13 19:03:58,744 LAJJAK_clean, uptake: 0.050355
2025-06-13 19:04:04,973 LAQNID_clean, uptake: 0.046690
2025-06-13 19:04:32,724 la4012839_si_002_auto, uptake: 0.046848
2025-06-13 19:04:32,774 LARNIE_clean, uptake: 0.041070
2025-06-13 19:04:33,326 LASRAB_clean, uptake: 0.011774
2025-06-13 19:04:47,645 KUKZOH_clean, uptake: 0.046212
2025-06-13 19:04:51,571 LAGWEX_clean_h, uptake: 0.031337
2025-06-13 19:05:03,236 LASRIJ_clean, uptake: 0.013544
2025-06-13 19:05:04,124 LASREF_clean, uptake: 0.013231
2025-06-13 19:05:28,575 LAQZOV_clean, uptake: 0.029862
2025-06-13 19:05:47,760 LARVIM_clean, uptake: 0.023946
2025-06-13 19:05:49,495 LAHTUM_clean, uptake: 0.042877
2025-06-13 19:05:49,907 KUCDES_clean, uptake: 0.026487
2025-06-13 19:05:50,233 LARXUA_clean, uptake: 0.031397
2025-06-13 19:05:50,592 LATCEO_clean, uptake: 0.012116
2025-06-13 19:05:52,917 LAVCUJ_clean, uptake: 0.002719
2025-06-13 19:06:22,201 KUCDIW_clean, uptake: 0.021856
2025-06-13 19:06:49,203 LAPZIO_clean, uptake: 0.060215
2025-06-13 19:06:54,346 LAHVAU_clean, uptake: 0.040011
2025-06-13 19:06:57,297 LARPOL_charged, uptake: 0.026517
2025-06-13 19:07:07,677 LAVCOD_clean, uptake: 0.041382
2025-06-13 19:07:13,317 LASWEJ_clean, uptake: 0.049542
2025-06-13 19:07:13,835 LARPEC_clean, uptake: 0.040706
2025-06-13 19:07:26,565 LAVSUY_clean, uptake: 0.044014
2025-06-13 19:07:28,999 LATPIG_clean, uptake: 0.024162
2025-06-13 19:07:37,017 LAVTIN_clean, uptake: 0.032497
2025-06-13 19:07:38,151 LAVZUG_clean, uptake: 0.014246
2025-06-13 19:07:40,556 LAVTAF_clean, uptake: 0.032254
2025-06-13 19:07:42,324 LAVTEJ_clean, uptake: 0.031750
2025-06-13 19:07:42,638 LATYOX_clean, uptake: 0.022052
2025-06-13 19:07:45,517 LAVTOT_clean, uptake: 0.032586
2025-06-13 19:07:50,025 LAVTUZ_clean, uptake: 0.040079
2025-06-13 19:08:04,054 LAVZOA_clean, uptake: 0.019634
2025-06-13 19:08:11,740 LAWGEW_clean, uptake: 0.024453
2025-06-13 19:08:12,493 LAWGIA_clean, uptake: 0.024189
2025-06-13 19:08:25,170 LAWGOG_clean, uptake: 0.023909
2025-06-13 19:08:25,473 LAKFIN_clean, uptake: 0.023622
2025-06-13 19:08:27,429 LAWGUM_clean, uptake: 0.023613
2025-06-13 19:08:35,927 LAPLEW01_clean, uptake: 0.120971
2025-06-13 19:08:37,992 LASWIN_clean, uptake: 0.086456
2025-06-13 19:08:38,406 LAVDOE_clean, uptake: 0.032442
2025-06-13 19:09:03,690 LASYOU_clean, uptake: 0.042452
2025-06-13 19:09:28,498 LECGIL_clean, uptake: 0.013190
2025-06-13 19:10:11,524 LAZXOB_clean, uptake: 0.027379
2025-06-13 19:10:11,808 LAZJIH_clean, uptake: 0.067551
2025-06-13 19:10:12,053 LAZGOK_manual, uptake: 0.009390
2025-06-13 19:10:34,364 LASMAV_neutral, uptake: 0.035913
2025-06-13 19:10:59,481 LAHYOL_clean, uptake: 0.065108
2025-06-13 19:11:13,340 LASDEQ_clean, uptake: 0.037789
2025-06-13 19:11:34,789 LEJBUX_clean, uptake: 0.010916
2025-06-13 19:11:55,846 LAWFUN_clean, uptake: 0.049035
2025-06-13 19:12:02,964 LAWHOJ_clean, uptake: 0.023423
2025-06-13 19:12:03,563 LEJCAE_clean, uptake: 0.012539
2025-06-13 19:12:12,539 LAWHUP_clean, uptake: 0.023903
2025-06-13 19:12:20,420 LEHXUT_clean, uptake: 0.034345
2025-06-13 19:12:43,678 LEDLEN_clean, uptake: 0.028858
2025-06-13 19:12:50,436 LAWFOF_clean, uptake: 0.023382
2025-06-13 19:12:59,096 LAWFUL_clean, uptake: 0.023627
2025-06-13 19:13:03,106 LECFAC_clean, uptake: 0.043367
2025-06-13 19:13:05,715 LECFEG_clean, uptake: 0.042076
2025-06-13 19:13:09,566 LEDHEJ_clean, uptake: 0.044016
2025-06-13 19:13:15,235 LAWGAS_clean, uptake: 0.023329
2025-06-13 19:13:20,045 LEDHIN_clean, uptake: 0.043526
2025-06-13 19:13:32,844 LAZKUU_clean, uptake: 0.038898
2025-06-13 19:13:41,374 LEJRIC_clean, uptake: 0.022683
2025-06-13 19:13:44,984 LECFUW_charged, uptake: 0.036585
2025-06-13 19:13:48,631 LEDNIT_charged, uptake: 0.013624
2025-06-13 19:14:17,661 LETDEU_clean, uptake: 0.003646
2025-06-13 19:14:26,363 LEDNEP_charged, uptake: 0.019742
2025-06-13 19:14:46,293 LEGGEK_clean, uptake: 0.079657
2025-06-13 19:14:55,886 LELMIA_clean, uptake: 0.049460
2025-06-13 19:14:59,710 LETDUK_clean, uptake: 0.016141
2025-06-13 19:14:59,929 LELMIA01_clean, uptake: 0.054962
2025-06-13 19:15:03,046 LENKIA_clean, uptake: 0.020915
2025-06-13 19:15:08,468 LEJKIW_clean, uptake: 0.053301
2025-06-13 19:15:13,724 LEDLAJ_clean, uptake: 0.029829
2025-06-13 19:16:09,428 LELRUR_clean, uptake: 0.026636
2025-06-13 19:16:27,117 LEQQII_clean, uptake: 0.024651
2025-06-13 19:16:27,671 LENGAO_clean, uptake: 0.028854
2025-06-13 19:16:43,665 LELROL_clean, uptake: 0.033968
2025-06-13 19:17:28,251 LEVDIB_clean, uptake: 0.044301
2025-06-13 19:17:33,392 LEQQAA_clean, uptake: 0.040845
2025-06-13 19:17:38,215 LETPUX01_clean, uptake: 0.019828
2025-06-13 19:17:40,328 LETPUX_clean, uptake: 0.019960
2025-06-13 19:17:50,430 LESWAI_clean, uptake: 0.050182
2025-06-13 19:18:37,523 LETQAE01_ion_b, uptake: 0.017134
2025-06-13 19:18:50,830 LEYQUD_clean, uptake: 0.014769
2025-06-13 19:18:56,623 LEYRAK_clean, uptake: 0.015120
2025-06-13 19:18:57,847 LEYREO_clean, uptake: 0.015321
2025-06-13 19:19:00,641 LEYPAI_clean, uptake: 0.013900
2025-06-13 19:19:12,737 LAFQOA_clean, uptake: 0.053373
2025-06-13 19:19:19,607 LAYGAV_clean, uptake: 0.044398
2025-06-13 19:19:39,733 LELDUD_clean, uptake: 0.031824
2025-06-13 19:19:44,977 LAFRER_manual, uptake: 0.051112
2025-06-13 19:19:46,099 LEYFUS_clean, uptake: 0.004061
2025-06-13 19:19:49,809 LAFQUG_clean, uptake: 0.054803
2025-06-13 19:19:52,155 LEVNOQ01_clean, uptake: 0.067445
2025-06-13 19:19:55,412 LEVNOQ_clean, uptake: 0.063405
2025-06-13 19:20:09,614 LAFRAN_manual, uptake: 0.054729
2025-06-13 19:20:12,222 LETQAE_clean, uptake: 0.020479
2025-06-13 19:20:15,087 LIBQIY_clean, uptake: 0.014458
2025-06-13 19:20:18,820 LAFRIV_manual, uptake: 0.056785
2025-06-13 19:20:33,246 LAFROB_manual, uptake: 0.055035
2025-06-13 19:20:33,603 LAJLIT_charged, uptake: 0.023593
2025-06-13 19:20:34,890 LETPOR_clean, uptake: 0.018312
2025-06-13 19:20:36,767 LEMVOP_clean, uptake: 0.018830
2025-06-13 19:20:43,785 LEVYOC_clean, uptake: 0.040625
2025-06-13 19:20:46,920 LEGGIO_clean, uptake: 0.052035
2025-06-13 19:21:23,002 LIRFIB_clean, uptake: 0.016324
2025-06-13 19:21:23,475 LEQVUZ_clean, uptake: 0.034777
2025-06-13 19:21:26,324 LIBZIG_clean, uptake: 0.021331
2025-06-13 19:21:49,887 LEVPAF_clean, uptake: 0.026019
2025-06-13 19:22:02,656 LEZWUK_clean, uptake: 0.004186
2025-06-13 19:22:02,920 LEZLAF_clean, uptake: 0.018354
2025-06-13 19:22:06,950 LICKAL_clean, uptake: 0.031001
2025-06-13 19:22:14,509 LEZXAR_clean, uptake: 0.004945
2025-06-13 19:22:17,993 LIKDOA_clean, uptake: 0.029295
2025-06-13 19:22:18,202 LEZMIN_clean, uptake: 0.049137
2025-06-13 19:22:27,314 LETQEI_clean, uptake: 0.020114
2025-06-13 19:22:41,209 LIQJEC_clean, uptake: 0.014919
2025-06-13 19:22:57,805 LEVBAQ_clean, uptake: 0.072443
2025-06-13 19:23:11,168 LEWMUX_clean, uptake: 0.058090
2025-06-13 19:23:18,899 LEVLEF_clean, uptake: 0.068032
2025-06-13 19:23:26,407 LIQCUK_clean, uptake: 0.024664
2025-06-13 19:23:35,788 LETRAF_clean, uptake: 0.017244
2025-06-13 19:23:43,270 LIGHAM_clean, uptake: 0.028386
2025-06-13 19:23:45,066 LIQFEY_clean, uptake: 0.047353
2025-06-13 19:23:47,352 LITHUR_clean, uptake: 0.005588
2025-06-13 19:23:57,613 LITCIC_clean, uptake: 0.043603
2025-06-13 19:24:02,807 LIFWOO_clean, uptake: 0.075069
2025-06-13 19:24:15,883 LIVWAQ_clean, uptake: 0.045364
2025-06-13 19:24:30,644 LIVTIT_clean, uptake: 0.039673
2025-06-13 19:24:32,754 LIWVIY_clean, uptake: 0.021964
2025-06-13 19:24:35,778 LIQDAS_clean, uptake: 0.025997
2025-06-13 19:24:41,732 LIKGUJ_clean, uptake: 0.067686
2025-06-13 19:24:51,081 LIVTEP_charged, uptake: 0.014812
2025-06-13 19:24:51,983 LIWFOM_clean, uptake: 0.010882
2025-06-13 19:24:55,133 LIDWIG_clean, uptake: 0.043781
2025-06-13 19:25:13,560 LIJNOJ01_clean, uptake: 0.045584
2025-06-13 19:25:20,971 LIJNOJ_clean, uptake: 0.045639
2025-06-13 19:25:46,056 LIVLUZ_clean, uptake: 0.052687
2025-06-13 19:26:01,687 LIXXAS_clean, uptake: 0.034915
2025-06-13 19:26:10,169 LIWXOG_clean, uptake: 0.026714
2025-06-13 19:27:15,031 LOJFUL_clean, uptake: 0.047357
2025-06-13 19:27:18,231 LIDZOP_clean, uptake: 0.083525
2025-06-13 19:27:19,719 LIWXIZ_clean, uptake: 0.005251
2025-06-13 19:27:22,003 LOJLAZ01_clean, uptake: 0.019580
2025-06-13 19:27:23,083 LIRVAK_charged, uptake: 0.049275
2025-06-13 19:27:26,682 LOCZIO_clean, uptake: 0.040895
2025-06-13 19:27:41,881 LOFZUB_clean, uptake: 0.235996
2025-06-13 19:27:47,938 LIXWAR01_clean, uptake: 0.046358
2025-06-13 19:27:52,776 LIXWAR_clean, uptake: 0.046840
2025-06-13 19:27:56,853 LOJLAZ_clean, uptake: 0.023530
2025-06-13 19:28:02,637 LOGBAK_clean, uptake: 0.240855
2025-06-13 19:28:03,756 LOGBEO_clean, uptake: 0.252158
2025-06-13 19:28:33,547 LOBHAM_clean, uptake: 0.032636
2025-06-13 19:28:37,920 LITCOI_clean, uptake: 0.050184
2025-06-13 19:28:41,478 LITDAV_clean, uptake: 0.053944
2025-06-13 19:29:00,668 LIDZUV_clean, uptake: 0.115704
2025-06-13 19:29:13,962 LODKIA_clean, uptake: 0.049579
2025-06-13 19:30:03,605 LIZWEX_charged, uptake: 0.024869
2025-06-13 19:30:09,152 LIFSAW_clean, uptake: 0.037298
2025-06-13 19:30:31,114 LOMLOQ_clean, uptake: 0.041018
2025-06-13 19:30:41,016 LOMLUW_clean, uptake: 0.048961
2025-06-13 19:31:11,081 LOQLEJ_manual, uptake: 0.048122
2025-06-13 19:31:11,891 LOGXEM_clean, uptake: 0.006250
2025-06-13 19:31:24,974 LORMOW_clean, uptake: 0.026055
2025-06-13 19:31:38,317 LORROB_clean, uptake: 0.022845
2025-06-13 19:31:38,398 LIFSEA_clean, uptake: 0.045525
2025-06-13 19:31:42,632 LONVAN_clean, uptake: 0.020828
2025-06-13 19:31:49,001 LOSXIC_clean, uptake: 0.099465
2025-06-13 19:31:51,894 LONVIV_clean, uptake: 0.023828
2025-06-13 19:32:02,694 LOXKAM_clean, uptake: 0.039571
2025-06-13 19:32:04,252 LONWIW_clean, uptake: 0.039220
2025-06-13 19:32:04,337 LOQLIN_SL, uptake: 0.060117
2025-06-13 19:32:17,392 LAXJAX_clean, uptake: 0.055216
2025-06-13 19:32:17,437 LOSBOM_clean, uptake: 0.073078
2025-06-13 19:32:28,437 LIPQOR_clean, uptake: 0.032511
2025-06-13 19:33:05,403 LUCDAO_clean, uptake: 0.026872
2025-06-13 19:33:34,891 LUCDIW_clean, uptake: 0.027538
2025-06-13 19:33:39,590 LUCDES_clean, uptake: 0.026633
2025-06-13 19:34:00,327 LUBNAZ_clean, uptake: 0.030548
2025-06-13 19:34:07,294 LIRNOR_clean, uptake: 0.043412
2025-06-13 19:34:25,514 LUBMAW_clean, uptake: 0.014802
2025-06-13 19:34:42,734 LOXBEH_clean, uptake: 0.022988
2025-06-13 19:34:53,851 LOLVAJ_clean, uptake: 0.006660
2025-06-13 19:35:10,172 LUDVIP_clean, uptake: 0.018329
2025-06-13 19:35:28,852 LOXWAY_clean, uptake: 0.024039
2025-06-13 19:35:45,440 LOXWEC_clean, uptake: 0.015592
2025-06-13 19:35:57,341 LUFNAC02_clean, uptake: 0.052055
2025-06-13 19:36:05,312 LUFCAS_clean, uptake: 0.036489
2025-06-13 19:36:09,790 LUFQUZ02_clean, uptake: 0.057897
2025-06-13 19:36:09,963 LUFNAC03_clean, uptake: 0.051239
2025-06-13 19:36:10,928 LUFNAC01_clean, uptake: 0.051845
2025-06-13 19:36:21,269 LOTDIJ_clean, uptake: 0.059542
2025-06-13 19:36:30,219 LUFQUZ01_clean, uptake: 0.080826
2025-06-13 19:36:43,595 LOFVUY_clean, uptake: 0.025072
2025-06-13 19:36:45,604 LUFNAC04_clean, uptake: 0.051158
2025-06-13 19:36:46,020 LUJPUC_clean, uptake: 0.014496
2025-06-13 19:36:54,258 LOLREL_clean, uptake: 0.020785
2025-06-13 19:36:56,718 LUFBUL_clean, uptake: 0.075210
2025-06-13 19:36:59,650 LOFVUY01_clean, uptake: 0.025365
2025-06-13 19:37:14,845 LUFNAC05_clean, uptake: 0.051265
2025-06-13 19:37:19,443 LUFNAC_clean, uptake: 0.052580
2025-06-13 19:37:24,740 LUDCUK_clean, uptake: 0.084874
2025-06-13 19:37:37,362 LUJSOA_clean, uptake: 0.004509
2025-06-13 19:37:40,596 LUFQUZ_clean, uptake: 0.085766
2025-06-13 19:37:50,844 LUNBIF_clean, uptake: 0.005562
2025-06-13 19:37:52,338 LOJFOF_clean, uptake: 0.043004
2025-06-13 19:37:53,700 LUDKOM_clean, uptake: 0.095222
2025-06-13 19:37:57,192 LODPOK_clean, uptake: 0.068862
2025-06-13 19:38:02,812 LUMZUO_clean, uptake: 0.005075
2025-06-13 19:38:05,662 LUNBAX_clean, uptake: 0.005042
2025-06-13 19:38:09,125 LUDKUS_clean, uptake: 0.134564
2025-06-13 19:38:09,249 LUJBAV_clean, uptake: 0.027482
2025-06-13 19:38:09,461 LUNBEB_clean, uptake: 0.005058
2025-06-13 19:38:16,886 LUFNEG_clean, uptake: 0.095580
2025-06-13 19:38:19,129 LODPUQ_clean, uptake: 0.073041
2025-06-13 19:38:32,179 LUDLAZ_clean, uptake: 0.193503
2025-06-13 19:38:32,465 LUMDEC_clean, uptake: 0.015009
2025-06-13 19:39:02,031 LUKRIS_clean, uptake: 0.016424
2025-06-13 19:39:14,043 LUMYEZ_clean, uptake: 0.035196
2025-06-13 19:39:24,646 LUMYID_clean, uptake: 0.036234
2025-06-13 19:39:28,287 LOVLEP_clean, uptake: 0.009695
2025-06-13 19:39:35,442 LUMYUP_clean, uptake: 0.034891
2025-06-13 19:39:41,294 LUMYOJ_clean, uptake: 0.036650
2025-06-13 19:39:41,906 LULXAS_clean, uptake: 0.044800
2025-06-13 19:40:08,095 LUTSEA_clean, uptake: 0.006672
2025-06-13 19:40:20,486 LURLOB_clean, uptake: 0.035371
2025-06-13 19:40:37,381 LUMLIQ_clean, uptake: 0.074186
2025-06-13 19:40:49,297 LUMZAW_clean, uptake: 0.035867
2025-06-13 19:41:24,150 LUPYAX_clean, uptake: 0.033852
2025-06-13 19:41:25,264 LUSHOX_clean, uptake: 0.043555
2025-06-13 19:41:28,905 LUSYEF_clean, uptake: 0.046291
2025-06-13 19:41:28,944 LUYHAP_clean, uptake: 0.032874
2025-06-13 19:41:30,813 LUQGAG_clean, uptake: 0.040553
2025-06-13 19:41:46,816 LUPTAS_clean, uptake: 0.045810
2025-06-13 19:41:56,278 LUSHOX01_clean, uptake: 0.044353
2025-06-13 19:41:56,634 LUSHOX02_clean, uptake: 0.044830
2025-06-13 19:41:57,152 LUSHOX03_clean, uptake: 0.044473
2025-06-13 19:42:05,564 LUSHOX04_clean, uptake: 0.042744
2025-06-13 19:42:32,416 LUZBOY_clean, uptake: 0.032306
2025-06-13 19:42:35,675 MABCUQ_clean, uptake: 0.013516
2025-06-13 19:43:11,923 LUSHIR_clean, uptake: 0.043362
2025-06-13 19:43:25,155 LUYSEF_clean, uptake: 0.019944
2025-06-13 19:43:25,635 LUSJIT_clean, uptake: 0.042209
2025-06-13 19:43:31,540 LUSJOZ_clean, uptake: 0.043189
2025-06-13 19:43:32,399 LUSJEP_clean, uptake: 0.044632
2025-06-13 19:43:43,569 LUSHUD_clean, uptake: 0.048361
2025-06-13 19:43:51,177 LUKREO_clean, uptake: 0.024621
2025-06-13 19:44:20,212 MACKAE_clean, uptake: 0.007481
2025-06-13 19:44:23,107 LUDLED_clean, uptake: 0.044005
2025-06-13 19:44:27,939 LUDLIH_clean, uptake: 0.043083
2025-06-13 19:44:34,540 LUYSOP_clean, uptake: 0.055337
2025-06-13 19:44:36,802 LUWMIB_clean, uptake: 0.046920
2025-06-13 19:44:44,303 LUWMOH_clean, uptake: 0.048648
2025-06-13 19:45:04,316 LUVTAY_clean, uptake: 0.017352
2025-06-13 19:45:06,679 LUYBOY_clean, uptake: 0.022496
2025-06-13 19:45:09,694 LULVOF_clean, uptake: 0.062734
2025-06-13 19:45:11,502 LUWMEX_clean, uptake: 0.049207
2025-06-13 19:45:33,744 MAGNEQ01_clean, uptake: 0.018826
2025-06-13 19:45:38,248 MAGNEQ_clean, uptake: 0.019210
2025-06-13 19:45:44,233 MAGBAZ_clean, uptake: 0.036372
2025-06-13 19:46:15,501 LUZJAT_clean, uptake: 0.041037
2025-06-13 19:46:16,337 MAFMAK01_clean, uptake: 0.044826
2025-06-13 19:46:20,816 MAFLUD_clean, uptake: 0.048636
2025-06-13 19:46:39,192 MABJUV_clean, uptake: 0.021993
2025-06-13 19:46:40,273 MABJUV01_clean, uptake: 0.022080
2025-06-13 19:46:48,329 MAFJIO_clean, uptake: 0.036536
2025-06-13 19:47:13,519 LUVWUU_clean, uptake: 0.026170
2025-06-13 19:47:17,562 MADVUJ_clean, uptake: 0.026209
2025-06-13 19:47:39,667 MAKFIQ_clean, uptake: 0.025023
2025-06-13 19:47:55,212 JONKEE_clean, uptake: 0.019566
2025-06-13 19:47:55,263 MADWAQ_clean, uptake: 0.030344
2025-06-13 19:47:55,474 MAHCOQ_clean, uptake: 0.029140
2025-06-13 19:47:56,525 MAHCEG_clean, uptake: 0.029558
2025-06-13 19:47:57,862 MAKFOW_clean, uptake: 0.026574
2025-06-13 19:47:58,942 MAHCIK_clean, uptake: 0.029034
2025-06-13 19:47:59,074 MABKIK01_clean, uptake: 0.021851
2025-06-13 19:47:59,489 MAKGAJ_clean, uptake: 0.025875
2025-06-13 19:48:20,327 MABKEG_clean, uptake: 0.025807
2025-06-13 19:48:22,671 MALFUD_clean, uptake: 0.024860
2025-06-13 19:48:36,000 MABLAD_clean, uptake: 0.067666
2025-06-13 19:48:43,222 MALROJ_clean, uptake: 0.026373
2025-06-13 19:48:50,138 MAFZIE_charged, uptake: 0.037082
2025-06-13 19:48:54,485 MAGBON_clean, uptake: 0.055982
2025-06-13 19:49:02,276 MAKHAJ_clean, uptake: 0.058208
2025-06-13 19:49:21,467 MALRUP_clean, uptake: 0.029688
2025-06-13 19:49:24,276 MALSAW_clean, uptake: 0.028927
2025-06-13 19:49:24,626 MAKRAU_clean, uptake: 0.028611
2025-06-13 19:49:25,851 MAJHUC_clean, uptake: 0.010808
2025-06-13 19:49:35,969 MAPCIP_clean, uptake: 0.030966
2025-06-13 19:49:46,136 MALSEA_clean, uptake: 0.029084
2025-06-13 19:50:01,499 MALSIE_clean, uptake: 0.028724
2025-06-13 19:50:02,296 MALSOK_clean, uptake: 0.029069
2025-06-13 19:50:04,254 MALRUM_clean, uptake: 0.022624
2025-06-13 19:50:07,913 MAHTAR_clean, uptake: 0.045727
2025-06-13 19:50:10,171 MAHTAR01_clean, uptake: 0.046932
2025-06-13 19:50:49,337 MAKRIC_clean, uptake: 0.078492
2025-06-13 19:51:03,379 LUXFOA_clean, uptake: 0.020894
2025-06-13 19:51:03,697 MASMIC_clean, uptake: 0.031246
2025-06-13 19:51:05,020 LUXFUG_clean, uptake: 0.020557
2025-06-13 19:51:11,505 MACHIJ_clean, uptake: 0.019047
2025-06-13 19:51:22,556 MAQRAA_clean, uptake: 0.036896
2025-06-13 19:51:25,026 MARXEK_clean, uptake: 0.035767
2025-06-13 19:51:31,399 LUXDUE_clean, uptake: 0.027168
2025-06-13 19:51:45,466 MABKIK_clean, uptake: 0.025099
2025-06-13 19:52:14,539 MAQBEO_clean, uptake: 0.052987
2025-06-13 19:52:27,355 MARJAQ_clean, uptake: 0.083246
2025-06-13 19:52:27,646 MASZOX_clean, uptake: 0.022415
2025-06-13 19:52:37,114 MAPFIS_clean, uptake: 0.048829
2025-06-13 19:52:39,914 MASZUD_clean, uptake: 0.020780
2025-06-13 19:52:57,539 MAQBIS_clean, uptake: 0.050672
2025-06-13 19:53:18,860 MAVFEV01_clean, uptake: 0.019961
2025-06-13 19:53:21,619 MARNOL_clean, uptake: 0.038613
2025-06-13 19:53:22,660 MAFDII_SL, uptake: 0.051972
2025-06-13 19:53:22,761 MAVFEV_clean, uptake: 0.020009
2025-06-13 19:54:01,121 MATFIY_clean, uptake: 0.011309
2025-06-13 19:54:05,404 MANDUD_clean, uptake: 0.034441
2025-06-13 19:54:16,350 MATWUC_clean, uptake: 0.066564
2025-06-13 19:54:18,486 MAXHOJ01_clean, uptake: 0.003161
2025-06-13 19:54:29,791 MATTOR_clean, uptake: 0.075193
2025-06-13 19:54:32,504 MANLAP_ion_b, uptake: 0.027739
2025-06-13 19:54:37,223 MATXAJ_clean, uptake: 0.035859
2025-06-13 19:54:40,618 MAXHOJ02_clean, uptake: 0.003314
2025-06-13 19:55:04,631 MATBAM_clean, uptake: 0.030372
2025-06-13 19:55:15,542 MAWFIC_clean, uptake: 0.007532
2025-06-13 19:55:31,644 MATPUV_clean, uptake: 0.028807
2025-06-13 19:55:31,985 MARPOL_clean, uptake: 0.010357
2025-06-13 19:55:44,955 MAYKOO_clean, uptake: 0.030013
2025-06-13 19:55:55,649 MAWVAK_clean, uptake: 0.041704
2025-06-13 19:55:59,803 MANLOD_manual, uptake: 0.027539
2025-06-13 19:56:14,015 MAXFIA_charged, uptake: 0.033522
2025-06-13 19:56:17,335 MEBMEM01_clean, uptake: 0.002408
2025-06-13 19:56:25,354 MAKXAZ_clean, uptake: 0.054004
2025-06-13 19:56:27,473 MAPCUE_clean, uptake: 0.039979
2025-06-13 19:56:34,002 MAVNUU_manual, uptake: 0.053907
2025-06-13 19:56:39,031 MAWTUC_clean, uptake: 0.049517
2025-06-13 19:56:42,287 MAYJOM_clean, uptake: 0.042902
2025-06-13 19:56:44,070 MEHMET_clean, uptake: 0.031508
2025-06-13 19:56:44,248 MAPLEX_clean, uptake: 0.041620
2025-06-13 19:56:55,483 MAXHOJ_clean, uptake: 0.003281
2025-06-13 19:56:58,847 MEGBAD_clean, uptake: 0.028997
2025-06-13 19:57:00,459 MAZSUD_clean, uptake: 0.050613
2025-06-13 19:57:04,987 MARDAM_charged, uptake: 0.015666
2025-06-13 19:57:18,758 MEGBEH_manual, uptake: 0.022880
2025-06-13 19:57:20,593 MATBEQ_clean, uptake: 0.025717
2025-06-13 19:57:30,269 MATTUX_clean, uptake: 0.057970
2025-06-13 19:57:32,201 MALYIJ_charged, uptake: 0.039601
2025-06-13 19:57:50,416 MEXJAC_clean, uptake: 0.014612
2025-06-13 19:57:52,524 MEFJUE_clean, uptake: 0.040234
2025-06-13 19:58:01,107 MAWFEY_clean, uptake: 0.010883
2025-06-13 19:58:29,490 MEGFIN_clean, uptake: 0.035703
2025-06-13 19:58:37,156 MEQHUL01_clean, uptake: 0.006455
2025-06-13 19:58:39,296 MEQHUL_clean, uptake: 0.006464
2025-06-13 19:58:51,253 MEFYUT_clean, uptake: 0.040945
2025-06-13 19:59:11,164 MIDSUP01_clean, uptake: 0.026156
2025-06-13 19:59:16,992 METYIU_clean, uptake: 0.015728
2025-06-13 19:59:39,383 MEJZEI_clean, uptake: 0.015209
2025-06-13 19:59:44,321 MEMGAN_clean, uptake: 0.079040
2025-06-13 19:59:45,354 MEJZIM_clean, uptake: 0.015723
2025-06-13 20:00:00,851 MAWFAT_charged, uptake: 0.031088
2025-06-13 20:00:08,499 MEJQEZ_clean, uptake: 0.081813
2025-06-13 20:00:10,586 MEWNEH_clean, uptake: 0.014219
2025-06-13 20:00:15,125 MEJQID_clean, uptake: 0.076753
2025-06-13 20:00:17,816 MEJQOJ_clean, uptake: 0.076499
2025-06-13 20:00:26,693 MIFLIY_clean, uptake: 0.035540
2025-06-13 20:00:31,240 MIDSUP_clean, uptake: 0.025502
2025-06-13 20:00:36,291 MICDEJ_clean, uptake: 0.044231
2025-06-13 20:01:10,598 MEKDUC_clean, uptake: 0.053796
2025-06-13 20:01:28,795 MEJMOE_clean, uptake: 0.023768
2025-06-13 20:01:30,786 MIBMER_clean, uptake: 0.029383
2025-06-13 20:01:44,640 LOPZAS_clean, uptake: 0.029798
2025-06-13 20:01:49,980 MATPOP_clean, uptake: 0.029866
2025-06-13 20:01:51,605 MEXDEY_clean, uptake: 0.023712
2025-06-13 20:02:08,408 MEJZOS_clean, uptake: 0.014171
2025-06-13 20:02:10,220 MEJZUY_clean, uptake: 0.014144
2025-06-13 20:02:23,928 MIFQOJ_clean, uptake: 0.048328
2025-06-13 20:02:25,278 MEKBAH_clean, uptake: 0.014439
2025-06-13 20:02:32,132 MEFJOY_clean, uptake: 0.043270
2025-06-13 20:02:45,018 MIFNUM_clean, uptake: 0.015211
2025-06-13 20:03:07,950 MEFZUU_manual, uptake: 0.026663
2025-06-13 20:03:19,956 MIHLEV_clean, uptake: 0.025183
2025-06-13 20:03:26,448 MIFROK_clean, uptake: 0.015965
2025-06-13 20:03:39,632 MIJHOD_clean, uptake: 0.056391
2025-06-13 20:03:47,585 MIDCAF_clean, uptake: 0.018021
2025-06-13 20:03:49,841 MIFGEP01_clean, uptake: 0.049277
2025-06-13 20:03:51,143 MIFSAX_clean, uptake: 0.016500
2025-06-13 20:03:55,573 MIFGEP_clean, uptake: 0.049017
2025-06-13 20:03:59,250 MIFTEC_clean, uptake: 0.016715
2025-06-13 20:04:01,961 MIFKUJ_clean, uptake: 0.053489
2025-06-13 20:04:03,421 MIHLAR_clean, uptake: 0.015991
2025-06-13 20:04:09,047 MIFTIG_clean, uptake: 0.016337
2025-06-13 20:04:12,075 MIFPUO_clean, uptake: 0.055459
2025-06-13 20:04:15,528 MIFSUR_clean, uptake: 0.015914
2025-06-13 20:04:19,927 MIHLOF_clean, uptake: 0.020133
2025-06-13 20:04:20,679 MIFVEE_clean, uptake: 0.015451
2025-06-13 20:04:20,728 MIMKIE_clean, uptake: 0.039971
2025-06-13 20:04:21,052 MIKDUH_clean, uptake: 0.016880
2025-06-13 20:04:21,463 MIFTUS_clean, uptake: 0.015672
2025-06-13 20:04:32,759 MIHLIZ_clean, uptake: 0.019902
2025-06-13 20:04:36,892 MIJMAU_clean, uptake: 0.013534
2025-06-13 20:04:56,695 MINVOU01_clean, uptake: 0.025717
2025-06-13 20:05:09,361 MINVOU_clean, uptake: 0.026144
2025-06-13 20:05:15,415 MINCIX_clean, uptake: 0.029231
2025-06-13 20:05:17,660 MILQIJ_clean, uptake: 0.158581
2025-06-13 20:05:19,258 MIRLAB_clean, uptake: 0.003574
2025-06-13 20:05:29,715 MINCUJ_clean, uptake: 0.027245
2025-06-13 20:05:31,070 MANLIX_charged, uptake: 0.028349
2025-06-13 20:06:10,764 MINVUA01_SL, uptake: 0.033904
2025-06-13 20:06:15,146 MITSAK_clean, uptake: 0.040973
2025-06-13 20:06:17,645 MITSUE_clean, uptake: 0.035130
2025-06-13 20:06:21,079 MIMFOF_clean, uptake: 0.273529
2025-06-13 20:06:24,979 MIQLII_clean, uptake: 0.037805
2025-06-13 20:06:28,898 MINVUA_SL, uptake: 0.033418
2025-06-13 20:06:36,611 MITGOL_clean, uptake: 0.017767
2025-06-13 20:06:43,999 MIXBAY_clean, uptake: 0.033321
2025-06-13 20:07:03,536 MITSIS_charged, uptake: 0.025947
2025-06-13 20:07:12,481 MECWIB_clean, uptake: 0.038574
2025-06-13 20:07:13,524 MIVFOO_clean, uptake: 0.021710
2025-06-13 20:07:13,779 MIMVEJ_clean, uptake: 0.244467
2025-06-13 20:07:21,257 MOCKEV_clean, uptake: 0.031775
2025-06-13 20:07:22,936 MIXBIG_auto, uptake: 0.034293
2025-06-13 20:07:23,455 MOCKAR_clean, uptake: 0.036747
2025-06-13 20:07:25,221 MIVFEE_clean, uptake: 0.020270
2025-06-13 20:07:48,064 MODMIB_clean, uptake: 0.008027
2025-06-13 20:07:56,122 MIYWIB_clean, uptake: 0.005645
2025-06-13 20:08:05,551 MOBBIO_clean, uptake: 0.020911
2025-06-13 20:08:15,397 MIXZOK_clean, uptake: 0.033755
2025-06-13 20:08:23,319 MIMSUY_clean, uptake: 0.039955
2025-06-13 20:08:42,364 MODJOG_clean, uptake: 0.018588
2025-06-13 20:08:48,176 MISQIQ03_clean, uptake: 0.722154
2025-06-13 20:09:00,022 MITTAL_charged, uptake: 0.039727
2025-06-13 20:09:03,242 MIXYID_clean, uptake: 0.069533
2025-06-13 20:09:07,369 MIXBEC_clean, uptake: 0.041908
2025-06-13 20:09:18,809 MIMSOS_clean, uptake: 0.041461
2025-06-13 20:09:22,275 MOFKUO_clean, uptake: 0.019777
2025-06-13 20:09:47,169 MIZKOW_clean, uptake: 0.009228
2025-06-13 20:09:56,614 MOLRIP_clean, uptake: 0.009753
2025-06-13 20:09:57,902 MOGXUB_clean, uptake: 0.010394
2025-06-13 20:10:14,390 MOLQEL_clean, uptake: 0.046897
2025-06-13 20:10:21,688 MILROQ_clean, uptake: 0.019918
2025-06-13 20:10:37,651 MOSBIG_clean, uptake: 0.016572
2025-06-13 20:10:40,015 MOJNAC_clean, uptake: 0.025272
2025-06-13 20:10:40,801 MOGNAY_clean, uptake: 0.027664
2025-06-13 20:10:47,860 MIKJAR_clean, uptake: 0.019526
2025-06-13 20:10:59,237 MISQIQ02_clean, uptake: 0.756849
2025-06-13 20:11:01,897 MISQIQ01_clean, uptake: 0.750654
2025-06-13 20:11:02,401 MISQIQ05_clean, uptake: 0.738648
2025-06-13 20:11:03,698 MISQIQ04_clean, uptake: 0.751393
2025-06-13 20:11:08,987 MISQIQ07_clean, uptake: 0.738273
2025-06-13 20:11:13,645 MISQIQ06_clean, uptake: 0.740522
2025-06-13 20:11:19,332 MISQIQ_clean, uptake: 0.752925
2025-06-13 20:11:31,922 MOPQIT_clean, uptake: 0.030019
2025-06-13 20:11:34,058 MOLKAB_clean, uptake: 0.039841
2025-06-13 20:11:45,972 MODNOI_ion_b, uptake: 0.007810
2025-06-13 20:11:50,685 MODNAU_charged, uptake: 0.007463
2025-06-13 20:11:57,348 MOMSIS_clean, uptake: 0.022732
2025-06-13 20:12:03,568 MOXNUJ_clean, uptake: 0.020933
2025-06-13 20:12:04,215 MODNUO_ion_b, uptake: 0.007965
2025-06-13 20:12:28,091 MOXPUL_clean, uptake: 0.027004
2025-06-13 20:12:52,648 MOTMAK_clean, uptake: 0.071774
2025-06-13 20:12:53,895 MOXPIZ_charged, uptake: 0.024518
2025-06-13 20:12:58,428 MOTVOI_clean, uptake: 0.037033
2025-06-13 20:13:00,742 MOYYIJ_clean, uptake: 0.039522
2025-06-13 20:13:22,560 MOSDUT_clean, uptake: 0.035208
2025-06-13 20:13:43,303 MOPKEJ_clean, uptake: 0.383821
2025-06-13 20:13:55,140 MOFLAV_clean, uptake: 0.016625
2025-06-13 20:13:56,188 MUBZOA_auto, uptake: 0.016815
2025-06-13 20:13:56,804 MOQNUB_clean, uptake: 0.068149
2025-06-13 20:14:17,973 MUBZUG_auto, uptake: 0.017471
2025-06-13 20:14:22,944 MOVHEM_clean, uptake: 0.043719
2025-06-13 20:14:29,133 MOVGUB_clean, uptake: 0.043918
2025-06-13 20:14:32,508 MOXNIY_clean, uptake: 0.031044
2025-06-13 20:14:54,486 MOVKOZ_clean, uptake: 0.049715
2025-06-13 20:15:32,592 MOYMET_clean, uptake: 0.017313
2025-06-13 20:15:42,628 MOYYEF_clean, uptake: 0.032609
2025-06-13 20:15:42,975 MOXPEV_charged, uptake: 0.028482
2025-06-13 20:15:55,128 MOFBIU_clean, uptake: 0.028809
2025-06-13 20:16:00,086 MUDLON_clean, uptake: 0.050828
2025-06-13 20:16:03,748 MUJRIT_clean, uptake: 0.016185
2025-06-13 20:16:18,932 MUDTAH_clean, uptake: 0.036106
2025-06-13 20:16:23,994 MUDTEL_clean, uptake: 0.033133
2025-06-13 20:16:30,792 MUFXUI_clean, uptake: 0.016953
2025-06-13 20:16:48,302 MUNDAC_clean, uptake: 0.024037
2025-06-13 20:16:48,891 MUMYAW_clean, uptake: 0.003579
2025-06-13 20:16:57,102 MULSER_clean, uptake: 0.011960
2025-06-13 20:16:57,526 MUFYAP_clean, uptake: 0.017108
2025-06-13 20:16:59,171 MUNDOQ_clean, uptake: 0.018886
2025-06-13 20:17:02,062 MORFEG_clean, uptake: 0.044042
2025-06-13 20:17:06,457 MUHNAG_clean, uptake: 0.067319
2025-06-13 20:17:08,877 MORZID_clean, uptake: 0.830076
2025-06-13 20:17:16,182 MUHPAI_clean, uptake: 0.030277
2025-06-13 20:17:35,519 MULQOA_clean, uptake: 0.033956
2025-06-13 20:17:37,919 MUGHED_clean, uptake: 0.048306
2025-06-13 20:17:51,093 MULXOH_clean, uptake: 0.031032
2025-06-13 20:17:52,885 MUGQAI_clean, uptake: 0.049514
2025-06-13 20:17:53,524 MOXNUK_clean, uptake: 0.033498
2025-06-13 20:17:58,758 MUNLUE_clean, uptake: 0.026843
2025-06-13 20:18:10,765 MURCIL_clean, uptake: 0.006121
2025-06-13 20:18:14,140 MOXDOT_charged, uptake: 0.030582
2025-06-13 20:18:31,753 MURCOR_clean, uptake: 0.006531
2025-06-13 20:18:34,339 MURBEI_clean, uptake: 0.059727
2025-06-13 20:18:41,327 MURCAD_clean, uptake: 0.040947
2025-06-13 20:18:43,867 MUHNUA_clean, uptake: 0.035909
2025-06-13 20:18:58,470 MUGFOK_clean, uptake: 0.027253
2025-06-13 20:19:02,452 MOXKAN_clean, uptake: 0.020069
2025-06-13 20:19:30,190 MOYNIY_clean, uptake: 0.038493
2025-06-13 20:19:36,561 MUQSAU_clean, uptake: 0.026224
2025-06-13 20:19:41,800 MURFIQ_clean, uptake: 0.008179
2025-06-13 20:19:53,185 MUNDEG_clean, uptake: 0.019848
2025-06-13 20:20:31,018 MUVNAT_clean, uptake: 0.009989
2025-06-13 20:20:34,222 MUTDIQ_clean, uptake: 0.024641
2025-06-13 20:20:44,831 MUTDEM_clean, uptake: 0.027164
2025-06-13 20:20:45,418 MUPTAU_clean, uptake: 0.034497
2025-06-13 20:20:50,556 MUNPAN_clean, uptake: 0.035893
2025-06-13 20:21:13,923 MUWQEB_clean, uptake: 0.034757
2025-06-13 20:21:14,202 MUNPER_clean, uptake: 0.041930
2025-06-13 20:21:20,807 MUVLUM_clean, uptake: 0.030065
2025-06-13 20:21:22,564 MUNNUF_clean, uptake: 0.048337
2025-06-13 20:21:23,301 MUVGUG_clean, uptake: 0.129947
2025-06-13 20:21:26,192 MUVHAN_clean, uptake: 0.120421
2025-06-13 20:21:37,679 MUVHER_clean, uptake: 0.129515
2025-06-13 20:21:38,665 MOMRIR_clean, uptake: 0.058620
2025-06-13 20:21:38,733 MUSSIE_clean, uptake: 0.077544
2025-06-13 20:21:43,096 MURTUO_clean, uptake: 0.009844
2025-06-13 20:21:43,196 MUZHUL_charged, uptake: 0.100747
2025-06-13 20:21:44,710 NADKEK_clean, uptake: 0.002136
2025-06-13 20:21:44,826 MUSCIN_clean, uptake: 0.032165
2025-06-13 20:21:57,267 MUZVUA_clean, uptake: 0.035012
2025-06-13 20:22:15,790 MUVJIX_clean, uptake: 0.030335
2025-06-13 20:22:18,421 NAFSOF_clean, uptake: 0.031340
2025-06-13 20:22:34,518 NACYAU_clean, uptake: 0.037769
2025-06-13 20:22:50,844 MUVGOA_clean, uptake: 0.108217
2025-06-13 20:23:08,686 NABMUA01_clean, uptake: 0.087568
2025-06-13 20:23:11,334 MUVMOG_clean, uptake: 0.222970
2025-06-13 20:23:23,700 NABMUA_clean, uptake: 0.087028
2025-06-13 20:23:30,394 MUTVUT_clean, uptake: 0.018037
2025-06-13 20:23:52,065 NACVUI_clean, uptake: 0.056909
2025-06-13 20:23:55,059 NABCEA_charged, uptake: 0.034766
2025-06-13 20:24:04,055 MUVNEX_clean, uptake: 0.008153
2025-06-13 20:24:12,292 NAHHAI_clean, uptake: 0.029617
2025-06-13 20:24:33,194 MUZKAV_clean, uptake: 0.057064
2025-06-13 20:24:44,223 MUBQIJ_clean, uptake: 0.070646
2025-06-13 20:24:50,392 NALYEG_clean, uptake: 0.014256
2025-06-13 20:25:04,203 NACYOG_clean, uptake: 0.033622
2025-06-13 20:25:09,372 NACYUM_clean, uptake: 0.035950
2025-06-13 20:25:12,997 NANTII_clean, uptake: 0.017778
2025-06-13 20:25:17,351 NAGQET_clean, uptake: 0.038225
2025-06-13 20:25:17,593 NADNEM_clean, uptake: 0.067950
2025-06-13 20:25:19,941 NAJTAW_clean, uptake: 0.050490
2025-06-13 20:25:28,005 NAGCAB_clean, uptake: 0.006951
2025-06-13 20:25:32,215 NAKLIW_clean, uptake: 0.052043
2025-06-13 20:25:33,898 MUSCAG_clean, uptake: 0.026025
2025-06-13 20:25:34,914 NANYUX03_clean, uptake: 0.050352
2025-06-13 20:25:38,150 MUZGAQ_clean, uptake: 0.009283
2025-06-13 20:25:52,879 NADZID_clean, uptake: 0.101625
2025-06-13 20:26:41,727 NAPZOV_clean, uptake: 0.045085
2025-06-13 20:26:48,136 NAQQED_clean, uptake: 0.014653
2025-06-13 20:26:48,437 NAJSUP_clean, uptake: 0.056298
2025-06-13 20:26:52,638 NALWOO_clean, uptake: 0.023358
2025-06-13 20:26:53,973 NAHNES_clean, uptake: 0.030189
2025-06-13 20:27:00,919 NASREH_clean, uptake: 0.047944
2025-06-13 20:27:05,613 NASRIL_clean, uptake: 0.046594
2025-06-13 20:27:05,686 NADZEZ_clean, uptake: 0.106163
2025-06-13 20:27:06,803 NAQQON_clean, uptake: 0.015781
2025-06-13 20:27:10,795 NAQQIH_clean, uptake: 0.021279
2025-06-13 20:27:17,787 NAJTEA_clean, uptake: 0.057472
2025-06-13 20:27:20,100 NAQQUT_clean, uptake: 0.015906
2025-06-13 20:27:24,236 NAQRAA_clean, uptake: 0.015363
2025-06-13 20:27:24,891 NANYUX_charged, uptake: 0.057268
2025-06-13 20:27:25,877 NAQREE_clean, uptake: 0.015296
2025-06-13 20:27:26,207 NAJMIV_charged, uptake: 0.025444
2025-06-13 20:27:57,857 NARMUR_clean, uptake: 0.007644
2025-06-13 20:28:54,225 NAVJAW01_clean, uptake: 0.021064
2025-06-13 20:28:56,736 NAWXER_clean, uptake: 0.042046
2025-06-13 20:29:01,537 NAVJAW_clean, uptake: 0.022739
2025-06-13 20:29:02,612 NARPUU_clean, uptake: 0.023987
2025-06-13 20:29:07,272 NARPOO_clean, uptake: 0.024337
2025-06-13 20:29:07,992 NAYGUR_clean, uptake: 0.023118
2025-06-13 20:29:11,216 NAYNIK_clean, uptake: 0.003486
2025-06-13 20:29:24,751 NAYMOQ_clean, uptake: 0.007532
2025-06-13 20:29:29,040 NATKIF_clean, uptake: 0.036773
2025-06-13 20:29:41,097 NATKOL_clean, uptake: 0.039017
2025-06-13 20:29:44,849 NAJQUN_clean, uptake: 0.047043
2025-06-13 20:30:10,567 NAGQOD_clean, uptake: 0.013538
2025-06-13 20:30:22,126 NATHUO_clean, uptake: 0.028711
2025-06-13 20:30:38,036 NAXLII_clean, uptake: 0.022528
2025-06-13 20:30:42,344 NATFAS_clean, uptake: 0.064358
2025-06-13 20:30:44,194 NATHOH_ion_b, uptake: 0.009816
2025-06-13 20:30:46,952 MUVROM_clean, uptake: 0.068240
2025-06-13 20:30:48,427 NAVLIG_clean, uptake: 0.044129
2025-06-13 20:30:51,962 NAXKOO_clean, uptake: 0.089166
2025-06-13 20:31:09,260 NAGBUU_clean, uptake: 0.019444
2025-06-13 20:31:26,581 NDAIAH_clean, uptake: 0.014241
2025-06-13 20:31:33,147 NEDWIE_clean, uptake: 0.025917
2025-06-13 20:31:37,245 NASROR_clean, uptake: 0.049276
2025-06-13 20:31:47,271 NAWWUG_clean, uptake: 0.051655
2025-06-13 20:31:54,724 NAWDUN_clean, uptake: 0.050181
2025-06-13 20:31:55,656 NEDWAW_clean, uptake: 0.031061
2025-06-13 20:31:59,538 NEDVUP_clean, uptake: 0.032279
2025-06-13 20:32:08,208 NEDVOJ_charged, uptake: 0.038300
2025-06-13 20:32:17,567 NAQLAT_clean, uptake: 0.091422
2025-06-13 20:32:17,974 NAYZOE_clean, uptake: 0.029253
2025-06-13 20:32:18,497 NAYPIM_clean, uptake: 0.339875
2025-06-13 20:32:21,451 NEDWEA_clean, uptake: 0.031750
2025-06-13 20:32:58,747 nchem.2258-s3_clean, uptake: 0.046972
2025-06-13 20:33:05,547 NAZZEV_clean, uptake: 0.033164
2025-06-13 20:33:12,289 NAYZUK_SL, uptake: 0.029762
2025-06-13 20:33:28,725 NEKBEL_clean, uptake: 0.005753
2025-06-13 20:33:33,679 NAWKII_clean, uptake: 0.063809
2025-06-13 20:33:38,335 NAHFIO_clean, uptake: 0.022749
2025-06-13 20:33:50,787 NEHMET_clean, uptake: 0.054822
2025-06-13 20:33:50,931 NEHZIK_clean, uptake: 0.019793
2025-06-13 20:34:04,740 NEBNOZ_clean, uptake: 0.036194
2025-06-13 20:34:08,343 NAYXOC_clean, uptake: 0.033250
2025-06-13 20:34:13,659 NEGMUI_clean, uptake: 0.008191
2025-06-13 20:34:14,755 ncomms7350-s2_clean, uptake: 0.016877
2025-06-13 20:34:14,885 NEGZUW_clean, uptake: 0.014364
2025-06-13 20:34:34,432 NEJRUR_clean, uptake: 0.052870
2025-06-13 20:35:02,014 NEKREB_clean, uptake: 0.030022
2025-06-13 20:35:04,388 NERMON_clean, uptake: 0.005435
2025-06-13 20:35:15,301 NEFZOO_clean, uptake: 0.148313
2025-06-13 20:35:31,856 NEJSOM_clean, uptake: 0.059885
2025-06-13 20:35:41,779 NENHAQ_clean, uptake: 0.018201
2025-06-13 20:36:25,542 NEJSEC_clean, uptake: 0.056571
2025-06-13 20:36:41,964 NAPNEA_clean, uptake: 0.059293
2025-06-13 20:36:48,335 NESVEO_charged, uptake: 0.041154
2025-06-13 20:36:55,342 NELVAC_clean, uptake: 0.092709
2025-06-13 20:36:55,638 NELVEG_clean, uptake: 0.101145
2025-06-13 20:37:05,267 NETHOJ_clean_h, uptake: 0.021993
2025-06-13 20:37:05,516 NEDXOL_clean, uptake: 0.055239
2025-06-13 20:37:38,461 NENFAN_clean, uptake: 0.162297
2025-06-13 20:37:52,379 NEVVAM01_clean, uptake: 0.030144
2025-06-13 20:37:56,230 NETYIV_clean, uptake: 0.025495
2025-06-13 20:37:58,250 NEKMUN_clean, uptake: 0.083197
2025-06-13 20:37:59,431 ncomms11831_ncomms11831-s2_clean, uptake: 0.122060
2025-06-13 20:37:59,553 NEVPOU_clean, uptake: 0.029164
2025-06-13 20:38:01,073 NEPWIQ_clean, uptake: 0.030823
2025-06-13 20:38:03,606 NETYIV01_clean, uptake: 0.027020
2025-06-13 20:38:10,432 NEVJEF_clean, uptake: 0.019409
2025-06-13 20:38:13,689 ncomms11831_ncomms11831-s3_clean, uptake: 0.096468
2025-06-13 20:38:18,437 NEVVAM02_clean, uptake: 0.029522
2025-06-13 20:38:29,152 NAMDUD_clean, uptake: 0.048476
2025-06-13 20:38:29,266 NEVVAM_clean, uptake: 0.030551
2025-06-13 20:38:31,776 NESVAK_charged, uptake: 0.026638
2025-06-13 20:38:49,782 NIBJAK_clean, uptake: 0.035887
2025-06-13 20:38:54,191 NEVPUA_charged, uptake: 0.020716
2025-06-13 20:39:14,800 NEJSAY_clean, uptake: 0.051314
2025-06-13 20:39:18,345 NEVQAH_charged, uptake: 0.020149
2025-06-13 20:39:18,962 NIBHOW_clean, uptake: 0.031801
2025-06-13 20:39:29,379 NIGBOW_clean, uptake: 0.029432
2025-06-13 20:39:37,848 NEXVUI_clean, uptake: 0.011613
2025-06-13 20:39:42,599 NERNON_charged, uptake: 0.040634
2025-06-13 20:39:48,989 NEYYUN_clean, uptake: 0.105853
2025-06-13 20:40:23,559 NEYZAU_clean, uptake: 0.126497
2025-06-13 20:40:27,166 NIBHUC_clean, uptake: 0.029894
2025-06-13 20:40:28,933 NIGFOZ_clean, uptake: 0.028543
2025-06-13 20:40:29,092 NIGFIT_clean, uptake: 0.028655
2025-06-13 20:40:33,570 NEZWOG01_clean, uptake: 0.010759
2025-06-13 20:40:33,940 NIGFUF_clean, uptake: 0.029142
2025-06-13 20:40:47,003 NIGGAM_clean, uptake: 0.028095
2025-06-13 20:40:57,159 NIGGEQ_clean, uptake: 0.028398
2025-06-13 20:40:59,506 NEVVEQ_clean, uptake: 0.094851
2025-06-13 20:41:03,756 NERVEN_clean, uptake: 0.016971
2025-06-13 20:41:18,096 NERVAJ_clean, uptake: 0.020894
2025-06-13 20:41:19,102 NEZWOG_clean, uptake: 0.012189
2025-06-13 20:41:24,021 NIGGIU_clean, uptake: 0.035974
2025-06-13 20:41:39,448 NEXXEV_clean, uptake: 0.042840
2025-06-13 20:41:40,019 NIFTIH_clean, uptake: 0.052277
2025-06-13 20:41:55,203 NEXXIZ_clean, uptake: 0.043563
2025-06-13 20:42:11,285 NIJZIP_clean, uptake: 0.006165
2025-06-13 20:42:14,549 NIJZOV_clean, uptake: 0.005436
2025-06-13 20:42:28,039 NEXVET_clean, uptake: 0.021121
2025-06-13 20:42:30,909 NIBXUT_clean, uptake: 0.014002
2025-06-13 20:42:34,673 NIHBAI01_clean, uptake: 0.033656
2025-06-13 20:42:35,183 NIGDEO_clean, uptake: 0.040032
2025-06-13 20:42:39,611 NIJZIP01_clean, uptake: 0.005998
2025-06-13 20:42:40,298 NIGDIS_clean, uptake: 0.039897
2025-06-13 20:42:42,469 NIHBAI02_clean, uptake: 0.033569
2025-06-13 20:42:46,824 NIHBAI_clean, uptake: 0.032447
2025-06-13 20:42:56,393 NIHVUX_clean, uptake: 0.005035
2025-06-13 20:42:56,764 NIHBEM01_clean, uptake: 0.032259
2025-06-13 20:43:05,432 NERTAH_clean, uptake: 0.028322
2025-06-13 20:43:31,516 NIHBEM02_clean, uptake: 0.033239
2025-06-13 20:43:32,170 NIHBIQ01_clean, uptake: 0.030371
2025-06-13 20:43:35,591 NIHBIQ_clean, uptake: 0.030601
2025-06-13 20:43:36,716 NIHBIQ02_clean, uptake: 0.029765
2025-06-13 20:43:38,756 NIHBEM_clean, uptake: 0.032950
2025-06-13 20:43:48,318 NIKDAM_clean, uptake: 0.020979
2025-06-13 20:44:10,824 NINHOH_clean, uptake: 0.009708
2025-06-13 20:44:27,943 NIGPEA_clean, uptake: 0.041436
2025-06-13 20:44:32,081 NEHGEO_clean, uptake: 0.051986
2025-06-13 20:44:43,867 NIKYOW01_clean, uptake: 0.030028
2025-06-13 20:44:46,321 NIMPEG01_clean, uptake: 0.039600
2025-06-13 20:44:48,052 NIKYOW02_clean, uptake: 0.031871
2025-06-13 20:45:01,261 NEHGIS_clean, uptake: 0.054568
2025-06-13 20:45:03,028 NIKYOW_clean, uptake: 0.030733
2025-06-13 20:45:12,271 NIMPEG_clean, uptake: 0.041901
2025-06-13 20:45:18,607 NIKYUC01_clean, uptake: 0.032209
2025-06-13 20:45:20,416 NIKYUC02_clean, uptake: 0.031074
2025-06-13 20:45:35,422 NIKYUC_clean, uptake: 0.032532
2025-06-13 20:45:35,777 NIGNUO_clean, uptake: 0.037380
2025-06-13 20:45:38,529 NIKZAJ01_clean, uptake: 0.031336
2025-06-13 20:45:40,186 NIMXIS_clean, uptake: 0.017368
2025-06-13 20:45:40,688 NIKZAJ_clean, uptake: 0.030330
2025-06-13 20:45:42,648 NIKZAJ02_clean, uptake: 0.032640
2025-06-13 20:45:47,184 NIKZEN01_clean, uptake: 0.032864
2025-06-13 20:45:49,277 NIKZEN02_clean, uptake: 0.032244
2025-06-13 20:45:52,651 NIVZOJ_clean, uptake: 0.011661
2025-06-13 20:45:53,165 NINVAI_clean, uptake: 0.051363
2025-06-13 20:45:54,519 NIKZEN_clean, uptake: 0.033895
2025-06-13 20:46:06,971 NIKKIC_clean, uptake: 0.038408
2025-06-13 20:46:13,916 NEXDOK_charged, uptake: 0.012159
2025-06-13 20:46:26,478 NIMXAK_clean, uptake: 0.030207
2025-06-13 20:46:27,681 NIJTOR_clean, uptake: 0.042965
2025-06-13 20:46:59,183 NIRGAY_clean, uptake: 0.031595
2025-06-13 20:47:11,542 NIKJIB_clean, uptake: 0.026687
2025-06-13 20:47:31,091 NIZZIG_clean, uptake: 0.023954
2025-06-13 20:47:41,306 NIZZOM_clean, uptake: 0.024014
2025-06-13 20:47:52,320 MIVWEU_manual, uptake: 0.013583
2025-06-13 20:47:52,492 NIMTAE_clean, uptake: 0.046853
2025-06-13 20:48:07,708 NIMPOQ_clean, uptake: 0.039547
2025-06-13 20:48:11,158 NIYZIG_clean, uptake: 0.040992
2025-06-13 20:48:12,940 NOCLUN_clean, uptake: 0.030401
2025-06-13 20:48:28,553 NODKUN_clean, uptake: 0.054579
2025-06-13 20:48:30,914 NIZZEC_clean, uptake: 0.023114
2025-06-13 20:48:43,306 NOFHOG_clean, uptake: 0.043403
2025-06-13 20:48:46,427 NOCLOH03_clean, uptake: 0.047493
2025-06-13 20:48:46,890 NOCLOH01_clean, uptake: 0.048751
2025-06-13 20:48:48,412 NOCLOH02_clean, uptake: 0.048264
2025-06-13 20:48:50,719 NOCLOH_clean, uptake: 0.048347
2025-06-13 20:49:02,692 NOFQIK_clean, uptake: 0.014336
2025-06-13 20:49:20,609 NOHLAZ_clean, uptake: 0.015209
2025-06-13 20:49:35,520 NOBVOR_clean, uptake: 0.065064
2025-06-13 20:49:37,656 NOCKOG_clean, uptake: 0.062501
2025-06-13 20:49:46,205 NEYVEU_clean, uptake: 0.031968
2025-06-13 20:49:48,023 NOHFOG_clean, uptake: 0.028661
2025-06-13 20:49:52,143 NOKJON_clean, uptake: 0.009731
2025-06-13 20:50:00,354 NOFQOQ_clean, uptake: 0.021646
2025-06-13 20:50:12,732 NOCKUM_clean, uptake: 0.039983
2025-06-13 20:50:15,720 NOCZAI_clean, uptake: 0.011726
2025-06-13 20:50:16,346 NOCYUB_clean, uptake: 0.013075
2025-06-13 20:50:20,714 NOKLIJ_clean, uptake: 0.022568
2025-06-13 20:50:21,791 NISBEX_clean, uptake: 0.015627
2025-06-13 20:50:36,302 NOHSIM_clean, uptake: 0.036918
2025-06-13 20:50:46,035 NOKPEJ_clean, uptake: 0.010554
2025-06-13 20:50:49,676 NUBPIL_clean, uptake: 0.031827
2025-06-13 20:51:12,521 NOSHEK_clean, uptake: 0.028641
2025-06-13 20:51:18,449 NOGDAP_clean, uptake: 0.243404
2025-06-13 20:51:35,987 NORGOS_clean, uptake: 0.003024
2025-06-13 20:51:36,160 NOHSIM01_clean, uptake: 0.052602
2025-06-13 20:51:59,891 NOPJOT_clean, uptake: 0.044402
2025-06-13 20:52:04,119 NUCYAN_clean, uptake: 0.019463
2025-06-13 20:52:08,073 NUCYER_clean, uptake: 0.019499
2025-06-13 20:52:10,250 NODKOH_clean, uptake: 0.046482
2025-06-13 20:52:11,419 NODKAT_clean, uptake: 0.060986
2025-06-13 20:52:12,362 NIZZAY_clean, uptake: 0.024505
2025-06-13 20:52:23,563 NOQKOV_clean, uptake: 0.050059
2025-06-13 20:52:33,149 NUBBAP_clean, uptake: 0.027130
2025-06-13 20:52:33,953 NOSTUM_clean, uptake: 0.055299
2025-06-13 20:52:45,714 NIZNAN_clean, uptake: 0.054347
2025-06-13 20:53:00,886 NOMQAJ01_clean, uptake: 0.097499
2025-06-13 20:53:03,125 NOWGIR_clean, uptake: 0.013019
2025-06-13 20:53:09,425 NUCPEI_clean, uptake: 0.082007
2025-06-13 20:53:16,006 NOFDUI_clean, uptake: 0.034097
2025-06-13 20:53:18,278 NOQKUB_clean, uptake: 0.061439
2025-06-13 20:53:21,857 NUDLIJ_clean, uptake: 0.042440
2025-06-13 20:53:43,513 NISPEL_charged, uptake: 0.046454
2025-06-13 20:53:51,055 NOHSUA_clean, uptake: 0.036378
2025-06-13 20:53:54,830 NUFBEX_clean, uptake: 0.016671
2025-06-13 20:53:59,590 NIYJAI_clean, uptake: 0.033730
2025-06-13 20:54:14,416 NOSTUM01_clean, uptake: 0.052885
2025-06-13 20:54:23,786 NUFCAU_clean, uptake: 0.023893
2025-06-13 20:54:53,897 NUCYIV_clean, uptake: 0.019796
2025-06-13 20:55:04,719 NUFBUN_clean, uptake: 0.033666
2025-06-13 20:55:13,375 NUDMAC_clean, uptake: 0.044188
2025-06-13 20:55:30,782 NUDMEG_clean, uptake: 0.044062
2025-06-13 20:55:31,772 NULMAJ_clean, uptake: 0.016628
2025-06-13 20:55:33,842 NUNNUH_clean, uptake: 0.038595
2025-06-13 20:55:43,363 NUNPAP_clean, uptake: 0.035814
2025-06-13 20:55:43,411 NUDMOQ_clean, uptake: 0.043244
2025-06-13 20:55:48,253 NUFTOY_charged, uptake: 0.071748
2025-06-13 20:55:54,170 NUDMUW_clean, uptake: 0.044539
2025-06-13 20:55:57,190 NUJCEA_clean, uptake: 0.004101
2025-06-13 20:56:04,426 NUDNEH_clean, uptake: 0.043576
2025-06-13 20:56:12,894 NUTQAV_clean, uptake: 0.032224
2025-06-13 20:56:26,700 NUJCIE_clean, uptake: 0.004230
2025-06-13 20:56:58,362 NUHPAI_clean, uptake: 0.043042
2025-06-13 20:57:01,546 NURMUJ_clean, uptake: 0.032887
2025-06-13 20:57:56,012 NUVBIQ_clean, uptake: 0.020342
2025-06-13 20:57:57,364 NUYNEC_clean, uptake: 0.021505
2025-06-13 20:58:12,858 NUWBOX_clean, uptake: 0.009804
2025-06-13 20:58:20,746 NUHQAK_clean, uptake: 0.049315
2025-06-13 20:58:27,307 NUFBOH_clean, uptake: 0.069052
2025-06-13 20:58:27,645 NUWPOM_clean, uptake: 0.009951
2025-06-13 20:58:38,309 NUNCEG_clean, uptake: 0.038061
2025-06-13 20:58:43,788 OBAFEF_clean, uptake: 0.009849
2025-06-13 20:58:57,933 NUVXOT_clean, uptake: 0.027297
2025-06-13 20:58:59,859 OBAFIJ_clean, uptake: 0.012830
2025-06-13 20:59:06,856 NUHNUA_clean, uptake: 0.041941
2025-06-13 20:59:29,055 NUVWEH_clean, uptake: 0.015217
2025-06-13 20:59:34,187 NUYQUU_clean, uptake: 0.044113
2025-06-13 20:59:59,700 NUCCEV_clean, uptake: 0.054570
2025-06-13 21:00:16,514 NUHZAS_clean, uptake: 0.050120
2025-06-13 21:00:42,097 OBOGUK_clean, uptake: 0.031376
2025-06-13 21:01:12,730 OBODEQ_clean, uptake: 0.034798
2025-06-13 21:01:28,269 NUTYEI_clean, uptake: 0.025857
2025-06-13 21:01:30,335 NUGRIR_clean, uptake: 0.014160
2025-06-13 21:01:34,942 NUTYIM_clean, uptake: 0.025613
2025-06-13 21:01:35,235 NUHQIS_clean, uptake: 0.040464
2025-06-13 21:01:36,557 NORBUT_clean, uptake: 0.006020
2025-06-13 21:01:49,944 NUHQUE_clean, uptake: 0.040062
2025-06-13 21:01:50,556 NUHQOY_clean, uptake: 0.040556
2025-06-13 21:02:00,271 OBAFOP_clean, uptake: 0.012170
2025-06-13 21:02:02,203 NUHRAL_clean, uptake: 0.041428
2025-06-13 21:02:25,400 OBIBEJ_clean, uptake: 0.034776
2025-06-13 21:02:28,138 NUVYOT_clean, uptake: 0.041318
2025-06-13 21:02:33,300 NOSJIQ_charged, uptake: 0.003659
2025-06-13 21:03:00,467 OBUBOC_manual, uptake: 0.006521
2025-06-13 21:03:03,688 NUDLAA_clean, uptake: 0.059169
2025-06-13 21:03:05,529 OBEDEE_clean, uptake: 0.031745
2025-06-13 21:03:12,300 NUCBIY_clean, uptake: 0.036329
2025-06-13 21:03:21,260 NUNSIA_clean, uptake: 0.026836
2025-06-13 21:03:21,812 NUGROX_clean, uptake: 0.015898
2025-06-13 21:03:46,422 OBIBAF_clean, uptake: 0.044340
2025-06-13 21:03:47,892 OCACUR_clean, uptake: 0.041612
2025-06-13 21:03:49,632 NUNSOG_clean, uptake: 0.027989
2025-06-13 21:04:09,435 OCUGEZ_clean, uptake: 0.025242
2025-06-13 21:04:12,201 OCUGEZ01_clean, uptake: 0.024443
2025-06-13 21:04:12,599 OBIBOT_clean, uptake: 0.036916
2025-06-13 21:04:14,957 OBEDAA_charged, uptake: 0.043287
2025-06-13 21:04:15,640 OBUFEX_clean, uptake: 0.039082
2025-06-13 21:04:57,899 OCAQOY_clean, uptake: 0.017871
2025-06-13 21:05:29,079 OBAHIL_clean, uptake: 0.044367
2025-06-13 21:05:30,993 ODIMAQ_clean, uptake: 0.006591
2025-06-13 21:05:32,393 OBONUO_charged, uptake: 0.024007
2025-06-13 21:05:43,232 OBAHUX_clean, uptake: 0.043247
2025-06-13 21:05:52,148 OCURAG_clean, uptake: 0.039055
2025-06-13 21:05:53,338 OBAJAF_clean, uptake: 0.043426
2025-06-13 21:06:06,984 OCUSIP_clean, uptake: 0.028100
2025-06-13 21:06:08,055 OBAHOR_clean, uptake: 0.050549
2025-06-13 21:06:09,028 OCOKUP_clean, uptake: 0.042961
2025-06-13 21:06:09,182 ODAHIK_charged, uptake: 0.031366
2025-06-13 21:06:13,663 OCUSUB_clean, uptake: 0.039287
2025-06-13 21:06:15,132 OCUPUY_clean, uptake: 0.068276
2025-06-13 21:06:25,174 OFAWAV_clean, uptake: 0.015716
2025-06-13 21:06:30,629 OCUSOV_clean, uptake: 0.046545
2025-06-13 21:06:32,240 OCUTEM_clean, uptake: 0.043786
2025-06-13 21:06:34,064 ODIXEG_clean, uptake: 0.034618
2025-06-13 21:06:34,882 OCUVUF_clean, uptake: 0.002888
2025-06-13 21:06:45,983 ODERIZ_clean, uptake: 0.035672
2025-06-13 21:07:10,021 OBUFIB_SL, uptake: 0.024494
2025-06-13 21:07:14,247 OFAWEZ_clean, uptake: 0.015926
2025-06-13 21:07:15,537 ODIVUU_clean, uptake: 0.044947
2025-06-13 21:07:38,521 ODOMIF_clean, uptake: 0.081544
2025-06-13 21:07:44,526 OCUNAE_clean, uptake: 0.025039
2025-06-13 21:07:45,276 OCUMIL_clean, uptake: 0.024844
2025-06-13 21:07:47,708 ODEZAB_clean, uptake: 0.055441
2025-06-13 21:07:51,281 OFEREX_clean, uptake: 0.034225
2025-06-13 21:08:05,849 OFERUN06_clean, uptake: 0.014707
2025-06-13 21:08:28,683 OFEHAK_clean, uptake: 0.034283
2025-06-13 21:08:37,912 ODODUI_clean, uptake: 0.032121
2025-06-13 21:08:46,589 OCUMOR_clean, uptake: 0.029749
2025-06-13 21:08:53,409 OGAGEJ_clean, uptake: 0.034455
2025-06-13 21:08:56,550 OFERUN_clean, uptake: 0.017813
2025-06-13 21:09:03,883 OCAWAT_clean, uptake: 0.032105
2025-06-13 21:09:04,140 ODODOC_clean, uptake: 0.031204
2025-06-13 21:09:17,340 OFUCEZ_clean, uptake: 0.021425
2025-06-13 21:09:36,455 ODODIW_clean, uptake: 0.044446
2025-06-13 21:09:47,813 OFUCAV_clean, uptake: 0.030872
2025-06-13 21:09:53,845 NUWVIM_clean, uptake: 0.048840
2025-06-13 21:09:53,885 OGEBAF01_clean, uptake: 0.030247
2025-06-13 21:10:09,573 ODUNEH_clean, uptake: 0.041864
2025-06-13 21:10:20,608 OGIBUD_clean, uptake: 0.053416
2025-06-13 21:10:23,294 OGAGAF_clean, uptake: 0.027913
2025-06-13 21:10:29,585 OFODET_clean, uptake: 0.037017
2025-06-13 21:10:32,616 OFESEY_clean, uptake: 0.017466
2025-06-13 21:10:37,176 OFESIC_clean, uptake: 0.016671
2025-06-13 21:10:44,767 OFESAU_clean, uptake: 0.017473
2025-06-13 21:11:03,144 ODOXEK_clean, uptake: 0.058355
2025-06-13 21:11:18,118 OGAXUR_clean, uptake: 0.041553
2025-06-13 21:11:22,826 OFUYUL_SL, uptake: 0.052593
2025-06-13 21:11:41,219 OJONOQ_clean, uptake: 0.008320
2025-06-13 21:11:46,932 OGECOU_clean, uptake: 0.044588
2025-06-13 21:11:56,271 ODODES_clean, uptake: 0.046441
2025-06-13 21:11:59,172 OJICUG_clean, uptake: 0.029491
2025-06-13 21:11:59,344 OGAGIN_clean, uptake: 0.034405
2025-06-13 21:12:09,561 OHEMIX_clean, uptake: 0.017914
2025-06-13 21:12:24,047 OGOJOJ_charged, uptake: 0.006082
2025-06-13 21:12:31,059 OGURAK_charged, uptake: 0.047648
2025-06-13 21:12:44,469 OFOCUI_clean, uptake: 0.033416
2025-06-13 21:13:08,111 OGUJIL_clean, uptake: 0.026732
2025-06-13 21:13:11,004 OHAKEO_clean, uptake: 0.060807
2025-06-13 21:13:22,986 NOFQAB_clean, uptake: 0.049600
2025-06-13 21:13:23,363 OKABAE_clean, uptake: 0.031118
2025-06-13 21:13:24,043 OGOWAJ_clean, uptake: 0.039955
2025-06-13 21:13:24,362 OHUMIP_clean, uptake: 0.008964
2025-06-13 21:13:29,890 OHOMIH_clean, uptake: 0.037757
2025-06-13 21:13:35,366 OGIYUZ_clean, uptake: 0.042303
2025-06-13 21:13:37,251 OGIYOT_charged, uptake: 0.044357
2025-06-13 21:13:38,142 OKABEI_clean, uptake: 0.032966
2025-06-13 21:13:58,414 OHAKIS_clean, uptake: 0.089011
2025-06-13 21:14:36,750 OJIDAN_clean, uptake: 0.022549
2025-06-13 21:14:40,111 OJORUC_clean, uptake: 0.065084
2025-06-13 21:15:06,027 OKILEA_clean, uptake: 0.015562
2025-06-13 21:15:27,714 OJIWAG_clean, uptake: 0.058460
2025-06-13 21:15:28,739 OJIWIO_clean, uptake: 0.042714
2025-06-13 21:15:30,256 OKELOH_clean, uptake: 0.043104
2025-06-13 21:15:36,040 OKITAE_clean, uptake: 0.022927
2025-06-13 21:15:37,727 OKAYOQ_clean, uptake: 0.069172
2025-06-13 21:15:40,602 OKAYUW_clean, uptake: 0.070767
2025-06-13 21:15:52,841 OKAZAD_clean, uptake: 0.072844
2025-06-13 21:16:05,512 OHIHET_clean, uptake: 0.036782
2025-06-13 21:16:35,493 OGIBOV_clean, uptake: 0.614381
2025-06-13 21:16:42,745 OGUPIQ_clean, uptake: 0.038729
2025-06-13 21:17:02,905 OKIJUO_charged, uptake: 0.037659
2025-06-13 21:17:16,188 OKIKAV_charged, uptake: 0.043517
2025-06-13 21:17:55,597 OKIKEZ_charged, uptake: 0.037779
2025-06-13 21:18:41,147 OJICEQ_charged, uptake: 0.029911
2025-06-13 21:19:00,528 OJAZOP_clean, uptake: 0.012598
2025-06-13 21:19:26,671 OKITIM_charged, uptake: 0.061399
2025-06-13 21:19:37,752 OKIVUA_clean, uptake: 0.062653
2025-06-13 21:19:39,152 OKITIM01_charged, uptake: 0.064841
2025-06-13 21:19:40,390 OKIVAG_charged, uptake: 0.055925
2025-06-13 21:19:41,496 OKIVIO01_charged, uptake: 0.062729
2025-06-13 21:19:42,017 OKITIM02_charged, uptake: 0.063536
2025-06-13 21:19:47,719 OKIVAG01_charged, uptake: 0.059940
2025-06-13 21:20:04,311 OKIVIO02_charged, uptake: 0.063529
2025-06-13 21:20:38,901 OKIWUB02_clean, uptake: 0.058841
2025-06-13 21:20:42,739 OKIVIO_charged, uptake: 0.062586
2025-06-13 21:20:49,749 OKAYAC_clean, uptake: 0.118488
2025-06-13 21:20:59,953 OKAYEG_clean, uptake: 0.124007
2025-06-13 21:21:06,254 OKIWEL01_charged, uptake: 0.061486
2025-06-13 21:21:10,825 OKIWUB01_charged, uptake: 0.053098
2025-06-13 21:21:11,501 OKIQEG_clean, uptake: 0.038260
2025-06-13 21:21:13,984 OKIXIQ01_charged, uptake: 0.057401
2025-06-13 21:21:14,975 OKAYIK_clean, uptake: 0.120482
2025-06-13 21:21:16,893 OKIWUB_charged, uptake: 0.054854
2025-06-13 21:21:41,275 OKIWEL02_charged, uptake: 0.062380
2025-06-13 21:21:43,613 OKIWEL_charged, uptake: 0.062073
2025-06-13 21:21:44,186 OKIYAJ01_clean, uptake: 0.061295
2025-06-13 21:21:48,211 OKIXIQ_charged, uptake: 0.056156
2025-06-13 21:21:50,577 OKIXIQ02_charged, uptake: 0.056995
2025-06-13 21:22:35,208 OKIYIR01_charged, uptake: 0.057069
2025-06-13 21:22:47,405 OKIYAJ_charged, uptake: 0.055310
2025-06-13 21:22:54,146 OLANAS_clean, uptake: 0.018190
2025-06-13 21:23:26,382 OKIYIR02_charged, uptake: 0.060387
2025-06-13 21:23:28,943 OKOSUE_clean, uptake: 0.029126
2025-06-13 21:24:00,967 OLUCAZ_clean, uptake: 0.020483
2025-06-13 21:24:02,891 OKIYIR03_charged, uptake: 0.059678
2025-06-13 21:24:24,397 OLANEW_clean, uptake: 0.016745
2025-06-13 21:24:44,796 OKIYIR_charged, uptake: 0.060090
2025-06-13 21:24:45,911 OLOYOF_clean, uptake: 0.040354
2025-06-13 21:25:31,285 OLAGIR_clean, uptake: 0.051072
2025-06-13 21:25:42,801 OGIKAR_clean, uptake: 0.039645
2025-06-13 21:25:54,360 OLURUI_charged, uptake: 0.116071
2025-06-13 21:25:55,135 OLURUI01_charged, uptake: 0.130372
2025-06-13 21:25:59,775 OLOGEC_clean, uptake: 0.030659
2025-06-13 21:26:29,620 OLAQOI_clean, uptake: 0.005336
2025-06-13 21:26:31,538 OLUROC_clean, uptake: 0.134845
2025-06-13 21:27:20,379 OHUMEL_clean, uptake: 0.011171
2025-06-13 21:27:50,170 OLEKUM_manual, uptake: 0.031527
2025-06-13 21:28:52,936 OKUSUK_clean, uptake: 0.034389
2025-06-13 21:28:58,007 OKUTEV_clean, uptake: 0.034833
2025-06-13 21:29:03,695 OKUTAR_clean, uptake: 0.037462
2025-06-13 21:31:14,598 OKUKOW_clean, uptake: 0.039202
2025-06-13 21:31:59,675 OLICIX_clean, uptake: 0.044709
2025-06-13 21:33:13,718 OLOPEM_clean, uptake: 0.080133
2025-06-13 21:40:56,931 OCUNAC_manual, uptake: 0.032042
2025-06-14 00:29:16,592 LAFRAN01_clean, uptake: 0.051325
