2025-06-13 16:50:16,551 acscombsci.5b00188_5013797_clean, uptake: 0.031446
2025-06-13 16:50:25,336 acs.inorgchem.6b01762_ic6b01762_si_002_clean, uptake: 0.004276
2025-06-13 16:50:29,336 ADOBIF_clean, uptake: 0.025004
2025-06-13 16:50:37,842 ANOMOG_clean, uptake: 0.049109
2025-06-13 16:50:42,801 AHUFIU_clean, uptake: 0.015131
2025-06-13 16:50:48,806 am301365h_si_002_clean, uptake: 0.021181
2025-06-13 16:50:59,280 AGUBUA_clean, uptake: 0.123715
2025-06-13 16:51:22,951 acs.inorgchem.6b01211_ic6b01211_si_002_clean, uptake: 0.050149
2025-06-13 16:56:29,134 acscombsci.5b00188_5013797_clean, uptake: 0.031321
2025-06-13 16:56:36,528 acs.inorgchem.6b01762_ic6b01762_si_002_clean, uptake: 0.004314
2025-06-13 16:56:40,164 ADOBIF_clean, uptake: 0.024794
2025-06-13 16:56:50,687 ANOMOG_clean, uptake: 0.049505
2025-06-13 16:56:54,898 AHUFIU_clean, uptake: 0.015168
2025-06-13 16:57:05,320 am301365h_si_002_clean, uptake: 0.021839
2025-06-13 16:57:07,513 AGUBUA_clean, uptake: 0.124974
2025-06-13 16:57:30,682 acs.inorgchem.6b01211_ic6b01211_si_002_clean, uptake: 0.050254
2025-06-13 16:57:46,953 acs.cgd.5b01554_VAGNUP1452791_clean, uptake: 0.011981
2025-06-13 16:57:52,059 AFEKAX_clean, uptake: 0.112497
2025-06-13 16:57:56,898 acs.chemmater.5b03723_cm5b03723_si_005_clean, uptake: 0.053026
2025-06-13 16:58:15,538 acscombsci.5b00188_34903_clean, uptake: 0.170151
2025-06-13 16:58:24,168 AMIZIG_clean, uptake: 0.013586
2025-06-13 16:58:33,673 acs.inorgchem.6b01416_ic6b01416_si_004_clean, uptake: 0.050710
2025-06-13 16:58:41,691 AQOTIK_clean, uptake: 0.049488
2025-06-13 16:59:09,205 AQEGUY_clean, uptake: 0.063103
2025-06-13 16:59:11,630 AQOLOJ_clean, uptake: 0.108430
2025-06-13 16:59:49,788 ATEZEG_clean, uptake: 0.043636
2025-06-13 16:59:54,753 ASIVEF_clean, uptake: 0.031566
2025-06-13 17:00:00,261 AVETAY_clean, uptake: 0.084138
2025-06-13 17:00:06,720 ATEZIK_clean, uptake: 0.038070
2025-06-13 17:00:11,560 AWUPOZ_clean, uptake: 0.034120
2025-06-13 17:00:33,663 AQIXUU_clean, uptake: 0.067133
2025-06-13 17:00:51,754 AXIGAR_clean, uptake: 0.019783
2025-06-13 17:01:07,090 APEBII_clean, uptake: 0.278815
2025-06-13 17:01:12,589 ASEKAM_clean, uptake: 0.035883
2025-06-13 17:01:37,299 ASANAL_clean, uptake: 0.046238
2025-06-13 17:01:53,553 acs.chemmater.5b03723_cm5b03723_si_004_clean, uptake: 0.112502
2025-06-13 17:01:56,821 1499489-acs.cgd.6b01265_1499490_clean, uptake: 0.067151
2025-06-13 17:01:57,116 AXINAX_clean, uptake: 0.034394
2025-06-13 17:02:04,514 BEWCUD_clean, uptake: 0.032221
2025-06-13 17:02:20,357 APEBOO_clean, uptake: 0.475163
2025-06-13 17:02:24,726 ATUZEW_clean, uptake: 0.065781
2025-06-13 17:02:38,344 acs.inorgchem.6b00136_ic6b00136_si_002_clean, uptake: 0.084223
2025-06-13 17:02:42,220 AKOXIJ_clean, uptake: 0.280542
2025-06-13 17:03:10,140 BAKYIY_clean, uptake: 0.051705
2025-06-13 17:03:31,702 BICDAU_clean, uptake: 0.030343
2025-06-13 17:03:38,120 BEXVIL_clean, uptake: 0.029284
2025-06-13 17:03:48,251 AHIYOH_clean, uptake: 0.050014
2025-06-13 17:03:53,174 BETDOV_clean, uptake: 0.040058
2025-06-13 17:04:01,658 BEWVEG_clean, uptake: 0.030016
2025-06-13 17:04:03,460 BETFOX_clean, uptake: 0.042484
2025-06-13 17:04:23,113 AWEJES_clean, uptake: 0.021072
2025-06-13 17:04:54,448 AWEWOP_clean, uptake: 0.040118
2025-06-13 17:05:12,470 ATEJOA_clean, uptake: 0.316834
2025-06-13 17:05:12,963 BEXVAD01_clean, uptake: 0.063831
2025-06-13 17:05:20,832 ASEXED_clean, uptake: 0.171837
2025-06-13 17:05:47,495 BIPBAF_clean, uptake: 0.035421
2025-06-13 17:05:57,053 BEXVAD_clean, uptake: 0.080563
2025-06-13 17:05:58,367 BEXTUV_clean, uptake: 0.085151
2025-06-13 17:06:23,302 BIRGIU_clean, uptake: 0.020012
2025-06-13 17:06:24,071 BIHBEB_clean, uptake: 0.106747
2025-06-13 17:06:30,523 BIJFAD_clean, uptake: 0.030463
2025-06-13 17:06:38,907 BUKMUQ_clean, uptake: 0.039914
2025-06-13 17:06:39,089 BOWSOW_clean, uptake: 0.081411
2025-06-13 17:06:52,711 BABREE_clean, uptake: 0.036920
2025-06-13 17:06:54,171 BORBEQ_clean, uptake: 0.041161
2025-06-13 17:07:14,125 BEGDEY_clean, uptake: 0.182810
2025-06-13 17:07:45,422 acs.inorgchem.5b02378_ic5b02378_si_002_clean, uptake: 0.168535
2025-06-13 17:07:51,975 BIWSOQ_clean, uptake: 0.079232
2025-06-13 17:08:16,009 ACODAZ_clean, uptake: 0.036627
2025-06-13 17:08:18,006 BOHWOM_clean, uptake: 0.036506
2025-06-13 17:08:30,499 ACOCOM_clean, uptake: 0.036221
2025-06-13 17:08:34,584 ACOCUS_clean, uptake: 0.036672
2025-06-13 17:08:37,656 acs.jpcc.6b04690_jp6b04690_si_005_clean, uptake: 0.197930
2025-06-13 17:08:45,679 BADXAI_clean, uptake: 0.009884
2025-06-13 17:09:50,443 c4dt02048k_c4dt02048k2_clean, uptake: 0.016436
2025-06-13 17:10:24,460 c5cc09935h_c5cc09935h2_clean, uptake: 0.026202
2025-06-13 17:10:25,882 BUVVIZ_clean, uptake: 0.011890
2025-06-13 17:10:32,828 BUPDOH_clean, uptake: 0.100302
2025-06-13 17:10:33,347 BOSHIC_clean, uptake: 0.114143
2025-06-13 17:10:44,691 BINMIW_clean, uptake: 0.093926
2025-06-13 17:10:46,027 c5dt02651b_c5dt02651b2_clean, uptake: 0.008802
2025-06-13 17:10:53,278 BUVVOF_clean, uptake: 0.008521
2025-06-13 17:10:54,417 BUCSAU_clean, uptake: 0.094723
2025-06-13 17:11:03,906 BUCSIC01_clean, uptake: 0.120980
2025-06-13 17:11:03,941 c5dt03038b_c5dt03038b2_clean, uptake: 0.059227
2025-06-13 17:11:05,354 c5ce00931f_c5ce00931f2_clean, uptake: 0.047191
2025-06-13 17:11:08,367 c5dt03710g_c5dt03710g2_clean, uptake: 0.088569
2025-06-13 17:11:11,422 BERQIA_clean, uptake: 0.092906
2025-06-13 17:11:18,284 c5dt04943a_c5dt04943a2_clean, uptake: 0.046037
2025-06-13 17:11:31,961 c6cc00589f_c6cc00589f3_clean, uptake: 0.017211
2025-06-13 17:11:40,853 c5dt01100k_c5dt01100k2_clean, uptake: 0.010037
2025-06-13 17:11:51,309 c4ra13058h_c4ra13058h2_clean, uptake: 0.236387
2025-06-13 17:12:04,140 c5ce00923e_c5ce00923e2_clean, uptake: 0.343552
2025-06-13 17:12:27,657 acs.inorgchem.5b02316_ic5b02316_si_002_clean, uptake: 0.669308
2025-06-13 17:12:44,703 c6ce00465b_c6ce00465b2_clean, uptake: 0.067684
2025-06-13 17:13:31,775 c6cc00589f_c6cc00589f2_clean, uptake: 0.022920
2025-06-13 17:13:37,675 CASWIE_clean, uptake: 0.078411
2025-06-13 17:14:07,839 CAXSUR_SL, uptake: 0.029816
2025-06-13 17:14:30,353 CAYQIE_clean, uptake: 0.044371
2025-06-13 17:14:45,165 c5ta03835a_c5ta03835a2_clean, uptake: 0.032126
2025-06-13 17:15:03,240 c6cc03787a_c6cc03787a2_clean, uptake: 0.037360
2025-06-13 17:15:08,160 c5nj02236c_c5nj02236c2_clean, uptake: 0.077421
2025-06-13 17:15:09,296 c5dt05023e_c5dt05023e2_clean, uptake: 0.073361
2025-06-13 17:15:11,403 c6cc01597b_c6cc01597b2_clean, uptake: 0.194608
2025-06-13 17:15:20,218 c5ce01790d_c5ce01790d1_clean, uptake: 0.029653
2025-06-13 17:15:29,912 CAYQUQ_clean, uptake: 0.042869
2025-06-13 17:15:54,985 c5qi00128e_c5qi00128e2_clean, uptake: 0.098067
2025-06-13 17:16:14,194 CACNOM_clean, uptake: 0.061656
2025-06-13 17:17:11,860 CEMKOV_clean, uptake: 0.086090
2025-06-13 17:17:28,853 CEKNIQ_clean, uptake: 0.030225
2025-06-13 17:17:37,358 CEYYIQ_clean, uptake: 0.006987
2025-06-13 17:17:37,939 CESFOW_clean, uptake: 0.052109
2025-06-13 17:17:41,968 BUXTUL_clean, uptake: 0.029165
2025-06-13 17:18:17,009 c5nj03044g_c5nj03044g2_clean, uptake: 0.072558
2025-06-13 17:18:31,188 CAYQOK_clean, uptake: 0.044381
2025-06-13 17:18:42,040 CEDFUO_clean, uptake: 0.048239
2025-06-13 17:19:25,908 c5ta05481h_c5ta05481h2_clean, uptake: 0.296920
2025-06-13 17:19:33,955 cg300979c_si_002_clean, uptake: 0.022149
2025-06-13 17:19:37,519 CEYWOU_clean, uptake: 0.088597
2025-06-13 17:19:39,117 cg3015354_si_002_clean, uptake: 0.013839
2025-06-13 17:19:41,590 CESFIQ_clean, uptake: 0.067931
2025-06-13 17:19:57,547 cg2007167_si_002_clean, uptake: 0.022524
2025-06-13 17:20:40,379 cg050585esi20051105_115011_clean, uptake: 0.106471
2025-06-13 17:20:47,724 CEDFOI_clean, uptake: 0.046898
2025-06-13 17:20:48,875 c5sc00614g_c5sc00614g2_clean, uptake: 0.164199
2025-06-13 17:20:53,670 CAVMIX_clean, uptake: 0.049813
2025-06-13 17:21:37,424 CIPLIX_clean, uptake: 0.064114
2025-06-13 17:21:40,505 CILFIN_clean, uptake: 0.105428
2025-06-13 17:22:06,870 cg801267m_si_003_clean, uptake: 0.059105
2025-06-13 17:22:13,095 cm071462f-file004_clean, uptake: 0.043828
2025-06-13 17:22:18,676 CIXCOC_clean, uptake: 0.002396
2025-06-13 17:22:36,834 cg801267m_si_004_clean, uptake: 0.057443
2025-06-13 17:22:56,433 cg500192d_si_002_clean, uptake: 0.058698
2025-06-13 17:23:15,070 c6dt01288d_c6dt01288d2_clean, uptake: 0.093707
2025-06-13 17:23:17,258 cg801267m_si_002_clean, uptake: 0.073225
2025-06-13 17:23:20,893 cg801267m_si_001_clean, uptake: 0.073852
2025-06-13 17:23:27,962 cg100357q_si_002_clean, uptake: 0.103075
2025-06-13 17:24:11,607 CUGLIB_clean, uptake: 0.006255
2025-06-13 17:24:31,297 CUGYIO_clean, uptake: 0.006479
2025-06-13 17:24:33,988 c5ta10401g_c5ta10401g2_clean, uptake: 0.587686
2025-06-13 17:24:48,665 cg501141m_si_003_clean, uptake: 0.067784
2025-06-13 17:24:49,647 CUGZAH_clean, uptake: 0.005602
2025-06-13 17:25:13,914 CUFQUR_clean, uptake: 0.008139
2025-06-13 17:25:40,929 COJMOF02_clean, uptake: 0.042055
2025-06-13 17:26:19,130 CUQRUD_clean, uptake: 0.064782
2025-06-13 17:26:34,269 cg4012185_si_002_clean, uptake: 0.271724
2025-06-13 17:26:38,658 CUPHIG_clean, uptake: 0.049427
2025-06-13 17:26:39,649 AQERUL_clean, uptake: 0.339110
2025-06-13 17:27:38,748 COJMIZ_clean, uptake: 0.046903
2025-06-13 17:28:08,086 cg3002866_si_001_clean, uptake: 0.042991
2025-06-13 17:28:19,849 COQJOJ_clean, uptake: 0.069427
2025-06-13 17:28:33,806 CUSXIY_clean, uptake: 0.030204
2025-06-13 17:28:53,593 COQJID_clean, uptake: 0.067374
2025-06-13 17:29:00,003 COQJUP_clean, uptake: 0.074231
2025-06-13 17:29:10,963 comp2_clean, uptake: 0.017469
2025-06-13 17:29:24,549 CUTCAX_clean, uptake: 0.066331
2025-06-13 17:29:38,870 CUTFII_clean, uptake: 0.078135
2025-06-13 17:29:58,440 c6ta07145g_c6ta07145g2_clean, uptake: 0.038216
2025-06-13 17:30:23,512 COXDIE_clean, uptake: 0.020668
2025-06-13 17:30:33,597 CUWXAV_clean, uptake: 0.048193
2025-06-13 17:31:25,607 DEYDOA_clean, uptake: 0.023685
2025-06-13 17:31:28,137 DANZOJ_neutral, uptake: 0.041178
2025-06-13 17:31:45,637 CURZAR_clean, uptake: 0.012360
2025-06-13 17:31:50,092 CIQQIE_clean, uptake: 0.067275
2025-06-13 17:31:55,527 CUSXOE_clean, uptake: 0.035923
2025-06-13 17:32:06,819 DAMRAN_clean, uptake: 0.052297
2025-06-13 17:32:17,989 CUVVOG_clean, uptake: 0.045668
2025-06-13 17:32:50,665 DEYLOJ_clean, uptake: 0.002409
2025-06-13 17:33:33,104 DEKPUF_clean, uptake: 0.029646
2025-06-13 17:34:04,662 DACSAE_clean, uptake: 0.229058
2025-06-13 17:34:27,505 COYMIN_clean, uptake: 0.040507
2025-06-13 17:34:29,413 DAFXUG_clean, uptake: 0.465924
2025-06-13 17:34:51,354 DACSEI_clean, uptake: 0.228461
2025-06-13 17:34:59,744 DIZVAK_clean, uptake: 0.099644
2025-06-13 17:35:42,494 COWDEZ_clean, uptake: 0.019913
2025-06-13 17:35:59,063 DOFTID_clean, uptake: 0.035160
2025-06-13 17:36:19,410 DOFTOJ_clean, uptake: 0.048949
2025-06-13 17:36:57,046 DIMQIB_clean, uptake: 0.096471
2025-06-13 17:37:02,514 CUXFUX_clean, uptake: 0.078314
2025-06-13 17:37:11,750 DALVEU_clean, uptake: 0.048682
2025-06-13 17:37:19,803 DUXZIG01_clean, uptake: 0.020032
2025-06-13 17:37:31,514 acs.inorgchem.6b00276_ic6b00276_si_006_clean, uptake: 0.093570
2025-06-13 17:37:31,582 CUVTIX_clean, uptake: 0.560631
2025-06-13 17:38:11,465 DADXUE_clean, uptake: 0.120124
2025-06-13 17:38:17,305 DAZCAK_clean, uptake: 0.055869
2025-06-13 17:38:29,574 c5ta09507g_c5ta09507g2_clean, uptake: 0.177975
2025-06-13 17:38:36,785 DUDKIY_clean, uptake: 0.048378
2025-06-13 17:38:52,714 DOMGAP_clean, uptake: 0.046733
2025-06-13 17:39:00,443 DIWMUT_clean, uptake: 0.063480
2025-06-13 17:39:26,847 EBEXAN_clean, uptake: 0.015580
2025-06-13 17:39:29,812 EBEWUG_clean, uptake: 0.017428
2025-06-13 17:39:31,527 DUZKEQ_clean, uptake: 0.014247
2025-06-13 17:39:33,364 EBEXIV_clean, uptake: 0.015855
2025-06-13 17:39:40,979 DOJXOR_clean, uptake: 0.046680
2025-06-13 17:39:41,615 DONXOV_clean, uptake: 0.180003
2025-06-13 17:40:08,061 CUHLUO_clean, uptake: 0.180596
2025-06-13 17:40:16,518 EDUTUS_clean, uptake: 0.049227
2025-06-13 17:40:28,254 DUZKAM_clean, uptake: 0.018219
2025-06-13 17:40:37,098 DOGBAE_clean, uptake: 0.042090
2025-06-13 17:40:56,584 EDUWAB_clean, uptake: 0.032751
2025-06-13 17:41:43,998 DUNYOC_clean, uptake: 0.031143
2025-06-13 17:41:49,816 EDUVII_clean, uptake: 0.036487
2025-06-13 17:41:50,315 AKIXEZ_clean, uptake: 1.143304
2025-06-13 17:41:53,614 DUQRUD_clean, uptake: 0.016765
2025-06-13 17:41:54,982 ECEZAO_clean, uptake: 0.049215
2025-06-13 17:42:03,683 EBEXIU02_clean, uptake: 0.115053
2025-06-13 17:42:07,627 EBOXEA_clean, uptake: 0.007705
2025-06-13 17:43:03,609 EDUVUU_clean, uptake: 0.030260
2025-06-13 17:43:13,431 BUBDIL_clean, uptake: 1.407887
2025-06-13 17:43:42,370 EDUVAA_clean, uptake: 0.047172
2025-06-13 17:44:20,664 EKEKIQ_clean, uptake: 0.017586
2025-06-13 17:44:21,922 EGABAR_clean, uptake: 0.045996
2025-06-13 17:44:27,948 EJESUJ_clean, uptake: 0.025763
2025-06-13 17:44:42,972 CUWHUZ_clean, uptake: 0.056073
2025-06-13 17:44:43,603 DOLWEI_clean, uptake: 0.033064
2025-06-13 17:44:59,960 EFEGEC_clean, uptake: 0.365861
2025-06-13 17:45:49,308 ENCDBZ_clean, uptake: 0.034212
2025-06-13 17:45:56,576 ENCDBZ01_clean, uptake: 0.025147
2025-06-13 17:46:10,021 ENCNBZ01_clean, uptake: 0.049037
2025-06-13 17:46:45,140 DITPED_clean, uptake: 0.036628
2025-06-13 17:47:32,234 EMIREX_clean, uptake: 0.009305
2025-06-13 17:47:58,472 DOTFOJ_clean, uptake: 0.057918
2025-06-13 17:48:17,563 EPUSUE_clean, uptake: 0.005138
2025-06-13 17:48:48,601 EGEJUW_clean, uptake: 0.031586
2025-06-13 17:49:03,470 DUKNEE_clean, uptake: 0.041577
2025-06-13 17:49:24,781 EHUSUX_clean, uptake: 0.075439
2025-06-13 17:50:12,263 ELEROE_clean, uptake: 0.051025
2025-06-13 17:50:12,967 ELECIJ_clean, uptake: 0.068454
2025-06-13 17:50:27,747 EQOCOC01_clean, uptake: 0.055757
2025-06-13 17:50:34,905 ERAMOB_clean, uptake: 0.038741
2025-06-13 17:51:00,669 EKEMEO_clean, uptake: 0.417133
2025-06-13 17:51:18,923 ESEBOV_clean, uptake: 0.028217
2025-06-13 17:51:41,047 EDUSOL_clean, uptake: 0.061678
2025-06-13 17:51:48,030 CODVAU_clean, uptake: 1.246801
2025-06-13 17:52:04,142 ERAQAR_clean, uptake: 0.071961
2025-06-13 17:52:17,573 ERALIU_clean, uptake: 0.083823
2025-06-13 17:52:25,046 EHUTAE_clean, uptake: 0.076148
2025-06-13 17:52:25,561 ENEQUL_clean, uptake: 0.032155
2025-06-13 17:52:40,538 ERANES_clean, uptake: 0.037679
2025-06-13 17:52:51,134 EKEKOW_clean, uptake: 0.081171
2025-06-13 17:53:10,512 ERANOC_clean, uptake: 0.066951
2025-06-13 17:53:36,015 EJATIS_clean, uptake: 0.811437
2025-06-13 17:53:45,175 ERALEQ_clean, uptake: 0.151718
2025-06-13 17:53:53,653 EGEJOQ_clean, uptake: 0.051639
2025-06-13 17:54:50,260 EDUVEE_clean, uptake: 0.064214
2025-06-13 17:54:52,232 EZOFUV_clean, uptake: 0.043185
2025-06-13 17:55:36,908 BUFPIC_clean, uptake: 1.102551
2025-06-13 17:55:48,894 EFESIT_clean, uptake: 0.061211
2025-06-13 17:56:11,824 EPECOT_clean, uptake: 0.072219
2025-06-13 17:56:53,228 ELOZIQ_clean, uptake: 0.054976
2025-06-13 17:57:06,428 ETIPII_clean, uptake: 0.139449
2025-06-13 17:57:33,612 ERAMUH_clean, uptake: 0.725207
2025-06-13 17:57:41,690 cg5008236_si_002_clean, uptake: 0.038675
2025-06-13 17:58:32,773 EZIMIK_clean, uptake: 0.092643
2025-06-13 17:58:35,526 EZIMEG_clean, uptake: 0.098731
2025-06-13 17:58:54,059 ETIXOW_clean, uptake: 0.168326
2025-06-13 17:59:09,894 ETIYEN_clean, uptake: 0.128439
2025-06-13 17:59:24,611 FAYLIC_clean, uptake: 0.064487
2025-06-13 18:00:17,934 FAVDEO_clean, uptake: 0.028669
2025-06-13 18:00:39,562 ETIXAI_clean, uptake: 0.063366
2025-06-13 18:00:44,197 FALRIV01_clean, uptake: 0.058661
2025-06-13 18:00:45,601 FAVDIS_clean, uptake: 0.015801
2025-06-13 18:00:58,411 FALROB_clean, uptake: 0.055947
2025-06-13 18:01:12,566 FASGIS_clean, uptake: 0.035454
2025-06-13 18:01:15,997 FECFAV_clean, uptake: 0.003054
2025-06-13 18:01:16,125 FALRIV_clean, uptake: 0.062490
2025-06-13 18:01:52,954 EYOCUS_clean, uptake: 0.082750
2025-06-13 18:01:54,798 FAVDAK_clean, uptake: 0.048017
2025-06-13 18:02:10,924 EWETOR_clean, uptake: 0.020325
2025-06-13 18:02:13,472 FALSAO_clean, uptake: 0.059334
2025-06-13 18:02:58,965 FAKHIK_clean, uptake: 0.056810
2025-06-13 18:03:39,795 FEZCIX_clean, uptake: 0.006610
2025-06-13 18:03:46,080 FIHHOV_clean, uptake: 0.025542
2025-06-13 18:04:55,533 FEYQUW_clean, uptake: 0.021714
2025-06-13 18:05:02,483 FIJCUX_clean, uptake: 0.035314
2025-06-13 18:05:23,601 COMNAU_clean, uptake: 0.076477
2025-06-13 18:05:25,820 FEYJID_clean, uptake: 0.030370
2025-06-13 18:05:46,703 FEVNEA_charged, uptake: 0.032898
2025-06-13 18:06:16,201 FIJFIO_clean, uptake: 0.064331
2025-06-13 18:06:24,561 FIJFOU_clean, uptake: 0.033122
2025-06-13 18:06:34,914 ERUNUC_clean, uptake: 0.033369
2025-06-13 18:06:51,988 FECJUT_clean, uptake: 0.039865
2025-06-13 18:06:57,209 FILYAC_clean, uptake: 0.038045
2025-06-13 18:07:05,397 FIQCEN_clean, uptake: 0.043020
2025-06-13 18:07:05,993 FISGOF_clean, uptake: 0.029940
2025-06-13 18:07:17,292 EVADEK_clean, uptake: 0.058397
2025-06-13 18:07:22,234 ESARIB_clean, uptake: 0.542409
2025-06-13 18:07:31,334 EKADIF_clean, uptake: 0.086504
2025-06-13 18:07:35,366 EVOTIT_SL, uptake: 0.047683
2025-06-13 18:07:43,119 FIHHUB_SL, uptake: 0.029781
2025-06-13 18:08:03,360 FEWXEM_clean, uptake: 0.038024
2025-06-13 18:08:05,548 FEWXIQ_clean, uptake: 0.035207
2025-06-13 18:08:16,974 FEYZUF_clean, uptake: 0.035834
2025-06-13 18:08:34,745 FIDMIP_clean, uptake: 0.019255
2025-06-13 18:08:41,683 EVADIO_clean, uptake: 0.075152
2025-06-13 18:08:47,743 FECYOD_clean, uptake: 0.122193
2025-06-13 18:09:48,548 FIPJEV_clean, uptake: 0.090428
2025-06-13 18:10:02,556 BIBYAO_clean, uptake: 0.635202
2025-06-13 18:10:02,815 FEWWEL_clean, uptake: 0.125078
2025-06-13 18:10:13,395 FOQNOQ_clean, uptake: 0.036707
2025-06-13 18:10:27,000 FOQNOQ01_clean, uptake: 0.047784
2025-06-13 18:10:29,301 FOQNIK_clean, uptake: 0.046300
2025-06-13 18:10:29,340 FOQNOQ02_clean, uptake: 0.049324
2025-06-13 18:10:29,872 FEWWIP_clean, uptake: 0.167247
2025-06-13 18:10:36,859 FOQNUW01_clean, uptake: 0.043582
2025-06-13 18:10:43,657 FOQNUW02_clean, uptake: 0.043983
2025-06-13 18:10:52,667 FOFTOL_clean, uptake: 0.051916
2025-06-13 18:11:04,056 FOQNUW_clean, uptake: 0.045506
2025-06-13 18:11:19,442 FIPWUY_clean, uptake: 0.112382
2025-06-13 18:11:30,398 FOFHEO_clean, uptake: 0.063690
2025-06-13 18:11:31,516 FOQPAE01_clean, uptake: 0.052993
2025-06-13 18:11:43,938 FOQPAE02_clean, uptake: 0.053484
2025-06-13 18:11:57,727 FISXEM_clean, uptake: 0.057002
2025-06-13 18:12:03,269 FORWAL_clean, uptake: 0.036610
2025-06-13 18:12:04,213 FUSWIA_clean, uptake: 0.034392
2025-06-13 18:12:04,332 FOFCIO_clean, uptake: 0.037587
2025-06-13 18:12:25,789 FOCZEE_clean, uptake: 0.037317
2025-06-13 18:12:42,364 FIWKUT_clean, uptake: 0.042449
2025-06-13 18:12:45,769 FIQKIB_clean, uptake: 0.022699
2025-06-13 18:12:59,591 FUDQIF_clean, uptake: 0.142499
2025-06-13 18:15:02,658 FUVBOP_clean, uptake: 0.027826
2025-06-13 18:15:30,522 DUSHEG_clean, uptake: 0.056168
2025-06-13 18:15:34,075 FUYCAE_clean, uptake: 0.045443
2025-06-13 18:15:38,050 DUSHIK_clean, uptake: 0.067734
2025-06-13 18:15:38,227 FUTZIF_clean, uptake: 0.071500
2025-06-13 18:16:04,392 EZOBUR01_clean, uptake: 0.096268
2025-06-13 18:16:20,947 FOPTOU_clean, uptake: 0.009819
2025-06-13 18:16:27,869 FUWQIZ_clean, uptake: 0.056536
2025-06-13 18:16:54,278 FAVFOA_clean, uptake: 0.181445
2025-06-13 18:17:54,034 c5ce02503f_c5ce02503f2_clean, uptake: 1.054730
2025-06-13 18:17:58,471 FUWFUA_clean, uptake: 0.033896
2025-06-13 18:18:09,399 FUHJOJ_clean, uptake: 0.035674
2025-06-13 18:18:59,936 GANBAZ02_clean, uptake: 0.080767
2025-06-13 18:19:21,919 GACBIY_clean, uptake: 0.073024
2025-06-13 18:19:44,654 GANBAZ01_clean, uptake: 0.357634
2025-06-13 18:20:11,819 GAHSEQ_clean, uptake: 0.011782
2025-06-13 18:20:22,252 GANBAZ_clean, uptake: 0.322506
2025-06-13 18:20:44,024 GACYER_clean, uptake: 0.043209
2025-06-13 18:21:11,448 GANBED02_clean, uptake: 0.046958
2025-06-13 18:21:20,502 GEBPEK_clean, uptake: 0.030573
2025-06-13 18:21:53,699 GAFGEC_clean, uptake: 0.032244
2025-06-13 18:22:07,721 GABYUG_clean, uptake: 0.043241
2025-06-13 18:22:12,242 GAYFOD_clean, uptake: 0.066388
2025-06-13 18:22:17,484 GANBED_clean, uptake: 0.049862
2025-06-13 18:22:28,362 GEDPAH_clean, uptake: 0.004998
2025-06-13 18:22:31,748 GALFAB_clean, uptake: 0.071082
2025-06-13 18:22:58,697 GASTIG_clean, uptake: 0.185919
2025-06-13 18:23:16,938 FUVGAG02_clean, uptake: 0.006261
2025-06-13 18:23:48,051 GIFKIP_clean, uptake: 0.024627
2025-06-13 18:24:05,848 GANBIH_clean, uptake: 0.044312
2025-06-13 18:24:39,160 GATQIE_clean, uptake: 0.036491
2025-06-13 18:25:11,837 GESNIC_clean, uptake: 0.025453
2025-06-13 18:25:22,850 FUVDEH03_clean, uptake: 0.020086
2025-06-13 18:25:39,756 FUVDEH02_clean, uptake: 0.020368
2025-06-13 18:25:50,235 FUVDEH04_clean, uptake: 0.019298
2025-06-13 18:26:12,697 FUVDEH11_clean, uptake: 0.022173
2025-06-13 18:26:15,741 FUVDEH01_clean, uptake: 0.021593
2025-06-13 18:26:17,648 FUVDEH09_clean, uptake: 0.021203
2025-06-13 18:26:24,528 FUVDEH13_clean, uptake: 0.021698
2025-06-13 18:26:39,271 FUVDEH10_clean, uptake: 0.020126
2025-06-13 18:26:39,770 FUVDEH12_clean, uptake: 0.021660
2025-06-13 18:26:52,749 GIJXAA_clean, uptake: 0.087088
2025-06-13 18:26:57,161 GONSUZ_clean, uptake: 0.032909
2025-06-13 18:27:11,929 GEYFIB_clean, uptake: 0.718690
2025-06-13 18:27:25,696 FUVDEH_clean, uptake: 0.022397
2025-06-13 18:27:43,698 GOPLUS_clean, uptake: 0.034371
2025-06-13 18:27:45,140 GOQWOY_clean, uptake: 0.030773
2025-06-13 18:27:54,229 GINNUO_clean, uptake: 0.013345
2025-06-13 18:28:16,173 GEZYUH_clean, uptake: 0.020656
2025-06-13 18:29:27,897 GORWUF_clean, uptake: 0.102079
2025-06-13 18:30:01,048 GOBTAT_clean, uptake: 0.052435
2025-06-13 18:30:01,150 FUYCUZ_clean, uptake: 0.070763
2025-06-13 18:30:06,920 HABCIZ_clean, uptake: 0.026066
2025-06-13 18:30:21,302 HABCOF_clean, uptake: 0.025508
2025-06-13 18:30:24,414 HABDAS_clean, uptake: 0.026707
2025-06-13 18:30:31,198 FUVDEH05_clean, uptake: 0.022532
2025-06-13 18:30:47,111 HABCEV_clean, uptake: 0.030513
2025-06-13 18:30:58,338 GUZVOO_clean, uptake: 0.022219
2025-06-13 18:31:08,750 GATQOK_clean, uptake: 0.047844
2025-06-13 18:31:13,005 FOSTOY_clean, uptake: 0.058042
2025-06-13 18:31:13,023 HABRUZ_clean, uptake: 0.049191
2025-06-13 18:31:21,480 GUPBOJ03_clean, uptake: 0.019644
2025-06-13 18:31:37,863 HAFQUC_clean, uptake: 0.048515
2025-06-13 18:31:59,362 HAXNOJ_clean, uptake: 0.010590
2025-06-13 18:32:13,931 HAFQOW_clean, uptake: 0.065698
2025-06-13 18:32:49,200 GUKCIA_clean, uptake: 0.121032
2025-06-13 18:33:33,193 GITSUY_clean, uptake: 0.027603
2025-06-13 18:34:15,167 GORJEE_clean, uptake: 0.129255
2025-06-13 18:34:26,729 GOLDAO_clean, uptake: 0.078808
2025-06-13 18:34:37,756 HEXNII_clean, uptake: 0.049250
2025-06-13 18:34:40,783 HIZSEQ_clean, uptake: 0.039215
2025-06-13 18:35:13,423 HICZIE_clean, uptake: 0.056213
2025-06-13 18:35:23,196 HIDDAB_clean, uptake: 0.067736
2025-06-13 18:35:27,673 HIQKID_clean, uptake: 0.020557
2025-06-13 18:35:47,409 HACRAH_clean, uptake: 0.169456
2025-06-13 18:36:11,572 HIWMAD_clean, uptake: 0.044517
2025-06-13 18:36:25,962 HACDOH_clean, uptake: 0.166467
2025-06-13 18:36:32,342 HACREL_clean, uptake: 0.220059
2025-06-13 18:36:40,752 HIVSAI_clean, uptake: 0.139606
2025-06-13 18:36:46,174 HOGJET_clean, uptake: 0.032908
2025-06-13 18:37:07,076 HAWGIY_clean, uptake: 0.029068
2025-06-13 18:37:17,326 HACDUN_clean, uptake: 0.263636
2025-06-13 18:37:32,701 GURPOZ_clean, uptake: 0.181868
2025-06-13 18:37:41,305 HEGKAP_clean, uptake: 0.578942
2025-06-13 18:38:00,923 HOZFIN_clean, uptake: 0.025556
2025-06-13 18:38:02,709 HIZTUG_clean, uptake: 0.116924
2025-06-13 18:38:39,954 GITVAH01_clean, uptake: 0.075461
2025-06-13 18:38:48,794 HICGEG_clean, uptake: 0.037401
2025-06-13 18:39:15,809 HAMJUC_clean, uptake: 0.236076
2025-06-13 18:39:31,453 HUNCIE_clean, uptake: 0.034628
2025-06-13 18:39:31,866 HOQNOS_clean, uptake: 0.058211
2025-06-13 18:39:37,831 HUDCEQ_clean, uptake: 0.142299
2025-06-13 18:39:39,497 HOJJUN_clean, uptake: 0.082602
2025-06-13 18:39:44,452 GITVAH_clean, uptake: 0.086340
2025-06-13 18:40:41,320 IBAPOS_clean, uptake: 0.031610
2025-06-13 18:40:56,782 IBAQAF_clean, uptake: 0.032387
2025-06-13 18:41:01,816 HUBQEC_clean, uptake: 0.005875
2025-06-13 18:41:19,713 IBAQEJ_clean, uptake: 0.030724
2025-06-13 18:42:07,811 HOVGEG_clean, uptake: 0.033939
2025-06-13 18:42:23,241 HUXHUF_clean, uptake: 0.035719
2025-06-13 18:43:16,301 HOVQUG_clean, uptake: 0.082904
2025-06-13 18:43:20,891 GUPCEA_clean, uptake: 0.036027
2025-06-13 18:43:24,097 HURFOR_clean, uptake: 0.065086
2025-06-13 18:43:46,396 FORXAM_clean, uptake: 0.073763
2025-06-13 18:43:49,528 IBURAZ_clean, uptake: 0.124922
2025-06-13 18:44:42,502 HUYFAJ_clean, uptake: 0.030610
2025-06-13 18:44:43,479 HONXAL_clean, uptake: 0.490140
2025-06-13 18:44:47,042 HURFIL_clean, uptake: 0.078662
2025-06-13 18:44:47,905 HUCSEF_clean, uptake: 0.070500
2025-06-13 18:44:54,704 FEVNOL_clean, uptake: 0.638037
2025-06-13 18:45:18,265 ic502643m_si_011_clean, uptake: 0.038499
2025-06-13 18:45:40,049 ic200054b_si_002_clean, uptake: 0.209905
2025-06-13 18:45:45,116 FORXIU_clean, uptake: 0.040719
2025-06-13 18:45:56,899 ic502643m_si_012_clean, uptake: 0.042592
2025-06-13 18:46:57,849 ic062019u-file003_clean, uptake: 0.027968
2025-06-13 18:47:53,358 ic403175w_si_002_clean, uptake: 0.046143
2025-06-13 18:47:53,752 ICIVEW_clean, uptake: 0.035139
2025-06-13 18:48:24,225 FOPFAS_clean, uptake: 0.045747
2025-06-13 18:48:58,342 HUZYEI_clean, uptake: 0.032540
2025-06-13 18:49:00,002 ic5005374_si_003_clean, uptake: 0.043200
2025-06-13 18:49:02,653 IDUYOX_clean, uptake: 0.036499
2025-06-13 18:49:05,195 ic801677y_si_001_clean, uptake: 0.056788
2025-06-13 18:49:23,731 ic502488c_si_002_clean, uptake: 0.073865
2025-06-13 18:49:53,400 ICITIY_clean, uptake: 0.031471
2025-06-13 18:50:16,713 ic402614w_si_002_clean, uptake: 0.103636
2025-06-13 18:50:28,833 IBIYUO_clean, uptake: 0.020228
2025-06-13 18:50:32,774 GONMUT_clean, uptake: 0.065273
2025-06-13 18:51:18,544 ic502478u_si_003_clean, uptake: 0.006402
2025-06-13 18:51:21,696 ICAREL_clean, uptake: 0.035082
2025-06-13 18:51:42,689 HUGTOT_clean, uptake: 0.015288
2025-06-13 18:53:02,315 IGORUS_clean, uptake: 0.038312
2025-06-13 18:53:54,271 HUVNAP_clean, uptake: 0.018017
2025-06-13 18:53:54,588 HUZYIM_clean, uptake: 0.047767
2025-06-13 18:54:12,469 ic302758g_si_002_clean, uptake: 0.104239
2025-06-13 18:55:16,587 IFUPAC_clean, uptake: 0.057359
2025-06-13 18:56:08,672 ic5b00561_si_002_clean, uptake: 0.083714
2025-06-13 18:56:26,026 IJAPIU_clean, uptake: 0.061590
2025-06-13 18:56:45,632 IJAPOA_clean, uptake: 0.058583
2025-06-13 18:57:32,762 IJEXUS_clean, uptake: 0.013907
2025-06-13 18:57:56,451 ic8008859_si_001_clean, uptake: 0.032349
2025-06-13 18:58:50,292 ILITON_clean, uptake: 0.032619
2025-06-13 18:59:32,111 IJENIV_clean, uptake: 0.018998
2025-06-13 19:00:17,081 IMACZN01_clean, uptake: 0.024611
2025-06-13 19:00:23,595 IFEPUG02_clean, uptake: 0.018198
2025-06-13 19:01:49,015 IFEPUG03_clean, uptake: 0.017352
2025-06-13 19:02:38,789 IFEPUG05_clean, uptake: 0.015473
2025-06-13 19:02:50,615 IMAXOL_clean, uptake: 0.052638
2025-06-13 19:02:57,502 IFEPUG04_clean, uptake: 0.017450
2025-06-13 19:03:30,333 IFEPUG06_clean, uptake: 0.018042
2025-06-13 19:03:53,844 ILOWAI_clean, uptake: 0.066786
2025-06-13 19:03:59,070 IKOTEH_clean, uptake: 0.050590
2025-06-13 19:03:59,636 IFEPUG08_clean, uptake: 0.019838
2025-06-13 19:04:10,422 IFEPUG01_clean, uptake: 0.017333
2025-06-13 19:04:23,226 IJENOB_clean, uptake: 0.203313
2025-06-13 19:04:27,879 IFEQER_clean, uptake: 0.018224
2025-06-13 19:04:32,443 IFEPUG07_clean, uptake: 0.019311
2025-06-13 19:04:38,725 IGUCEU_clean, uptake: 0.012592
2025-06-13 19:04:46,676 ic1010083_si_002_clean, uptake: 0.063701
2025-06-13 19:05:06,759 ic5b00096_si_002_clean, uptake: 0.040108
2025-06-13 19:05:53,127 IMULEH_clean, uptake: 0.029819
2025-06-13 19:06:27,615 INECOV_clean, uptake: 0.074971
2025-06-13 19:06:30,419 INASAT_clean, uptake: 0.091160
2025-06-13 19:06:32,537 INEPEY_clean, uptake: 0.069191
2025-06-13 19:06:50,996 HUHBUJ_clean, uptake: 0.012033
2025-06-13 19:07:12,852 ISEQIH_clean, uptake: 0.017804
2025-06-13 19:07:40,111 INIROO_clean, uptake: 0.008467
2025-06-13 19:08:26,767 IFEPUG09_clean, uptake: 0.017769
2025-06-13 19:08:34,251 ICIKAH_clean, uptake: 0.006620
2025-06-13 19:08:41,365 INECIP_clean, uptake: 0.055148
2025-06-13 19:09:00,125 IWAHIZ_clean, uptake: 0.322099
2025-06-13 19:09:08,406 IWEVUD_clean, uptake: 0.023185
2025-06-13 19:09:23,465 IFEPUG10_clean, uptake: 0.021960
2025-06-13 19:09:51,862 IREGOD_clean, uptake: 0.043295
2025-06-13 19:09:53,378 INEXEG_clean, uptake: 0.090939
2025-06-13 19:10:06,809 IWEWEO_clean, uptake: 0.021198
2025-06-13 19:10:11,184 IWEWAK_clean, uptake: 0.027152
2025-06-13 19:10:24,027 IPIVOT_clean, uptake: 0.085651
2025-06-13 19:11:09,566 IYITOB_clean, uptake: 0.016493
2025-06-13 19:11:12,449 IWEWIS_clean, uptake: 0.031233
2025-06-13 19:11:18,235 IYOCUW_clean, uptake: 0.019490
2025-06-13 19:11:45,987 IYIHUU_manual, uptake: 0.033929
2025-06-13 19:11:48,570 IVIPEK_clean, uptake: 0.064842
2025-06-13 19:12:01,342 IYOVEY_clean, uptake: 0.031172
2025-06-13 19:12:41,739 IWEWOY_clean, uptake: 0.034278
2025-06-13 19:12:46,406 IMUVES_clean, uptake: 0.121376
2025-06-13 19:13:21,881 ja111042f_si_002_clean, uptake: 0.038390
2025-06-13 19:13:43,246 IWAHUK_clean, uptake: 0.416240
2025-06-13 19:14:02,578 IYUHOB_clean, uptake: 0.097869
2025-06-13 19:14:40,679 ja4015666_si_002_clean, uptake: 0.030190
2025-06-13 19:14:45,218 ja4015666_si_003_clean, uptake: 0.029573
2025-06-13 19:15:23,060 ja101440z_si_001_clean, uptake: 0.055118
2025-06-13 19:15:24,804 ja4015666_si_005_clean, uptake: 0.030610
2025-06-13 19:15:50,858 IZIHIK_clean, uptake: 0.026995
2025-06-13 19:15:51,397 ja0660047si20060818_060256_clean, uptake: 0.067857
2025-06-13 19:15:59,026 ja202154j_si_003_clean, uptake: 0.024473
2025-06-13 19:16:00,075 IZULUL_clean, uptake: 0.254844
2025-06-13 19:16:33,988 ja501810r_si_002_clean, uptake: 0.051099
2025-06-13 19:16:37,979 ja102862j_si_005_clean, uptake: 0.048058
2025-06-13 19:16:40,722 IZUSEC_clean, uptake: 0.067547
2025-06-13 19:16:45,969 ja0660047si20060818_060458_clean, uptake: 0.100170
2025-06-13 19:17:26,717 IPEBEM_clean, uptake: 0.131510
2025-06-13 19:18:54,994 GEBSAJ_clean, uptake: 1.665111
2025-06-13 19:19:07,258 ja206029a_si_003_clean, uptake: 0.121736
2025-06-13 19:19:09,594 ja410368j_si_002_clean, uptake: 0.028006
2025-06-13 19:19:23,597 ja507971r_si_004_clean, uptake: 0.127510
2025-06-13 19:20:13,668 jacs.6b01663_ja6b01663_si_002_clean, uptake: 0.029374
2025-06-13 19:20:15,296 IRUVUO_clean, uptake: 0.068928
2025-06-13 19:21:52,747 HANKIS_clean, uptake: 0.036286
2025-06-13 19:23:08,155 ja5b00450_si_002_clean, uptake: 0.061129
2025-06-13 19:23:16,108 HANKOY_clean, uptake: 0.034982
2025-06-13 19:23:28,261 jacs.6b08724_ja6b08724_si_010_clean, uptake: 0.034774
2025-06-13 19:23:56,520 jacs.6b08724_ja6b08724_si_012_clean, uptake: 0.028845
2025-06-13 19:24:06,827 IVEKEA_clean, uptake: 0.039475
2025-06-13 19:24:07,682 jacs.5b11034_ja5b11034_si_002_clean, uptake: 0.083859
2025-06-13 19:24:41,701 ja078060t-file002_clean, uptake: 0.050542
2025-06-13 19:24:42,373 jacs.6b08724_ja6b08724_si_011_clean, uptake: 0.035738
2025-06-13 19:24:54,973 jacs.5b11079_ja5b11079_si_002_clean, uptake: 0.046362
2025-06-13 19:25:01,171 jacs.6b08724_ja6b08724_si_013_clean, uptake: 0.033037
2025-06-13 19:25:04,147 IXIKOR01_clean, uptake: 0.107209
2025-06-13 19:25:15,725 ja507119n_si_002_clean, uptake: 0.043151
2025-06-13 19:25:31,752 jacs.6b08724_ja6b08724_si_015_clean, uptake: 0.034815
2025-06-13 19:25:34,795 HANKEO_clean, uptake: 0.034231
2025-06-13 19:25:38,558 jacs.6b02030_ja6b02030_si_004_clean, uptake: 0.019829
2025-06-13 19:25:47,254 IXIKOR_clean, uptake: 0.115580
2025-06-13 19:26:02,483 ja0734952si20070516_030528_clean, uptake: 0.076688
2025-06-13 19:26:58,634 ja5111317_ja5111317_si_003_clean, uptake: 0.041823
2025-06-13 19:27:09,650 ja5109535_si_002_clean, uptake: 0.066507
2025-06-13 19:27:35,676 IFEROC_clean, uptake: 0.126868
2025-06-13 19:27:41,352 JAJZAY_clean, uptake: 0.049882
2025-06-13 19:28:30,489 jacs.6b03263_ja6b03263_si_002_clean, uptake: 0.405576
2025-06-13 19:28:52,552 ja406030p_si_010_clean, uptake: 0.416031
2025-06-13 19:29:14,834 j.jssc.2016.06.015_ZJU-10_clean, uptake: 0.050290
2025-06-13 19:29:55,686 j.inoche.2015.02.023_INC05895-mmc1_clean, uptake: 0.119462
2025-06-13 19:30:15,709 JIVQOU_clean, uptake: 0.253273
2025-06-13 19:30:51,669 JOQSIT_clean, uptake: 0.020566
2025-06-13 19:31:09,696 JADBEY_clean, uptake: 0.039215
2025-06-13 19:31:48,160 JOHQUT_clean, uptake: 0.025714
2025-06-13 19:32:19,220 JOHSIJ_clean, uptake: 0.355372
2025-06-13 19:32:42,982 j.jssc.2015.08.048_mmc2_clean, uptake: 0.345603
2025-06-13 19:32:48,146 JALLIU_clean, uptake: 0.018003
2025-06-13 19:33:18,420 jp302979a_si_002_clean, uptake: 0.031196
2025-06-13 19:33:25,147 IYALUR_clean, uptake: 0.324760
2025-06-13 19:34:17,953 JIVSEN01_clean, uptake: 0.333841
2025-06-13 19:34:19,415 KAHZAW_clean, uptake: 0.015152
2025-06-13 19:34:32,667 JUYBEM_clean, uptake: 0.072077
2025-06-13 19:34:55,500 KACKIL_clean, uptake: 0.047428
2025-06-13 19:35:28,142 KACGAZ_clean, uptake: 0.022489
2025-06-13 19:35:33,378 JIVSIR01_clean, uptake: 0.423636
2025-06-13 19:36:02,826 jacs.6b06375_ja6b06375_si_001_clean, uptake: 0.088135
2025-06-13 19:36:04,782 JOBFEM_clean, uptake: 0.020787
2025-06-13 19:36:11,252 JOZWOM_clean, uptake: 0.035964
2025-06-13 19:37:09,778 JOZWUS_clean, uptake: 0.036543
2025-06-13 19:38:11,414 j.inoche.2015.03.005_INC05902-mmc1_clean, uptake: 0.252228
2025-06-13 19:38:14,106 ja508679h_si_001_clean, uptake: 0.625492
2025-06-13 19:38:29,119 KIFDIM_clean, uptake: 0.033013
2025-06-13 19:39:09,897 JUTCOS_clean, uptake: 0.033771
2025-06-13 19:39:15,117 KINSEH_clean, uptake: 0.057737
2025-06-13 19:39:25,047 KINMUR_clean, uptake: 0.193747
2025-06-13 19:39:36,322 JUKPAI_clean, uptake: 0.004421
2025-06-13 19:39:52,273 KODPUP_clean, uptake: 0.028944
2025-06-13 19:40:05,465 jacs.6b04608_ja6b04608_si_002_clean, uptake: 0.029760
2025-06-13 19:40:06,968 ja403810k_si_003_clean, uptake: 0.028615
2025-06-13 19:40:11,843 KACGED_clean, uptake: 0.026103
2025-06-13 19:40:16,024 KAVXAI_clean, uptake: 0.092326
2025-06-13 19:40:21,474 JOBFIQ_clean, uptake: 0.027196
2025-06-13 19:40:57,543 KALFUA_clean, uptake: 0.089549
2025-06-13 19:42:01,474 KOZQIB_clean, uptake: 0.034708
2025-06-13 19:42:39,199 JUSGUB_clean, uptake: 0.094352
2025-06-13 19:42:42,648 KOJZOZ_clean, uptake: 0.015647
2025-06-13 19:43:09,108 KARMUN_clean, uptake: 0.055650
2025-06-13 19:43:19,851 KEWJIG_clean, uptake: 0.072047
2025-06-13 19:43:21,226 KUGFAU_clean, uptake: 0.005908
2025-06-13 19:43:29,159 JADMIN_clean, uptake: 0.062710
2025-06-13 19:43:48,559 KOGSOQ_clean, uptake: 0.046997
2025-06-13 19:44:29,658 KOVGOT01_clean, uptake: 0.009839
2025-06-13 19:44:31,586 KUKPUD_clean, uptake: 0.044276
2025-06-13 19:44:33,762 KOQGAA_clean, uptake: 0.057396
2025-06-13 19:44:36,583 KOVGOT_clean, uptake: 0.009938
2025-06-13 19:45:10,435 JIVSAJ01_clean, uptake: 0.541594
2025-06-13 19:45:12,541 IFESAP_clean, uptake: 0.192426
2025-06-13 19:46:51,413 KOZNEU_clean, uptake: 0.077681
2025-06-13 19:46:54,051 KOMHEB_clean, uptake: 0.059194
2025-06-13 19:47:15,469 KOMHIF_clean, uptake: 0.086676
2025-06-13 19:47:20,624 KONCIB_clean, uptake: 0.513221
2025-06-13 19:47:24,186 KUXSAZ_clean, uptake: 0.071859
2025-06-13 19:47:36,618 KUXROM_clean, uptake: 0.224992
2025-06-13 19:47:48,546 ja5b00450_si_003_clean, uptake: 0.068668
2025-06-13 19:47:54,994 LABMOT_clean, uptake: 0.022504
2025-06-13 19:48:05,546 KOMHUR_clean, uptake: 0.086324
2025-06-13 19:48:08,066 KOMHOL_clean, uptake: 0.080960
2025-06-13 19:48:15,073 KOMJAZ_clean, uptake: 0.088753
2025-06-13 19:48:22,022 LABNUA_clean, uptake: 0.019498
2025-06-13 19:48:51,318 KUZYUB_clean, uptake: 0.029874
2025-06-13 19:48:54,959 KUNLAH_clean, uptake: 0.055835
2025-06-13 19:49:12,776 LABNEK_clean, uptake: 0.033521
2025-06-13 19:49:54,255 LACZIB_clean, uptake: 0.032436
2025-06-13 19:50:02,652 KUSDOT_clean, uptake: 0.071762
2025-06-13 19:50:31,153 KULMIO_clean, uptake: 0.063681
2025-06-13 19:50:32,596 LAGWIB_clean, uptake: 0.021945
2025-06-13 19:51:03,479 LACYOG_clean, uptake: 0.053468
2025-06-13 19:51:08,513 LABQAJ_clean, uptake: 0.022445
2025-06-13 19:51:10,121 LABPIQ_clean, uptake: 0.040119
2025-06-13 19:51:43,062 LABQEN_clean, uptake: 0.025580
2025-06-13 19:51:50,433 LACYEW_clean, uptake: 0.030796
2025-06-13 19:51:50,875 LAGVEX_clean, uptake: 0.036262
2025-06-13 19:52:18,817 LABPOW_clean, uptake: 0.044248
2025-06-13 19:52:18,957 LABPUC_clean, uptake: 0.045558
2025-06-13 19:52:20,135 KELJAN_clean, uptake: 0.025693
2025-06-13 19:52:23,948 KULMAG_clean, uptake: 0.098072
2025-06-13 19:52:47,019 LACYIA_clean, uptake: 0.053772
2025-06-13 19:53:09,655 KEVBOE_clean, uptake: 0.253856
2025-06-13 19:53:12,146 KEVBIY_clean, uptake: 0.281486
2025-06-13 19:53:31,658 KUKQAK_clean, uptake: 0.040320
2025-06-13 19:53:39,090 LACZAT_clean, uptake: 0.041459
2025-06-13 19:54:04,745 LACYUM_clean, uptake: 0.060084
2025-06-13 19:56:23,509 LABMUZ_clean, uptake: 0.075722
2025-06-13 19:57:21,751 KUHZET_clean, uptake: 0.174726
2025-06-13 19:58:03,292 LABNOU_clean, uptake: 0.028883
2025-06-13 19:58:05,447 LABPEM_clean, uptake: 0.020041
2025-06-13 19:58:16,995 LAQNOJ_clean, uptake: 0.068193
2025-06-13 19:58:33,186 LAPZEK_clean, uptake: 0.061047
2025-06-13 19:58:50,305 LATCIS_clean, uptake: 0.011190
2025-06-13 19:59:08,885 LAQNUP_clean, uptake: 0.066846
2025-06-13 20:00:38,472 LATBUG_clean, uptake: 0.036170
2025-06-13 20:00:38,735 LAPLEW_clean, uptake: 0.442769
2025-06-13 20:01:29,942 LAPLOG01_clean, uptake: 0.452073
2025-06-13 20:01:41,397 LATCAN_clean, uptake: 0.037111
2025-06-13 20:01:44,206 LAJFAG_clean, uptake: 0.192050
2025-06-13 20:01:44,308 LAVMAY_clean, uptake: 0.050656
2025-06-13 20:01:51,843 LAWGOI_clean, uptake: 0.010992
2025-06-13 20:02:19,376 LAWGUO_clean, uptake: 0.015277
2025-06-13 20:02:26,147 LAWHEZ01_clean, uptake: 0.013886
2025-06-13 20:02:52,931 LAWHEZ_clean, uptake: 0.014782
2025-06-13 20:03:06,479 LEJCEK_clean, uptake: 0.031119
2025-06-13 20:03:06,624 LAPNIC_clean, uptake: 0.354846
2025-06-13 20:03:14,845 LAPNUO_clean, uptake: 0.288849
2025-06-13 20:03:27,256 LAPNOI_clean, uptake: 0.375974
2025-06-13 20:03:35,724 LAPNAU_clean, uptake: 0.569451
2025-06-13 20:03:46,703 LAPNEY_clean, uptake: 0.567134
2025-06-13 20:03:56,265 LAPMIB_clean, uptake: 0.604350
2025-06-13 20:03:59,318 ERANAO_clean, uptake: 1.299213
2025-06-13 20:04:16,592 LAWHID_clean, uptake: 0.014542
2025-06-13 20:04:16,771 LAXCUK_clean, uptake: 0.022995
2025-06-13 20:05:20,597 LAPMAT_clean, uptake: 0.624091
2025-06-13 20:05:30,166 LAZXIV_clean, uptake: 0.028503
2025-06-13 20:05:34,805 LEWZET_clean, uptake: 0.092652
2025-06-13 20:05:55,958 LIFWEE_clean, uptake: 0.032139
2025-06-13 20:06:41,575 LEQCAN_clean, uptake: 0.071918
2025-06-13 20:06:42,266 LEQBUG_clean, uptake: 0.068429
2025-06-13 20:07:12,526 LIKCOY_charged, uptake: 0.008164
2025-06-13 20:07:56,344 LEZJOQ_clean, uptake: 0.043826
2025-06-13 20:07:57,732 LAPLOG_clean, uptake: 0.755620
2025-06-13 20:08:11,453 IMUKUW_clean, uptake: 0.027169
2025-06-13 20:08:40,253 LIDSAU_clean, uptake: 0.098330
2025-06-13 20:08:47,707 LIDSEY_clean, uptake: 0.098386
2025-06-13 20:08:53,388 ja6b00695_si_001_clean, uptake: 0.168421
2025-06-13 20:08:53,955 LOCRUR_clean, uptake: 0.038488
2025-06-13 20:09:01,436 LAPMOH_clean, uptake: 0.769208
2025-06-13 20:09:05,366 LAPLUM_clean, uptake: 0.688565
2025-06-13 20:09:23,295 LORNEL_clean, uptake: 0.011773
2025-06-13 20:09:48,634 LAJLAL_charged, uptake: 0.019979
2025-06-13 20:10:19,119 LIDSIC_clean, uptake: 0.076008
2025-06-13 20:10:47,293 LODTAB_clean, uptake: 0.050915
2025-06-13 20:11:07,524 LOFJAT_clean, uptake: 0.066780
2025-06-13 20:11:10,298 LAJKUE_charged, uptake: 0.025499
2025-06-13 20:11:16,349 LEJZOQ_clean, uptake: 0.029776
2025-06-13 20:12:11,420 LIDSEY01_clean, uptake: 0.181031
2025-06-13 20:12:14,501 LIHKAQ_clean, uptake: 0.561210
2025-06-13 20:12:16,430 LODCUC_clean, uptake: 0.027224
2025-06-13 20:12:19,050 LUDVEL_clean, uptake: 0.015261
2025-06-13 20:12:23,434 LOSYAV_clean, uptake: 0.077744
2025-06-13 20:12:27,510 LIXXEW_clean, uptake: 0.099286
2025-06-13 20:12:34,868 LAJLEP_charged, uptake: 0.026629
2025-06-13 20:12:35,153 LUDTUZ_clean, uptake: 0.020212
2025-06-13 20:12:56,696 LUDVOV_clean, uptake: 0.016471
2025-06-13 20:13:14,585 LIRTUC_clean, uptake: 0.017703
2025-06-13 20:13:19,046 LURRIA_clean, uptake: 0.037462
2025-06-13 20:13:59,166 MAJJUF_clean, uptake: 0.026445
2025-06-13 20:14:07,870 LIQTUC_clean, uptake: 0.050266
2025-06-13 20:14:29,445 LUWMUN_clean, uptake: 0.030958
2025-06-13 20:14:29,481 LUDVAH_clean, uptake: 0.026010
2025-06-13 20:14:32,620 LUWNAU_clean, uptake: 0.031844
2025-06-13 20:15:04,536 LUKLIN_clean, uptake: 0.035055
2025-06-13 20:15:19,001 LAPMUN_clean, uptake: 0.895460
2025-06-13 20:15:19,756 LETREJ_clean, uptake: 0.020483
2025-06-13 20:15:30,007 MIBQAR16_clean, uptake: 0.024611
2025-06-13 20:15:33,771 LEZJUW_clean, uptake: 0.164267
2025-06-13 20:16:09,737 MAXHUP_clean, uptake: 0.002562
2025-06-13 20:17:09,281 LUDKIG_clean, uptake: 0.036480
2025-06-13 20:17:22,724 MAVRAE_clean, uptake: 0.032882
2025-06-13 20:17:36,236 LOZSUQ_clean, uptake: 0.069708
2025-06-13 20:17:36,786 LOZSOK_clean, uptake: 0.067306
2025-06-13 20:17:37,817 MAZSOX_clean, uptake: 0.055046
2025-06-13 20:17:47,990 LAPMEX_clean, uptake: 0.905803
2025-06-13 20:17:56,497 LUYBIS_clean, uptake: 0.087658
2025-06-13 20:18:17,720 MIZPUI_clean, uptake: 0.052419
2025-06-13 20:18:55,537 MIVFUU_clean, uptake: 0.034726
2025-06-13 20:19:38,997 MAQMEZ_clean, uptake: 0.071618
2025-06-13 20:20:09,349 LELDOX_clean, uptake: 0.035779
2025-06-13 20:20:17,921 MOYZIK_clean, uptake: 0.047428
2025-06-13 20:20:36,335 MODNIC_clean, uptake: 0.009780
2025-06-13 20:21:01,382 MOXBOS_clean, uptake: 0.011284
2025-06-13 20:21:20,974 MAFFUW_clean, uptake: 0.147951
2025-06-13 20:21:38,748 MAJKAM_clean, uptake: 0.060814
2025-06-13 20:21:40,084 LOXVUR_clean, uptake: 0.036845
2025-06-13 20:21:42,493 MIMSIM_clean, uptake: 0.050270
2025-06-13 20:21:46,567 MIZKAI_clean, uptake: 0.097874
2025-06-13 20:21:54,185 MIXYOJ_clean, uptake: 0.209347
2025-06-13 20:22:30,481 MOKVOZ_clean, uptake: 0.066534
2025-06-13 20:23:40,083 MINCET_clean, uptake: 0.028506
2025-06-13 20:24:33,863 LUXFEQ_charged, uptake: 0.024801
2025-06-13 20:25:11,058 ic5030058_si_002_clean, uptake: 2.598450
2025-06-13 20:25:18,841 MUKQUG_clean, uptake: 0.073233
2025-06-13 20:25:33,003 MUWRON_clean, uptake: 0.056008
2025-06-13 20:25:38,844 MUFZIY_clean, uptake: 0.086603
2025-06-13 20:26:00,379 MUVJAP_clean, uptake: 0.036514
2025-06-13 20:26:01,573 MUKRAN_clean, uptake: 0.071626
2025-06-13 20:26:04,015 NANPUN_clean, uptake: 0.011041
2025-06-13 20:26:12,017 MULXUO_clean, uptake: 0.042512
2025-06-13 20:26:31,530 MUZKEZ_clean, uptake: 0.043741
2025-06-13 20:26:47,290 LENGES_clean, uptake: 1.063632
2025-06-13 20:26:58,548 MUGXIX_clean, uptake: 0.062749
2025-06-13 20:27:05,782 MUTCEL_clean, uptake: 0.037434
2025-06-13 20:28:06,686 LURRUM_clean, uptake: 2.243241
2025-06-13 20:28:46,834 NAHHOW_clean, uptake: 0.053440
2025-06-13 20:28:52,022 NATXOW_clean, uptake: 0.009859
2025-06-13 20:28:59,613 LUTZEH_clean, uptake: 0.019316
2025-06-13 20:29:10,424 MUMLOX_clean, uptake: 0.038843
2025-06-13 20:29:21,012 MOYTUR_clean, uptake: 0.027190
2025-06-13 20:29:39,724 MOYMUJ_clean, uptake: 0.051763
2025-06-13 20:29:40,327 NIMQEH_clean, uptake: 0.030089
2025-06-13 20:29:59,904 NAYHAY_clean, uptake: 0.018242
2025-06-13 20:31:03,712 NEDLOZ_clean, uptake: 0.301463
2025-06-13 20:31:12,928 NIMQAD_clean, uptake: 0.029464
2025-06-13 20:31:57,288 NIKHAS_clean, uptake: 0.049424
2025-06-13 20:32:10,868 NODKEX_clean, uptake: 0.045526
2025-06-13 20:32:15,961 NACZUP01_clean, uptake: 0.778331
2025-06-13 20:32:33,598 NEBYOK_clean, uptake: 0.017129
2025-06-13 20:33:39,556 LUSQOH_clean, uptake: 0.027366
2025-06-13 20:33:54,586 NACZUP03_clean, uptake: 0.780077
2025-06-13 20:33:54,991 MOXPAR_clean, uptake: 0.173683
2025-06-13 20:35:03,538 NIMQAC_clean, uptake: 0.073708
2025-06-13 20:35:10,070 NATHOI_clean, uptake: 0.131207
2025-06-13 20:35:10,624 NIRFIE_clean, uptake: 0.069424
2025-06-13 20:35:22,844 NUCPIM_clean, uptake: 0.086120
2025-06-13 20:35:24,361 NACZUP_clean, uptake: 0.859553
2025-06-13 20:35:31,431 NUMPAO_clean, uptake: 0.026960
2025-06-13 20:35:51,614 NENHEU_clean, uptake: 0.100383
2025-06-13 20:35:58,894 NOMPOW_clean, uptake: 0.031202
2025-06-13 20:36:01,766 NUDLAB_clean, uptake: 0.025998
2025-06-13 20:36:51,611 NUTQEZ_clean, uptake: 0.035100
2025-06-13 20:36:53,276 NUVWIL_clean, uptake: 0.006544
2025-06-13 20:37:23,932 NIXKIQ_clean, uptake: 0.086506
2025-06-13 20:38:31,141 OBUBIW_clean, uptake: 0.007052
2025-06-13 20:38:31,473 NODKIB_clean, uptake: 0.063047
2025-06-13 20:38:44,596 NUDLEF_clean, uptake: 0.023258
2025-06-13 20:38:50,915 OCILIY_clean, uptake: 0.017575
2025-06-13 20:39:03,720 OCIMIZ_clean, uptake: 0.038832
2025-06-13 20:39:10,153 NUTYOS_clean, uptake: 0.027535
2025-06-13 20:39:14,378 NIXGIM_clean, uptake: 0.051402
2025-06-13 20:39:20,067 NUNZUT_clean, uptake: 0.077412
2025-06-13 20:39:30,900 NIXFUX_clean, uptake: 0.134037
2025-06-13 20:40:27,110 OCILEU_clean, uptake: 0.057698
2025-06-13 20:40:33,290 OCIMAR_clean, uptake: 0.060836
2025-06-13 20:40:52,241 MAMVED_charged, uptake: 0.036129
2025-06-13 20:41:00,134 OCIMEV_clean, uptake: 0.053794
2025-06-13 20:41:16,766 NUSXEG_clean, uptake: 0.019761
2025-06-13 20:41:23,508 OCIMOF_clean, uptake: 0.047375
2025-06-13 20:41:31,674 OFAMUF_clean, uptake: 0.016664
2025-06-13 20:41:32,340 NUVXUZ_clean, uptake: 0.017248
2025-06-13 20:41:33,443 OFODAP_clean, uptake: 0.025131
2025-06-13 20:42:32,229 NORPIV_clean, uptake: 0.104641
2025-06-13 20:42:40,132 OCIMUL_clean, uptake: 0.048532
2025-06-13 20:42:42,235 OCUPOS_clean, uptake: 0.076107
2025-06-13 20:42:58,510 OCUTAI_clean, uptake: 0.040311
2025-06-13 20:43:24,389 OGOJAX_clean, uptake: 0.029643
2025-06-13 20:43:35,914 OCINAS_clean, uptake: 0.070349
2025-06-13 20:43:39,457 NOBWEI_clean, uptake: 0.061909
2025-06-13 20:44:11,033 OFORUX_clean, uptake: 0.022608
2025-06-13 20:44:17,937 MIPHEA_clean, uptake: 0.019958
2025-06-13 20:44:30,527 OCIZAD_clean, uptake: 0.034958
2025-06-13 20:44:54,226 OJOSEN_clean, uptake: 0.111536
2025-06-13 20:45:16,249 OCUMUX_clean, uptake: 0.026391
2025-06-13 20:45:45,398 MECWOH_clean, uptake: 0.082825
2025-06-13 20:45:53,310 OHOLIH_clean, uptake: 0.061805
2025-06-13 20:46:43,482 OGUZIA_clean, uptake: 0.055493
2025-06-13 20:46:46,825 OGIJIY_clean, uptake: 0.097984
2025-06-13 20:47:21,516 NOFRIK_clean, uptake: 0.450637
2025-06-13 20:47:33,319 OJIWEK_clean, uptake: 0.104407
2025-06-13 20:48:19,699 NUZCIV_clean, uptake: 0.026444
2025-06-13 20:48:21,036 OJIFAP_clean, uptake: 0.062039
2025-06-13 20:48:21,822 OJOSIR_clean, uptake: 0.123095
2025-06-13 20:49:57,918 ODIXIK_clean, uptake: 0.039775
2025-06-13 20:50:16,661 OKIZIT_clean, uptake: 0.277188
2025-06-13 20:50:38,851 OLOGAY_clean, uptake: 0.116246
2025-06-13 20:51:21,152 LEVPEJ_clean, uptake: 0.425075
2025-06-13 20:51:43,712 MUWRIH_clean, uptake: 0.135821
2025-06-13 20:52:16,044 LIBHAH_clean, uptake: 0.174858
2025-06-13 20:52:29,074 OQUFAJ03_clean, uptake: 0.025645
2025-06-13 20:52:34,356 OQUFAJ01_clean, uptake: 0.026532
2025-06-13 20:52:40,687 OMOWEU_clean, uptake: 0.184953
2025-06-13 20:53:28,500 NOHQEI_clean, uptake: 0.042509
2025-06-13 20:53:58,601 ONUJUE_clean, uptake: 0.045770
2025-06-13 20:54:42,509 JACQUA_clean, uptake: 2.474711
2025-06-13 20:55:04,149 OSOTIB_clean, uptake: 0.050367
2025-06-13 20:55:41,543 ja5b00450_si_005_clean, uptake: 0.284935
2025-06-13 20:55:56,723 OJUPEQ_clean, uptake: 0.046712
2025-06-13 20:56:03,414 OVIWOG_clean, uptake: 0.005325
2025-06-13 20:56:09,188 OTOZAA_clean, uptake: 0.109534
2025-06-13 20:56:17,605 OLODEA_clean, uptake: 0.025689
2025-06-13 20:56:25,131 OQUFIR_clean, uptake: 0.039928
2025-06-13 20:56:45,202 OQUFUD_clean, uptake: 0.058969
2025-06-13 20:56:48,719 OTOYUT_clean, uptake: 0.176180
2025-06-13 20:57:21,373 OPAHIY_clean, uptake: 0.051798
2025-06-13 20:57:33,024 OTOZEE_clean, uptake: 0.189701
2025-06-13 20:57:49,830 OVADAR_clean, uptake: 0.097961
2025-06-13 20:57:53,296 OVEDAW_clean, uptake: 0.021407
2025-06-13 20:58:30,165 OLOPIQ_clean, uptake: 0.061159
2025-06-13 20:58:39,495 OVUVIL_clean, uptake: 0.090998
2025-06-13 20:59:07,321 OLOPOW_clean, uptake: 0.257810
2025-06-13 20:59:16,773 OXAMEG_clean, uptake: 0.042244
2025-06-13 20:59:29,070 OVUNIE_clean, uptake: 0.131070
2025-06-13 21:01:13,929 OXANOR_clean, uptake: 0.058150
2025-06-13 21:01:19,922 OXANUX_clean, uptake: 0.058457
2025-06-13 21:01:48,436 PACHUZ_clean, uptake: 0.011085
2025-06-13 21:01:53,875 OXAPAF_clean, uptake: 0.056121
2025-06-13 21:02:11,020 OYOVOP_clean, uptake: 0.025046
2025-06-13 21:02:14,056 OMUMIU_clean, uptake: 0.053239
2025-06-13 21:02:47,575 OMUHUB_clean, uptake: 0.045645
2025-06-13 21:03:28,461 PALTIH_clean, uptake: 0.022002
2025-06-13 21:03:36,063 OMUMEQ_clean, uptake: 0.047342
2025-06-13 21:03:50,603 PAQTIM_clean, uptake: 0.038124
2025-06-13 21:03:51,344 PAQMAY_clean, uptake: 0.025053
2025-06-13 21:04:15,413 OYAKAC02_clean, uptake: 0.034676
2025-06-13 21:04:30,600 PAQTOS_clean, uptake: 0.041937
2025-06-13 21:04:35,484 PEKDEQ_clean, uptake: 0.040134
2025-06-13 21:04:46,213 OYAJIJ02_clean, uptake: 0.038407
2025-06-13 21:04:50,322 PEQTUB_clean, uptake: 0.024312
2025-06-13 21:04:52,787 PEKVUY_clean, uptake: 0.038365
2025-06-13 21:04:54,547 PEJMUO_clean, uptake: 0.018739
2025-06-13 21:05:23,837 OQUGAK_clean, uptake: 0.069855
2025-06-13 21:05:42,288 OREZUI_clean, uptake: 0.230268
2025-06-13 21:06:41,773 PETWES_clean, uptake: 0.119814
2025-06-13 21:07:02,643 POBGAQ_clean, uptake: 0.029481
2025-06-13 21:07:18,823 PETWIW_clean, uptake: 0.118129
2025-06-13 21:07:24,400 PENYOX_clean, uptake: 0.106906
2025-06-13 21:07:37,806 PIDNEX_clean, uptake: 0.032523
2025-06-13 21:07:39,611 PARSAF_clean, uptake: 0.087302
2025-06-13 21:08:02,427 PIBPAS_clean, uptake: 0.022517
2025-06-13 21:08:14,899 PARSEJ_clean, uptake: 0.081693
2025-06-13 21:08:15,656 PILJAX_clean, uptake: 0.021534
2025-06-13 21:08:17,348 PEQFAT_clean, uptake: 0.012280
2025-06-13 21:08:36,620 POBGAQ01_clean, uptake: 0.027413
2025-06-13 21:08:38,562 OZASOZ_clean, uptake: 0.039797
2025-06-13 21:08:47,277 PIVBEC_clean, uptake: 0.051495
2025-06-13 21:08:51,405 OKUJOV_clean, uptake: 0.104019
2025-06-13 21:09:35,344 POCRAB_clean, uptake: 0.020070
2025-06-13 21:09:49,882 PENNIH_clean, uptake: 0.035867
2025-06-13 21:10:19,804 POBJIB_clean, uptake: 0.211094
2025-06-13 21:11:01,376 PUBSAH_clean, uptake: 0.049067
2025-06-13 21:11:03,208 QAHDOU_clean, uptake: 0.029067
2025-06-13 21:11:15,285 QAHDUA_clean, uptake: 0.029772
2025-06-13 21:11:29,059 PUBSIP_clean, uptake: 0.046710
2025-06-13 21:11:30,531 PITRIU_clean, uptake: 0.140247
2025-06-13 21:12:08,230 PUWCIT_clean, uptake: 0.029205
2025-06-13 21:12:30,609 QAMLEY_clean, uptake: 0.038517
2025-06-13 21:12:35,221 PUBSEL_clean, uptake: 0.066390
2025-06-13 21:12:40,298 PUBROU_clean, uptake: 0.090840
2025-06-13 21:13:07,816 PUPJER_clean, uptake: 0.067701
2025-06-13 21:13:15,360 PUSSEC_clean, uptake: 0.011600
2025-06-13 21:13:50,329 PUCKUV_clean, uptake: 0.043544
2025-06-13 21:14:28,817 QARLUT_clean, uptake: 0.022445
2025-06-13 21:14:32,864 QARLON_clean, uptake: 0.020638
2025-06-13 21:14:46,455 OHAQAR_clean, uptake: 0.069733
2025-06-13 21:15:03,130 QAMHAQ_clean, uptake: 0.123957
2025-06-13 21:15:08,672 QARMAA_clean, uptake: 0.017643
2025-06-13 21:15:19,033 OKUKEM_clean, uptake: 0.103683
2025-06-13 21:15:23,157 QAPPON_clean, uptake: 0.045869
2025-06-13 21:15:32,750 PUBSOV_clean, uptake: 0.137053
2025-06-13 21:15:44,339 PEMGEV_clean, uptake: 0.059788
2025-06-13 21:15:58,855 QIKYOA_clean, uptake: 0.040638
2025-06-13 21:17:18,651 PUMGIP_clean, uptake: 0.051387
2025-06-13 21:17:42,020 QIYDAF01_clean, uptake: 0.030582
2025-06-13 21:17:57,621 PETWUI_clean, uptake: 0.127381
2025-06-13 21:18:25,156 PETXAP_clean, uptake: 0.034466
2025-06-13 21:18:34,799 QIWQES_clean, uptake: 0.045104
2025-06-13 21:18:35,038 QUNMUI_clean, uptake: 0.010293
2025-06-13 21:18:48,596 QAVPOU_clean, uptake: 0.370370
2025-06-13 21:19:11,417 PUWCEP_charged, uptake: 0.182755
2025-06-13 21:19:14,497 QOTHOY_clean, uptake: 0.073520
2025-06-13 21:19:23,431 QOZPEC_clean, uptake: 0.042981
2025-06-13 21:19:29,421 OJUPIU_clean, uptake: 0.441260
2025-06-13 21:19:44,779 QUJWEZ_clean, uptake: 0.109368
2025-06-13 21:19:49,892 QOGGID_clean, uptake: 0.165734
2025-06-13 21:20:09,228 PUBRUA_clean, uptake: 0.088884
2025-06-13 21:20:10,298 QOPDAA_clean, uptake: 0.119175
2025-06-13 21:20:12,812 QETQIP_clean, uptake: 0.022500
2025-06-13 21:20:29,977 QUQGEP_neutral, uptake: 0.002889
2025-06-13 21:20:34,817 PUWZOX_clean, uptake: 0.227246
2025-06-13 21:21:16,875 QOGPIM_clean, uptake: 0.029180
2025-06-13 21:22:15,974 QUQPIC_clean, uptake: 0.044897
2025-06-13 21:22:16,143 QIWHEL_clean, uptake: 0.047156
2025-06-13 21:22:45,198 QUTDAM_clean, uptake: 0.048771
2025-06-13 21:22:49,885 PIDNOH_clean, uptake: 0.152587
2025-06-13 21:23:04,803 RANCEQ_clean, uptake: 0.025141
2025-06-13 21:23:09,107 RAZXIA01_clean, uptake: 0.005796
2025-06-13 21:23:10,185 RAXBOJ_clean, uptake: 0.008799
2025-06-13 21:23:25,554 NOBWUY_clean, uptake: 0.065281
2025-06-13 21:23:31,604 QILBUK_clean, uptake: 0.035650
2025-06-13 21:24:10,479 QUSSOO_clean, uptake: 0.048473
2025-06-13 21:25:10,078 RACZIG_clean, uptake: 0.024143
2025-06-13 21:25:35,491 RANVUA_clean, uptake: 0.107797
2025-06-13 21:26:05,232 REHHIX_clean, uptake: 0.037469
2025-06-13 21:26:20,054 QUQZOS_clean, uptake: 0.420684
2025-06-13 21:26:59,471 REHHET_clean, uptake: 0.061416
2025-06-13 21:27:00,003 RELLAW_clean, uptake: 0.047013
2025-06-13 21:27:14,824 RESDUQ_clean, uptake: 0.027922
2025-06-13 21:27:33,148 QUSSAA_clean, uptake: 0.019494
2025-06-13 21:28:00,979 REHHUJ_clean, uptake: 0.046450
2025-06-13 21:28:08,144 RIZXUT_clean, uptake: 0.032988
2025-06-13 21:28:13,440 REXCEE_clean, uptake: 0.025891
2025-06-13 21:28:15,952 RITGUY_clean, uptake: 0.008968
2025-06-13 21:28:17,873 QUQMOG_clean, uptake: 0.144221
2025-06-13 21:28:44,537 REHJAR_clean, uptake: 0.077792
2025-06-13 21:29:11,641 RESZIA_clean, uptake: 0.068568
2025-06-13 21:30:05,699 QITHAC_clean, uptake: 0.054363
2025-06-13 21:30:11,189 RETVIW_clean, uptake: 0.033654
2025-06-13 21:30:25,085 RITGEI_clean, uptake: 0.008015
2025-06-13 21:30:34,401 QUQQOJ_clean, uptake: 0.050683
2025-06-13 21:31:12,533 REKZIR_clean, uptake: 0.009390
2025-06-13 21:31:24,202 QAJJOD_clean, uptake: 0.144955
2025-06-13 21:32:31,500 RORTOJ_clean, uptake: 0.034283
2025-06-13 21:32:35,280 RUBLUX_clean, uptake: 0.039923
2025-06-13 21:32:39,451 RORTID_clean, uptake: 0.036876
2025-06-13 21:32:59,191 REJLOI_clean, uptake: 0.901907
2025-06-13 21:33:01,737 REXGAE_clean, uptake: 0.058769
2025-06-13 21:33:16,691 ROMMAJ_clean, uptake: 0.071813
2025-06-13 21:33:18,491 RORTUP_clean, uptake: 0.037762
2025-06-13 21:34:06,604 RUFPUF_clean, uptake: 0.025678
2025-06-13 21:34:53,962 RUDQOX_clean, uptake: 0.005254
2025-06-13 21:35:01,443 OKUJUB_clean, uptake: 0.118040
2025-06-13 21:35:13,061 RONSOE_clean, uptake: 0.055952
2025-06-13 21:36:40,089 RUDPOW_clean, uptake: 0.011398
2025-06-13 21:36:44,896 RUFZOJ_clean, uptake: 0.028801
2025-06-13 21:36:56,634 QITHEG_clean, uptake: 0.057920
2025-06-13 21:37:15,293 QURPIE_clean, uptake: 0.040525
2025-06-13 21:37:27,393 ROBYOY_clean, uptake: 0.180808
2025-06-13 21:37:33,106 RIRDIH_clean, uptake: 0.033719
2025-06-13 21:38:45,816 SABFUX_clean, uptake: 0.023673
2025-06-13 21:38:53,939 SAJRAW11_clean, uptake: 0.012436
2025-06-13 21:39:00,380 RUDQEN_clean, uptake: 0.008015
2025-06-13 21:39:10,111 RUGXUO_clean, uptake: 0.067628
2025-06-13 21:39:16,477 RUQVEF_clean, uptake: 0.061396
2025-06-13 21:39:25,349 RIWNAO_clean, uptake: 0.020708
2025-06-13 21:40:55,672 INIGOD_clean, uptake: 0.089309
2025-06-13 21:40:55,909 RUJMAM_clean, uptake: 0.050963
2025-06-13 21:41:32,401 SALRUU_clean, uptake: 0.030619
2025-06-13 21:41:51,345 SAMVIO_clean, uptake: 0.030831
2025-06-13 21:42:12,685 RUBTAK04_clean, uptake: 0.068054
2025-06-13 21:42:26,341 RUBTAK06_clean, uptake: 0.069641
2025-06-13 21:42:33,154 RUBTAK05_clean, uptake: 0.068493
2025-06-13 21:42:48,844 RUBTAK07_clean, uptake: 0.068477
2025-06-13 21:43:08,005 RUMWUS_clean, uptake: 0.086251
2025-06-13 21:43:10,179 RULMUI_clean, uptake: 0.035296
2025-06-13 21:43:11,663 RUGXIC_clean, uptake: 0.084003
2025-06-13 21:43:33,888 RUBTAK08_clean, uptake: 0.067916
2025-06-13 21:43:45,081 RUBTAK09_clean, uptake: 0.068859
2025-06-13 21:43:46,501 RUKHAI_clean, uptake: 0.041780
2025-06-13 21:43:50,774 SALROO_clean, uptake: 0.079917
2025-06-13 21:44:43,726 SENWAL_clean, uptake: 0.021534
2025-06-13 21:44:46,439 SENWIT_clean, uptake: 0.022835
2025-06-13 21:44:50,253 MIZZOM_clean, uptake: 3.748670
2025-06-13 21:45:23,200 SEFTOO_clean, uptake: 0.018984
2025-06-13 21:45:39,897 SENWOZ_clean, uptake: 0.022070
2025-06-13 21:45:47,743 SEFVOQ_clean, uptake: 0.017276
2025-06-13 21:46:15,981 SERKEG_clean, uptake: 0.013572
2025-06-13 21:46:16,637 RUYNEG_clean, uptake: 0.035949
2025-06-13 21:46:26,889 SARPIL_clean, uptake: 0.053340
2025-06-13 21:47:31,984 SANGIA_clean, uptake: 0.083359
2025-06-13 21:47:45,565 SEHMUO_clean, uptake: 0.007523
2025-06-13 21:47:50,800 SAJHUJ_clean, uptake: 0.081450
2025-06-13 21:47:52,093 SANGOG_clean, uptake: 0.083247
2025-06-13 21:48:11,806 SANHEX_clean, uptake: 0.083233
2025-06-13 21:48:13,036 SEHNEZ_clean, uptake: 0.009320
2025-06-13 21:48:21,602 ROKROA_clean, uptake: 0.713096
2025-06-13 21:48:35,631 SAMXUC_clean, uptake: 0.018359
2025-06-13 21:48:42,090 SAMYAJ_clean, uptake: 0.017269
2025-06-13 21:49:22,284 ONEYIQ_clean, uptake: 0.021997
2025-06-13 21:49:22,350 SETTAO_clean, uptake: 0.035905
2025-06-13 21:49:23,627 SEZPIY_clean, uptake: 0.090642
2025-06-13 21:49:42,873 SAKNOJ_clean, uptake: 0.039181
2025-06-13 21:49:51,126 SAPHOI_clean, uptake: 0.074213
2025-06-13 21:49:56,561 SINLAE_clean, uptake: 0.023128
2025-06-13 21:50:29,719 SAMYIR_clean, uptake: 0.018211
2025-06-13 21:50:35,383 SAMYEN_clean, uptake: 0.018157
2025-06-13 21:50:38,787 SENQAE_clean, uptake: 0.504899
2025-06-13 21:50:52,079 SERWIX_clean, uptake: 0.073305
2025-06-13 21:50:54,059 SIVGAH_clean, uptake: 0.052688
2025-06-13 21:50:59,879 SOPLIU_clean, uptake: 0.036588
2025-06-13 21:51:21,207 SERWET_clean, uptake: 0.114834
2025-06-13 21:51:38,697 SETSUH_clean, uptake: 0.042186
2025-06-13 21:52:12,276 SUPQAW_clean, uptake: 0.033025
2025-06-13 21:53:07,587 SEMPUX_clean, uptake: 0.138485
2025-06-13 21:53:15,796 SESLUZ_clean, uptake: 0.040485
2025-06-13 21:53:28,433 SONTEV_clean, uptake: 0.073879
2025-06-13 21:54:17,157 SITFUY_clean, uptake: 0.201964
2025-06-13 21:54:30,334 SOKXOH_clean, uptake: 0.033813
2025-06-13 21:55:24,386 TACFIN01_clean, uptake: 0.081758
2025-06-13 21:55:40,958 SUNLAP_clean, uptake: 0.034730
2025-06-13 21:55:42,219 SOKXIB_clean, uptake: 0.090400
2025-06-13 21:55:59,322 RAHPAT_clean, uptake: 0.049210
2025-06-13 21:56:45,113 SOVHIU_clean, uptake: 0.244012
2025-06-13 21:57:07,037 TAWSUI_clean, uptake: 0.065018
2025-06-13 21:58:04,625 SUKMAO_clean, uptake: 0.324993
2025-06-13 21:58:13,125 TEQPEM_SL, uptake: 0.025895
2025-06-13 21:58:24,020 TATSAK_clean, uptake: 0.046177
2025-06-13 21:58:24,070 TAPLED_clean, uptake: 0.026326
2025-06-13 21:58:26,418 SUKKUG_clean, uptake: 0.289799
2025-06-13 21:58:35,830 SUGSEU_clean, uptake: 0.024012
2025-06-13 21:58:52,203 SUXNIJ_clean, uptake: 0.024731
2025-06-13 21:59:02,882 TADWOM_clean, uptake: 0.046704
2025-06-13 21:59:17,542 SUXSEL_clean, uptake: 0.075552
2025-06-13 21:59:39,127 TAZLAJ_clean, uptake: 0.029413
2025-06-13 21:59:56,531 TAZLEN_clean, uptake: 0.029805
2025-06-13 21:59:57,686 TILWEQ_clean, uptake: 0.012493
2025-06-13 22:00:02,165 TEQVOC_clean, uptake: 0.011087
2025-06-13 22:01:08,460 SOHMOS_clean, uptake: 0.017218
2025-06-13 22:01:09,555 TERFED_clean, uptake: 0.058777
2025-06-13 22:01:25,871 TAVSER_clean, uptake: 0.118304
2025-06-13 22:01:48,532 TEQLIM_clean, uptake: 0.040103
2025-06-13 22:02:07,525 SURHEU01_clean, uptake: 0.069166
2025-06-13 22:02:12,015 SURHEU02_clean, uptake: 0.068996
2025-06-13 22:02:16,324 TIVYAZ_clean, uptake: 0.028099
2025-06-13 22:02:36,453 SURHEU_clean, uptake: 0.070792
2025-06-13 22:02:40,430 REHTUV_clean, uptake: 0.720172
2025-06-13 22:02:43,737 SURKUN01_clean, uptake: 0.067615
2025-06-13 22:02:51,890 SURKUN_clean, uptake: 0.069664
2025-06-13 22:03:10,048 SUXGUP_clean, uptake: 0.027572
2025-06-13 22:03:13,086 SURLEY_clean, uptake: 0.067182
2025-06-13 22:03:45,812 SUWZOB_clean, uptake: 0.068193
2025-06-13 22:04:00,524 TIPZUP_clean, uptake: 0.008557
2025-06-13 22:04:02,642 TILBOH_clean, uptake: 0.016126
2025-06-13 22:04:16,665 TIPZOJ_clean, uptake: 0.007940
2025-06-13 22:04:29,609 TOFLIL_clean, uptake: 0.042214
2025-06-13 22:04:37,594 TILBIB01_clean, uptake: 0.020043
2025-06-13 22:04:38,383 TILBIB_clean, uptake: 0.019855
2025-06-13 22:04:57,221 TIRKEM_clean, uptake: 0.041879
2025-06-13 22:05:02,512 TEVHEJ_clean, uptake: 0.090001
2025-06-13 22:05:26,053 TOHZAS_clean, uptake: 0.042858
2025-06-13 22:06:08,385 RAHNUL_clean, uptake: 0.075429
2025-06-13 22:06:26,973 TOKLIQ_clean, uptake: 0.038188
2025-06-13 22:06:44,676 TOKLEM_clean, uptake: 0.030128
2025-06-13 22:07:12,115 TEPJAB_clean, uptake: 0.300067
2025-06-13 22:07:24,045 UDALUI_clean, uptake: 0.032023
2025-06-13 22:07:33,474 TOWMOJ_clean, uptake: 0.069410
2025-06-13 22:07:49,810 TORXEE_clean, uptake: 0.359572
2025-06-13 22:08:11,523 UDAMET_clean, uptake: 0.004214
2025-06-13 22:08:17,435 UDANIY_clean, uptake: 0.032577
2025-06-13 22:08:41,230 UBACUX_clean, uptake: 0.026221
2025-06-13 22:09:04,666 UDAWUU_clean, uptake: 0.016769
2025-06-13 22:09:24,203 TOVKAS_clean, uptake: 0.042957
2025-06-13 22:09:47,198 TOTVEF_clean, uptake: 0.012002
2025-06-13 22:10:03,978 UDAWOO_clean, uptake: 0.017677
2025-06-13 22:10:05,409 TOHMIO_clean, uptake: 0.086636
2025-06-13 22:10:13,543 TOVHET_clean, uptake: 0.044367
2025-06-13 22:10:36,786 UDAXEF_clean, uptake: 0.016756
2025-06-13 22:10:49,110 UDAXAB_clean, uptake: 0.020385
2025-06-13 22:11:23,236 TUWFUN_clean, uptake: 0.389319
2025-06-13 22:11:30,265 UDAXIJ_clean, uptake: 0.018830
2025-06-13 22:11:41,583 TOVGUI_clean, uptake: 0.045800
2025-06-13 22:11:45,577 TONKIR_clean, uptake: 0.315701
2025-06-13 22:12:24,120 UDIQII_clean, uptake: 0.019533
2025-06-13 22:13:44,653 UKIQUB_clean, uptake: 0.051198
2025-06-13 22:13:46,328 UJEGUL_clean, uptake: 0.076630
2025-06-13 22:14:25,590 ULOJUC01_clean, uptake: 0.021122
2025-06-13 22:14:29,281 ULOKEN_clean, uptake: 0.015636
2025-06-13 22:14:34,802 UKOZOL_clean, uptake: 0.037753
2025-06-13 22:14:36,463 ULOJUC_clean, uptake: 0.018150
2025-06-13 22:14:38,600 ULOKOX_clean, uptake: 0.015950
2025-06-13 22:14:58,261 UMEJUT_clean, uptake: 0.035436
2025-06-13 22:15:32,589 ULOKUD01_clean, uptake: 0.019140
2025-06-13 22:15:39,259 ULOKUD_clean, uptake: 0.016795
2025-06-13 22:16:47,527 ULOLAK_clean, uptake: 0.016938
2025-06-13 22:16:51,507 ULILEI_clean, uptake: 0.034404
2025-06-13 22:17:31,093 TURBUE_clean, uptake: 0.144137
2025-06-13 22:18:18,219 ROKRIU_clean, uptake: 1.382003
2025-06-13 22:18:29,995 UMEKAA_clean, uptake: 0.049920
2025-06-13 22:18:37,488 UMOYOM01_clean, uptake: 0.041297
2025-06-13 22:18:40,982 UMOYOM02_clean, uptake: 0.040832
2025-06-13 22:18:41,088 UMOYOM04_clean, uptake: 0.035841
2025-06-13 22:18:42,439 UMODEH05_clean, uptake: 0.037880
2025-06-13 22:18:44,345 UCAJUF_clean, uptake: 0.028300
2025-06-13 22:18:45,493 TUJGAI_clean, uptake: 0.238969
2025-06-13 22:19:06,531 UMOYOM12_clean, uptake: 0.043040
2025-06-13 22:19:22,911 UMOYOM09_clean, uptake: 0.037120
2025-06-13 22:19:42,659 UNIGEE_clean, uptake: 0.024566
2025-06-13 22:20:55,040 UMOYOM14_clean, uptake: 0.050636
2025-06-13 22:21:06,257 UMOYOM15_clean, uptake: 0.052203
2025-06-13 22:21:42,108 QUYRAF_clean, uptake: 0.056016
2025-06-13 22:21:51,499 UFEXOT_clean, uptake: 0.020917
2025-06-13 22:21:53,638 UMOYOM18_clean, uptake: 0.057252
2025-06-13 22:22:19,385 TIMMEI_clean, uptake: 0.053342
2025-06-13 22:22:25,231 UMOYOM19_clean, uptake: 0.052013
2025-06-13 22:22:30,048 UMOYOM_clean, uptake: 0.041819
2025-06-13 22:22:42,436 UGEMOK_clean, uptake: 0.034570
2025-06-13 22:22:47,461 UTULEB_clean, uptake: 0.052198
2025-06-13 22:22:49,653 UTEWUM_clean, uptake: 0.043500
2025-06-13 22:23:03,927 UTEXAT_clean, uptake: 0.051303
2025-06-13 22:24:40,931 TOVHIX_clean, uptake: 0.060969
2025-06-13 22:24:41,973 USAHAZ_clean, uptake: 0.035466
2025-06-13 22:24:46,566 UXACAY_clean, uptake: 0.005568
2025-06-13 22:25:13,450 UVEXAV_clean, uptake: 0.307133
2025-06-13 22:25:23,078 TILPUA_clean, uptake: 0.687392
2025-06-13 22:25:33,819 UVUPOR_clean, uptake: 0.066620
2025-06-13 22:25:47,672 UNACES01_clean, uptake: 0.118401
2025-06-13 22:25:52,639 UVUQOT_clean, uptake: 0.022919
2025-06-13 22:26:02,981 UNABOB_clean, uptake: 0.017387
2025-06-13 22:26:57,644 UHOHEG_clean, uptake: 0.201698
2025-06-13 22:26:59,822 UXOHOG_clean, uptake: 0.056668
2025-06-13 22:27:19,566 PURSEC_clean, uptake: 0.020325
2025-06-13 22:27:58,708 UYAMIS_clean, uptake: 0.027307
2025-06-13 22:28:02,039 USOXIL_clean, uptake: 0.030380
2025-06-13 22:28:11,510 UKOLOV_clean, uptake: 0.096996
2025-06-13 22:28:13,291 UZIZOU_clean, uptake: 0.068787
2025-06-13 22:28:19,269 UZOBAO_clean, uptake: 0.064732
2025-06-13 22:28:38,231 UZUTUG_clean, uptake: 0.024327
2025-06-13 22:28:42,621 VABKAN_clean, uptake: 0.042364
2025-06-13 22:28:48,650 UVUCEV_clean, uptake: 0.031569
2025-06-13 22:28:58,183 VABKER_clean, uptake: 0.044517
2025-06-13 22:29:29,609 UQETOB_clean, uptake: 0.042751
2025-06-13 22:29:44,351 UMIZIB_clean, uptake: 0.032835
2025-06-13 22:29:57,187 UZOBES_clean, uptake: 0.066043
2025-06-13 22:29:58,903 UZOBIW_clean, uptake: 0.072250
2025-06-13 22:30:43,687 VAKNED_clean, uptake: 0.039533
2025-06-13 22:30:53,662 UYAMOY_clean, uptake: 0.054953
2025-06-13 22:31:06,559 VAKLIF_clean, uptake: 0.040260
2025-06-13 22:31:13,971 VAKNAZ_clean, uptake: 0.033980
2025-06-13 22:31:16,655 VAKPOP_clean, uptake: 0.016922
2025-06-13 22:31:46,155 VAKQAC_clean, uptake: 0.018503
2025-06-13 22:33:12,566 VAJTEH_clean, uptake: 0.032009
2025-06-13 22:33:19,410 VEHJID_clean, uptake: 0.042197
2025-06-13 22:33:55,564 VAMYEQ_clean, uptake: 0.029880
2025-06-13 22:33:57,721 VAMYIU_clean, uptake: 0.028472
2025-06-13 22:34:11,740 VARHON_clean, uptake: 0.045510
2025-06-13 22:34:48,224 VAMYUG_clean, uptake: 0.030713
2025-06-13 22:34:53,026 UVUDEW_clean, uptake: 0.009176
2025-06-13 22:34:53,574 VELBAQ_clean, uptake: 0.035009
2025-06-13 22:35:19,243 VABKEP_clean, uptake: 0.890352
2025-06-13 22:35:22,200 UZUXOE_clean, uptake: 0.024743
2025-06-13 22:35:32,578 VAGTAB_clean, uptake: 0.167833
2025-06-13 22:35:35,262 VAKPUV_clean, uptake: 0.017813
2025-06-13 22:36:31,652 VINHIL_clean, uptake: 0.014597
2025-06-13 22:36:35,278 VIDVUB_clean, uptake: 0.028901
2025-06-13 22:37:01,677 VEYREX_clean, uptake: 0.031372
2025-06-13 22:37:01,819 VELVOY_clean, uptake: 0.027755
2025-06-13 22:37:39,295 VAJVEJ_clean, uptake: 0.082646
2025-06-13 22:37:47,752 VAJGAR_clean, uptake: 0.158313
2025-06-13 22:37:52,679 VECVUW_clean, uptake: 0.022853
2025-06-13 22:38:08,493 VIDJID_clean, uptake: 0.060627
2025-06-13 22:38:21,810 VARJAB_clean, uptake: 0.098558
2025-06-13 22:38:25,490 VIXPUP_clean, uptake: 0.034756
2025-06-13 22:38:39,249 VOLRAQ01_clean, uptake: 0.022366
2025-06-13 22:38:50,625 VABKAL_clean, uptake: 1.211323
2025-06-13 22:39:08,544 VIWRAW_clean, uptake: 0.010919
2025-06-13 22:39:16,655 VIDWIQ_clean, uptake: 0.104042
2025-06-13 22:40:12,716 TOVHAP_clean, uptake: 0.464030
2025-06-13 22:40:43,669 VOQXIK_clean, uptake: 0.063092
2025-06-13 22:40:46,498 VOVQEE_clean, uptake: 0.013483
2025-06-13 22:40:46,591 VABJUE_clean, uptake: 1.384937
2025-06-13 22:41:05,063 VOSWIL_clean, uptake: 0.014850
2025-06-13 22:41:19,271 VEJZIU_clean, uptake: 0.025031
2025-06-13 22:42:27,552 VEYWED_clean, uptake: 0.018567
2025-06-13 22:42:43,706 VIGDIY_clean, uptake: 0.013887
2025-06-13 22:43:18,314 TUBWEU_clean, uptake: 0.082255
2025-06-13 22:43:27,947 VOXTUZ_clean, uptake: 0.151546
2025-06-13 22:44:01,803 UNIFII_clean, uptake: 0.062443
2025-06-13 22:44:11,088 VOZVEN01_clean, uptake: 0.020931
2025-06-13 22:44:27,838 VONDOT_clean, uptake: 0.087882
2025-06-13 22:44:29,183 VUHMUI_clean, uptake: 0.020505
2025-06-13 22:44:36,139 VUHNAP_clean, uptake: 0.017901
2025-06-13 22:44:43,630 VONROH_clean, uptake: 0.016838
2025-06-13 22:44:48,846 VUHMOC_clean, uptake: 0.024266
2025-06-13 22:45:08,809 VIWQUP_clean, uptake: 0.021769
2025-06-13 22:45:57,819 VUHNIX_clean, uptake: 0.021408
2025-06-13 22:46:15,731 VOSVAC_clean, uptake: 0.019621
2025-06-13 22:46:25,690 VUHNUJ_clean, uptake: 0.022032
2025-06-13 22:46:40,576 VOXVAH_clean, uptake: 0.091233
2025-06-13 22:47:18,045 VORHER_clean, uptake: 0.060693
2025-06-13 22:47:20,165 VONRUN_clean, uptake: 0.034309
2025-06-13 22:47:21,819 VUHPAR_clean, uptake: 0.024610
2025-06-13 22:47:33,997 VUHPOF_clean, uptake: 0.025536
2025-06-13 22:47:52,458 VIJNIN_clean, uptake: 0.177330
2025-06-13 22:48:07,647 VUKYUX_clean, uptake: 0.028269
2025-06-13 22:48:14,069 VONDIN_clean, uptake: 0.163250
2025-06-13 22:48:28,236 VUHPUL_clean, uptake: 0.028091
2025-06-13 22:48:35,177 VUKYOR_clean, uptake: 0.024873
2025-06-13 22:48:41,766 VURNED04_clean, uptake: 0.058576
2025-06-13 22:48:45,308 VAMYOA_clean, uptake: 0.046921
2025-06-13 22:48:47,850 VUJBIM_clean, uptake: 0.033314
2025-06-13 22:48:53,353 VURNED01_clean, uptake: 0.061148
2025-06-13 22:49:01,094 VAMZAN_clean, uptake: 0.047112
2025-06-13 22:49:10,827 VEYREY_clean, uptake: 0.027014
2025-06-13 22:49:16,699 VUMBOW_clean, uptake: 0.016121
2025-06-13 22:49:22,380 VOSVEG_clean, uptake: 0.047943
2025-06-13 22:49:34,985 VAMZER_clean, uptake: 0.048700
2025-06-13 22:49:38,154 VURNED02_clean, uptake: 0.059378
2025-06-13 22:49:57,079 VURNED03_clean, uptake: 0.059643
2025-06-13 22:50:13,332 VUKSIF_clean, uptake: 0.053472
2025-06-13 22:50:17,879 VURNED_clean, uptake: 0.060236
2025-06-13 22:50:40,002 WAFKEU05_clean, uptake: 0.086185
2025-06-13 22:50:48,646 WAKTOS_clean, uptake: 0.004498
2025-06-13 22:50:51,365 VOKNAM_clean, uptake: 0.051967
2025-06-13 22:50:51,665 WAHDIT_clean, uptake: 0.008439
2025-06-13 22:50:52,584 WAFKEU07_clean, uptake: 0.087456
2025-06-13 22:50:53,437 WAGPOM_clean, uptake: 0.028448
2025-06-13 22:50:59,467 TOHDAX_clean, uptake: 0.153089
2025-06-13 22:51:00,417 WAFKEU06_clean, uptake: 0.100965
2025-06-13 22:51:23,389 WAFKIY_clean, uptake: 0.059791
2025-06-13 22:51:29,972 VUWROW_clean, uptake: 0.058743
2025-06-13 22:51:49,551 TOHDIF_clean, uptake: 0.060825
2025-06-13 22:52:04,058 WAPTAL_clean, uptake: 0.003213
2025-06-13 22:52:20,212 WAMRIN02_clean, uptake: 0.066301
2025-06-13 22:52:23,225 WAPTEP_clean, uptake: 0.003392
2025-06-13 22:52:24,983 WAGQAY_clean, uptake: 0.032242
2025-06-13 22:52:27,424 WAPTIT_clean, uptake: 0.003289
2025-06-13 22:53:14,371 WANHOL_clean, uptake: 0.051986
2025-06-13 22:54:01,587 WANHEB_clean, uptake: 0.063467
2025-06-13 22:54:09,307 WANBIY_clean, uptake: 0.002282
2025-06-13 22:54:42,174 WARFAY05_clean, uptake: 0.093405
2025-06-13 22:54:43,754 WARFAY06_clean, uptake: 0.092311
2025-06-13 22:54:48,768 WAHROP_clean, uptake: 0.067472
2025-06-13 22:54:52,163 WANHUR_clean, uptake: 0.074443
2025-06-13 22:54:56,079 WANHAX_clean, uptake: 0.071723
2025-06-13 22:55:07,142 WARFAY03_clean, uptake: 0.115720
2025-06-13 22:55:08,683 VOXTOT_clean, uptake: 0.113233
2025-06-13 22:55:08,719 WARFAY04_clean, uptake: 0.114733
2025-06-13 22:55:11,865 WARFAY02_clean, uptake: 0.120900
2025-06-13 22:55:31,693 WASMUB01_clean, uptake: 0.168164
2025-06-13 22:55:47,291 WARXUL_clean, uptake: 0.045910
2025-06-13 22:55:49,871 WASMUB02_clean, uptake: 0.126013
2025-06-13 22:56:44,431 WEBKAR_clean, uptake: 0.029659
2025-06-13 22:56:47,450 WANKOO_clean, uptake: 0.008469
2025-06-13 22:57:21,621 WAZQIZ_clean, uptake: 0.030094
2025-06-13 22:57:23,551 WAQFAY_clean, uptake: 0.105268
2025-06-13 22:57:33,773 WARFAY01_clean, uptake: 0.509422
2025-06-13 22:57:44,456 WEBKEV_clean, uptake: 0.044335
2025-06-13 22:57:48,891 WARFIG_clean, uptake: 0.499800
2025-06-13 22:57:58,638 WETPES_clean, uptake: 0.062085
2025-06-13 22:58:17,156 WEBJUK_clean, uptake: 0.045185
2025-06-13 22:58:32,196 WEBJIY_clean, uptake: 0.048855
2025-06-13 22:58:37,260 WEXSEZ_clean, uptake: 0.054102
2025-06-13 22:58:42,514 WOLROF_clean, uptake: 0.027303
2025-06-13 22:59:12,805 WIRMUH_clean, uptake: 0.036563
2025-06-13 23:00:00,525 WILGUV_clean, uptake: 0.027982
2025-06-13 23:00:00,659 WONZUV_clean, uptake: 0.035517
2025-06-13 23:00:09,217 WIJXAQ_clean, uptake: 0.046519
2025-06-13 23:00:17,521 WISKOA_clean, uptake: 0.072016
2025-06-13 23:00:34,818 WIKLOT_clean, uptake: 0.015045
2025-06-13 23:00:58,241 WONZOP_clean, uptake: 0.024386
2025-06-13 23:01:21,749 WIRNAO_clean, uptake: 0.054962
2025-06-13 23:01:32,696 MOBBAI_clean, uptake: 4.903804
2025-06-13 23:01:49,924 WONBAD_clean, uptake: 0.094766
2025-06-13 23:02:50,565 UGOCAW_clean, uptake: 0.059774
2025-06-13 23:02:57,977 WUDTUM_clean, uptake: 0.010751
2025-06-13 23:03:02,683 WIKGII_clean, uptake: 0.013050
2025-06-13 23:03:09,665 WAVRES_clean, uptake: 0.064013
2025-06-13 23:03:14,286 WAVQIV_ion_b, uptake: 0.016459
2025-06-13 23:03:55,943 WANNEH_clean, uptake: 0.118533
2025-06-13 23:04:15,785 WUJPIC_clean, uptake: 0.055190
2025-06-13 23:04:16,656 WODREO_clean, uptake: 0.089324
2025-06-13 23:04:18,804 WANNIL_clean, uptake: 0.101120
2025-06-13 23:04:21,963 WUDZIG_clean, uptake: 0.022500
2025-06-13 23:04:31,107 WUGPUL_clean, uptake: 0.050905
2025-06-13 23:04:35,431 WAVRIW_clean, uptake: 0.093976
2025-06-13 23:04:42,711 WUYLOS_clean, uptake: 0.015034
2025-06-13 23:04:43,584 WUDZOM_clean, uptake: 0.022795
2025-06-13 23:04:58,737 WUDZUS_clean, uptake: 0.019405
2025-06-13 23:05:12,259 WIWKIX_clean, uptake: 0.080883
2025-06-13 23:06:04,596 XAMDUM07_clean, uptake: 0.042747
2025-06-13 23:06:25,925 XANMUX01_clean, uptake: 0.020272
2025-06-13 23:06:28,426 XANMUX03_clean, uptake: 0.025370
2025-06-13 23:06:29,561 XANMUX02_clean, uptake: 0.020632
2025-06-13 23:06:35,160 XAKZEP_clean, uptake: 0.036174
2025-06-13 23:06:39,924 XANMUX04_clean, uptake: 0.022797
2025-06-13 23:06:51,881 XANMUX05_clean, uptake: 0.023403
2025-06-13 23:07:00,981 XANMUX07_clean, uptake: 0.023351
2025-06-13 23:07:12,882 XANMUX_clean, uptake: 0.020709
2025-06-13 23:07:14,718 XANMUX06_clean, uptake: 0.030481
2025-06-13 23:07:54,769 WUDZAY_clean, uptake: 0.028010
2025-06-13 23:07:58,228 WOYWOY_clean, uptake: 0.116539
2025-06-13 23:08:02,278 XANZAQ03_clean, uptake: 0.023484
2025-06-13 23:08:29,883 XANMUX08_clean, uptake: 0.082678
2025-06-13 23:08:35,877 WUTCET_clean, uptake: 0.054688
2025-06-13 23:08:43,567 XANZAQ01_clean, uptake: 0.024716
2025-06-13 23:08:45,989 XANZAQ04_clean, uptake: 0.031554
2025-06-13 23:08:48,907 XANZAQ05_clean, uptake: 0.030901
2025-06-13 23:08:56,712 XANZAQ06_clean, uptake: 0.032798
2025-06-13 23:09:01,022 XANZAQ07_clean, uptake: 0.030780
2025-06-13 23:09:07,581 XANZAQ08_clean, uptake: 0.029045
2025-06-13 23:09:10,865 XANZAQ_clean, uptake: 0.026953
2025-06-13 23:09:28,645 XAKLIH_clean, uptake: 0.115753
2025-06-13 23:09:35,215 XANZAQ02_clean, uptake: 0.024503
2025-06-13 23:09:37,821 WUDYUR_clean, uptake: 0.030463
2025-06-13 23:09:46,303 XACYAB_clean, uptake: 0.150999
2025-06-13 23:10:06,394 WOYWIS_clean, uptake: 0.065851
2025-06-13 23:10:42,149 WOPSAX01_clean, uptake: 0.015304
2025-06-13 23:10:59,823 XINFUW_clean, uptake: 0.037517
2025-06-13 23:11:56,723 XIDMED_clean, uptake: 0.039403
2025-06-13 23:12:17,989 XILDUT_clean, uptake: 0.028127
2025-06-13 23:12:18,035 XEMHOM_clean, uptake: 0.012300
2025-06-13 23:12:24,606 XEKJIH_clean, uptake: 0.283102
2025-06-13 23:12:41,591 XOBDUO_clean, uptake: 0.006157
2025-06-13 23:13:38,406 XIVVEF_clean, uptake: 0.122836
2025-06-13 23:13:47,233 XEKJON_clean, uptake: 0.515905
2025-06-13 23:13:57,107 XIZCUG_clean, uptake: 0.027880
2025-06-13 23:14:37,743 XOMCUZ_clean, uptake: 0.017892
2025-06-13 23:15:00,108 XOCQUD_clean, uptake: 0.006417
2025-06-13 23:15:05,495 WOJYEB_clean, uptake: 0.121129
2025-06-13 23:15:22,825 XIZJEW_clean, uptake: 0.051184
2025-06-13 23:15:35,545 WOJYIF_clean, uptake: 0.142426
2025-06-13 23:15:36,117 WOJYOL_clean, uptake: 0.146372
2025-06-13 23:16:24,194 XISDIO_clean, uptake: 0.064386
2025-06-13 23:16:31,977 WOJYUR_clean, uptake: 0.129943
2025-06-13 23:16:33,217 XISDUA_clean, uptake: 0.063276
2025-06-13 23:16:40,322 XISDOU_clean, uptake: 0.063311
2025-06-13 23:16:50,784 XOMHEO_clean, uptake: 0.102706
2025-06-13 23:16:58,262 XEKJUT_clean, uptake: 0.753110
2025-06-13 23:17:20,088 XEVHEN_clean, uptake: 0.085381
2025-06-13 23:17:30,785 XEVHAJ_clean, uptake: 0.089757
2025-06-13 23:17:53,280 XISLUI_clean, uptake: 0.153752
2025-06-13 23:19:09,627 XODNUB_clean, uptake: 0.010356
2025-06-13 23:19:29,299 XUFWIF_clean, uptake: 0.080734
2025-06-13 23:19:41,155 XUFWEB_clean, uptake: 0.086105
2025-06-13 23:19:42,793 XUFWAX_clean, uptake: 0.086697
2025-06-13 23:20:08,376 XONLES_clean, uptake: 0.034484
2025-06-13 23:20:52,766 XUFWOL_clean, uptake: 0.118958
2025-06-13 23:20:53,880 XUDVAV_clean, uptake: 0.087008
2025-06-13 23:21:12,460 XOPJAO_clean, uptake: 0.113271
2025-06-13 23:21:40,624 YAGHUM_clean, uptake: 0.031910
2025-06-13 23:22:31,362 VUJBOS_clean, uptake: 0.035423
2025-06-13 23:22:42,131 YAHWAI_clean, uptake: 0.019435
2025-06-13 23:23:01,834 XENZEX_clean, uptake: 0.422550
2025-06-13 23:23:01,882 YAFJEX_clean, uptake: 0.094261
2025-06-13 23:23:56,622 XOMNEU_clean, uptake: 0.107821
2025-06-13 23:24:11,321 XUMNAW_clean, uptake: 0.055564
2025-06-13 23:24:27,722 XUDPOD_clean, uptake: 0.032021
2025-06-13 23:25:17,650 XOMHIS_clean, uptake: 0.059313
2025-06-13 23:26:29,439 WONJUG_clean, uptake: 0.690665
2025-06-13 23:28:00,480 XOFGEG_clean, uptake: 0.033805
2025-06-13 23:28:01,471 XUDPET_clean, uptake: 0.045033
