2025-06-13 17:47:43,598 YIWNUN_clean, uptake: 0.010321
2025-06-13 17:47:51,429 YEFNIG_clean, uptake: 0.012146
2025-06-13 17:47:51,706 YEFPAA_clean, uptake: 0.012201
2025-06-13 17:47:55,317 YARZEZ01_clean, uptake: 0.022239
2025-06-13 17:48:12,947 YIWMIA_clean, uptake: 0.010327
2025-06-13 17:48:21,987 YIWNEX_clean, uptake: 0.009030
2025-06-13 17:48:27,371 YASVUM_clean, uptake: 0.064504
2025-06-13 17:48:33,119 YINXUQ_clean, uptake: 0.021596
2025-06-13 17:48:33,324 YARGOP_clean, uptake: 0.043561
2025-06-13 17:48:52,800 YEGHEZ_clean, uptake: 0.072463
2025-06-13 17:49:06,208 YINTEW_clean, uptake: 0.076842
2025-06-13 17:49:55,684 YORCEP_clean, uptake: 0.026598
2025-06-13 17:53:52,630 YIWNUN_clean, uptake: 0.010108
2025-06-13 17:54:02,946 YEFNIG_clean, uptake: 0.012359
2025-06-13 17:54:03,040 YEFPAA_clean, uptake: 0.012403
2025-06-13 17:54:05,128 YARZEZ01_clean, uptake: 0.022771
2025-06-13 17:54:24,942 YIWMIA_clean, uptake: 0.009999
2025-06-13 17:54:33,892 YIWNEX_clean, uptake: 0.009284
2025-06-13 17:54:39,213 YASVUM_clean, uptake: 0.063276
2025-06-13 17:54:43,030 YARGOP_clean, uptake: 0.043605
2025-06-13 17:54:43,644 YINXUQ_clean, uptake: 0.021924
2025-06-13 17:55:06,164 YEGHEZ_clean, uptake: 0.075062
2025-06-13 17:55:23,226 YINTEW_clean, uptake: 0.077569
2025-06-13 17:56:09,832 YORCEP_clean, uptake: 0.027052
2025-06-13 17:56:27,439 YAZFOW_clean, uptake: 0.060414
2025-06-13 17:56:29,389 YIXBIQ_clean, uptake: 0.021399
2025-06-13 17:56:29,772 YIZJEY_clean, uptake: 0.026196
2025-06-13 17:56:33,733 YIDSOT_clean, uptake: 0.047533
2025-06-13 17:57:31,087 YIJCEB_clean, uptake: 0.495923
2025-06-13 17:57:40,134 YIVTII_clean, uptake: 0.097973
2025-06-13 17:58:02,545 YARXEX_clean, uptake: 0.012870
2025-06-13 17:58:13,313 YORRII_clean, uptake: 0.070993
2025-06-13 17:58:13,981 YORCIT_clean, uptake: 0.013008
2025-06-13 17:58:49,121 YUTJAA_clean, uptake: 0.048223
2025-06-13 17:58:57,478 YUDDEH_clean, uptake: 0.048145
2025-06-13 17:59:34,842 YORSOP_clean, uptake: 0.064125
2025-06-13 18:00:02,101 ZESFUY_clean, uptake: 0.035624
2025-06-13 18:00:24,666 YOCNIP_clean, uptake: 0.039987
2025-06-13 18:00:27,360 YOZBEW_clean, uptake: 0.025937
2025-06-13 18:00:40,163 ZADQUT_clean, uptake: 0.604040
2025-06-13 18:00:44,159 YOGKEM_clean, uptake: 0.113985
2025-06-13 18:00:44,718 ZILBUT_clean, uptake: 0.033717
2025-06-13 18:00:48,660 YASVOG_clean, uptake: 0.448406
2025-06-13 18:00:51,117 ZADREE_clean, uptake: 0.602771
2025-06-13 18:00:52,141 ZADRAA_clean, uptake: 0.596568
2025-06-13 18:00:53,171 ZADROO_clean, uptake: 0.583804
2025-06-13 18:01:26,543 YIWBIR_clean, uptake: 0.080296
2025-06-13 18:01:33,619 YEFPII_clean, uptake: 0.838790
2025-06-13 18:01:49,422 ZIVCOY_clean, uptake: 0.037084
2025-06-13 18:01:51,682 YOSWUA_clean, uptake: 0.101562
2025-06-13 18:02:06,240 ZAYJUG_clean, uptake: 0.002570
2025-06-13 18:02:24,635 YARBIE_clean, uptake: 0.118983
2025-06-13 18:02:46,241 ZEZPIF_clean, uptake: 0.040285
2025-06-13 18:03:38,988 ZOGBAA_clean, uptake: 0.073364
2025-06-13 18:03:41,685 ZEBMEA_clean, uptake: 0.025082
2025-06-13 18:03:44,363 ZISNEW_clean, uptake: 0.077703
2025-06-13 18:04:13,491 YATVUN_clean, uptake: 0.094034
2025-06-13 18:04:19,293 YATWAU_clean, uptake: 0.096912
2025-06-13 18:04:19,554 ZAXTAV_clean, uptake: 0.216993
