2025-06-13 15:12:09,489 INFO: Start run (ga00): 56/112, CPUs=30
2025-06-13 15:13:08,584 INFO: Start run (ga02): 56/112, CPUs=30
2025-06-13 15:13:44,205 INFO: (ga02) 1/56 completed: RONZID_clean took 35.61s | win_avg(1)=35.61s | ETA@30cpus=65.29s(1.09min)
2025-06-13 15:14:01,732 INFO: (ga02) 2/56 completed: OVEHUT_clean took 53.14s | win_avg(2)=44.38s | ETA@30cpus=79.88s(1.33min)
2025-06-13 15:14:03,393 INFO: (ga02) 3/56 completed: RUZCOF_clean took 54.80s | win_avg(3)=47.85s | ETA@30cpus=84.54s(1.41min)
2025-06-13 15:14:13,377 INFO: (ga02) 4/56 completed: MAKHAJ_clean took 64.79s | win_avg(4)=52.09s | ETA@30cpus=90.28s(1.50min)

2025-06-13 15:13:13,924 INFO: (ga00) 2/56 completed: WUXMIL_clean took 64.43s | win_avg(2)=63.18s | ETA@30cpus=113.73s(1.90min)
2025-06-13 15:14:14,339 INFO: (ga02) 5/56 completed: NIGBOW_clean took 65.75s | win_avg(5)=54.82s | ETA@30cpus=93.19s(1.55min)
2025-06-13 15:14:15,961 INFO: (ga02) 6/56 completed: LEDNEP_charged took 67.37s | win_avg(6)=56.91s | ETA@30cpus=94.85s(1.58min)
2025-06-13 15:14:18,911 INFO: (ga02) 7/56 completed: ROQRAS_clean took 70.32s | win_avg(7)=58.83s | ETA@30cpus=96.08s(1.60min)

2025-06-13 15:14:29,910 INFO: (ga02) 8/56 completed: OVUDAL_clean took 81.32s | win_avg(8)=61.64s | ETA@30cpus=98.62s(1.64min)
n)
2025-06-13 15:14:32,538 INFO: (ga02) 9/56 completed: MITGOL_clean took 83.95s | win_avg(9)=64.12s | ETA@30cpus=100.45s(1.67min)
2025-06-13 15:14:37,681 INFO: (ga02) 10/56 completed: RUJGOT_clean took 89.09s | win_avg(10)=66.61s | ETA@30cpus=102.14s(1.70min)
2025-06-13 15:14:39,668 INFO: (ga02) 11/56 completed: SAQQAD_clean took 91.07s | win_avg(10)=72.16s | ETA@30cpus=108.24s(1.80min)
2025-06-13 15:14:39,865 INFO: (ga02) 12/56 completed: OBUFEX_clean took 91.27s | win_avg(10)=75.97s | ETA@30cpus=111.43s(1.86min)
2025-06-13 15:14:46,282 INFO: (ga02) 13/56 completed: ODIXAC_charged took 97.69s | win_avg(10)=80.26s | ETA@30cpus=115.04s(1.92min)
2025-06-13 15:14:49,363 INFO: (ga02) 14/56 completed: REXDOP_clean took 100.75s | win_avg(10)=83.86s | ETA@30cpus=117.40s(1.96min)
025-06-13 15:13:49,831 INFO: (ga00) 8/56 completed: CAWDOU02_clean took 100.31s | win_avg(8)=80.42s | ETA@30cpus=128.67s(2.14min)
2025-06-13 15:14:54,102 INFO: (ga02) 15/56 completed: TACFIN_clean took 50.71s | win_avg(10)=82.35s | ETA@30cpus=112.55s(1.88min)

2025-06-13 15:13:54,305 INFO: (ga00) 10/56 completed: FOQNOQ_clean took 104.80s | win_avg(10)=85.02s | ETA@30cpus=130.37s(2.17min)
2025-06-13 15:15:02,620 INFO: (ga02) 16/56 completed: PUWCOZ_clean took 114.02s | win_avg(10)=87.02s | ETA@30cpus=116.02s(1.93min)
2025-06-13 15:15:04,662 INFO: (ga02) 17/56 completed: SETQOZ_SL took 62.93s | win_avg(10)=86.28s | ETA@30cpus=112.16s(1.87min)
2025-06-13 15:15:06,783 INFO: (ga02) 18/56 completed: POHWIU_clean took 118.17s | win_avg(10)=89.96s | ETA@30cpus=113.96s(1.90min)
2025-06-13 15:15:11,623 INFO: (ga02) 19/56 completed: LITHUR_clean took 123.03s | win_avg(10)=93.87s | ETA@30cpus=115.78s(1.93min)
2025-06-13 15:15:17,561 INFO: (ga02) 20/56 completed: MAGVOG11_clean took 128.97s | win_avg(10)=97.86s | ETA@30cpus=117.43s(1.96min)
025-06-13 15:14:18,105 INFO: (ga00) 14/56 completed: QURPIE_clean took 128.42s | win_avg(10)=106.16s | ETA@30cpus=148.62s(2.48min)
2025-06-13 15:15:21,237 INFO: (ga02) 21/56 completed: QERZUI_clean took 132.65s | win_avg(10)=102.02s | ETA@30cpus=119.02s(1.98min)
2025-06-13 15:15:24,297 INFO: (ga02) 22/56 completed: TIDLEZ_clean took 70.92s | win_avg(10)=99.98s | ETA@30cpus=113.31s(1.89min)
2025-06-13 15:15:27,212 INFO: (ga02) 23/56 completed: OGIBOV_clean took 138.62s | win_avg(10)=104.08s | ETA@30cpus=114.48s(1.91min)
2025-06-13 15:15:29,770 INFO: (ga02) 24/56 completed: TONMEQ_clean took 75.42s | win_avg(10)=101.54s | ETA@30cpus=108.31s(1.81min)

2025-06-13 15:14:35,143 INFO: (ga00) 17/56 completed: DIBJEF_clean took 145.62s | win_avg(10)=121.44s | ETA@30cpus=157.87s(2.63min)
2025-06-13 15:14:35,212 INFO: (ga00) 18/56 completed: VUHNAP_clean took 145.60s | win_avg(10)=125.97s | ETA@30cpus=159.56s(2.66min)
2025-06-13 15:14:36,809 INFO: (ga00) 19/56 completed: BAEDTA01_clean took 147.30s | win_avg(10)=130.49s | ETA@30cpus=160.94s(2.68min)
2025-06-13 15:14:38,422 INFO: (ga00) 20/56 completed: RAXBOJ_clean took 148.92s | win_avg(10)=134.90s | ETA@30cpus=161.88s(2.70min)
2025-06-13 15:15:44,960 INFO: (ga02) 25/56 completed: NEXXIZ_clean took 156.36s | win_avg(10)=112.11s | ETA@30cpus=115.85s(1.93min)
2025-06-13 15:15:45,536 INFO: (ga02) 26/56 completed: OKIVIO01_charged took 156.92s | win_avg(10)=116.40s | ETA@30cpus=116.40s(1.94min)
2025-06-13 15:15:46,128 INFO: (ga02) 27/56 completed: MAXHOJ_clean took 157.50s | win_avg(10)=125.85s | ETA@30cpus=121.66s(2.03min)
2025-06-13 15:15:47,321 INFO: (ga02) 28/56 completed: SAYKIO_clean took 123.11s | win_avg(10)=126.35s | ETA@30cpus=117.93s(1.97min)
2025-06-13 15:15:48,350 INFO: (ga02) 29/56 completed: POKTEQ_clean took 159.76s | win_avg(10)=130.02s | ETA@30cpus=117.02s(1.95min)
2025-06-13 15:15:56,502 INFO: (ga02) 30/56 completed: OCINIA_clean took 167.90s | win_avg(10)=133.91s | ETA@30cpus=116.06s(1.93min)
2025-06-13 15:15:57,975 INFO: (ga02) 31/56 completed: VUNCAJ_clean took 68.61s | win_avg(10)=127.51s | ETA@30cpus=106.26s(1.77min)
2025-06-13 15:16:06,628 INFO: (ga02) 32/56 completed: VUCDAA_clean took 80.34s | win_avg(10)=128.45s | ETA@30cpus=102.76s(1.71min)
2025-06-13 15:16:13,528 INFO: (ga02) 33/56 completed: WEHHIC_clean took 70.89s | win_avg(10)=121.68s | ETA@30cpus=93.29s(1.55min)
2025-06-13 15:16:13,576 INFO: (ga02) 34/56 completed: VAHSON_clean took 95.89s | win_avg(10)=123.73s | ETA@30cpus=90.73s(1.51min)
2025-06-13 15:16:14,810 INFO: (ga02) 35/56 completed: UFUNAK_clean took 118.85s | win_avg(10)=119.98s | ETA@30cpus=83.98s(1.40min)
2025-06-13 15:16:20,996 INFO: (ga02) 36/56 completed: VONCOS_clean took 101.12s | win_avg(10)=114.40s | ETA@30cpus=76.26s(1.27min)
2025-06-13 15:16:23,963 INFO: (ga02) 37/56 completed: WIVKOD_clean took 79.30s | win_avg(10)=106.58s | ETA@30cpus=67.50s(1.12min)
2025-06-13 15:16:29,262 INFO: (ga02) 38/56 completed: WOHZAU_clean took 82.48s | win_avg(10)=102.51s | ETA@30cpus=61.51s(1.03min)
2025-06-13 15:16:29,396 INFO: (ga02) 39/56 completed: POCPAZ_clean took 200.78s | win_avg(10)=106.62s | ETA@30cpus=60.42s(1.01min)
2025-06-13 15:16:32,018 INFO: (ga02) 40/56 completed: UMESOW_clean took 133.10s | win_avg(10)=103.14s | ETA@30cpus=55.01s(0.92min)
2025-06-13 15:16:46,628 INFO: (ga02) 41/56 completed: MIXBEC_clean took 217.87s | win_avg(10)=118.06s | ETA@30cpus=59.03s(0.98min)
2025-06-13 15:16:49,462 INFO: (ga02) 42/56 completed: XAPCOJ01_clean took 88.22s | win_avg(10)=118.85s | ETA@30cpus=55.46s(0.92min)
2025-06-13 15:16:53,304 INFO: (ga02) 43/56 completed: YABWOP_clean took 83.53s | win_avg(10)=120.11s | ETA@30cpus=52.05s(0.87min)
2025-06-13 15:17:00,718 INFO: (ga02) 44/56 completed: WUYWOE_clean took 103.14s | win_avg(10)=120.84s | ETA@30cpus=48.34s(0.81min)
min)
2025-06-13 15:15:55,866 INFO: (ga00) 35/56 completed: EMIGIR_charged took 149.71s | win_avg(10)=105.70s | ETA@30cpus=73.99s(1.23min)
2025-06-13 15:15:57,041 INFO: (ga00) 36/56 completed: SERWIX_clean took 227.52s | win_avg(10)=117.04s | ETA@30cpus=78.03s(1.30min)
2025-06-13 15:17:20,290 INFO: (ga02) 45/56 completed: MOFLAV_clean took 251.59s | win_avg(10)=134.11s | ETA@30cpus=49.17s(0.82min)
2025-06-13 15:17:32,210 INFO: (ga02) 46/56 completed: WAZCUX_clean took 158.10s | win_avg(10)=139.81s | ETA@30cpus=46.60s(0.78min)
(1.43min)
2025-06-13 15:17:41,338 INFO: (ga02) 47/56 completed: RIZNIY_clean took 272.73s | win_avg(10)=159.15s | ETA@30cpus=47.75s(0.80min)
2025-06-13 15:17:42,437 INFO: (ga02) 48/56 completed: XUMMOJ_clean took 135.22s | win_avg(10)=164.43s | ETA@30cpus=43.85s(0.73min)
2025-06-13 15:17:50,906 INFO: (ga02) 49/56 completed: UMOVOJ_clean took 198.25s | win_avg(10)=164.18s | ETA@30cpus=38.31s(0.64min)
2025-06-13 15:16:54,449 INFO: (ga00) 41/56 completed: FUQJUX_clean took 176.59s | win_avg(10)=173.32s | ETA@30cpus=86.66s(1.44min)
2025-06-13 15:16:55,104 INFO: (ga00) 42/56 completed: ESEVIJ_clean took 285.49s | win_avg(10)=195.18s | ETA@30cpus=91.09s(1.52min)
2025-06-13 15:17:01,590 INFO: (ga00) 43/56 completed: IRELAU_clean took 133.22s | win_avg(10)=200.83s | ETA@30cpus=87.03s(1.45min)
2025-06-13 15:18:17,249 INFO: (ga02) 50/56 completed: VOCPEK_clean took 217.53s | win_avg(10)=172.62s | ETA@30cpus=34.52s(0.58min)
2025-06-13 15:18:30,414 INFO: (ga02) 51/56 completed: ZEDZAL01_clean took 165.44s | win_avg(10)=167.38s | ETA@30cpus=27.90s(0.46min)
2025-06-13 15:18:47,978 INFO: (ga02) 52/56 completed: ZUTBUN_clean took 182.44s | win_avg(10)=176.80s | ETA@30cpus=23.57s(0.39min)
06min)
2025-06-13 15:17:12,438 INFO: (ga00) 47/56 completed: HUZLIY_clean took 157.22s | win_avg(10)=181.48s | ETA@30cpus=54.44s(0.91min)
2025-06-13 15:17:13,119 INFO: (ga00) 48/56 completed: FAJYAS_clean took 205.65s | win_avg(10)=174.66s | ETA@30cpus=46.58s(0.78min)
2025-06-13 15:17:16,000 INFO: (ga00) 49/56 completed: ERIWAF_clean took 216.72s | win_avg(10)=182.15s | ETA@30cpus=42.50s(0.71min)
2025-06-13 15:17:25,325 INFO: (ga00) 50/56 completed: IYUCEM_clean took 141.67s | win_avg(10)=167.88s | ETA@30cpus=33.58s(0.56min)
2025-06-13 15:17:38,900 INFO: (ga00) 51/56 completed: GAWJEV_clean took 204.15s | win_avg(10)=170.63s | ETA@30cpus=28.44s(0.47min)
2025-06-13 15:18:10,785 INFO: (ga00) 52/56 completed: TOVGUI_clean took 360.96s | win_avg(10)=178.18s | ETA@30cpus=23.76s(0.40min)
2025-06-13 15:18:40,596 INFO: (ga00) 53/56 completed: ja907023c_si_004_clean took 213.46s | win_avg(10)=186.20s | ETA@30cpus=18.62s(0.31min)
2025-06-13 15:20:14,023 INFO: (ga02) 53/56 completed: WOZGUP_clean took 302.36s | win_avg(10)=198.68s | ETA@30cpus=19.87s(0.33min)
2025-06-13 15:20:34,073 INFO: (ga02) 54/56 completed: XOMGIQ_clean took 309.76s | win_avg(10)=219.34s | ETA@30cpus=14.62s(0.24min)
2025-06-13 15:22:19,112 INFO: (ga02) 55/56 completed: LOVLEP_clean took 550.31s | win_avg(10)=249.21s | ETA@30cpus=8.31s(0.14min)
2025-06-13 15:21:38,909 INFO: (ga00) 55/56 completed: DOPHUN_clean took 568.91s | win_avg(10)=262.47s | ETA@30cpus=8.75s(0.15min)
2025-06-13 15:23:45,217 INFO: (ga02) 56/56 completed: UMIZEX_clean took 555.19s | win_avg(10)=288.92s | ETA@30cpus=0.00s(0.00min)
2025-06-13 15:24:39,075 INFO: (ga00) 56/56 completed: FIMZAE_clean took 647.38s | win_avg(10)=315.43s | ETA@30cpus=0.00s(0.00min)
