NEJSEC_clean
KOSLAH_clean
KIYXUN_clean
UCEXAC_clean
YICREI_clean
cg401887b_si_003_clean
PUDSUD_clean
YANBAR03_clean
AVITUU_clean
GIWCOF_ion_b
ETEKEU_clean
VUKTAY_clean
cm503311x_alf175K_clean
c6cc02494g_c6cc02494g4_clean
NODKUN_clean
EVAKIV_clean
BAZGAM_clean
WAFKAQ_clean
ULOLEO_clean
KULLEK_clean
IVEKEA_clean
CAXVUU_clean
QUZVEO_clean
ic502488c_si_002_clean
REHTUV_clean
VIQQUJ_clean
OKAYUW_clean
MAJHUC_clean
AJIGIL_clean
OWIHIN_clean
CUMJEB_clean
LACBID_clean
OLOPEM_clean
NOQKUB_clean
KAKCEH02_clean
EPONEE_clean
TUYJED_clean
UVUCEV_clean
OFESEY_clean
HUMWIX_clean
VAZROF_clean
WABWAY_clean
KAGVUL_clean
LUDCUK_clean
BICPUA_clean
SUFBAY_clean
NABCEA_charged
QOFDIA_clean
ANOMUM_clean
UCOXOZ_clean
NETHOJ_clean_h
NAQQON_clean
HOWSIX_clean
NEZWOG01_clean
ERAMUH_clean
LAFQOA_clean
KEDJAG02_clean
WOYJAX_clean
ALIXOJ_clean
VUJBIM_clean
SUSZOW_clean
KULMIO_clean
c4dt02048k_c4dt02048k2_clean
AWIBAL_clean
AJOTEY_clean
XALCOD_clean
UZAROE_clean
BIBXIV_clean
JENKIX_SL
CIWROQ_clean
LABQAJ_clean
acs.cgd.5b01686_WAHFUJ1434675_clean
MAKFIQ_clean
ZEBMEA_clean
KUTDAG_clean
ESURER04_clean
FORQEJ_clean
FOFCOU_clean
QUDJIJ_clean
ODODES_clean
QOPCEE_clean
WOLMUG_clean
LAGMUD_clean
JOYKUF_clean
XANMUX02_clean
QAQRUW_clean
XIVMEW01_clean
FUTYOK_clean
OLODEA_clean
TETZEX_clean
DAPBIH_neutral
EVIMUT_clean
VUQKAU_clean
LAPMIB_clean
VAGMEX_clean
QIJLAW_clean
DUPKAC_clean
GUBBAG_clean
cm503311x_alf100K_clean
MAPLEX_clean
c6cc02494g_c6cc02494g6_clean
FOQPAE02_clean
WIFBAQ_clean
ZIDBEV_clean
AQUDAS_clean
QOLVET_clean
FEYJID_clean
SANGOG_clean
VAGTUU_clean
ETEJIX_clean
HIFTOG01_clean
WAHROP_clean
ESASEY_clean
MADVUJ_clean
EMUBIZ_clean
HAXMUP_clean
EXIDOF_clean
IZULUL_clean
UMODEH18_clean
BAZFUF_clean
UMODEH05_clean
VODSEM_clean
FEYDET_clean
MAHTAR_clean
SAMLAV_manual
DIBJIJ_clean
RUYGEZ_clean
BIJDUV_clean
ZARQAM_clean
UGELIB_clean
NIHBIQ_clean
XOTZIR_clean
DUQRUD_clean
DUNXUH06_clean
cg300827e_si_003_clean
KIRFIA_clean
WAQKUX_clean
NAHHOW_clean
FIFNUE01_clean
XAMDUM04_clean
ULOMAL_clean
UGOSOY_charged
HURGEH_clean
APAZAU_clean
WUNSII01_charged
PONPOX_clean
HEDBUP_clean
LAPLEW_clean
QOHTUD_clean
NOHSUA_clean
YOYRAH_clean
ZEZFIV_clean
LADQOZ_clean
NOCKUM_clean
ELOZEK_clean
UBUMAH_clean
FIJFOU_clean
AZAVUU_clean
GIFKIP_clean
YIWLIZ_clean
RUHFIL_clean
ESURER03_clean
MUNPAN_clean
DOKDEN_clean
GAXKOH_clean
TETZID_clean
QAMVEH01_clean
LUDLAZ_clean
OZAVUI_clean
OZUKUR01_clean
PIDNEX_clean
FOHCIP_clean
SOYWUZ_clean
WIZMAV02_auto
LAPLEW01_clean
ODOXEK_clean
PENNAZ_clean
OREZUI_clean
BEWCUD_clean
IPICOA_clean
PEQWAK_clean
OTATOT_clean
QONLIQ_clean
KESBIU_charged
RATRUB_clean
EHUTAE_clean
ZELQAK_clean
WOCWAN_clean
TADWOM_clean
OKIWUB_charged
IHAJEH_clean
ZAVQOE_clean
PITRIU_clean
GANBAZ02_clean
UTOCEN_clean
VIVXOP_clean
TAPXIT01_clean
YOTXOW_clean
FIFGEI_clean
acscombsci.5b00188_24205_clean
WASTUG_clean
jacs.6b06759_ja6b06759_si_002_clean
JOKXEM_clean
ENAFAB_clean
AMUWIP_charged
OKIYIR02_charged
TUKCOT_clean
MIVFUU_clean
VEHLIE_clean
UMOYOM02_clean
UFEXOT_clean
QATVUE_clean
LOXWAY_clean
WUYYOG_clean
PAPVAF_clean
ERUNUC_clean
RURPEA_clean
ZEDQEG_clean
OCUVUF_clean
acs.inorgchem.6b02407_ic6b02407_si_002_clean
JIZWEW_clean
ZAVPET_clean
IYALUR_clean
KAXQIL_clean
ABEXIQ_clean
XAPCOH_clean
QIYDIN01_clean
LAQNOJ_clean
EFOTID_clean
WAHKUO_clean
GAXQIH_clean
PATWOY_clean
OJUPEQ_clean
DUNXUH_clean
ja512437u_si_002_clean
IWAZEL_clean
NAXLII_clean
GOZNEQ_clean
JUYROM_clean
NUFTOY_charged
SERCEZ_clean
SEHSII_clean
ACUJOZ_manual
VASGUU_clean
ULASAD_clean
SOYWOT_neutral_b
YEZFIU_clean
ECOKAJ_clean
VEJYIT_clean
HAWZEM_clean
CAYDEN_clean
QODHUO04_clean
HUZFEO_clean
SOKXOH_clean
cm503311x_alf275K_clean
VAHPUR_clean
QOSJEP_clean
c5nj02236c_c5nj02236c2_clean
SANGEW_clean
VASFUT_clean
ic502643m_si_008_clean
TORXAB_clean
GACBOE_clean
AXINIF_clean
NUHQOY_clean
IGUCIY_clean
FIQYOU_clean
WAVRIW_clean
SABKIS_clean
IJIGOX_clean
GULBAR_clean
DAWCIP_clean
CIFJAE_clean
KUVMUL_clean
XOXMED_clean
QOWQUO_manual
YASLOW_clean
ZIVCOY_clean
HETZUC_charged
IZIHIK_clean
YUXLIN_clean
WAYMEQ_SL
ROTQIC_clean
UMOYOM12_clean
BENZUR_clean
UMODEH16_clean
CEGDUO_clean
UNUNEY_clean
EQERIC_clean
KEVBIY_clean
BIFGOO_clean
FIJDIM_clean
ncomms11831_ncomms11831-s3_clean
TURFAP_clean
PUYHOI_clean
NOHFOG_clean
BUVHEH_clean
MUTCEL_clean
NACYOG_clean
DIRPIF_clean
BIBXOB_clean
WOHSIV_clean
HUHNIJ_clean
ZUCKIT_clean
TOWPEC_clean
ECUFAL_charged
HUGTOT_clean
XOTXAG_clean
AMUPOP_clean
LIWXIZ_clean
KAVJEX01_clean
BOWZUK_clean
RIGWIP_clean
IKOVEL_clean
FAVGOB_clean
ALUKOI_clean
OFEREX_clean
FITHIA_clean
KEDJAG16_clean
NEVVAM_clean
BIYXUE_charged
SERWAP_clean
TUYFIE_clean
UCUTIW_clean
MEJMOE_clean
DARSEV_SL
SAXRIS_clean
KACZEV_clean
XEKMIL_clean
GONSUZ_clean
FECKAA_clean
WODFOL_clean
WULJUJ_clean
RUHFEH_clean
SERJUV_clean
XUFWAX_clean
ATIJUJ_manual
KOGSOQ_clean
HOJLUP_clean
YOZQEK_clean
VIFBOD_clean
XALBUI_clean
MEHMET_clean
DUYRIZ_clean
ENITOL_clean
DUXZIG01_clean
DIBJEF_clean
ADODOO_clean
ROCZEQ_clean
PUWZOX_clean
BOZFON_clean
HOWSET_clean
SALZAH_clean
la4012839_si_002_auto
LALFEL_clean
LUFQUZ02_clean
TOWNUQ_clean
BUSRUE_clean
XALBIW_clean
KEWZET_clean
MOJNAC_clean
WAQFAY_clean
QODHUO13_clean
LAQNUP_clean
SOJGOO_clean
VAMYUG_clean
LAMFEK_clean
XIGFOJ_manual
XEGJOK_clean
AQOLEZ_clean
JIZJAF_clean
ICIVAS_clean
FIFPAM01_clean
UMOBEF01_clean
SAQQEH_clean
SODNAA_clean
KEFBEE_clean
KALGAH_clean
FAGMOS_clean
XAPDAU_clean
CIWRIK_clean
MURCOR_clean
cm501138g_si_006_clean
KEHGAH_charged
AFOYIE_clean
PACZUQ_clean
FORPIM_clean
IFUNUU_clean
WOYJIF_clean
REXCOO_clean
APEBII_clean
HIFVOI_clean
PIQMUZ_clean
BETFEN_clean
QURSEC_clean
YAWFOS_clean
EVUDAA_clean
TOBKEC_clean
jz4002345_si_004_clean
TEJLOL_clean
EGOXII_clean
UWODAN_clean
NIHBEM01_clean
ic401157n_si_003_clean
HIWLUW_clean
acs.chemmater.5b03723_cm5b03723_si_004_clean
NUTYIM_clean
MIMVEJ_clean
XINWUO_clean
QEBGEL_clean
YAVVUP_clean
WECFAN01_clean
VIZSOO_clean
HUZXOR_clean
LAWGIA_clean
YEKXOD_clean
c6dt03852b_c6dt03852b2_clean
XAPNIN_clean
ESURER01_clean
KOFPEB01_clean
LABNUA_clean
QIXNIW_clean
SURKUN_clean
ZEDLOL_clean
OWAVIS_clean
GUCJAQ_clean
HEFDED_clean
IHAJIL_clean
UMOBEF03_clean
SARTIR_clean
COWBEX_clean
KUVMIZ_clean
TONTUN_clean
GIQYAH_clean
YASVOG_clean
NUZCIV_clean
POTREX_clean
ja308995t_si_002_clean
OWUWOU_clean
FUDHET_clean
REXFIL_clean
RUWWUC_clean
MIKJAR_clean
REHVAD_clean
PARNIH_clean
HOXKUB_clean
TUYHUR_clean
XIHSAJ_clean
EJATIS_clean
WABVUR_clean
YAVSOG_clean
TAZLUD_clean
SISFEH_clean
SIWTEZ_clean
ADOBUR_charged
BEPROF_clean
HOYREU_clean
CAVMIX_clean
NOBWUY_clean
XUDNAN_clean
LUSJOZ_clean
KUXREC_clean
INIDAL_clean
LAHTUM_clean
EWEWUZ_charged
JAVNIE_clean
TOVHET_clean
GARTAX_clean
ABEYEN_clean
EWASIG_clean
REGQUR_clean
CUKYAJ_clean
KEFWID_clean
WAGQAY_clean
ja0660047si20060818_060256_clean
OYIVEY_clean
USOXEH_clean
XANZAQ06_clean
VOXTOT_clean
KOJZEP_manual
CENKAJ_clean
EDOMAM_clean
ic062019u-file003_clean
FIRNOL_clean
RULBOQ_clean
HAJDII_clean
MUBQIJ_clean
FARBIL_clean
ZUGDEM_clean
KOSJOT_clean
HAPVAX_clean
YURKIG_clean
LUSJEP_clean
HOFSOL_clean
VIXCUB_clean
XEGKOL_clean
LAMFIO_clean
EYULOA_clean
WUYWUK_clean
XALXUF01_clean
NASREH_clean
LAHYOL_clean
OTOZEE_clean
QUDGED_clean
cm503311x_F-mil-53-Al-lp-ortho_clean
MAFJIO_clean
CAVREY_clean
PEYSIW_clean
QOSKAM_clean
PIZRUN_clean
OJOSEN_clean
OCAWAT_clean
EMUBOF_clean
XISLAM_clean
FIQCEN_clean
TIRLIQ_clean
FOFTUR_clean
YOYREL_clean
DALVEU_clean
GUHPEG_clean
HAWGIX_charged
cg901312t_si_002_clean
HOVGIK_clean
ic5030058_si_002_clean
NIXGIM_clean
COWMAD_clean
HOQNEI_clean
FOPTOU_clean
NIKZAJ02_clean
JUMCUR_clean
ZIKJIO_clean
FOQPAE01_clean
ETEJIX01_clean
CIFLUA_clean
ABEYAJ_clean
JIVHIG_clean
LELROL_clean
QUXRIM_clean
EZUCIM_clean
CUIMDZ01_clean_h
OFODET_clean
OTAWIR_clean
DAXHIV_clean
OQUFIR_clean
NIJZIP_clean
GOJDOZ_clean
NENHEU_clean
ESANET_clean
MURFIQ_clean
CAYSIE_clean
IKUTOZ_clean
AYUJIP_clean
NAQQUT_clean
VAQTUF_clean
TEWGEJ_clean
LAVZUG_clean
REDYEG_clean
VEGBUG_clean
DEKHEH_clean
FASVIH_clean
DIMQIB_clean
UDUMIP02_clean
TOWNEA_clean
NUDLAB_clean
RIGVOU_clean
KONCIB_clean
UMOYOM13_clean
TILBOH_clean
UJEGUL_clean
ECAHEX_clean
DIZVAK_clean
LOJLAZ01_clean
EGATIQ_clean
UFEVIL_clean
cm503311x_aloh325K_clean
XAPCUN_clean
BAPDAA_clean
EDAPIK_clean_h
INOMOP_clean
NADZID_clean
NUDLIJ_clean
FUVBOP_clean
EJAXIW_clean
RATSAI_clean
OBAHOR_clean
GAPNOD_clean
BAFHAU_clean
IQUCOO_clean
GUSJOU_clean
SIZJUH_clean
DONKOI_clean
FEWWOV_clean
RULQIY_clean
EZIVAM_clean
