
---- START at 2025-05-30 03:33:09, Remain=5338/5338 ----
[11/5338] JOHFIW_manual Done. TimeForThis=65.4s, Completed=1/5338, ETA=2025-06-03 04:31:16
[23/5338] JOKYAJ10_clean Done. TimeForThis=66.0s, Completed=2/5338, ETA=2025-06-01 04:30:34
[29/5338] JOKYOX_clean Done. TimeForThis=71.7s, Completed=3/5338, ETA=2025-05-31 15:00:13
[28/5338] JOKYOX10_clean Done. TimeForThis=71.7s, Completed=4/5338, ETA=2025-05-31 06:09:18
[27/5338] JOKYIR_clean Done. TimeForThis=71.7s, Completed=5/5338, ETA=2025-05-31 00:50:17
[26/5338] JOKYIR10_clean Done. TimeForThis=72.1s, Completed=6/5338, ETA=2025-05-30 21:22:16
[24/5338] JOKYAJ_clean Done. TimeForThis=72.6s, Completed=7/5338, ETA=2025-05-30 18:55:47
[25/5338] JOKYEN_clean Done. TimeForThis=73.3s, Completed=8/5338, ETA=2025-05-30 17:08:57
[14/5338] JOKWOV_clean Done. TimeForThis=77.1s, Completed=9/5338, ETA=2025-05-30 16:15:23
[10/5338] JOGSAA_clean Done. TimeForThis=79.7s, Completed=10/5338, ETA=2025-05-30 15:22:01
[20/5338] JOKXOW_clean Done. TimeForThis=84.5s, Completed=11/5338, ETA=2025-05-30 14:56:39
[19/5338] JOKXOW10_clean Done. TimeForThis=84.7s, Completed=12/5338, ETA=2025-05-30 14:01:00
[15/5338] JOKXAI10_clean Done. TimeForThis=85.7s, Completed=13/5338, ETA=2025-05-30 13:19:45
[16/5338] JOKXAI_clean Done. TimeForThis=86.3s, Completed=14/5338, ETA=2025-05-30 12:41:33
[1/5338] JOCLOD_clean Done. TimeForThis=101.8s, Completed=15/5338, ETA=2025-05-30 13:37:16
[12/5338] JOJKUQ_clean Done. TimeForThis=117.2s, Completed=16/5338, ETA=2025-05-30 14:25:06
[9/5338] JOGHIY_clean Done. TimeForThis=118.5s, Completed=17/5338, ETA=2025-05-30 13:53:32
[8/5338] JOGHEU_clean Done. TimeForThis=120.3s, Completed=18/5338, ETA=2025-05-30 13:27:37
[4/5338] JODGEP_clean Done. TimeForThis=120.8s, Completed=19/5338, ETA=2025-05-30 12:58:53
[13/5338] JOJLOK_clean Done. TimeForThis=125.8s, Completed=20/5338, ETA=2025-05-30 12:53:05
[5/5338] JOFGOC_clean Done. TimeForThis=127.7s, Completed=21/5338, ETA=2025-05-30 12:34:12
[7/5338] JOFKIA_clean Done. TimeForThis=131.8s, Completed=22/5338, ETA=2025-05-30 12:26:24
[21/5338] JOKXUC10_clean Done. TimeForThis=135.4s, Completed=23/5338, ETA=2025-05-30 12:16:51
[22/5338] JOKXUC_clean Done. TimeForThis=135.6s, Completed=24/5338, ETA=2025-05-30 11:55:57
[44/5338] JOVROD_clean Done. TimeForThis=54.4s, Completed=25/5338, ETA=2025-05-30 11:48:14
[18/5338] JOKXEM_clean Done. TimeForThis=141.5s, Completed=26/5338, ETA=2025-05-30 11:37:18
[17/5338] JOKXEM10_clean Done. TimeForThis=143.5s, Completed=27/5338, ETA=2025-05-30 11:26:07
[42/5338] JOTHOP_clean Done. TimeForThis=76.7s, Completed=28/5338, ETA=2025-05-30 11:50:06
[43/5338] JOVDON_clean Done. TimeForThis=80.7s, Completed=29/5338, ETA=2025-05-30 11:59:57
[34/5338] JOQZUM_clean Done. TimeForThis=114.5s, Completed=30/5338, ETA=2025-05-30 12:28:34
[3/5338] JODFOZ_clean Done. TimeForThis=187.0s, Completed=31/5338, ETA=2025-05-30 12:29:54
[35/5338] JORBAV_clean Done. TimeForThis=116.5s, Completed=32/5338, ETA=2025-05-30 12:16:21
[47/5338] JOVYAW_clean Done. TimeForThis=87.7s, Completed=33/5338, ETA=2025-05-30 12:04:11
[40/5338] JOSNAG01_clean Done. TimeForThis=117.7s, Completed=34/5338, ETA=2025-05-30 11:53:09
[33/5338] JOQSOZ_clean Done. TimeForThis=125.9s, Completed=35/5338, ETA=2025-05-30 11:39:18
[41/5338] JOSNAG_clean Done. TimeForThis=114.7s, Completed=36/5338, ETA=2025-05-30 11:27:06
[32/5338] JOPWUI_clean Done. TimeForThis=193.5s, Completed=37/5338, ETA=2025-05-30 11:18:30
[6/5338] JOFKIA01_clean Done. TimeForThis=193.6s, Completed=38/5338, ETA=2025-05-30 11:06:20
[53/5338] JUCXEK_clean Done. TimeForThis=68.3s, Completed=39/5338, ETA=2025-05-30 11:00:17
[37/5338] JORRAL_clean Done. TimeForThis=129.4s, Completed=40/5338, ETA=2025-05-30 11:00:40
[50/5338] JOYKUF_clean Done. TimeForThis=94.2s, Completed=41/5338, ETA=2025-05-30 11:18:30
[46/5338] JOVXEZ_clean Done. TimeForThis=135.1s, Completed=42/5338, ETA=2025-05-30 11:22:11
[52/5338] JUCGUL_clean Done. TimeForThis=95.6s, Completed=43/5338, ETA=2025-05-30 11:11:29
[48/5338] JOWFOQ_clean Done. TimeForThis=108.4s, Completed=44/5338, ETA=2025-05-30 11:09:22
[2/5338] JOCWIJ_clean Done. TimeForThis=228.9s, Completed=45/5338, ETA=2025-05-30 11:05:46
[38/5338] JORSEQ_clean Done. TimeForThis=163.6s, Completed=46/5338, ETA=2025-05-30 11:08:58
[55/5338] JUFZER_clean Done. TimeForThis=102.4s, Completed=47/5338, ETA=2025-05-30 11:03:12
[45/5338] JOVWOI_clean Done. TimeForThis=155.5s, Completed=48/5338, ETA=2025-05-30 11:00:19
[51/5338] JUBXIP_clean Done. TimeForThis=120.7s, Completed=49/5338, ETA=2025-05-30 10:51:43
[54/5338] JUFREJ_clean Done. TimeForThis=112.3s, Completed=50/5338, ETA=2025-05-30 10:47:37
[58/5338] JUGQOT_clean Done. TimeForThis=108.6s, Completed=51/5338, ETA=2025-05-30 10:49:27
[71/5338] JUPBUT_clean Done. TimeForThis=57.2s, Completed=52/5338, ETA=2025-05-30 10:46:26
[57/5338] JUGQIN_clean Done. TimeForThis=114.8s, Completed=53/5338, ETA=2025-05-30 10:39:25
[65/5338] JUMCOL_clean Done. TimeForThis=66.2s, Completed=54/5338, ETA=2025-05-30 10:34:32
[61/5338] JUJZEV_clean Done. TimeForThis=100.6s, Completed=55/5338, ETA=2025-05-30 10:43:06
[39/5338] JORVET_clean Done. TimeForThis=193.8s, Completed=56/5338, ETA=2025-05-30 10:36:24
[60/5338] JUJTAL_clean Done. TimeForThis=110.6s, Completed=57/5338, ETA=2025-05-30 10:29:54
[62/5338] JUJZIZ_clean Done. TimeForThis=95.3s, Completed=58/5338, ETA=2025-05-30 10:36:20
[49/5338] JOXPIX_clean Done. TimeForThis=162.5s, Completed=59/5338, ETA=2025-05-30 10:37:01
[80/5338] JUTCUW_SL Done. TimeForThis=41.1s, Completed=60/5338, ETA=2025-05-30 10:31:51
[67/5338] JUMDAY_clean Done. TimeForThis=105.7s, Completed=61/5338, ETA=2025-05-30 10:46:12
[68/5338] JUMDEC_clean Done. TimeForThis=108.4s, Completed=62/5338, ETA=2025-05-30 10:43:56
[66/5338] JUMCUR_clean Done. TimeForThis=109.6s, Completed=63/5338, ETA=2025-05-30 10:37:47
[73/5338] JUPNAL_clean Done. TimeForThis=112.7s, Completed=64/5338, ETA=2025-05-30 11:07:55
[69/5338] JUNBOL_clean Done. TimeForThis=137.1s, Completed=65/5338, ETA=2025-05-30 11:05:41
[86/5338] JUYJIY_clean Done. TimeForThis=77.2s, Completed=66/5338, ETA=2025-05-30 11:01:58
[70/5338] JUNBUR_clean Done. TimeForThis=143.2s, Completed=67/5338, ETA=2025-05-30 11:00:19
[63/5338] JUKKIL_clean Done. TimeForThis=155.0s, Completed=68/5338, ETA=2025-05-30 11:00:39
[56/5338] JUGLAA_clean Done. TimeForThis=208.8s, Completed=69/5338, ETA=2025-05-30 10:57:15
[30/5338] JOLYEQ_clean Done. TimeForThis=346.2s, Completed=70/5338, ETA=2025-05-30 10:53:15
[82/5338] JUWBIO_clean Done. TimeForThis=103.8s, Completed=71/5338, ETA=2025-05-30 10:49:13
[88/5338] KABNIL_clean Done. TimeForThis=81.7s, Completed=72/5338, ETA=2025-05-30 10:43:20
[83/5338] JUXFAL_clean Done. TimeForThis=100.9s, Completed=73/5338, ETA=2025-05-30 10:40:58
[81/5338] JUVROJ_clean Done. TimeForThis=118.9s, Completed=74/5338, ETA=2025-05-30 10:46:27
[75/5338] JUQVAU_clean Done. TimeForThis=139.0s, Completed=75/5338, ETA=2025-05-30 10:40:46
[74/5338] JUQTOG_clean Done. TimeForThis=140.9s, Completed=76/5338, ETA=2025-05-30 10:37:19
[89/5338] KABXAO_clean Done. TimeForThis=107.7s, Completed=77/5338, ETA=2025-05-30 10:46:04
[85/5338] JUXZOT_clean Done. TimeForThis=124.7s, Completed=78/5338, ETA=2025-05-30 10:45:03
[103/5338] KAHNOX_clean Done. TimeForThis=36.2s, Completed=79/5338, ETA=2025-05-30 10:45:51
[104/5338] KAHPUE_clean Done. TimeForThis=59.9s, Completed=80/5338, ETA=2025-05-30 11:06:58
[90/5338] KABXES_clean Done. TimeForThis=132.7s, Completed=81/5338, ETA=2025-05-30 11:01:58
[105/5338] KAHYEY_clean Done. TimeForThis=62.8s, Completed=82/5338, ETA=2025-05-30 11:02:09
[91/5338] KABXIW_clean Done. TimeForThis=135.0s, Completed=83/5338, ETA=2025-05-30 10:59:09
[92/5338] KABXOC_clean Done. TimeForThis=135.9s, Completed=84/5338, ETA=2025-05-30 10:56:13
[72/5338] JUPFOP_charged Done. TimeForThis=223.1s, Completed=85/5338, ETA=2025-05-30 10:57:15
[101/5338] KAGWEW_clean Done. TimeForThis=87.3s, Completed=86/5338, ETA=2025-05-30 10:59:48
[106/5338] KAHYID_clean Done. TimeForThis=72.5s, Completed=87/5338, ETA=2025-05-30 10:55:51
[95/5338] KADLOT_clean Done. TimeForThis=133.6s, Completed=88/5338, ETA=2025-05-30 10:52:12
[107/5338] KAHYOJ_clean Done. TimeForThis=75.4s, Completed=89/5338, ETA=2025-05-30 10:48:52
[79/5338] JUTCIM_clean Done. TimeForThis=198.7s, Completed=90/5338, ETA=2025-05-30 10:44:37
[76/5338] JURKIS_clean Done. TimeForThis=211.0s, Completed=91/5338, ETA=2025-05-30 10:40:03
[87/5338] JUYROM_clean Done. TimeForThis=171.6s, Completed=92/5338, ETA=2025-05-30 10:36:09
[108/5338] KAHYUP_clean Done. TimeForThis=76.8s, Completed=93/5338, ETA=2025-05-30 10:33:16
[84/5338] JUXFOZ_clean Done. TimeForThis=196.1s, Completed=94/5338, ETA=2025-05-30 10:38:24
[100/5338] KAGVUL_clean Done. TimeForThis=119.4s, Completed=95/5338, ETA=2025-05-30 10:45:16
[77/5338] JUSBAC_clean Done. TimeForThis=256.1s, Completed=96/5338, ETA=2025-05-30 11:02:41
[36/5338] JORLEJ_clean Done. TimeForThis=413.4s, Completed=97/5338, ETA=2025-05-30 10:58:09
[78/5338] JUSKAL_clean Done. TimeForThis=250.2s, Completed=98/5338, ETA=2025-05-30 10:54:15
[98/5338] KAFYAT_clean Done. TimeForThis=158.3s, Completed=99/5338, ETA=2025-05-30 10:54:40
[99/5338] KAGCAY_charged Done. TimeForThis=177.2s, Completed=100/5338, ETA=2025-05-30 11:10:26
[97/5338] KAFTUI_clean Done. TimeForThis=186.3s, Completed=101/5338, ETA=2025-05-30 11:08:31
[64/5338] JUKNUA_clean Done. TimeForThis=332.0s, Completed=102/5338, ETA=2025-05-30 11:06:54
[109/5338] KAJZIH_clean Done. TimeForThis=147.3s, Completed=103/5338, ETA=2025-05-30 11:04:03
[119/5338] KANDAG_clean Done. TimeForThis=93.4s, Completed=104/5338, ETA=2025-05-30 11:03:24
[122/5338] KAPHOB_clean Done. TimeForThis=92.3s, Completed=105/5338, ETA=2025-05-30 11:01:09
[123/5338] KAPHUH_clean Done. TimeForThis=92.2s, Completed=106/5338, ETA=2025-05-30 10:57:01
[96/5338] KADLUZ_clean Done. TimeForThis=202.6s, Completed=107/5338, ETA=2025-05-30 10:53:35
[102/5338] KAHMOW_clean Done. TimeForThis=196.2s, Completed=108/5338, ETA=2025-05-30 11:00:01
[117/5338] KALGAH_clean Done. TimeForThis=122.3s, Completed=109/5338, ETA=2025-05-30 10:59:16
[116/5338] KALFOU_clean Done. TimeForThis=128.6s, Completed=110/5338, ETA=2025-05-30 10:55:29
[120/5338] KANDIO_clean Done. TimeForThis=116.4s, Completed=111/5338, ETA=2025-05-30 10:54:30
[118/5338] KALGEL_clean Done. TimeForThis=121.5s, Completed=112/5338, ETA=2025-05-30 10:52:39
[111/5338] KAKCAD_clean Done. TimeForThis=176.4s, Completed=113/5338, ETA=2025-05-30 10:54:33
[129/5338] KASPOL_clean Done. TimeForThis=76.8s, Completed=114/5338, ETA=2025-05-30 10:51:44
[112/5338] KAKCEH01_clean Done. TimeForThis=165.0s, Completed=115/5338, ETA=2025-05-30 10:56:28
[114/5338] KAKCEH_clean Done. TimeForThis=165.9s, Completed=116/5338, ETA=2025-05-30 10:57:48
[113/5338] KAKCEH02_clean Done. TimeForThis=172.2s, Completed=117/5338, ETA=2025-05-30 10:54:50
[121/5338] KANMIX_clean Done. TimeForThis=161.7s, Completed=118/5338, ETA=2025-05-30 11:03:44
[137/5338] KAVKIC_clean Done. TimeForThis=78.1s, Completed=119/5338, ETA=2025-05-30 11:06:49
[127/5338] KARTAA_clean Done. TimeForThis=147.8s, Completed=120/5338, ETA=2025-05-30 11:04:48
[115/5338] KALFEK_clean Done. TimeForThis=198.5s, Completed=121/5338, ETA=2025-05-30 11:05:03
[110/5338] KAKBUW_clean Done. TimeForThis=245.0s, Completed=122/5338, ETA=2025-05-30 11:07:55
[126/5338] KARNID_clean Done. TimeForThis=177.0s, Completed=123/5338, ETA=2025-05-30 11:06:10
[143/5338] KAXFUM_clean Done. TimeForThis=75.9s, Completed=124/5338, ETA=2025-05-30 11:02:41
[133/5338] KAVGAQ_clean Done. TimeForThis=125.3s, Completed=125/5338, ETA=2025-05-30 11:10:15
[150/5338] KECRAL10_clean Done. TimeForThis=46.8s, Completed=126/5338, ETA=2025-05-30 11:08:12
[128/5338] KASHUK_clean Done. TimeForThis=169.7s, Completed=127/5338, ETA=2025-05-30 11:11:51
[93/5338] KACZEV_clean Done. TimeForThis=358.3s, Completed=128/5338, ETA=2025-05-30 11:08:32
[145/5338] KAYBIX_clean Done. TimeForThis=104.4s, Completed=129/5338, ETA=2025-05-30 11:11:48
[146/5338] KAYBUJ_clean Done. TimeForThis=104.0s, Completed=130/5338, ETA=2025-05-30 11:08:56
[152/5338] KECRAL12_clean Done. TimeForThis=59.6s, Completed=131/5338, ETA=2025-05-30 11:07:22
[153/5338] KECRAL_clean Done. TimeForThis=57.9s, Completed=132/5338, ETA=2025-05-30 11:06:27
[94/5338] KACZIZ_clean Done. TimeForThis=376.8s, Completed=133/5338, ETA=2025-05-30 11:06:01
[130/5338] KASRAZ_clean Done. TimeForThis=191.5s, Completed=134/5338, ETA=2025-05-30 11:02:55
[140/5338] KAVTUY_clean Done. TimeForThis=136.9s, Completed=135/5338, ETA=2025-05-30 11:00:52
[139/5338] KAVTEI_clean Done. TimeForThis=157.0s, Completed=136/5338, ETA=2025-05-30 11:02:24
[151/5338] KECRAL11_clean Done. TimeForThis=85.1s, Completed=137/5338, ETA=2025-05-30 11:02:27
[125/5338] KARNAU_clean Done. TimeForThis=254.9s, Completed=138/5338, ETA=2025-05-30 11:00:36
[131/5338] KASRED_clean Done. TimeForThis=203.0s, Completed=139/5338, ETA=2025-05-30 10:57:33
[154/5338] KEDJAG01_clean Done. TimeForThis=80.1s, Completed=140/5338, ETA=2025-05-30 11:00:23
[155/5338] KEDJAG02_clean Done. TimeForThis=80.3s, Completed=141/5338, ETA=2025-05-30 10:58:59
[132/5338] KATDAM_clean Done. TimeForThis=192.6s, Completed=142/5338, ETA=2025-05-30 10:55:52
[156/5338] KEDJAG03_clean Done. TimeForThis=81.6s, Completed=143/5338, ETA=2025-05-30 10:53:43
[149/5338] KEBFII_clean Done. TimeForThis=129.3s, Completed=144/5338, ETA=2025-05-30 10:51:53
[141/5338] KAWBOB_clean Done. TimeForThis=172.2s, Completed=145/5338, ETA=2025-05-30 10:54:11
[157/5338] KEDJAG04_clean Done. TimeForThis=77.6s, Completed=146/5338, ETA=2025-05-30 10:51:46
[158/5338] KEDJAG06_clean Done. TimeForThis=78.2s, Completed=147/5338, ETA=2025-05-30 10:50:33
[138/5338] KAVNIH_clean Done. TimeForThis=200.3s, Completed=148/5338, ETA=2025-05-30 10:51:29
[159/5338] KEDJAG08_clean Done. TimeForThis=78.8s, Completed=149/5338, ETA=2025-05-30 10:51:11
[148/5338] KEBDIG_charged Done. TimeForThis=154.3s, Completed=150/5338, ETA=2025-05-30 10:48:33
[160/5338] KEDJAG10_clean Done. TimeForThis=79.9s, Completed=151/5338, ETA=2025-05-30 10:46:15
[161/5338] KEDJAG12_clean Done. TimeForThis=80.2s, Completed=152/5338, ETA=2025-05-30 10:49:20
[162/5338] KEDJAG14_clean Done. TimeForThis=80.1s, Completed=153/5338, ETA=2025-05-30 10:47:01
[163/5338] KEDJAG16_clean Done. TimeForThis=80.3s, Completed=154/5338, ETA=2025-05-30 10:45:57
[164/5338] KEDJAG18_clean Done. TimeForThis=80.9s, Completed=155/5338, ETA=2025-05-30 10:45:38
[147/5338] KAYCIY_clean Done. TimeForThis=182.4s, Completed=156/5338, ETA=2025-05-30 10:43:58
[142/5338] KAWHEY_clean Done. TimeForThis=208.9s, Completed=157/5338, ETA=2025-05-30 10:41:27
[59/5338] JUJMOS_clean Done. TimeForThis=612.9s, Completed=158/5338, ETA=2025-05-30 10:39:05
[165/5338] KEDJAG20_clean Done. TimeForThis=80.9s, Completed=159/5338, ETA=2025-05-30 10:37:15
[166/5338] KEDJAG22_clean Done. TimeForThis=82.1s, Completed=160/5338, ETA=2025-05-30 10:35:31
[173/5338] KEFBEE_clean Done. TimeForThis=56.1s, Completed=161/5338, ETA=2025-05-30 10:34:35
[167/5338] KEDJAG24_clean Done. TimeForThis=84.4s, Completed=162/5338, ETA=2025-05-30 10:32:37
[175/5338] KEFBOO_clean Done. TimeForThis=57.7s, Completed=163/5338, ETA=2025-05-30 10:31:08
[134/5338] KAVJAT_charged Done. TimeForThis=245.8s, Completed=164/5338, ETA=2025-05-30 10:28:43
[171/5338] KEDNOY_clean Done. TimeForThis=72.4s, Completed=165/5338, ETA=2025-05-30 10:26:35
[168/5338] KEDJAG26_clean Done. TimeForThis=82.6s, Completed=166/5338, ETA=2025-05-30 10:25:29
[170/5338] KEDJAG_clean Done. TimeForThis=79.0s, Completed=167/5338, ETA=2025-05-30 10:24:58
[169/5338] KEDJAG28_clean Done. TimeForThis=81.7s, Completed=168/5338, ETA=2025-05-30 10:22:49
[144/5338] KAXQIL_clean Done. TimeForThis=226.2s, Completed=169/5338, ETA=2025-05-30 10:23:32
[174/5338] KEFBII_clean Done. TimeForThis=74.5s, Completed=170/5338, ETA=2025-05-30 10:21:57
[124/5338] KARLUM_clean Done. TimeForThis=344.2s, Completed=171/5338, ETA=2025-05-30 10:19:50
[135/5338] KAVJEX01_clean Done. TimeForThis=268.1s, Completed=172/5338, ETA=2025-05-30 10:21:50
[176/5338] KEFFEI01_clean Done. TimeForThis=83.7s, Completed=173/5338, ETA=2025-05-30 10:21:24
[182/5338] KEGZOL01_clean Done. TimeForThis=67.2s, Completed=174/5338, ETA=2025-05-30 10:22:52
[177/5338] KEFFEI_clean Done. TimeForThis=84.9s, Completed=175/5338, ETA=2025-05-30 10:21:45
[183/5338] KEGZOL02_clean Done. TimeForThis=68.8s, Completed=176/5338, ETA=2025-05-30 10:19:31
[184/5338] KEGZOL03_clean Done. TimeForThis=68.0s, Completed=177/5338, ETA=2025-05-30 10:21:54
[185/5338] KEGZOL04_clean Done. TimeForThis=67.3s, Completed=178/5338, ETA=2025-05-30 10:19:44
[186/5338] KEGZOL_clean Done. TimeForThis=66.9s, Completed=179/5338, ETA=2025-05-30 10:18:46
[181/5338] KEGYAX_clean Done. TimeForThis=85.8s, Completed=180/5338, ETA=2025-05-30 10:18:08
[180/5338] KEFWID_clean Done. TimeForThis=95.9s, Completed=181/5338, ETA=2025-05-30 10:18:42
[193/5338] KEJBIL_clean Done. TimeForThis=79.7s, Completed=182/5338, ETA=2025-05-30 10:24:54
[192/5338] KEHGOV_manual Done. TimeForThis=82.7s, Completed=183/5338, ETA=2025-05-30 10:22:39
[178/5338] KEFWAV_clean Done. TimeForThis=130.4s, Completed=184/5338, ETA=2025-05-30 10:24:14
[179/5338] KEFWEZ_charged Done. TimeForThis=131.8s, Completed=185/5338, ETA=2025-05-30 10:24:06
[198/5338] KEPPIF_clean Done. TimeForThis=89.9s, Completed=186/5338, ETA=2025-05-30 10:24:08
[172/5338] KEDQAN_clean Done. TimeForThis=161.4s, Completed=187/5338, ETA=2025-05-30 10:24:46
[187/5338] KEHDOS_clean Done. TimeForThis=115.8s, Completed=188/5338, ETA=2025-05-30 10:24:32
[210/5338] KEVWUF_clean Done. TimeForThis=64.9s, Completed=189/5338, ETA=2025-05-30 10:26:38
[189/5338] KEHGAH_charged Done. TimeForThis=123.6s, Completed=190/5338, ETA=2025-05-30 10:24:55
[203/5338] KESGAS_clean Done. TimeForThis=106.2s, Completed=191/5338, ETA=2025-05-30 10:26:44
[194/5338] KEJBOQ_clean_h Done. TimeForThis=128.1s, Completed=192/5338, ETA=2025-05-30 10:26:26
[195/5338] KEJHIQ_clean_h Done. TimeForThis=131.4s, Completed=193/5338, ETA=2025-05-30 10:26:43
[206/5338] KETHEY02_clean Done. TimeForThis=116.6s, Completed=194/5338, ETA=2025-05-30 10:34:06
[208/5338] KETSEI_clean Done. TimeForThis=117.3s, Completed=195/5338, ETA=2025-05-30 10:33:26
[205/5338] KETHEY01_clean Done. TimeForThis=132.3s, Completed=196/5338, ETA=2025-05-30 10:33:33
[207/5338] KETHEY_clean Done. TimeForThis=125.4s, Completed=197/5338, ETA=2025-05-30 10:32:45
[204/5338] KESHAT_clean Done. TimeForThis=145.9s, Completed=198/5338, ETA=2025-05-30 10:33:45
[222/5338] KEYYET_clean Done. TimeForThis=58.3s, Completed=199/5338, ETA=2025-05-30 10:32:23
[191/5338] KEHGIP_clean Done. TimeForThis=184.0s, Completed=200/5338, ETA=2025-05-30 10:32:10
[199/5338] KEQDER_clean Done. TimeForThis=173.4s, Completed=201/5338, ETA=2025-05-30 10:32:03
[220/5338] KEYMUY_clean Done. TimeForThis=80.9s, Completed=202/5338, ETA=2025-05-30 10:31:39
[215/5338] KEXFIC10_clean Done. TimeForThis=109.4s, Completed=203/5338, ETA=2025-05-30 10:30:15
[217/5338] KEXKAB_clean Done. TimeForThis=98.1s, Completed=204/5338, ETA=2025-05-30 10:28:35
[213/5338] KEWZET_clean Done. TimeForThis=134.0s, Completed=205/5338, ETA=2025-05-30 10:29:23
[216/5338] KEXFIC_clean Done. TimeForThis=110.2s, Completed=206/5338, ETA=2025-05-30 10:27:55
[214/5338] KEXFAU_clean Done. TimeForThis=123.4s, Completed=207/5338, ETA=2025-05-30 10:28:12
[190/5338] KEHGEL_clean Done. TimeForThis=217.1s, Completed=208/5338, ETA=2025-05-30 10:29:33
[209/5338] KEVVIS_clean Done. TimeForThis=165.4s, Completed=209/5338, ETA=2025-05-30 10:29:45
[212/5338] KEWNUX_clean Done. TimeForThis=174.3s, Completed=210/5338, ETA=2025-05-30 10:34:08
[218/5338] KEXKEF_clean Done. TimeForThis=149.1s, Completed=211/5338, ETA=2025-05-30 10:38:18
[188/5338] KEHFUA_clean Done. TimeForThis=254.8s, Completed=212/5338, ETA=2025-05-30 10:37:06
[221/5338] KEYROX_clean Done. TimeForThis=132.7s, Completed=213/5338, ETA=2025-05-30 10:35:29
[231/5338] KIDVIE_clean Done. TimeForThis=75.7s, Completed=214/5338, ETA=2025-05-30 10:34:28
[224/5338] KIBDIJ_clean Done. TimeForThis=140.8s, Completed=215/5338, ETA=2025-05-30 10:40:28
[223/5338] KIBDEF_clean Done. TimeForThis=146.6s, Completed=216/5338, ETA=2025-05-30 10:39:14
[227/5338] KICXAX_clean Done. TimeForThis=126.3s, Completed=217/5338, ETA=2025-05-30 10:42:37
[202/5338] KESBUG_clean Done. TimeForThis=267.3s, Completed=218/5338, ETA=2025-05-30 10:41:02
[228/5338] KICXEB_clean Done. TimeForThis=124.2s, Completed=219/5338, ETA=2025-05-30 10:39:52
[201/5338] KESBOA_clean Done. TimeForThis=278.2s, Completed=220/5338, ETA=2025-05-30 10:40:54
[235/5338] KIFWUT_clean Done. TimeForThis=107.8s, Completed=221/5338, ETA=2025-05-30 10:39:41
[233/5338] KIFKAM_clean Done. TimeForThis=116.3s, Completed=222/5338, ETA=2025-05-30 10:39:01
[225/5338] KIBXUP_charged Done. TimeForThis=169.0s, Completed=223/5338, ETA=2025-05-30 10:38:29
[232/5338] KIFJIT_charged Done. TimeForThis=126.1s, Completed=224/5338, ETA=2025-05-30 10:37:22
[229/5338] KIDDIM_clean Done. TimeForThis=139.7s, Completed=225/5338, ETA=2025-05-30 10:35:45
[237/5338] KIGCEK_clean Done. TimeForThis=112.4s, Completed=226/5338, ETA=2025-05-30 10:34:57
[238/5338] KIJPUQ_clean Done. TimeForThis=114.0s, Completed=227/5338, ETA=2025-05-30 10:34:14
[196/5338] KEJXUU_clean Done. TimeForThis=318.0s, Completed=228/5338, ETA=2025-05-30 10:36:08
[200/5338] KESBIU_charged Done. TimeForThis=311.3s, Completed=229/5338, ETA=2025-05-30 10:34:38
[226/5338] KIBYAW_charged Done. TimeForThis=176.7s, Completed=230/5338, ETA=2025-05-30 10:36:35
[243/5338] KILJEV_clean Done. TimeForThis=110.7s, Completed=231/5338, ETA=2025-05-30 10:44:08
[236/5338] KIFXOO_clean Done. TimeForThis=167.0s, Completed=232/5338, ETA=2025-05-30 10:42:28
[248/5338] KINNIG_clean Done. TimeForThis=88.2s, Completed=233/5338, ETA=2025-05-30 10:41:49
[246/5338] KINFAQ_clean Done. TimeForThis=110.5s, Completed=234/5338, ETA=2025-05-30 10:40:29
[234/5338] KIFKEQ_clean Done. TimeForThis=175.7s, Completed=235/5338, ETA=2025-05-30 10:39:24
[197/5338] KENJEU_clean Done. TimeForThis=361.4s, Completed=236/5338, ETA=2025-05-30 10:38:27
[244/5338] KINDIW_clean Done. TimeForThis=120.5s, Completed=237/5338, ETA=2025-05-30 10:37:36
[245/5338] KINDOC_clean Done. TimeForThis=130.3s, Completed=238/5338, ETA=2025-05-30 10:39:51
[261/5338] KIRFIA_clean Done. TimeForThis=60.2s, Completed=239/5338, ETA=2025-05-30 10:39:25
[239/5338] KIJRUS_clean Done. TimeForThis=189.0s, Completed=240/5338, ETA=2025-05-30 10:41:12
[211/5338] KEWBUL_clean Done. TimeForThis=340.8s, Completed=241/5338, ETA=2025-05-30 10:40:12
[230/5338] KIDDOS_clean Done. TimeForThis=220.8s, Completed=242/5338, ETA=2025-05-30 10:38:28
[249/5338] KINNUS_charged Done. TimeForThis=117.6s, Completed=243/5338, ETA=2025-05-30 10:39:43
[242/5338] KIKFIV_clean Done. TimeForThis=176.5s, Completed=244/5338, ETA=2025-05-30 10:39:49
[247/5338] KINFEU_clean Done. TimeForThis=155.2s, Completed=245/5338, ETA=2025-05-30 10:44:29
[263/5338] KISVEO_clean Done. TimeForThis=75.4s, Completed=246/5338, ETA=2025-05-30 10:45:09
[251/5338] KINQAB_clean Done. TimeForThis=149.9s, Completed=247/5338, ETA=2025-05-30 10:45:30
[250/5338] KINPUU_clean Done. TimeForThis=151.9s, Completed=248/5338, ETA=2025-05-30 10:43:46
[262/5338] KIRTUC_clean Done. TimeForThis=106.6s, Completed=249/5338, ETA=2025-05-30 10:42:22
[254/5338] KIPJIE_clean Done. TimeForThis=141.6s, Completed=250/5338, ETA=2025-05-30 10:41:44
[255/5338] KIPJOK_clean Done. TimeForThis=141.9s, Completed=251/5338, ETA=2025-05-30 10:41:21
[264/5338] KITCAT_clean Done. TimeForThis=91.1s, Completed=252/5338, ETA=2025-05-30 10:40:34
[266/5338] KIVDUQ_clean Done. TimeForThis=94.7s, Completed=253/5338, ETA=2025-05-30 10:41:42
[265/5338] KITVEQ_clean Done. TimeForThis=99.1s, Completed=254/5338, ETA=2025-05-30 10:41:05
[275/5338] KIYMEM01_clean Done. TimeForThis=57.2s, Completed=255/5338, ETA=2025-05-30 10:39:35
[268/5338] KIVFEC_clean Done. TimeForThis=94.2s, Completed=256/5338, ETA=2025-05-30 10:37:59
[267/5338] KIVFAY_clean Done. TimeForThis=96.8s, Completed=257/5338, ETA=2025-05-30 10:36:25
[259/5338] KIPZEQ_clean Done. TimeForThis=151.6s, Completed=258/5338, ETA=2025-05-30 10:35:54
[276/5338] KIYMEM_clean Done. TimeForThis=60.4s, Completed=259/5338, ETA=2025-05-30 10:35:51
[241/5338] KIKDIT_clean Done. TimeForThis=253.1s, Completed=260/5338, ETA=2025-05-30 10:34:39
[273/5338] KIYMAI01_clean Done. TimeForThis=75.0s, Completed=261/5338, ETA=2025-05-30 10:33:03
[274/5338] KIYMAI_clean Done. TimeForThis=79.3s, Completed=262/5338, ETA=2025-05-30 10:32:57
[270/5338] KIXKOS_ion_b Done. TimeForThis=115.7s, Completed=263/5338, ETA=2025-05-30 10:38:25
[256/5338] KIPJUQ_clean Done. TimeForThis=191.7s, Completed=264/5338, ETA=2025-05-30 10:37:41
[258/5338] KIPKEB_clean Done. TimeForThis=191.2s, Completed=265/5338, ETA=2025-05-30 10:37:05
[219/5338] KEYFUR_clean Done. TimeForThis=398.6s, Completed=266/5338, ETA=2025-05-30 10:35:50
[257/5338] KIPKAX_clean Done. TimeForThis=198.2s, Completed=267/5338, ETA=2025-05-30 10:35:19
[260/5338] KIQKOK_clean Done. TimeForThis=187.8s, Completed=268/5338, ETA=2025-05-30 10:35:22
[287/5338] KOCCUC_clean Done. TimeForThis=92.9s, Completed=269/5338, ETA=2025-05-30 10:48:07
[283/5338] KOBFIR_clean Done. TimeForThis=107.7s, Completed=270/5338, ETA=2025-05-30 10:46:43
[277/5338] KIYMIQ_clean Done. TimeForThis=132.4s, Completed=271/5338, ETA=2025-05-30 10:46:34
[269/5338] KIVVOC_clean Done. TimeForThis=189.9s, Completed=272/5338, ETA=2025-05-30 10:45:06
[280/5338] KIYQOA_clean Done. TimeForThis=135.6s, Completed=273/5338, ETA=2025-05-30 10:48:31
[278/5338] KIYQEQ_clean Done. TimeForThis=141.8s, Completed=274/5338, ETA=2025-05-30 10:47:02
[240/5338] KIKDAL_clean Done. TimeForThis=372.2s, Completed=275/5338, ETA=2025-05-30 10:48:31
[297/5338] KOGYIP_clean Done. TimeForThis=87.9s, Completed=276/5338, ETA=2025-05-30 10:48:30
[279/5338] KIYQIU_clean Done. TimeForThis=153.6s, Completed=277/5338, ETA=2025-05-30 10:48:01
[298/5338] KOHDIW_clean Done. TimeForThis=109.0s, Completed=278/5338, ETA=2025-05-30 10:52:28
[284/5338] KOBPIB_clean Done. TimeForThis=164.5s, Completed=279/5338, ETA=2025-05-30 10:51:40
[272/5338] KIYJAF_clean Done. TimeForThis=221.0s, Completed=280/5338, ETA=2025-05-30 10:50:16
[289/5338] KODSUT_clean Done. TimeForThis=154.4s, Completed=281/5338, ETA=2025-05-30 10:49:10
[281/5338] KIYTOD_clean Done. TimeForThis=176.4s, Completed=282/5338, ETA=2025-05-30 10:47:47
[290/5338] KOFPEB01_clean Done. TimeForThis=154.5s, Completed=283/5338, ETA=2025-05-30 10:47:08
[296/5338] KOGJOG_clean Done. TimeForThis=124.2s, Completed=284/5338, ETA=2025-05-30 10:46:42
[292/5338] KOFPEB03_clean Done. TimeForThis=155.2s, Completed=285/5338, ETA=2025-05-30 10:46:07
[291/5338] KOFPEB02_clean Done. TimeForThis=157.1s, Completed=286/5338, ETA=2025-05-30 10:44:50
[294/5338] KOFPEB_clean Done. TimeForThis=155.9s, Completed=287/5338, ETA=2025-05-30 10:44:42
[293/5338] KOFPEB04_clean Done. TimeForThis=161.2s, Completed=288/5338, ETA=2025-05-30 10:43:29
[271/5338] KIYBIF_clean Done. TimeForThis=256.0s, Completed=289/5338, ETA=2025-05-30 10:44:28
[282/5338] KIYXUN_clean Done. TimeForThis=218.5s, Completed=290/5338, ETA=2025-05-30 10:49:38
[288/5338] KOCWEF_clean Done. TimeForThis=201.1s, Completed=291/5338, ETA=2025-05-30 10:48:22
[302/5338] KOJTOU_clean Done. TimeForThis=119.3s, Completed=292/5338, ETA=2025-05-30 10:50:23
[306/5338] KOKKOL_clean Done. TimeForThis=101.6s, Completed=293/5338, ETA=2025-05-30 10:49:44
[312/5338] KOMGUP_clean Done. TimeForThis=71.3s, Completed=294/5338, ETA=2025-05-30 10:51:02
[295/5338] KOFVOS_clean Done. TimeForThis=213.9s, Completed=295/5338, ETA=2025-05-30 10:56:48
[315/5338] KONCIA_clean Done. TimeForThis=93.4s, Completed=296/5338, ETA=2025-05-30 10:56:09
[285/5338] KOBRAV01_clean Done. TimeForThis=255.7s, Completed=297/5338, ETA=2025-05-30 10:54:48
[308/5338] KOLYUH_clean Done. TimeForThis=126.8s, Completed=298/5338, ETA=2025-05-30 10:54:13
[286/5338] KOBRAV_clean Done. TimeForThis=256.2s, Completed=299/5338, ETA=2025-05-30 10:52:55
[313/5338] KOMHAW_clean Done. TimeForThis=108.2s, Completed=300/5338, ETA=2025-05-30 10:53:38
[253/5338] KINROQ_clean Done. TimeForThis=434.4s, Completed=301/5338, ETA=2025-05-30 10:54:42
[252/5338] KINRIK_clean Done. TimeForThis=436.7s, Completed=302/5338, ETA=2025-05-30 10:53:25
[307/5338] KOKSIO_clean Done. TimeForThis=157.1s, Completed=303/5338, ETA=2025-05-30 10:54:24
[314/5338] KOMVIT_clean Done. TimeForThis=126.1s, Completed=304/5338, ETA=2025-05-30 10:53:14
[319/5338] KONYOB_clean Done. TimeForThis=116.1s, Completed=305/5338, ETA=2025-05-30 10:53:06
[303/5338] KOJZEP_manual Done. TimeForThis=188.4s, Completed=306/5338, ETA=2025-05-30 10:51:46
[316/5338] KONFEA_clean Done. TimeForThis=128.5s, Completed=307/5338, ETA=2025-05-30 10:51:27
[304/5338] KOJZIT_clean Done. TimeForThis=203.4s, Completed=308/5338, ETA=2025-05-30 10:53:21
[323/5338] KOSJAF_clean Done. TimeForThis=105.7s, Completed=309/5338, ETA=2025-05-30 10:53:26
[321/5338] KOQLUZ_clean Done. TimeForThis=133.9s, Completed=310/5338, ETA=2025-05-30 10:53:40
[322/5338] KORNAI_clean Done. TimeForThis=112.8s, Completed=311/5338, ETA=2025-05-30 10:52:25
[324/5338] KOSJEJ_clean Done. TimeForThis=105.7s, Completed=312/5338, ETA=2025-05-30 10:52:30
[325/5338] KOSJIN_clean Done. TimeForThis=106.1s, Completed=313/5338, ETA=2025-05-30 10:51:59
[317/5338] KONFIE_clean Done. TimeForThis=160.1s, Completed=314/5338, ETA=2025-05-30 10:51:30
[326/5338] KOSJOT_clean Done. TimeForThis=105.6s, Completed=315/5338, ETA=2025-05-30 10:51:39
[309/5338] KOMCOG_clean Done. TimeForThis=217.2s, Completed=316/5338, ETA=2025-05-30 10:55:30
[327/5338] KOSJUZ_clean Done. TimeForThis=105.7s, Completed=317/5338, ETA=2025-05-30 10:55:42
[311/5338] KOMGID_clean Done. TimeForThis=202.4s, Completed=318/5338, ETA=2025-05-30 10:54:31
[329/5338] KOSKEK_clean Done. TimeForThis=105.7s, Completed=319/5338, ETA=2025-05-30 10:53:50
[330/5338] KOSKIO01_clean Done. TimeForThis=104.1s, Completed=320/5338, ETA=2025-05-30 10:52:51
[328/5338] KOSKAG_clean Done. TimeForThis=108.0s, Completed=321/5338, ETA=2025-05-30 10:51:35
[331/5338] KOSKIO_clean Done. TimeForThis=105.8s, Completed=322/5338, ETA=2025-05-30 10:50:45
[332/5338] KOSKUA_clean Done. TimeForThis=107.2s, Completed=323/5338, ETA=2025-05-30 10:51:48
[320/5338] KOPXOE_clean Done. TimeForThis=202.8s, Completed=324/5338, ETA=2025-05-30 10:51:22
[334/5338] KOSLEL_clean Done. TimeForThis=105.6s, Completed=325/5338, ETA=2025-05-30 10:51:10
[333/5338] KOSLAH_clean Done. TimeForThis=107.9s, Completed=326/5338, ETA=2025-05-30 10:50:18
[136/5338] KAVJEX_clean Done. TimeForThis=1078.5s, Completed=327/5338, ETA=2025-05-30 10:49:47
[335/5338] KOSLIP_clean Done. TimeForThis=106.0s, Completed=328/5338, ETA=2025-05-30 10:49:32
[336/5338] KOSLOV_clean Done. TimeForThis=105.2s, Completed=329/5338, ETA=2025-05-30 10:48:15
[338/5338] KOSMAI_clean Done. TimeForThis=105.5s, Completed=330/5338, ETA=2025-05-30 10:48:19
[337/5338] KOSLUB_clean Done. TimeForThis=106.7s, Completed=331/5338, ETA=2025-05-30 10:47:13
[305/5338] KOJZUF_clean Done. TimeForThis=282.3s, Completed=332/5338, ETA=2025-05-30 10:46:48
[346/5338] KOZNIY_clean Done. TimeForThis=80.2s, Completed=333/5338, ETA=2025-05-30 10:47:56
[341/5338] KOVJAI_clean Done. TimeForThis=100.1s, Completed=334/5338, ETA=2025-05-30 10:47:09
[339/5338] KOTSIX_clean Done. TimeForThis=130.1s, Completed=335/5338, ETA=2025-05-30 10:49:22
[310/5338] KOMDAT_clean Done. TimeForThis=285.2s, Completed=336/5338, ETA=2025-05-30 10:52:09
[300/5338] KOHKOI_clean Done. TimeForThis=392.6s, Completed=337/5338, ETA=2025-05-30 10:52:33
[357/5338] KUFBEU_clean Done. TimeForThis=64.5s, Completed=338/5338, ETA=2025-05-30 10:51:18
[299/5338] KOHKIC_clean Done. TimeForThis=398.6s, Completed=339/5338, ETA=2025-05-30 10:50:17
[362/5338] KUGCOF_clean Done. TimeForThis=58.9s, Completed=340/5338, ETA=2025-05-30 10:50:56
[340/5338] KOVJAI01_clean Done. TimeForThis=161.0s, Completed=341/5338, ETA=2025-05-30 10:52:46
[342/5338] KOXFUA_clean Done. TimeForThis=154.5s, Completed=342/5338, ETA=2025-05-30 10:52:38
[353/5338] KUCDOD_clean Done. TimeForThis=108.3s, Completed=343/5338, ETA=2025-05-30 10:51:34
[349/5338] KOZSOJ_clean Done. TimeForThis=124.8s, Completed=344/5338, ETA=2025-05-30 10:53:13
[366/5338] KUJMEJ_clean Done. TimeForThis=77.9s, Completed=345/5338, ETA=2025-05-30 10:53:24
[359/5338] KUFVAK_clean Done. TimeForThis=108.1s, Completed=346/5338, ETA=2025-05-30 10:53:35
[364/5338] KUHNEI_clean Done. TimeForThis=96.5s, Completed=347/5338, ETA=2025-05-30 10:52:48
[365/5338] KUJFUS_clean Done. TimeForThis=87.6s, Completed=348/5338, ETA=2025-05-30 10:51:35
[301/5338] KOHLIE_clean Done. TimeForThis=400.9s, Completed=349/5338, ETA=2025-05-30 10:50:37
[348/5338] KOZSID_clean Done. TimeForThis=154.7s, Completed=350/5338, ETA=2025-05-30 10:51:51
[355/5338] KUDMAY_clean Done. TimeForThis=151.3s, Completed=351/5338, ETA=2025-05-30 10:55:10
[354/5338] KUDLUR_clean Done. TimeForThis=160.7s, Completed=352/5338, ETA=2025-05-30 10:54:05
